<pre>name: class_test_38
description: Test
should_fail: 0
tags: 6.15 8.3
incdirs: 
top_module: 
files: <a href="../../../../tests/generic/class/class_test_38.sv.html" target="file-frame">tests/generic/class/class_test_38.sv</a>

../..<a href="../../../../tests/generic/class/class_test_38.sv.html#l-7" target="file-frame">tests/generic/class/class_test_38.sv:7</a>:1: error: language feature not yet supported
class macros_as_class_item;
^~~~~~~~~~~~~~~~~~~~~~~~~~~
../..<a href="../../../../tests/generic/class/class_test_38.sv.html#l-8" target="file-frame">tests/generic/class/class_test_38.sv:8</a>:2: error: unknown macro or compiler directive '`moobar'
 `moobar()
 ^
../..<a href="../../../../tests/generic/class/class_test_38.sv.html#l-9" target="file-frame">tests/generic/class/class_test_38.sv:9</a>:2: error: unknown macro or compiler directive '`zoobar'
 `zoobar(  )
 ^
../..<a href="../../../../tests/generic/class/class_test_38.sv.html#l-10" target="file-frame">tests/generic/class/class_test_38.sv:10</a>:2: error: unknown macro or compiler directive '`zootar'
 `zootar(
 ^
</pre>