<pre>name: vector_scalared
description: scalared vector tests
should_fail: 0
tags: 6.9.2
files: <a href="../../../tests/chapter-6/6.9.2--vector_scalared.sv.html" target="file-frame">tests/chapter-6/6.9.2--vector_scalared.sv</a>
incdirs: 
top_module: 
rc: 1

<a href="../../../tests/chapter-6/6.9.2--vector_scalared.sv.html" target="file-frame">tests/chapter-6/6.9.2--vector_scalared.sv</a>:8:7: error: expected declarator
	logic scalared [15:0] a = 0;
	     ^
<a href="../../../tests/chapter-6/6.9.2--vector_scalared.sv.html" target="file-frame">tests/chapter-6/6.9.2--vector_scalared.sv</a>:8:8: error: expected member
	logic scalared [15:0] a = 0;
	      ^~~~~~~~
<a href="../../../tests/chapter-6/6.9.2--vector_scalared.sv.html" target="file-frame">tests/chapter-6/6.9.2--vector_scalared.sv</a>:10:2: error: expected member
	a[1] = 1;
	^
</pre>