<pre>name: basic-tagged-union
description: Test basic tagged union support
should_fail: 0
tags: 7.3.2
files: <a href="../../../../../tests/chapter-7/unions/tagged/basic.sv.html" target="file-frame">tests/chapter-7/unions/tagged/basic.sv</a>
incdirs: 
top_module: 
rc: 6

<a href="../../../../../tests/chapter-7/unions/tagged/basic.sv.html" target="file-frame">tests/chapter-7/unions/tagged/basic.sv</a>:9: syntax error
<a href="../../../../../tests/chapter-7/unions/tagged/basic.sv.html" target="file-frame">tests/chapter-7/unions/tagged/basic.sv</a>:10: error: invalid module item.
<a href="../../../../../tests/chapter-7/unions/tagged/basic.sv.html" target="file-frame">tests/chapter-7/unions/tagged/basic.sv</a>:12: syntax error
<a href="../../../../../tests/chapter-7/unions/tagged/basic.sv.html" target="file-frame">tests/chapter-7/unions/tagged/basic.sv</a>:12: error: invalid module item.
<a href="../../../../../tests/chapter-7/unions/tagged/basic.sv.html" target="file-frame">tests/chapter-7/unions/tagged/basic.sv</a>:15: syntax error
<a href="../../../../../tests/chapter-7/unions/tagged/basic.sv.html" target="file-frame">tests/chapter-7/unions/tagged/basic.sv</a>:15: error: malformed statement
</pre>