<pre>
<h3>
<a href="https://github.com/MikePopoloski/slang" target="_blank">slang</a>
</h3>
description: Test tagged packed union support
should_fail: 0
tags: 7.3.2
incdirs: 
top_module: 
files: <a href="../../../../../tests/chapter-7/unions/tagged/packed.sv.html" target="file-frame">tests/chapter-7/unions/tagged/packed.sv</a>


../..<a href="../../../../../tests/chapter-7/unions/tagged/packed.sv.html#l-9" target="file-frame">tests/chapter-7/unions/tagged/packed.sv:9</a>:1: error: language feature not yet supported
union tagged packed {
^~~~~~~~~~~~~~~~~~~~~
../..<a href="../../../../../tests/chapter-7/unions/tagged/packed.sv.html#l-15" target="file-frame">tests/chapter-7/unions/tagged/packed.sv:15</a>:10: error: language feature not yet supported
    un = tagged v2 (10);
         ^~~~~~~~~
../..<a href="../../../../../tests/chapter-7/unions/tagged/packed.sv.html#l-15" target="file-frame">tests/chapter-7/unions/tagged/packed.sv:15</a>:19: error: expected &#39;;&#39;
    un = tagged v2 (10);
                  ^
../..<a href="../../../../../tests/chapter-7/unions/tagged/packed.sv.html#l-15" target="file-frame">tests/chapter-7/unions/tagged/packed.sv:15</a>:20: error: expected statement
    un = tagged v2 (10);
                   ^
../..<a href="../../../../../tests/chapter-7/unions/tagged/packed.sv.html#l-16" target="file-frame">tests/chapter-7/unions/tagged/packed.sv:16</a>:7: error: language feature not yet supported
	un = tagged v1 (85); // 101_0101
	     ^~~~~~~~~
../..<a href="../../../../../tests/chapter-7/unions/tagged/packed.sv.html#l-16" target="file-frame">tests/chapter-7/unions/tagged/packed.sv:16</a>:16: error: expected &#39;;&#39;
	un = tagged v1 (85); // 101_0101
	              ^
../..<a href="../../../../../tests/chapter-7/unions/tagged/packed.sv.html#l-16" target="file-frame">tests/chapter-7/unions/tagged/packed.sv:16</a>:17: error: expected statement
	un = tagged v1 (85); // 101_0101
	               ^


</pre>