<pre>name: scope_resolution
description: access static method using scope resolution operator
should_fail: 0
tags: 8.23
incdirs: 
top_module: 
files: <a href="../../../tests/chapter-8/8.23--scope_resolution.sv.html" target="file-frame">tests/chapter-8/8.23--scope_resolution.sv</a>

../..<a href="../../../tests/chapter-8/8.23--scope_resolution.sv.html#l-8" target="file-frame">tests/chapter-8/8.23--scope_resolution.sv:8</a>:2: error: language feature not yet supported
	class test_cls;
	^~~~~~~~~~~~~~~
../..<a href="../../../tests/chapter-8/8.23--scope_resolution.sv.html#l-16" target="file-frame">tests/chapter-8/8.23--scope_resolution.sv:16</a>:12: error: unknown class or package 'test_cls'
		$display(test_cls::next_id());
		         ^~~~~~~~
../..<a href="../../../tests/chapter-8/8.23--scope_resolution.sv.html#l-17" target="file-frame">tests/chapter-8/8.23--scope_resolution.sv:17</a>:12: error: unknown class or package 'test_cls'
		$display(test_cls::next_id());
		         ^~~~~~~~
</pre>