<pre>name: constructor_param
description: class constructor with arguments test
should_fail: 0
tags: 8.7
incdirs: 
top_module: 
files: <a href="../../../tests/chapter-8/8.7--constructor_param.sv.html" target="file-frame">tests/chapter-8/8.7--constructor_param.sv</a>

../..<a href="../../../tests/chapter-8/8.7--constructor_param.sv.html#l-8" target="file-frame">tests/chapter-8/8.7--constructor_param.sv:8</a>:2: error: language feature not yet supported
	class test_cls;
	^~~~~~~~~~~~~~~
../..<a href="../../../tests/chapter-8/8.7--constructor_param.sv.html#l-10" target="file-frame">tests/chapter-8/8.7--constructor_param.sv:10</a>:11: error: expected identifier
		function new(int def = 42);
		        ^
../..<a href="../../../tests/chapter-8/8.7--constructor_param.sv.html#l-10" target="file-frame">tests/chapter-8/8.7--constructor_param.sv:10</a>:12: error: expected statement
		function new(int def = 42);
		         ^~~
../..<a href="../../../tests/chapter-8/8.7--constructor_param.sv.html#l-10" target="file-frame">tests/chapter-8/8.7--constructor_param.sv:10</a>:28: error: expected declarator
		function new(int def = 42);
		                         ^
../..<a href="../../../tests/chapter-8/8.7--constructor_param.sv.html#l-16" target="file-frame">tests/chapter-8/8.7--constructor_param.sv:16</a>:3: error: use of undeclared identifier 'test_cls'
		test_cls test_obj = new(37);
		^~~~~~~~
../..<a href="../../../tests/chapter-8/8.7--constructor_param.sv.html#l-16" target="file-frame">tests/chapter-8/8.7--constructor_param.sv:16</a>:23: error: language feature not yet supported
		test_cls test_obj = new(37);
		                    ^~~~~~~
</pre>