<pre>name: typed_constructor
description: class typed constructor test
should_fail: 0
tags: 8.8
incdirs: 
top_module: 
files: <a href="../../../tests/chapter-8/8.8--typed_constructor.sv.html" target="file-frame">tests/chapter-8/8.8--typed_constructor.sv</a>

../..<a href="../../../tests/chapter-8/8.8--typed_constructor.sv.html#l-8" target="file-frame">tests/chapter-8/8.8--typed_constructor.sv:8</a>:2: error: language feature not yet supported
	class super_cls;
	^~~~~~~~~~~~~~~~
../..<a href="../../../tests/chapter-8/8.8--typed_constructor.sv.html#l-10" target="file-frame">tests/chapter-8/8.8--typed_constructor.sv:10</a>:11: error: expected identifier
		function new(int def = 3);
		        ^
../..<a href="../../../tests/chapter-8/8.8--typed_constructor.sv.html#l-10" target="file-frame">tests/chapter-8/8.8--typed_constructor.sv:10</a>:12: error: expected statement
		function new(int def = 3);
		         ^~~
../..<a href="../../../tests/chapter-8/8.8--typed_constructor.sv.html#l-10" target="file-frame">tests/chapter-8/8.8--typed_constructor.sv:10</a>:27: error: expected declarator
		function new(int def = 3);
		                        ^
../..<a href="../../../tests/chapter-8/8.8--typed_constructor.sv.html#l-15" target="file-frame">tests/chapter-8/8.8--typed_constructor.sv:15</a>:2: error: language feature not yet supported
	class test_cls extends super_cls;
	^~~~~~~~~~~~~~~~~~~~~~~~~~~~~~~~~
../..<a href="../../../tests/chapter-8/8.8--typed_constructor.sv.html#l-17" target="file-frame">tests/chapter-8/8.8--typed_constructor.sv:17</a>:11: error: expected identifier
		function new(int def = 42);
		        ^
../..<a href="../../../tests/chapter-8/8.8--typed_constructor.sv.html#l-17" target="file-frame">tests/chapter-8/8.8--typed_constructor.sv:17</a>:12: error: expected statement
		function new(int def = 42);
		         ^~~
../..<a href="../../../tests/chapter-8/8.8--typed_constructor.sv.html#l-17" target="file-frame">tests/chapter-8/8.8--typed_constructor.sv:17</a>:28: error: expected declarator
		function new(int def = 42);
		                         ^
../..<a href="../../../tests/chapter-8/8.8--typed_constructor.sv.html#l-23" target="file-frame">tests/chapter-8/8.8--typed_constructor.sv:23</a>:2: error: use of undeclared identifier 'super_cls'
	super_cls super_obj;
	^~~~~~~~~
../..<a href="../../../tests/chapter-8/8.8--typed_constructor.sv.html#l-26" target="file-frame">tests/chapter-8/8.8--typed_constructor.sv:26</a>:15: error: language feature not yet supported
		super_obj = test_cls::new;
		            ^~~~~~~~~~~~~
</pre>