<head>
  <style>
    .log { font-family: "Courier New", Consolas, monospace; font-size: 80%; }
    .test-failed { background-color: #ffaaaa; }
    .test-passed { background-color: #aaffaa; }
  </style>
</head>
<body>
<h3><a href="https://verilator.org" target="_blank">verilator</a></h3>
<pre class="test-failed">
description: Test imported from ivtest
rc: 127 (means success: 0)
should_fail: 1
tags: ivtest
incdirs: /tmpfs/src/github/sv-tests/third_party/tests/ivtest /tmpfs/src/github/sv-tests/third_party/tests/ivtest/ivltests
top_module: 
type: simulation
mode: simulation
files: <a href="../../../../third_party/tests/ivtest/ivltests/pr2815398b.v.html" target="file-frame">third_party/tests/ivtest/ivltests/pr2815398b.v</a>
time_elapsed: 0.092s
ram usage: 11104 KB
</pre>
<pre class="log">

sh scr.sh --cc -Wno-fatal -Wno-UNOPTFLAT -Wno-BLKANDNBLK -Wpedantic -Wno-context -I/tmpfs/src/github/sv-tests/third_party/tests/ivtest -I/tmpfs/src/github/sv-tests/third_party/tests/ivtest/ivltests --Mdir vbuild --prefix Vtop --exe -o vmain vmain.cpp <a href="../../../../third_party/tests/ivtest/ivltests/pr2815398b.v.html" target="file-frame">third_party/tests/ivtest/ivltests/pr2815398b.v</a>
+ verilator --cc -Wno-fatal -Wno-UNOPTFLAT -Wno-BLKANDNBLK -Wpedantic -Wno-context -I/tmpfs/src/github/sv-tests/third_party/tests/ivtest -I/tmpfs/src/github/sv-tests/third_party/tests/ivtest/ivltests --Mdir vbuild --prefix Vtop --exe -o vmain vmain.cpp <a href="../../../../third_party/tests/ivtest/ivltests/pr2815398b.v.html" target="file-frame">third_party/tests/ivtest/ivltests/pr2815398b.v</a>
%Warning-STMTDLY: <a href="../../../../third_party/tests/ivtest/ivltests/pr2815398b.v.html#l-9" target="file-frame">third_party/tests/ivtest/ivltests/pr2815398b.v:9</a>:6: Unsupported: Ignoring delay on this delayed statement.
                                                                                               : ... In instance top
                  ... Use &#34;/* verilator lint_off STMTDLY */&#34; and lint_on around source to disable this message.
%Warning-WIDTH: <a href="../../../../third_party/tests/ivtest/ivltests/pr2815398b.v.html#l-11" target="file-frame">third_party/tests/ivtest/ivltests/pr2815398b.v:11</a>:18: Operator NEQCASE expects 32 bits on the LHS, but LHS&#39;s ARRAYSEL generates 3 bits.
                                                                                               : ... In instance top
%Warning-SELRANGE: <a href="../../../../third_party/tests/ivtest/ivltests/pr2815398b.v.html#l-21" target="file-frame">third_party/tests/ivtest/ivltests/pr2815398b.v:21</a>:13: Selection index out of range: 20 outside 7:0
                                                                                                  : ... In instance top
%Warning-SELRANGE: <a href="../../../../third_party/tests/ivtest/ivltests/pr2815398b.v.html#l-29" target="file-frame">third_party/tests/ivtest/ivltests/pr2815398b.v:29</a>:17: Selection index out of range: 8 outside 7:0
                                                                                                  : ... In instance top
%Warning-WIDTH: <a href="../../../../third_party/tests/ivtest/ivltests/pr2815398b.v.html#l-29" target="file-frame">third_party/tests/ivtest/ivltests/pr2815398b.v:29</a>:21: Operator ASSIGNW expects 3 bits on the Assign RHS, but Assign RHS&#39;s CONST &#39;?32?h8&#39; generates 32 or 4 bits.
                                                                                               : ... In instance top
%Warning-SELRANGE: <a href="../../../../third_party/tests/ivtest/ivltests/pr2815398b.v.html#l-29" target="file-frame">third_party/tests/ivtest/ivltests/pr2815398b.v:29</a>:17: Selection index out of range: 9 outside 7:0
                                                                                                  : ... In instance top
%Warning-WIDTH: <a href="../../../../third_party/tests/ivtest/ivltests/pr2815398b.v.html#l-29" target="file-frame">third_party/tests/ivtest/ivltests/pr2815398b.v:29</a>:21: Operator ASSIGNW expects 3 bits on the Assign RHS, but Assign RHS&#39;s CONST &#39;?32?h9&#39; generates 32 or 4 bits.
                                                                                               : ... In instance top
%Warning-SELRANGE: <a href="../../../../third_party/tests/ivtest/ivltests/pr2815398b.v.html#l-29" target="file-frame">third_party/tests/ivtest/ivltests/pr2815398b.v:29</a>:17: Selection index out of range: 10 outside 7:0
                                                                                                  : ... In instance top
%Warning-WIDTH: <a href="../../../../third_party/tests/ivtest/ivltests/pr2815398b.v.html#l-29" target="file-frame">third_party/tests/ivtest/ivltests/pr2815398b.v:29</a>:21: Operator ASSIGNW expects 3 bits on the Assign RHS, but Assign RHS&#39;s CONST &#39;?32?ha&#39; generates 32 or 4 bits.
                                                                                               : ... In instance top
%Warning-SELRANGE: <a href="../../../../third_party/tests/ivtest/ivltests/pr2815398b.v.html#l-29" target="file-frame">third_party/tests/ivtest/ivltests/pr2815398b.v:29</a>:17: Selection index out of range: 11 outside 7:0
                                                                                                  : ... In instance top
%Warning-WIDTH: <a href="../../../../third_party/tests/ivtest/ivltests/pr2815398b.v.html#l-29" target="file-frame">third_party/tests/ivtest/ivltests/pr2815398b.v:29</a>:21: Operator ASSIGNW expects 3 bits on the Assign RHS, but Assign RHS&#39;s CONST &#39;?32?hb&#39; generates 32 or 4 bits.
                                                                                               : ... In instance top
%Warning-SELRANGE: <a href="../../../../third_party/tests/ivtest/ivltests/pr2815398b.v.html#l-29" target="file-frame">third_party/tests/ivtest/ivltests/pr2815398b.v:29</a>:17: Selection index out of range: 12 outside 7:0
                                                                                                  : ... In instance top
%Warning-WIDTH: <a href="../../../../third_party/tests/ivtest/ivltests/pr2815398b.v.html#l-29" target="file-frame">third_party/tests/ivtest/ivltests/pr2815398b.v:29</a>:21: Operator ASSIGNW expects 3 bits on the Assign RHS, but Assign RHS&#39;s CONST &#39;?32?hc&#39; generates 32 or 4 bits.
                                                                                               : ... In instance top
%Warning-SELRANGE: <a href="../../../../third_party/tests/ivtest/ivltests/pr2815398b.v.html#l-29" target="file-frame">third_party/tests/ivtest/ivltests/pr2815398b.v:29</a>:17: Selection index out of range: 13 outside 7:0
                                                                                                  : ... In instance top
%Warning-WIDTH: <a href="../../../../third_party/tests/ivtest/ivltests/pr2815398b.v.html#l-29" target="file-frame">third_party/tests/ivtest/ivltests/pr2815398b.v:29</a>:21: Operator ASSIGNW expects 3 bits on the Assign RHS, but Assign RHS&#39;s CONST &#39;?32?hd&#39; generates 32 or 4 bits.
                                                                                               : ... In instance top
%Warning-SELRANGE: <a href="../../../../third_party/tests/ivtest/ivltests/pr2815398b.v.html#l-29" target="file-frame">third_party/tests/ivtest/ivltests/pr2815398b.v:29</a>:17: Selection index out of range: 14 outside 7:0
                                                                                                  : ... In instance top
%Warning-WIDTH: <a href="../../../../third_party/tests/ivtest/ivltests/pr2815398b.v.html#l-29" target="file-frame">third_party/tests/ivtest/ivltests/pr2815398b.v:29</a>:21: Operator ASSIGNW expects 3 bits on the Assign RHS, but Assign RHS&#39;s CONST &#39;?32?he&#39; generates 32 or 4 bits.
                                                                                               : ... In instance top
%Warning-SELRANGE: <a href="../../../../third_party/tests/ivtest/ivltests/pr2815398b.v.html#l-29" target="file-frame">third_party/tests/ivtest/ivltests/pr2815398b.v:29</a>:17: Selection index out of range: 15 outside 7:0
                                                                                                  : ... In instance top
%Warning-WIDTH: <a href="../../../../third_party/tests/ivtest/ivltests/pr2815398b.v.html#l-29" target="file-frame">third_party/tests/ivtest/ivltests/pr2815398b.v:29</a>:21: Operator ASSIGNW expects 3 bits on the Assign RHS, but Assign RHS&#39;s CONST &#39;?32?hf&#39; generates 32 or 4 bits.
                                                                                               : ... In instance top
+ make -C vbuild -f Vtop.mk
make[1]: warning: jobserver unavailable: using -j1.  Add &#39;+&#39; to parent make rule.
make[1]: Entering directory &#39;/tmpfs/tmp/tmp4ch7w7sp/vbuild&#39;
Vtop.mk:13: warning: NUL character seen; rest of line ignored
ccache x86_64-conda_cos6-linux-gnu-c++ -fvisibility-inlines-hidden -std=c++17 -fmessage-length=0 -march=nocona -mtune=haswell -ftree-vectorize -fPIC -fstack-protector-strong -fno-plt -O2 -ffunction-sections -pipe -isystem /home/kbuilder/miniconda/envs/sv-test-env/include -DNDEBUG -D_FORTIFY_SOURCE=2 -O2 -isystem /home/kbuilder/miniconda/envs/sv-test-env/include -I.  -MMD -I/home/kbuilder/miniconda/envs/sv-test-env/share/verilator/include -I/home/kbuilder/miniconda/envs/sv-test-env/share/verilator/include/vltstd -DVM_COVERAGE=0 -DVM_SC=0 -DVM_TRACE=0 -faligned-new -Wno-bool-operation -Wno-sign-compare -Wno-uninitialized -Wno-unused-but-set-variable -Wno-unused-parameter -Wno-unused-variable -Wno-shadow       -c -o vmain.o ../vmain.cpp
make[1]: ccache: Command not found
Vtop.mk:59: recipe for target &#39;vmain.o&#39; failed
make[1]: *** [vmain.o] Error 127
ccache x86_64-conda_cos6-linux-gnu-c++ -fvisibility-inlines-hidden -std=c++17 -fmessage-length=0 -march=nocona -mtune=haswell -ftree-vectorize -fPIC -fstack-protector-strong -fno-plt -O2 -ffunction-sections -pipe -isystem /home/kbuilder/miniconda/envs/sv-test-env/include -DNDEBUG -D_FORTIFY_SOURCE=2 -O2 -isystem /home/kbuilder/miniconda/envs/sv-test-env/include -I.  -MMD -I/home/kbuilder/miniconda/envs/sv-test-env/share/verilator/include -I/home/kbuilder/miniconda/envs/sv-test-env/share/verilator/include/vltstd -DVM_COVERAGE=0 -DVM_SC=0 -DVM_TRACE=0 -faligned-new -Wno-bool-operation -Wno-sign-compare -Wno-uninitialized -Wno-unused-but-set-variable -Wno-unused-parameter -Wno-unused-variable -Wno-shadow       -c -o verilated.o /home/kbuilder/miniconda/envs/sv-test-env/share/verilator/include/verilated.cpp
make[1]: ccache: Command not found
/home/kbuilder/miniconda/envs/sv-test-env/share/verilator/include/verilated.mk:213: recipe for target &#39;verilated.o&#39; failed
make[1]: *** [verilated.o] Error 127
/home/kbuilder/miniconda/envs/sv-test-env/bin/perl /home/kbuilder/miniconda/envs/sv-test-env/share/verilator/bin/verilator_includer -DVL_INCLUDE_OPT=include Vtop.cpp &gt; Vtop__ALLfast.cpp
ccache x86_64-conda_cos6-linux-gnu-c++ -fvisibility-inlines-hidden -std=c++17 -fmessage-length=0 -march=nocona -mtune=haswell -ftree-vectorize -fPIC -fstack-protector-strong -fno-plt -O2 -ffunction-sections -pipe -isystem /home/kbuilder/miniconda/envs/sv-test-env/include -DNDEBUG -D_FORTIFY_SOURCE=2 -O2 -isystem /home/kbuilder/miniconda/envs/sv-test-env/include -I.  -MMD -I/home/kbuilder/miniconda/envs/sv-test-env/share/verilator/include -I/home/kbuilder/miniconda/envs/sv-test-env/share/verilator/include/vltstd -DVM_COVERAGE=0 -DVM_SC=0 -DVM_TRACE=0 -faligned-new -Wno-bool-operation -Wno-sign-compare -Wno-uninitialized -Wno-unused-but-set-variable -Wno-unused-parameter -Wno-unused-variable -Wno-shadow       -c -o Vtop__ALLfast.o Vtop__ALLfast.cpp
make[1]: ccache: Command not found
/home/kbuilder/miniconda/envs/sv-test-env/share/verilator/include/verilated.mk:206: recipe for target &#39;Vtop__ALLfast.o&#39; failed
make[1]: *** [Vtop__ALLfast.o] Error 127
/home/kbuilder/miniconda/envs/sv-test-env/bin/perl /home/kbuilder/miniconda/envs/sv-test-env/share/verilator/bin/verilator_includer -DVL_INCLUDE_OPT=include Vtop__Syms.cpp &gt; Vtop__ALLslow.cpp
ccache x86_64-conda_cos6-linux-gnu-c++ -fvisibility-inlines-hidden -std=c++17 -fmessage-length=0 -march=nocona -mtune=haswell -ftree-vectorize -fPIC -fstack-protector-strong -fno-plt -O2 -ffunction-sections -pipe -isystem /home/kbuilder/miniconda/envs/sv-test-env/include -DNDEBUG -D_FORTIFY_SOURCE=2 -O2 -isystem /home/kbuilder/miniconda/envs/sv-test-env/include -I.  -MMD -I/home/kbuilder/miniconda/envs/sv-test-env/share/verilator/include -I/home/kbuilder/miniconda/envs/sv-test-env/share/verilator/include/vltstd -DVM_COVERAGE=0 -DVM_SC=0 -DVM_TRACE=0 -faligned-new -Wno-bool-operation -Wno-sign-compare -Wno-uninitialized -Wno-unused-but-set-variable -Wno-unused-parameter -Wno-unused-variable -Wno-shadow       -c -o Vtop__ALLslow.o Vtop__ALLslow.cpp
make[1]: ccache: Command not found
/home/kbuilder/miniconda/envs/sv-test-env/share/verilator/include/verilated.mk:209: recipe for target &#39;Vtop__ALLslow.o&#39; failed
make[1]: *** [Vtop__ALLslow.o] Error 127
make[1]: Target &#39;default&#39; not remade because of errors.
make[1]: Leaving directory &#39;/tmpfs/tmp/tmp4ch7w7sp/vbuild&#39;
+ ./vbuild/vmain
scr.sh: 4: scr.sh: ./vbuild/vmain: not found

</pre>
</body>