<head>
  <style>
    .log { font-family: "Courier New", Consolas, monospace; font-size: 80%; }
    .test-failed { background-color: #ffaaaa; }
    .test-passed { background-color: #aaffaa; }
  </style>
</head>
<body>
<h3><a href="https://github.com/MikePopoloski/slang" target="_blank">slang</a></h3>
<pre class="test-failed">
description: Tests imported from hdlconv
should_fail: 0
tags: hdlconv
incdirs: /tmpfs/src/github/sv-tests/third_party/tests/hdlconvertor/tests/sv_test/std2017
top_module: 
type: parsing
mode: parsing
files: <a href="../../../../third_party/tests/hdlconvertor/tests/sv_test/std2017/p501.sv.html" target="file-frame">third_party/tests/hdlconvertor/tests/sv_test/std2017/p501.sv</a>
time_elapsed: 0.000s
ram usage: 9512 KB
</pre>
<pre class="log">

../../src/github/sv-tests/third_party/tests/hdlconvertor/tests/sv_test/std2017/p501.sv:1:1: error: expected member
checker check(bit clk1); // clk1 assigned in the Active region
^~~~~~~
../../src/github/sv-tests/third_party/tests/hdlconvertor/tests/sv_test/std2017/p501.sv:1:23: error: expected declarator
checker check(bit clk1); // clk1 assigned in the Active region
                      ^
../../src/github/sv-tests/third_party/tests/hdlconvertor/tests/sv_test/std2017/p501.sv:2:1: error: expected member
rand bit v, w;
^~~~
../../src/github/sv-tests/third_party/tests/hdlconvertor/tests/sv_test/std2017/p501.sv:3:8: error: use of undeclared identifier &#39;clk2&#39;
assign clk2 = clk1;
       ^~~~
../../src/github/sv-tests/third_party/tests/hdlconvertor/tests/sv_test/std2017/p501.sv:4:1: warning: language feature not yet supported [-Wnot-supported]
m1: assume property (@clk1 !(v &amp;&amp; w));
^~~~~~~~~~~~~~~~~~~~~~~~~~~~~~~~~~~~~~
../../src/github/sv-tests/third_party/tests/hdlconvertor/tests/sv_test/std2017/p501.sv:5:1: warning: language feature not yet supported [-Wnot-supported]
m2: assume property (@clk2 v || w);
^~~~~~~~~~~~~~~~~~~~~~~~~~~~~~~~~~~
../../src/github/sv-tests/third_party/tests/hdlconvertor/tests/sv_test/std2017/p501.sv:6:1: warning: language feature not yet supported [-Wnot-supported]
a1: assert property (@clk1 v != w);
^~~~~~~~~~~~~~~~~~~~~~~~~~~~~~~~~~~
../../src/github/sv-tests/third_party/tests/hdlconvertor/tests/sv_test/std2017/p501.sv:8:1: error: expected member
endchecker : check
^~~~~~~~~~

</pre>
</body>