<pre>name: hdlconvertor_p154_1
description: Tests imported from hdlconv
should_fail: 0
tags: hdlconv
incdirs: 
top_module: 
files: <a href="../../../../third_party/tests/hdlconvertor/tests/sv_test/std2012/p154_1.sv.html" target="file-frame">third_party/tests/hdlconvertor/tests/sv_test/std2012/p154_1.sv</a>

../..<a href="../../../../third_party/tests/hdlconvertor/tests/sv_test/std2012/p154_1.sv.html#l-3" target="file-frame">third_party/tests/hdlconvertor/tests/sv_test/std2012/p154_1.sv:3</a>:1: error: language feature not yet supported
class C;
^~~~~~~~
../..<a href="../../../../third_party/tests/hdlconvertor/tests/sv_test/std2012/p154_1.sv.html#l-9" target="file-frame">third_party/tests/hdlconvertor/tests/sv_test/std2012/p154_1.sv:9</a>:10: error: 'C' recursively depends on its own definition
function C::T C::f();
         ^
../..<a href="../../../../third_party/tests/hdlconvertor/tests/sv_test/std2012/p154_1.sv.html#l-9" target="file-frame">third_party/tests/hdlconvertor/tests/sv_test/std2012/p154_1.sv:9</a>:15: note: declared here
function C::T C::f();
              ^
../..<a href="../../../../third_party/tests/hdlconvertor/tests/sv_test/std2012/p154_1.sv.html#l-15" target="file-frame">third_party/tests/hdlconvertor/tests/sv_test/std2012/p154_1.sv:15</a>:15: error: redefinition of 'C'
function real C::f2();
              ^
../..<a href="../../../../third_party/tests/hdlconvertor/tests/sv_test/std2012/p154_1.sv.html#l-9" target="file-frame">third_party/tests/hdlconvertor/tests/sv_test/std2012/p154_1.sv:9</a>:15: note: previous definition here
function C::T C::f();
              ^
</pre>