<pre>
<h3>
<a href="https://github.com/MikePopoloski/slang" target="_blank">slang</a>
</h3>
description: Tests imported from hdlconv
should_fail: 0
tags: hdlconv
incdirs: 
top_module: 
files: <a href="../../../../third_party/tests/hdlconvertor/tests/sv_test/std2017/p760.sv.html" target="file-frame">third_party/tests/hdlconvertor/tests/sv_test/std2017/p760.sv</a>


../..<a href="../../../../third_party/tests/hdlconvertor/tests/sv_test/std2017/p760.sv.html#l-8" target="file-frame">third_party/tests/hdlconvertor/tests/sv_test/std2017/p760.sv:8</a>:3: error: expected member
  specify
  ^~~~~~~
../..<a href="../../../../third_party/tests/hdlconvertor/tests/sv_test/std2017/p760.sv.html#l-10" target="file-frame">third_party/tests/hdlconvertor/tests/sv_test/std2017/p760.sv:10</a>:5: error: expected member
    $setup( ch.d, posedge ch.c, 1 );
    ^~~~~~
../..<a href="../../../../third_party/tests/hdlconvertor/tests/sv_test/std2017/p760.sv.html#l-11" target="file-frame">third_party/tests/hdlconvertor/tests/sv_test/std2017/p760.sv:11</a>:3: error: expected member
  endspecify
  ^~~~~~~~~~


</pre>