<head>
  <style>
    .log { font-family: "Courier New", Consolas, monospace; font-size: 80%; }
    .test-failed { background-color: #ffaaaa; }
    .test-passed { background-color: #aaffaa; }
  </style>
</head>
<body>
<h3><a href="https://github.com/MikePopoloski/slang" target="_blank">slang</a></h3>
<pre class="test-failed">
description: Tests imported from hdlconv
should_fail: 0
tags: hdlconv
incdirs: /home/travis/build/SymbiFlow/sv-tests/third_party/tests/hdlconvertor/tests/sv_test/std2017
top_module: 
type: parsing
mode: parsing
files: <a href="../../../../third_party/tests/hdlconvertor/tests/sv_test/std2017/p489.sv.html" target="file-frame">third_party/tests/hdlconvertor/tests/sv_test/std2017/p489.sv</a>
time_elapsed: 0.004s
ram usage: 9700 KB
</pre>
<pre class="log">

../..<a href="../../../../third_party/tests/hdlconvertor/tests/sv_test/std2017/p489.sv.html#l-1" target="file-frame">third_party/tests/hdlconvertor/tests/sv_test/std2017/p489.sv:1</a>:1: error: expected member
checker c1(event clk, logic[7:0] a, b);
^~~~~~~
../..<a href="../../../../third_party/tests/hdlconvertor/tests/sv_test/std2017/p489.sv.html#l-1" target="file-frame">third_party/tests/hdlconvertor/tests/sv_test/std2017/p489.sv:1</a>:22: error: expected identifier
checker c1(event clk, logic[7:0] a, b);
                     ^
../..<a href="../../../../third_party/tests/hdlconvertor/tests/sv_test/std2017/p489.sv.html#l-1" target="file-frame">third_party/tests/hdlconvertor/tests/sv_test/std2017/p489.sv:1</a>:23: error: expected declarator
checker c1(event clk, logic[7:0] a, b);
                      ^~~~~
../..<a href="../../../../third_party/tests/hdlconvertor/tests/sv_test/std2017/p489.sv.html#l-1" target="file-frame">third_party/tests/hdlconvertor/tests/sv_test/std2017/p489.sv:1</a>:33: error: expected &#39;,&#39;
checker c1(event clk, logic[7:0] a, b);
                                ^
../..<a href="../../../../third_party/tests/hdlconvertor/tests/sv_test/std2017/p489.sv.html#l-1" target="file-frame">third_party/tests/hdlconvertor/tests/sv_test/std2017/p489.sv:1</a>:38: error: expected declarator
checker c1(event clk, logic[7:0] a, b);
                                     ^
../..<a href="../../../../third_party/tests/hdlconvertor/tests/sv_test/std2017/p489.sv.html#l-4" target="file-frame">third_party/tests/hdlconvertor/tests/sv_test/std2017/p489.sv:4</a>:14: error: invalid operands to binary expression (&#39;event&#39; and &#39;bit[0:0]&#39;)
    sum &lt;= a + 1&#39;b1;
           ~ ^ ~~~~
../..<a href="../../../../third_party/tests/hdlconvertor/tests/sv_test/std2017/p489.sv.html#l-5" target="file-frame">third_party/tests/hdlconvertor/tests/sv_test/std2017/p489.sv:5</a>:5: error: language feature not yet supported
    p0: assert property (sum &lt; 12);
    ^~~~~~~~~~~~~~~~~~~~~~~~~~~~~~~
../..<a href="../../../../third_party/tests/hdlconvertor/tests/sv_test/std2017/p489.sv.html#l-7" target="file-frame">third_party/tests/hdlconvertor/tests/sv_test/std2017/p489.sv:7</a>:3: error: language feature not yet supported
  p1: assert property (@clk sum &lt; 12);
  ^~~~~~~~~~~~~~~~~~~~~~~~~~~~~~~~~~~~
../..<a href="../../../../third_party/tests/hdlconvertor/tests/sv_test/std2017/p489.sv.html#l-8" target="file-frame">third_party/tests/hdlconvertor/tests/sv_test/std2017/p489.sv:8</a>:3: error: language feature not yet supported
  p2: assert property (@clk a != b);
  ^~~~~~~~~~~~~~~~~~~~~~~~~~~~~~~~~~
../..<a href="../../../../third_party/tests/hdlconvertor/tests/sv_test/std2017/p489.sv.html#l-9" target="file-frame">third_party/tests/hdlconvertor/tests/sv_test/std2017/p489.sv:9</a>:3: error: language feature not yet supported
  p3: assert #0 ($onehot(a));
  ^~~~~~~~~~~~~~~~~~~~~~~~~~~
../..<a href="../../../../third_party/tests/hdlconvertor/tests/sv_test/std2017/p489.sv.html#l-10" target="file-frame">third_party/tests/hdlconvertor/tests/sv_test/std2017/p489.sv:10</a>:1: error: expected member
endchecker
^~~~~~~~~~
../..<a href="../../../../third_party/tests/hdlconvertor/tests/sv_test/std2017/p489.sv.html#l-14" target="file-frame">third_party/tests/hdlconvertor/tests/sv_test/std2017/p489.sv:14</a>:3: error: unknown module &#39;c1&#39;
  c1 check_outside(posedge clk, in1, in2);
  ^~
../..<a href="../../../../third_party/tests/hdlconvertor/tests/sv_test/std2017/p489.sv.html#l-14" target="file-frame">third_party/tests/hdlconvertor/tests/sv_test/std2017/p489.sv:14</a>:20: error: expected hierarhical instantiation
  c1 check_outside(posedge clk, in1, in2);
                   ^~~~~~~
../..<a href="../../../../third_party/tests/hdlconvertor/tests/sv_test/std2017/p489.sv.html#l-14" target="file-frame">third_party/tests/hdlconvertor/tests/sv_test/std2017/p489.sv:14</a>:20: error: expected port connection
  c1 check_outside(posedge clk, in1, in2);
                   ^
../..<a href="../../../../third_party/tests/hdlconvertor/tests/sv_test/std2017/p489.sv.html#l-14" target="file-frame">third_party/tests/hdlconvertor/tests/sv_test/std2017/p489.sv:14</a>:27: error: expected &#39;,&#39;
  c1 check_outside(posedge clk, in1, in2);
                          ^
../..<a href="../../../../third_party/tests/hdlconvertor/tests/sv_test/std2017/p489.sv.html#l-14" target="file-frame">third_party/tests/hdlconvertor/tests/sv_test/std2017/p489.sv:14</a>:31: error: expected &#39;(&#39;
  c1 check_outside(posedge clk, in1, in2);
                              ^
../..<a href="../../../../third_party/tests/hdlconvertor/tests/sv_test/std2017/p489.sv.html#l-14" target="file-frame">third_party/tests/hdlconvertor/tests/sv_test/std2017/p489.sv:14</a>:36: error: expected &#39;(&#39;
  c1 check_outside(posedge clk, in1, in2);
                                   ^
../..<a href="../../../../third_party/tests/hdlconvertor/tests/sv_test/std2017/p489.sv.html#l-14" target="file-frame">third_party/tests/hdlconvertor/tests/sv_test/std2017/p489.sv:14</a>:41: error: expected &#39;(&#39;
  c1 check_outside(posedge clk, in1, in2);
                                        ^
../..<a href="../../../../third_party/tests/hdlconvertor/tests/sv_test/std2017/p489.sv.html#l-14" target="file-frame">third_party/tests/hdlconvertor/tests/sv_test/std2017/p489.sv:14</a>:41: error: expected hierarhical instantiation
  c1 check_outside(posedge clk, in1, in2);
                                        ^
../..<a href="../../../../third_party/tests/hdlconvertor/tests/sv_test/std2017/p489.sv.html#l-19" target="file-frame">third_party/tests/hdlconvertor/tests/sv_test/std2017/p489.sv:19</a>:7: error: use of undeclared identifier &#39;c1&#39;
      c1 check_inside(posedge clk, in1, v1);
      ^~
../..<a href="../../../../third_party/tests/hdlconvertor/tests/sv_test/std2017/p489.sv.html#l-19" target="file-frame">third_party/tests/hdlconvertor/tests/sv_test/std2017/p489.sv:19</a>:22: error: expected declarator
      c1 check_inside(posedge clk, in1, v1);
                     ^
../..<a href="../../../../third_party/tests/hdlconvertor/tests/sv_test/std2017/p489.sv.html#l-19" target="file-frame">third_party/tests/hdlconvertor/tests/sv_test/std2017/p489.sv:19</a>:30: error: expected &#39;,&#39;
      c1 check_inside(posedge clk, in1, v1);
                             ^
../..<a href="../../../../third_party/tests/hdlconvertor/tests/sv_test/std2017/p489.sv.html#l-19" target="file-frame">third_party/tests/hdlconvertor/tests/sv_test/std2017/p489.sv:19</a>:43: error: expected declarator
      c1 check_inside(posedge clk, in1, v1);
                                          ^
../..<a href="../../../../third_party/tests/hdlconvertor/tests/sv_test/std2017/p489.sv.html#l-26" target="file-frame">third_party/tests/hdlconvertor/tests/sv_test/std2017/p489.sv:26</a>:9: error: use of undeclared identifier &#39;c1&#39;
        c1 check_loop(posedge clk, in1, in_array[v1]);
        ^~
../..<a href="../../../../third_party/tests/hdlconvertor/tests/sv_test/std2017/p489.sv.html#l-26" target="file-frame">third_party/tests/hdlconvertor/tests/sv_test/std2017/p489.sv:26</a>:22: error: expected declarator
        c1 check_loop(posedge clk, in1, in_array[v1]);
                     ^
../..<a href="../../../../third_party/tests/hdlconvertor/tests/sv_test/std2017/p489.sv.html#l-26" target="file-frame">third_party/tests/hdlconvertor/tests/sv_test/std2017/p489.sv:26</a>:30: error: expected &#39;,&#39;
        c1 check_loop(posedge clk, in1, in_array[v1]);
                             ^
../..<a href="../../../../third_party/tests/hdlconvertor/tests/sv_test/std2017/p489.sv.html#l-26" target="file-frame">third_party/tests/hdlconvertor/tests/sv_test/std2017/p489.sv:26</a>:53: error: expected declarator
        c1 check_loop(posedge clk, in1, in_array[v1]);
                                                    ^

</pre>
</body>