<pre>
<h3>
<a href="https://github.com/MikePopoloski/slang" target="_blank">slang</a>
</h3>
description: Tests imported from hdlconv
should_fail: 0
tags: hdlconv
incdirs: 
top_module: 
files: <a href="../../../../third_party/tests/hdlconvertor/tests/sv_test/std2017/p491.sv.html" target="file-frame">third_party/tests/hdlconvertor/tests/sv_test/std2017/p491.sv</a>


../..<a href="../../../../third_party/tests/hdlconvertor/tests/sv_test/std2017/p491.sv.html#l-1" target="file-frame">third_party/tests/hdlconvertor/tests/sv_test/std2017/p491.sv:1</a>:1: error: expected member
checker check(logic a, b, c, clk, rst);
^~~~~~~
../..<a href="../../../../third_party/tests/hdlconvertor/tests/sv_test/std2017/p491.sv.html#l-1" target="file-frame">third_party/tests/hdlconvertor/tests/sv_test/std2017/p491.sv:1</a>:38: error: expected declarator
checker check(logic a, b, c, clk, rst);
                                     ^
../..<a href="../../../../third_party/tests/hdlconvertor/tests/sv_test/std2017/p491.sv.html#l-24" target="file-frame">third_party/tests/hdlconvertor/tests/sv_test/std2017/p491.sv:24</a>:1: error: expected member
endchecker : check
^~~~~~~~~~


</pre>