<pre>name: hdlconvertor_p494_2
description: Tests imported from hdlconv
should_fail: 0
tags: hdlconv
incdirs: 
top_module: 
files: <a href="../../../../third_party/tests/hdlconvertor/tests/sv_test/std2017/p494_2.sv.html" target="file-frame">third_party/tests/hdlconvertor/tests/sv_test/std2017/p494_2.sv</a>

../..<a href="../../../../third_party/tests/hdlconvertor/tests/sv_test/std2017/p494_2.sv.html#l-1" target="file-frame">third_party/tests/hdlconvertor/tests/sv_test/std2017/p494_2.sv:1</a>:1: error: expected member
checker counter_model(logic flag);
^~~~~~~
../..<a href="../../../../third_party/tests/hdlconvertor/tests/sv_test/std2017/p494_2.sv.html#l-1" target="file-frame">third_party/tests/hdlconvertor/tests/sv_test/std2017/p494_2.sv:1</a>:33: error: expected declarator
checker counter_model(logic flag);
                                ^
../..<a href="../../../../third_party/tests/hdlconvertor/tests/sv_test/std2017/p494_2.sv.html#l-3" target="file-frame">third_party/tests/hdlconvertor/tests/sv_test/std2017/p494_2.sv:3</a>:15: error: use of undeclared identifier '$global_clock'
  always_ff @($global_clock)
              ^~~~~~~~~~~~~
../..<a href="../../../../third_party/tests/hdlconvertor/tests/sv_test/std2017/p494_2.sv.html#l-6" target="file-frame">third_party/tests/hdlconvertor/tests/sv_test/std2017/p494_2.sv:6</a>:3: error: language feature not yet supported
  assert property (@($global_clock) counter == 0 |-> flag);
  ^~~~~~~~~~~~~~~~~~~~~~~~~~~~~~~~~~~~~~~~~~~~~~~~~~~~~~~~~
../..<a href="../../../../third_party/tests/hdlconvertor/tests/sv_test/std2017/p494_2.sv.html#l-8" target="file-frame">third_party/tests/hdlconvertor/tests/sv_test/std2017/p494_2.sv:8</a>:1: error: expected member
endchecker : counter_model
^~~~~~~~~~
</pre>