<head>
  <style>
    .log { font-family: "Courier New", Consolas, monospace; font-size: 80%; }
    .test-failed { background-color: #ffaaaa; }
    .test-passed { background-color: #aaffaa; }
  </style>
</head>
<body>
<h3><a href="https://github.com/MikePopoloski/slang" target="_blank">slang</a></h3>
<pre class="test-failed">
description: Tests imported from hdlconv
should_fail: 0
tags: hdlconv
incdirs: /home/travis/build/SymbiFlow/sv-tests/third_party/tests/hdlconvertor/tests/sv_test/std2017
top_module: 
type: parsing
mode: parsing
files: <a href="../../../../third_party/tests/hdlconvertor/tests/sv_test/std2017/p294.sv.html" target="file-frame">third_party/tests/hdlconvertor/tests/sv_test/std2017/p294.sv</a>
time_elapsed: 0.003s
ram usage: 9604 KB
</pre>
<pre class="log">

../..<a href="../../../../third_party/tests/hdlconvertor/tests/sv_test/std2017/p294.sv.html#l-5" target="file-frame">third_party/tests/hdlconvertor/tests/sv_test/std2017/p294.sv:5</a>:1: error: language feature not yet supported
let eq(x, y = b) = x == y;
^~~~~~~~~~~~~~~~~~~~~~~~~~
../..<a href="../../../../third_party/tests/hdlconvertor/tests/sv_test/std2017/p294.sv.html#l-5" target="file-frame">third_party/tests/hdlconvertor/tests/sv_test/std2017/p294.sv:5</a>:18: error: expected expression
let eq(x, y = b) = x == y;
                 ^
../..<a href="../../../../third_party/tests/hdlconvertor/tests/sv_test/std2017/p294.sv.html#l-5" target="file-frame">third_party/tests/hdlconvertor/tests/sv_test/std2017/p294.sv:5</a>:26: error: expected &#39;=&#39;
let eq(x, y = b) = x == y;
                         ^
../..<a href="../../../../third_party/tests/hdlconvertor/tests/sv_test/std2017/p294.sv.html#l-7" target="file-frame">third_party/tests/hdlconvertor/tests/sv_test/std2017/p294.sv:7</a>:1: error: language feature not yet supported
let tmp = a &amp;&amp; b;
^~~~~~~~~~~~~~~~~
../..<a href="../../../../third_party/tests/hdlconvertor/tests/sv_test/std2017/p294.sv.html#l-7" target="file-frame">third_party/tests/hdlconvertor/tests/sv_test/std2017/p294.sv:7</a>:9: error: expected expression
let tmp = a &amp;&amp; b;
        ^
../..<a href="../../../../third_party/tests/hdlconvertor/tests/sv_test/std2017/p294.sv.html#l-7" target="file-frame">third_party/tests/hdlconvertor/tests/sv_test/std2017/p294.sv:7</a>:17: error: expected &#39;=&#39;
let tmp = a &amp;&amp; b;
                ^
../..<a href="../../../../third_party/tests/hdlconvertor/tests/sv_test/std2017/p294.sv.html#l-8" target="file-frame">third_party/tests/hdlconvertor/tests/sv_test/std2017/p294.sv:8</a>:1: error: language feature not yet supported
a1: assert property (@(posedge clk) eq(p,q));
^~~~~~~~~~~~~~~~~~~~~~~~~~~~~~~~~~~~~~~~~~~~~
../..<a href="../../../../third_party/tests/hdlconvertor/tests/sv_test/std2017/p294.sv.html#l-10" target="file-frame">third_party/tests/hdlconvertor/tests/sv_test/std2017/p294.sv:10</a>:13: error: use of undeclared identifier &#39;eq&#39;
a2: assert (eq(r)); // use default for y
            ^~
../..<a href="../../../../third_party/tests/hdlconvertor/tests/sv_test/std2017/p294.sv.html#l-11" target="file-frame">third_party/tests/hdlconvertor/tests/sv_test/std2017/p294.sv:11</a>:13: error: use of undeclared identifier &#39;tmp&#39;
a3: assert (tmp);
            ^~~
../..<a href="../../../../third_party/tests/hdlconvertor/tests/sv_test/std2017/p294.sv.html#l-21" target="file-frame">third_party/tests/hdlconvertor/tests/sv_test/std2017/p294.sv:21</a>:1: error: language feature not yet supported
a1: assert property (@(posedge clk) (m.p == m.q));
^~~~~~~~~~~~~~~~~~~~~~~~~~~~~~~~~~~~~~~~~~~~~~~~~~
../..<a href="../../../../third_party/tests/hdlconvertor/tests/sv_test/std2017/p294.sv.html#l-32" target="file-frame">third_party/tests/hdlconvertor/tests/sv_test/std2017/p294.sv:32</a>:1: error: language feature not yet supported
let y = x;
^~~~~~~~~~
../..<a href="../../../../third_party/tests/hdlconvertor/tests/sv_test/std2017/p294.sv.html#l-32" target="file-frame">third_party/tests/hdlconvertor/tests/sv_test/std2017/p294.sv:32</a>:7: error: expected expression
let y = x;
      ^
../..<a href="../../../../third_party/tests/hdlconvertor/tests/sv_test/std2017/p294.sv.html#l-32" target="file-frame">third_party/tests/hdlconvertor/tests/sv_test/std2017/p294.sv:32</a>:10: error: expected &#39;=&#39;
let y = x;
         ^
../..<a href="../../../../third_party/tests/hdlconvertor/tests/sv_test/std2017/p294.sv.html#l-37" target="file-frame">third_party/tests/hdlconvertor/tests/sv_test/std2017/p294.sv:37</a>:9: error: use of undeclared identifier &#39;y&#39;
b = a | y;
        ^
../..<a href="../../../../third_party/tests/hdlconvertor/tests/sv_test/std2017/p294.sv.html#l-49" target="file-frame">third_party/tests/hdlconvertor/tests/sv_test/std2017/p294.sv:49</a>:1: error: use of undeclared identifier &#39;b&#39;
b = a | (top.x);
^

</pre>
</body>