<head>
  <style>
    .log { font-family: "Courier New", Consolas, monospace; font-size: 80%; }
    .test-failed { background-color: #ffaaaa; }
    .test-passed { background-color: #aaffaa; }
  </style>
</head>
<body>
<h3><a href="https://github.com/MikePopoloski/slang" target="_blank">slang</a></h3>
<pre class="test-failed">
description: Tests imported from hdlconv
should_fail: 0
tags: hdlconv
incdirs: /home/travis/build/SymbiFlow/sv-tests/third_party/tests/hdlconvertor/tests/sv_test/std2017
top_module: 
type: parsing
mode: parsing
files: <a href="../../../../third_party/tests/hdlconvertor/tests/sv_test/std2017/p765.sv.html" target="file-frame">third_party/tests/hdlconvertor/tests/sv_test/std2017/p765.sv</a>
time_elapsed: 0.005s
ram usage: 9640 KB
</pre>
<pre class="log">

../..<a href="../../../../third_party/tests/hdlconvertor/tests/sv_test/std2017/p765.sv.html#l-8" target="file-frame">third_party/tests/hdlconvertor/tests/sv_test/std2017/p765.sv:8</a>:1: error: expected member
extern forkjoin task countSlaves();
^~~~~~
../..<a href="../../../../third_party/tests/hdlconvertor/tests/sv_test/std2017/p765.sv.html#l-9" target="file-frame">third_party/tests/hdlconvertor/tests/sv_test/std2017/p765.sv:9</a>:1: error: expected statement
extern forkjoin task Read (input logic [7:0] raddr);
^~~~~~
../..<a href="../../../../third_party/tests/hdlconvertor/tests/sv_test/std2017/p765.sv.html#l-9" target="file-frame">third_party/tests/hdlconvertor/tests/sv_test/std2017/p765.sv:9</a>:22: error: use of undeclared identifier &#39;Read&#39;
extern forkjoin task Read (input logic [7:0] raddr);
                     ^~~~
../..<a href="../../../../third_party/tests/hdlconvertor/tests/sv_test/std2017/p765.sv.html#l-9" target="file-frame">third_party/tests/hdlconvertor/tests/sv_test/std2017/p765.sv:9</a>:28: error: language feature not yet supported
extern forkjoin task Read (input logic [7:0] raddr);
                           ^~~~~~~~~~~~~~~~~~~~~~~~~
../..<a href="../../../../third_party/tests/hdlconvertor/tests/sv_test/std2017/p765.sv.html#l-9" target="file-frame">third_party/tests/hdlconvertor/tests/sv_test/std2017/p765.sv:9</a>:28: error: expected &#39;;&#39;
extern forkjoin task Read (input logic [7:0] raddr);
                           ^
../..<a href="../../../../third_party/tests/hdlconvertor/tests/sv_test/std2017/p765.sv.html#l-9" target="file-frame">third_party/tests/hdlconvertor/tests/sv_test/std2017/p765.sv:9</a>:28: error: expected argument
extern forkjoin task Read (input logic [7:0] raddr);
                           ^
../..<a href="../../../../third_party/tests/hdlconvertor/tests/sv_test/std2017/p765.sv.html#l-9" target="file-frame">third_party/tests/hdlconvertor/tests/sv_test/std2017/p765.sv:9</a>:51: error: expected declarator
extern forkjoin task Read (input logic [7:0] raddr);
                                                  ^
../..<a href="../../../../third_party/tests/hdlconvertor/tests/sv_test/std2017/p765.sv.html#l-10" target="file-frame">third_party/tests/hdlconvertor/tests/sv_test/std2017/p765.sv:10</a>:1: error: expected statement
extern forkjoin task Write (input logic [7:0] waddr);
^~~~~~
../..<a href="../../../../third_party/tests/hdlconvertor/tests/sv_test/std2017/p765.sv.html#l-10" target="file-frame">third_party/tests/hdlconvertor/tests/sv_test/std2017/p765.sv:10</a>:22: error: use of undeclared identifier &#39;Write&#39;
extern forkjoin task Write (input logic [7:0] waddr);
                     ^~~~~
../..<a href="../../../../third_party/tests/hdlconvertor/tests/sv_test/std2017/p765.sv.html#l-10" target="file-frame">third_party/tests/hdlconvertor/tests/sv_test/std2017/p765.sv:10</a>:29: error: language feature not yet supported
extern forkjoin task Write (input logic [7:0] waddr);
                            ^~~~~~~~~~~~~~~~~~~~~~~~~
../..<a href="../../../../third_party/tests/hdlconvertor/tests/sv_test/std2017/p765.sv.html#l-10" target="file-frame">third_party/tests/hdlconvertor/tests/sv_test/std2017/p765.sv:10</a>:29: error: expected &#39;;&#39;
extern forkjoin task Write (input logic [7:0] waddr);
                            ^
../..<a href="../../../../third_party/tests/hdlconvertor/tests/sv_test/std2017/p765.sv.html#l-10" target="file-frame">third_party/tests/hdlconvertor/tests/sv_test/std2017/p765.sv:10</a>:29: error: expected argument
extern forkjoin task Write (input logic [7:0] waddr);
                            ^
../..<a href="../../../../third_party/tests/hdlconvertor/tests/sv_test/std2017/p765.sv.html#l-10" target="file-frame">third_party/tests/hdlconvertor/tests/sv_test/std2017/p765.sv:10</a>:52: error: expected declarator
extern forkjoin task Write (input logic [7:0] waddr);
                                                   ^
../..<a href="../../../../third_party/tests/hdlconvertor/tests/sv_test/std2017/p765.sv.html#l-11" target="file-frame">third_party/tests/hdlconvertor/tests/sv_test/std2017/p765.sv:11</a>:1: error: expected statement
modport slave (input req,addr, mode, start, clk,
^~~~~~~
../..<a href="../../../../third_party/tests/hdlconvertor/tests/sv_test/std2017/p765.sv.html#l-11" target="file-frame">third_party/tests/hdlconvertor/tests/sv_test/std2017/p765.sv:11</a>:9: error: use of undeclared identifier &#39;slave&#39;
modport slave (input req,addr, mode, start, clk,
        ^~~~~
../..<a href="../../../../third_party/tests/hdlconvertor/tests/sv_test/std2017/p765.sv.html#l-11" target="file-frame">third_party/tests/hdlconvertor/tests/sv_test/std2017/p765.sv:11</a>:16: error: language feature not yet supported
modport slave (input req,addr, mode, start, clk,
               ^~~~~~~~~~~~~~~~~~~~~~~~~~~~~~~~~
../..<a href="../../../../third_party/tests/hdlconvertor/tests/sv_test/std2017/p765.sv.html#l-11" target="file-frame">third_party/tests/hdlconvertor/tests/sv_test/std2017/p765.sv:11</a>:16: error: expected &#39;;&#39;
modport slave (input req,addr, mode, start, clk,
               ^
../..<a href="../../../../third_party/tests/hdlconvertor/tests/sv_test/std2017/p765.sv.html#l-11" target="file-frame">third_party/tests/hdlconvertor/tests/sv_test/std2017/p765.sv:11</a>:16: error: expected argument
modport slave (input req,addr, mode, start, clk,
               ^
../..<a href="../../../../third_party/tests/hdlconvertor/tests/sv_test/std2017/p765.sv.html#l-11" target="file-frame">third_party/tests/hdlconvertor/tests/sv_test/std2017/p765.sv:11</a>:49: error: expected identifier
modport slave (input req,addr, mode, start, clk,
                                                ^
../..<a href="../../../../third_party/tests/hdlconvertor/tests/sv_test/std2017/p765.sv.html#l-12" target="file-frame">third_party/tests/hdlconvertor/tests/sv_test/std2017/p765.sv:12</a>:1: error: expected declarator
output gnt, rdy,
^~~~~~
../..<a href="../../../../third_party/tests/hdlconvertor/tests/sv_test/std2017/p765.sv.html#l-12" target="file-frame">third_party/tests/hdlconvertor/tests/sv_test/std2017/p765.sv:12</a>:7: error: expected &#39;,&#39;
output gnt, rdy,
      ^
../..<a href="../../../../third_party/tests/hdlconvertor/tests/sv_test/std2017/p765.sv.html#l-12" target="file-frame">third_party/tests/hdlconvertor/tests/sv_test/std2017/p765.sv:12</a>:17: error: expected identifier
output gnt, rdy,
                ^
../..<a href="../../../../third_party/tests/hdlconvertor/tests/sv_test/std2017/p765.sv.html#l-13" target="file-frame">third_party/tests/hdlconvertor/tests/sv_test/std2017/p765.sv:13</a>:1: error: expected declarator
ref data, slaves,
^~~
../..<a href="../../../../third_party/tests/hdlconvertor/tests/sv_test/std2017/p765.sv.html#l-13" target="file-frame">third_party/tests/hdlconvertor/tests/sv_test/std2017/p765.sv:13</a>:4: error: expected &#39;,&#39;
ref data, slaves,
   ^
../..<a href="../../../../third_party/tests/hdlconvertor/tests/sv_test/std2017/p765.sv.html#l-13" target="file-frame">third_party/tests/hdlconvertor/tests/sv_test/std2017/p765.sv:13</a>:18: error: expected identifier
ref data, slaves,
                 ^
../..<a href="../../../../third_party/tests/hdlconvertor/tests/sv_test/std2017/p765.sv.html#l-14" target="file-frame">third_party/tests/hdlconvertor/tests/sv_test/std2017/p765.sv:14</a>:1: error: expected declarator
export Read, Write, countSlaves);
^~~~~~
../..<a href="../../../../third_party/tests/hdlconvertor/tests/sv_test/std2017/p765.sv.html#l-14" target="file-frame">third_party/tests/hdlconvertor/tests/sv_test/std2017/p765.sv:14</a>:7: error: expected &#39;,&#39;
export Read, Write, countSlaves);
      ^
../..<a href="../../../../third_party/tests/hdlconvertor/tests/sv_test/std2017/p765.sv.html#l-14" target="file-frame">third_party/tests/hdlconvertor/tests/sv_test/std2017/p765.sv:14</a>:32: error: expected declarator
export Read, Write, countSlaves);
                               ^
../..<a href="../../../../third_party/tests/hdlconvertor/tests/sv_test/std2017/p765.sv.html#l-17" target="file-frame">third_party/tests/hdlconvertor/tests/sv_test/std2017/p765.sv:17</a>:1: error: expected statement
modport master (
^~~~~~~
../..<a href="../../../../third_party/tests/hdlconvertor/tests/sv_test/std2017/p765.sv.html#l-17" target="file-frame">third_party/tests/hdlconvertor/tests/sv_test/std2017/p765.sv:17</a>:9: error: use of undeclared identifier &#39;master&#39;
modport master (
        ^~~~~~
../..<a href="../../../../third_party/tests/hdlconvertor/tests/sv_test/std2017/p765.sv.html#l-17" target="file-frame">third_party/tests/hdlconvertor/tests/sv_test/std2017/p765.sv:17</a>:17: error: expected &#39;;&#39;
modport master (
                ^
../..<a href="../../../../third_party/tests/hdlconvertor/tests/sv_test/std2017/p765.sv.html#l-17" target="file-frame">third_party/tests/hdlconvertor/tests/sv_test/std2017/p765.sv:17</a>:17: error: expected argument
modport master (
                ^
../..<a href="../../../../third_party/tests/hdlconvertor/tests/sv_test/std2017/p765.sv.html#l-18" target="file-frame">third_party/tests/hdlconvertor/tests/sv_test/std2017/p765.sv:18</a>:1: error: language feature not yet supported
input gnt, rdy, clk,
^~~~~~~~~~~~~~~~~~~~
../..<a href="../../../../third_party/tests/hdlconvertor/tests/sv_test/std2017/p765.sv.html#l-18" target="file-frame">third_party/tests/hdlconvertor/tests/sv_test/std2017/p765.sv:18</a>:21: error: expected identifier
input gnt, rdy, clk,
                    ^
../..<a href="../../../../third_party/tests/hdlconvertor/tests/sv_test/std2017/p765.sv.html#l-19" target="file-frame">third_party/tests/hdlconvertor/tests/sv_test/std2017/p765.sv:19</a>:1: error: expected declarator
output req, addr, mode, start,
^~~~~~
../..<a href="../../../../third_party/tests/hdlconvertor/tests/sv_test/std2017/p765.sv.html#l-19" target="file-frame">third_party/tests/hdlconvertor/tests/sv_test/std2017/p765.sv:19</a>:7: error: expected &#39;,&#39;
output req, addr, mode, start,
      ^
../..<a href="../../../../third_party/tests/hdlconvertor/tests/sv_test/std2017/p765.sv.html#l-19" target="file-frame">third_party/tests/hdlconvertor/tests/sv_test/std2017/p765.sv:19</a>:31: error: expected identifier
output req, addr, mode, start,
                              ^
../..<a href="../../../../third_party/tests/hdlconvertor/tests/sv_test/std2017/p765.sv.html#l-20" target="file-frame">third_party/tests/hdlconvertor/tests/sv_test/std2017/p765.sv:20</a>:1: error: expected declarator
ref data,
^~~
../..<a href="../../../../third_party/tests/hdlconvertor/tests/sv_test/std2017/p765.sv.html#l-20" target="file-frame">third_party/tests/hdlconvertor/tests/sv_test/std2017/p765.sv:20</a>:4: error: expected &#39;,&#39;
ref data,
   ^
../..<a href="../../../../third_party/tests/hdlconvertor/tests/sv_test/std2017/p765.sv.html#l-20" target="file-frame">third_party/tests/hdlconvertor/tests/sv_test/std2017/p765.sv:20</a>:10: error: expected identifier
ref data,
         ^
../..<a href="../../../../third_party/tests/hdlconvertor/tests/sv_test/std2017/p765.sv.html#l-21" target="file-frame">third_party/tests/hdlconvertor/tests/sv_test/std2017/p765.sv:21</a>:1: error: expected declarator
import task Read(input logic [7:0] raddr),
^~~~~~
../..<a href="../../../../third_party/tests/hdlconvertor/tests/sv_test/std2017/p765.sv.html#l-21" target="file-frame">third_party/tests/hdlconvertor/tests/sv_test/std2017/p765.sv:21</a>:12: error: expected &#39;,&#39;
import task Read(input logic [7:0] raddr),
           ^
../..<a href="../../../../third_party/tests/hdlconvertor/tests/sv_test/std2017/p765.sv.html#l-21" target="file-frame">third_party/tests/hdlconvertor/tests/sv_test/std2017/p765.sv:21</a>:17: error: expected declarator
import task Read(input logic [7:0] raddr),
                ^
../..<a href="../../../../third_party/tests/hdlconvertor/tests/sv_test/std2017/p765.sv.html#l-21" target="file-frame">third_party/tests/hdlconvertor/tests/sv_test/std2017/p765.sv:21</a>:35: error: expected &#39;,&#39;
import task Read(input logic [7:0] raddr),
                                  ^
../..<a href="../../../../third_party/tests/hdlconvertor/tests/sv_test/std2017/p765.sv.html#l-21" target="file-frame">third_party/tests/hdlconvertor/tests/sv_test/std2017/p765.sv:21</a>:41: error: expected declarator
import task Read(input logic [7:0] raddr),
                                        ^
../..<a href="../../../../third_party/tests/hdlconvertor/tests/sv_test/std2017/p765.sv.html#l-21" target="file-frame">third_party/tests/hdlconvertor/tests/sv_test/std2017/p765.sv:21</a>:43: error: expected identifier
import task Read(input logic [7:0] raddr),
                                          ^
../..<a href="../../../../third_party/tests/hdlconvertor/tests/sv_test/std2017/p765.sv.html#l-22" target="file-frame">third_party/tests/hdlconvertor/tests/sv_test/std2017/p765.sv:22</a>:1: error: expected declarator
task Write(input logic [7:0] waddr));
^~~~
../..<a href="../../../../third_party/tests/hdlconvertor/tests/sv_test/std2017/p765.sv.html#l-22" target="file-frame">third_party/tests/hdlconvertor/tests/sv_test/std2017/p765.sv:22</a>:5: error: expected &#39;,&#39;
task Write(input logic [7:0] waddr));
    ^
../..<a href="../../../../third_party/tests/hdlconvertor/tests/sv_test/std2017/p765.sv.html#l-22" target="file-frame">third_party/tests/hdlconvertor/tests/sv_test/std2017/p765.sv:22</a>:11: error: expected declarator
task Write(input logic [7:0] waddr));
          ^
../..<a href="../../../../third_party/tests/hdlconvertor/tests/sv_test/std2017/p765.sv.html#l-22" target="file-frame">third_party/tests/hdlconvertor/tests/sv_test/std2017/p765.sv:22</a>:29: error: expected &#39;,&#39;
task Write(input logic [7:0] waddr));
                            ^
../..<a href="../../../../third_party/tests/hdlconvertor/tests/sv_test/std2017/p765.sv.html#l-22" target="file-frame">third_party/tests/hdlconvertor/tests/sv_test/std2017/p765.sv:22</a>:35: error: expected declarator
task Write(input logic [7:0] waddr));
                                  ^
../..<a href="../../../../third_party/tests/hdlconvertor/tests/sv_test/std2017/p765.sv.html#l-24" target="file-frame">third_party/tests/hdlconvertor/tests/sv_test/std2017/p765.sv:24</a>:1: error: expected statement
initial begin
^~~~~~~
../..<a href="../../../../third_party/tests/hdlconvertor/tests/sv_test/std2017/p765.sv.html#l-28" target="file-frame">third_party/tests/hdlconvertor/tests/sv_test/std2017/p765.sv:28</a>:4: error: expected &#39;endtask&#39;
end
   ^
../..<a href="../../../../third_party/tests/hdlconvertor/tests/sv_test/std2017/p765.sv.html#l-30" target="file-frame">third_party/tests/hdlconvertor/tests/sv_test/std2017/p765.sv:30</a>:54: error: unknown interface &#39;interface&#39;
module memMod #(parameter int minaddr=0, maxaddr=0) (interface a);
                                                     ^~~~~~~~~
../..<a href="../../../../third_party/tests/hdlconvertor/tests/sv_test/std2017/p765.sv.html#l-30" target="file-frame">third_party/tests/hdlconvertor/tests/sv_test/std2017/p765.sv:30</a>:64: error: redefinition of &#39;a&#39; as different kind of symbol
module memMod #(parameter int minaddr=0, maxaddr=0) (interface a);
                                                               ^
../..<a href="../../../../third_party/tests/hdlconvertor/tests/sv_test/std2017/p765.sv.html#l-33" target="file-frame">third_party/tests/hdlconvertor/tests/sv_test/std2017/p765.sv:33</a>:6: note: previous definition here
task a.countSlaves();
     ^
../..<a href="../../../../third_party/tests/hdlconvertor/tests/sv_test/std2017/p765.sv.html#l-34" target="file-frame">third_party/tests/hdlconvertor/tests/sv_test/std2017/p765.sv:34</a>:2: error: invalid member access for type &#39;logic&#39;
a.slaves++;
~^~~~~~~
../..<a href="../../../../third_party/tests/hdlconvertor/tests/sv_test/std2017/p765.sv.html#l-36" target="file-frame">third_party/tests/hdlconvertor/tests/sv_test/std2017/p765.sv:36</a>:6: error: redefinition of &#39;a&#39;
task a.Read(input logic [7:0] raddr); // Read method
     ^
../..<a href="../../../../third_party/tests/hdlconvertor/tests/sv_test/std2017/p765.sv.html#l-33" target="file-frame">third_party/tests/hdlconvertor/tests/sv_test/std2017/p765.sv:33</a>:6: note: previous definition here
task a.countSlaves();
     ^
../..<a href="../../../../third_party/tests/hdlconvertor/tests/sv_test/std2017/p765.sv.html#l-39" target="file-frame">third_party/tests/hdlconvertor/tests/sv_test/std2017/p765.sv:39</a>:6: error: invalid member access for type &#39;logic&#39;
#10 a.data = mem[raddr];
    ~^~~~~
../..<a href="../../../../third_party/tests/hdlconvertor/tests/sv_test/std2017/p765.sv.html#l-43" target="file-frame">third_party/tests/hdlconvertor/tests/sv_test/std2017/p765.sv:43</a>:6: error: redefinition of &#39;a&#39;
task a.Write(input logic [7:0] waddr); // Write method
     ^
../..<a href="../../../../third_party/tests/hdlconvertor/tests/sv_test/std2017/p765.sv.html#l-33" target="file-frame">third_party/tests/hdlconvertor/tests/sv_test/std2017/p765.sv:33</a>:6: note: previous definition here
task a.countSlaves();
     ^
../..<a href="../../../../third_party/tests/hdlconvertor/tests/sv_test/std2017/p765.sv.html#l-46" target="file-frame">third_party/tests/hdlconvertor/tests/sv_test/std2017/p765.sv:46</a>:19: error: invalid member access for type &#39;logic&#39;
#10 mem[waddr] = a.data;
                 ~^~~~~
../..<a href="../../../../third_party/tests/hdlconvertor/tests/sv_test/std2017/p765.sv.html#l-51" target="file-frame">third_party/tests/hdlconvertor/tests/sv_test/std2017/p765.sv:51</a>:15: error: unknown interface &#39;interface&#39;
module cpuMod(interface b);
              ^~~~~~~~~
../..<a href="../../../../third_party/tests/hdlconvertor/tests/sv_test/std2017/p765.sv.html#l-57" target="file-frame">third_party/tests/hdlconvertor/tests/sv_test/std2017/p765.sv:57</a>:15: error: unknown system name &#39;$dist_uniform&#39;
inst = instr&#39;($dist_uniform(seed, 0, 1));
              ^~~~~~~~~~~~~
../..<a href="../../../../third_party/tests/hdlconvertor/tests/sv_test/std2017/p765.sv.html#l-58" target="file-frame">third_party/tests/hdlconvertor/tests/sv_test/std2017/p765.sv:58</a>:9: error: unknown system name &#39;$dist_uniform&#39;
raddr = $dist_uniform(seed, 0, 3);
        ^~~~~~~~~~~~~
../..<a href="../../../../third_party/tests/hdlconvertor/tests/sv_test/std2017/p765.sv.html#l-75" target="file-frame">third_party/tests/hdlconvertor/tests/sv_test/std2017/p765.sv:75</a>:1: error: language feature not yet supported
disable mem1.a.Read; // task via module instance
^~~~~~~~~~~~~~~~~~~~
../..<a href="../../../../third_party/tests/hdlconvertor/tests/sv_test/std2017/p765.sv.html#l-76" target="file-frame">third_party/tests/hdlconvertor/tests/sv_test/std2017/p765.sv:76</a>:1: error: language feature not yet supported
disable sb_intf.Write; // task via interface instance
^~~~~~~~~~~~~~~~~~~~~~
../..<a href="../../../../third_party/tests/hdlconvertor/tests/sv_test/std2017/p765.sv.html#l-87" target="file-frame">third_party/tests/hdlconvertor/tests/sv_test/std2017/p765.sv:87</a>:30: error: could not resolve hierarchical path name &#39;slave&#39;
memMod #(0, 127) mem1(sb_intf.slave);
                             ^~~~~~
../..<a href="../../../../third_party/tests/hdlconvertor/tests/sv_test/std2017/p765.sv.html#l-88" target="file-frame">third_party/tests/hdlconvertor/tests/sv_test/std2017/p765.sv:88</a>:32: error: could not resolve hierarchical path name &#39;slave&#39;
memMod #(128, 255) mem2(sb_intf.slave);
                               ^~~~~~
../..<a href="../../../../third_party/tests/hdlconvertor/tests/sv_test/std2017/p765.sv.html#l-89" target="file-frame">third_party/tests/hdlconvertor/tests/sv_test/std2017/p765.sv:89</a>:19: error: could not resolve hierarchical path name &#39;master&#39;
cpuMod cpu(sb_intf.master);
                  ^~~~~~~

</pre>
</body>