<pre>name: let_construct
description: let construct test
should_fail: 0
tags: 11.12
files: <a href="../../../tests/chapter-11/11.12--let_construct.sv.html" target="file-frame">tests/chapter-11/11.12--let_construct.sv</a>
incdirs: 
top_module: 
rc: 4

<a href="../../../tests/chapter-11/11.12--let_construct.sv.html" target="file-frame">tests/chapter-11/11.12--let_construct.sv</a>:14: syntax error
<a href="../../../tests/chapter-11/11.12--let_construct.sv.html" target="file-frame">tests/chapter-11/11.12--let_construct.sv</a>:14: error: invalid module item.
<a href="../../../tests/chapter-11/11.12--let_construct.sv.html" target="file-frame">tests/chapter-11/11.12--let_construct.sv</a>:17: syntax error
<a href="../../../tests/chapter-11/11.12--let_construct.sv.html" target="file-frame">tests/chapter-11/11.12--let_construct.sv</a>:17: error: malformed statement
</pre>