name: let_construct
description: let construct test
should_fail: 0
tags: 11.12
files: /home/travis/build/SymbiFlow/sv-tests/tests/chapter-11/11.12--let_construct.sv
incdirs: 
top_module: 
rc: 4

/home/travis/build/SymbiFlow/sv-tests/tests/chapter-11/11.12--let_construct.sv:14: syntax error
/home/travis/build/SymbiFlow/sv-tests/tests/chapter-11/11.12--let_construct.sv:14: error: invalid module item.
/home/travis/build/SymbiFlow/sv-tests/tests/chapter-11/11.12--let_construct.sv:17: syntax error
/home/travis/build/SymbiFlow/sv-tests/tests/chapter-11/11.12--let_construct.sv:17: error: malformed statement
