<pre>name: hdlconvertor_p729
description: Tests imported from hdlconv
should_fail: 0
tags: hdlconv
incdirs: 
top_module: 
files: <a href="../../../../third_party/tests/hdlconvertor/tests/sv_test/std2017/p729.sv.html" target="file-frame">third_party/tests/hdlconvertor/tests/sv_test/std2017/p729.sv</a>

<a href="../../../../third_party/tests/hdlconvertor/tests/sv_test/std2017/p729.sv.html#l-0" target="file-frame">third_party/tests/hdlconvertor/tests/sv_test/std2017/p729.sv:0</a>:10: error: node type: endpackage
<a href="../../../../third_party/tests/hdlconvertor/tests/sv_test/std2017/p729.sv.html#l-5" target="file-frame">third_party/tests/hdlconvertor/tests/sv_test/std2017/p729.sv:5</a>:7: error: node type: ERROR
<a href="../../../../third_party/tests/hdlconvertor/tests/sv_test/std2017/p729.sv.html#l-7" target="file-frame">third_party/tests/hdlconvertor/tests/sv_test/std2017/p729.sv:7</a>:3: error: node type: ERROR
<a href="../../../../third_party/tests/hdlconvertor/tests/sv_test/std2017/p729.sv.html#l-9" target="file-frame">third_party/tests/hdlconvertor/tests/sv_test/std2017/p729.sv:9</a>:9: error: node type: ERROR
<a href="../../../../third_party/tests/hdlconvertor/tests/sv_test/std2017/p729.sv.html#l-15" target="file-frame">third_party/tests/hdlconvertor/tests/sv_test/std2017/p729.sv:15</a>:9: error: node type: ;
</pre>