<pre>name: hdlconvertor_p781
description: Tests imported from hdlconv
should_fail: 0
tags: hdlconv
incdirs: 
top_module: 
files: <a href="../../../../third_party/tests/hdlconvertor/tests/sv_test/std2017/p781.sv.html" target="file-frame">third_party/tests/hdlconvertor/tests/sv_test/std2017/p781.sv</a>

<a href="../../../../third_party/tests/hdlconvertor/tests/sv_test/std2017/p781.sv.html#l-0" target="file-frame">third_party/tests/hdlconvertor/tests/sv_test/std2017/p781.sv:0</a>:10: error: node type: endpackage
<a href="../../../../third_party/tests/hdlconvertor/tests/sv_test/std2017/p781.sv.html#l-5" target="file-frame">third_party/tests/hdlconvertor/tests/sv_test/std2017/p781.sv:5</a>:10: error: node type: ERROR
<a href="../../../../third_party/tests/hdlconvertor/tests/sv_test/std2017/p781.sv.html#l-5" target="file-frame">third_party/tests/hdlconvertor/tests/sv_test/std2017/p781.sv:5</a>:13: error: node type: ;
<a href="../../../../third_party/tests/hdlconvertor/tests/sv_test/std2017/p781.sv.html#l-6" target="file-frame">third_party/tests/hdlconvertor/tests/sv_test/std2017/p781.sv:6</a>:10: error: node type: endpackage
<a href="../../../../third_party/tests/hdlconvertor/tests/sv_test/std2017/p781.sv.html#l-8" target="file-frame">third_party/tests/hdlconvertor/tests/sv_test/std2017/p781.sv:8</a>:10: error: node type: ERROR
<a href="../../../../third_party/tests/hdlconvertor/tests/sv_test/std2017/p781.sv.html#l-8" target="file-frame">third_party/tests/hdlconvertor/tests/sv_test/std2017/p781.sv:8</a>:13: error: node type: ;
<a href="../../../../third_party/tests/hdlconvertor/tests/sv_test/std2017/p781.sv.html#l-22" target="file-frame">third_party/tests/hdlconvertor/tests/sv_test/std2017/p781.sv:22</a>:10: error: node type: endpackage
<a href="../../../../third_party/tests/hdlconvertor/tests/sv_test/std2017/p781.sv.html#l-27" target="file-frame">third_party/tests/hdlconvertor/tests/sv_test/std2017/p781.sv:27</a>:8: error: node type: ERROR
<a href="../../../../third_party/tests/hdlconvertor/tests/sv_test/std2017/p781.sv.html#l-29" target="file-frame">third_party/tests/hdlconvertor/tests/sv_test/std2017/p781.sv:29</a>:0: error: node type: ERROR
</pre>