<pre>name: preproc_test_3
description: Test
should_fail: 0
tags: 5.6.4
incdirs: 
top_module: 
files: <a href="../../../../tests/generic/preproc/preproc_test_3.sv.html" target="file-frame">tests/generic/preproc/preproc_test_3.sv</a>

<a href="../../../../tests/generic/preproc/preproc_test_3.sv.html#l-6" target="file-frame">tests/generic/preproc/preproc_test_3.sv:6</a>:0: error: node type: ERROR
<a href="../../../../tests/generic/preproc/preproc_test_3.sv.html#l-7" target="file-frame">tests/generic/preproc/preproc_test_3.sv:7</a>:0: error: node type: ERROR
</pre>