<pre>name: class_test_34
description: Test
should_fail: 0
tags: 6.15 8.3
files: <a href="../../../../tests/generic/class/class_test_34.sv" target="file-frame">tests/generic/class/class_test_34.sv</a>
incdirs: 
top_module: 
rc: 6

<a href="../../../../tests/generic/class/class_test_34.sv" target="file-frame">tests/generic/class/class_test_34.sv</a>:8: syntax error
<a href="../../../../tests/generic/class/class_test_34.sv" target="file-frame">tests/generic/class/class_test_34.sv</a>:8: error: Error in task/function port item after port name dbg_pkg.
<a href="../../../../tests/generic/class/class_test_34.sv" target="file-frame">tests/generic/class/class_test_34.sv</a>:8: syntax error
<a href="../../../../tests/generic/class/class_test_34.sv" target="file-frame">tests/generic/class/class_test_34.sv</a>:8: error: Syntax error in task/function port declaration.
<a href="../../../../tests/generic/class/class_test_34.sv" target="file-frame">tests/generic/class/class_test_34.sv</a>:8: syntax error
I give up.
</pre>