<head>
  <style>
    .log { font-family: "Courier New", Consolas, monospace; font-size: 80%; }
    .test-failed { background-color: #ffaaaa; }
    .test-passed { background-color: #aaffaa; }
  </style>
</head>
<body>
<h3><a href="http://iverilog.icarus.com/" target="_blank">icarus</a></h3>
<pre class="test-failed">
description: Tests imported from basejump
should_fail: 0
tags: basejump
incdirs: /home/travis/build/SymbiFlow/sv-tests/third_party/cores/basejump_stl/bsg_fsb
top_module: 
type: parsing
mode: parsing
files: <a href="../../../../third_party/cores/basejump_stl/bsg_fsb/bsg_fsb_murn_gateway.v.html" target="file-frame">third_party/cores/basejump_stl/bsg_fsb/bsg_fsb_murn_gateway.v</a>
time_elapsed: 0.173s
</pre>
<pre class="log">
user_time: 0.078142
system_time: 0.094732
ram_usage: 87804

<a href="../../../../third_party/cores/basejump_stl/bsg_fsb/bsg_fsb_murn_gateway.v.html#l-69" target="file-frame">third_party/cores/basejump_stl/bsg_fsb/bsg_fsb_murn_gateway.v:69</a>: sorry: This cast operation is not yet supported.
<a href="../../../../third_party/cores/basejump_stl/bsg_fsb/bsg_fsb_murn_gateway.v.html#l-69" target="file-frame">third_party/cores/basejump_stl/bsg_fsb/bsg_fsb_murn_gateway.v:69</a>: error: Unable to elaborate r-value: Struct packed with 5 members
    13vector_type_t destid;
    13vector_type_t cmd;
    11enum_type_t opcode;
    13vector_type_t srcid;
    13vector_type_t data;
&#39;(data_i)
<a href="../../../../third_party/cores/basejump_stl/bsg_fsb/bsg_fsb_murn_gateway.v.html#l-117" target="file-frame">third_party/cores/basejump_stl/bsg_fsb/bsg_fsb_murn_gateway.v:117</a>: error: Member opcode is not a member of struct type of data_RPT.&lt;nil&gt;
<a href="../../../../third_party/cores/basejump_stl/bsg_fsb/bsg_fsb_murn_gateway.v.html#l-117" target="file-frame">third_party/cores/basejump_stl/bsg_fsb/bsg_fsb_murn_gateway.v:117</a>: error: Unable to elaborate this case expression.
3 error(s) during elaboration.

</pre>
</body>