<pre>name: number_test_37
description: Test
should_fail: 0
tags: 5.6.4 5.7.1 5.7.2
files: <a href="../../../../tests/generic/number/number_test_37.sv.html" target="file-frame">tests/generic/number/number_test_37.sv</a>
incdirs: 
top_module: 
rc: 1

<a href="../../../../tests/generic/number/number_test_37.sv.html" target="file-frame">tests/generic/number/number_test_37.sv</a>:7:25: error: unknown macro or compiler directive '`DIGITS'
parameter int foo = 32'd`DIGITS;
                        ^
<a href="../../../../tests/generic/number/number_test_37.sv.html" target="file-frame">tests/generic/number/number_test_37.sv</a>:7:32: error: expected vector literal digits
parameter int foo = 32'd`DIGITS;
                               ^
</pre>