<head>
  <style>
    .log { font-family: "Courier New", Consolas, monospace; font-size: 80%; }
    .test-failed { background-color: #ffaaaa; }
    .test-passed { background-color: #aaffaa; }
  </style>
</head>
<body>
<h3><a href="https://github.com/MikePopoloski/slang" target="_blank">slang</a></h3>
<pre class="test-passed">
description: Test imported from ivtest
should_fail: 1
tags: ivtest
incdirs: /tmpfs/src/github/sv-tests/tests/generated/ivtest
top_module: 
type: parsing
mode: parsing
files: <a href="../../../../third_party/tests/ivtest/ivltests/automatic_error4.v.html" target="file-frame">third_party/tests/ivtest/ivltests/automatic_error4.v</a>
time_elapsed: 0.000s
ram usage: 9616 KB
</pre>
<pre class="log">

../../src/github/sv-tests/third_party/tests/ivtest/ivltests/automatic_error4.v:3:4: error: expected declarator
reg  global;
   ^
../../src/github/sv-tests/third_party/tests/ivtest/ivltests/automatic_error4.v:3:6: error: expected member
reg  global;
     ^~~~~~
../../src/github/sv-tests/third_party/tests/ivtest/ivltests/automatic_error4.v:7:4: error: expected declarator
reg local;
   ^
../../src/github/sv-tests/third_party/tests/ivtest/ivltests/automatic_error4.v:7:5: error: expected statement
reg local;
    ^~~~~
../../src/github/sv-tests/third_party/tests/ivtest/ivltests/automatic_error4.v:10:5: error: language feature not yet supported
  @(local || global);
    ^~~~~
../../src/github/sv-tests/third_party/tests/ivtest/ivltests/automatic_error4.v:10:10: error: expected &#39;::&#39;
  @(local || global);
         ^
../../src/github/sv-tests/third_party/tests/ivtest/ivltests/automatic_error4.v:10:13: error: expected &#39;)&#39;
  @(local || global);
            ^
../../src/github/sv-tests/third_party/tests/ivtest/ivltests/automatic_error4.v:10:14: error: expected expression
  @(local || global);
             ^
../../src/github/sv-tests/third_party/tests/ivtest/ivltests/automatic_error4.v:10:14: error: expected statement
  @(local || global);
             ^
../../src/github/sv-tests/third_party/tests/ivtest/ivltests/automatic_error4.v:10:14: error: expected statement
  @(local || global);
             ^~~~~~

</pre>
</body>