<head>
  <style>
    .log { font-family: "Courier New", Consolas, monospace; font-size: 80%; }
    .test-failed { background-color: #ffaaaa; }
    .test-passed { background-color: #aaffaa; }
  </style>
</head>
<body>
<h3><a href="https://github.com/MikePopoloski/slang" target="_blank">slang</a></h3>
<pre class="test-failed">
description: Test imported from ivtest
should_fail: 0
tags: ivtest
incdirs: /tmpfs/src/github/sv-tests/tests/generated/ivtest
top_module: 
type: parsing
mode: parsing
files: <a href="../../../../third_party/tests/ivtest/ivltests/delay_var.v.html" target="file-frame">third_party/tests/ivtest/ivltests/delay_var.v</a>
time_elapsed: 0.000s
ram usage: 9584 KB
</pre>
<pre class="log">

../../src/github/sv-tests/third_party/tests/ivtest/ivltests/delay_var.v:10:13: error: expected declarator
  wire #idly int = in;
            ^
../../src/github/sv-tests/third_party/tests/ivtest/ivltests/delay_var.v:10:17: error: expected declarator
  wire #idly int = in;
                ^
../../src/github/sv-tests/third_party/tests/ivtest/ivltests/delay_var.v:10:18: error: expected member
  wire #idly int = in;
                 ^
../../src/github/sv-tests/third_party/tests/ivtest/ivltests/delay_var.v:15:3: error: expected member
  buf #idly (gi, in);
  ^~~
../../src/github/sv-tests/third_party/tests/ivtest/ivltests/delay_var.v:16:3: error: expected member
  buf #1.1 (gf, in);
  ^~~
../../src/github/sv-tests/third_party/tests/ivtest/ivltests/delay_var.v:17:3: error: expected member
  buf #pdly (gs, in);
  ^~~
../../src/github/sv-tests/third_party/tests/ivtest/ivltests/delay_var.v:18:3: error: expected member
  buf #rdly (gt, in);
  ^~~
../../src/github/sv-tests/third_party/tests/ivtest/ivltests/delay_var.v:21:26: error: expected expression
    $monitor($realtime,, int,, first,, second,, third,, gi,, gf,, gs,, gt);
                         ^~~

</pre>
</body>