<head>
  <style>
    .log { font-family: "Courier New", Consolas, monospace; font-size: 80%; }
    .test-failed { background-color: #ffaaaa; }
    .test-passed { background-color: #aaffaa; }
  </style>
</head>
<body>
<h3><a href="https://github.com/MikePopoloski/slang" target="_blank">slang</a></h3>
<pre class="test-failed">
description: Test imported from ivtest
should_fail: 0
tags: ivtest
incdirs: /tmpfs/src/github/sv-tests/tests/generated/ivtest
top_module: 
type: parsing
mode: parsing
files: <a href="../../../../third_party/tests/ivtest/ivltests/pow_reg_signed.v.html" target="file-frame">third_party/tests/ivtest/ivltests/pow_reg_signed.v</a>
time_elapsed: 0.000s
ram usage: 9608 KB
</pre>
<pre class="log">

../../src/github/sv-tests/third_party/tests/ivtest/ivltests/pow_reg_signed.v:5:19: error: expected declarator
reg signed  [31:0] expect;
                  ^
../../src/github/sv-tests/third_party/tests/ivtest/ivltests/pow_reg_signed.v:5:20: error: expected member
reg signed  [31:0] expect;
                   ^~~~~~
../../src/github/sv-tests/third_party/tests/ivtest/ivltests/pow_reg_signed.v:17:33: error: language feature not yet supported
      if (real_x &gt;= 2.0**128.0) disable outer_loop;
                                ^~~~~~~~~~~~~~~~~~~
../../src/github/sv-tests/third_party/tests/ivtest/ivltests/pow_reg_signed.v:18:7: error: language feature not yet supported
      expect = long_x;
      ^~~~~~~~~~~~~~~~
../../src/github/sv-tests/third_party/tests/ivtest/ivltests/pow_reg_signed.v:18:13: error: expected &#39;(&#39;
      expect = long_x;
            ^
../../src/github/sv-tests/third_party/tests/ivtest/ivltests/pow_reg_signed.v:18:14: error: expected expression
      expect = long_x;
             ^
../../src/github/sv-tests/third_party/tests/ivtest/ivltests/pow_reg_signed.v:18:22: error: expected &#39;)&#39;
      expect = long_x;
                     ^
../../src/github/sv-tests/third_party/tests/ivtest/ivltests/pow_reg_signed.v:20:21: error: expected conditional pattern
      if (actual !== expect) begin
                    ^
../../src/github/sv-tests/third_party/tests/ivtest/ivltests/pow_reg_signed.v:20:22: error: language feature not yet supported
      if (actual !== expect) begin
                     ^~~~~~~~~~~~~
../../src/github/sv-tests/third_party/tests/ivtest/ivltests/pow_reg_signed.v:20:22: error: expected expression
      if (actual !== expect) begin
                     ^
../../src/github/sv-tests/third_party/tests/ivtest/ivltests/pow_reg_signed.v:20:28: error: expected expression
      if (actual !== expect) begin
                           ^
../../src/github/sv-tests/third_party/tests/ivtest/ivltests/pow_reg_signed.v:20:28: error: expected &#39;(&#39;
      if (actual !== expect) begin
                           ^
../../src/github/sv-tests/third_party/tests/ivtest/ivltests/pow_reg_signed.v:21:61: error: expected expression
        $display(&#34;FAILED : %0d ** %0d = %0d not %0d&#34;, a, b, expect, actual);
                                                            ^
../../src/github/sv-tests/third_party/tests/ivtest/ivltests/pow_reg_signed.v:21:61: error: expected argument
        $display(&#34;FAILED : %0d ** %0d = %0d not %0d&#34;, a, b, expect, actual);
                                                            ^~~~~~

</pre>
</body>