<head>
  <style>
    .log { font-family: "Courier New", Consolas, monospace; font-size: 80%; }
    .test-failed { background-color: #ffaaaa; }
    .test-passed { background-color: #aaffaa; }
  </style>
</head>
<body>
<h3><a href="https://github.com/MikePopoloski/slang" target="_blank">slang</a></h3>
<pre class="test-failed">
description: Test imported from ivtest
should_fail: 0
tags: ivtest
incdirs: /tmpfs/src/github/sv-tests/tests/generated/ivtest
top_module: 
type: parsing
mode: parsing
files: <a href="../../../../third_party/tests/ivtest/ivltests/pr1698820.v.html" target="file-frame">third_party/tests/ivtest/ivltests/pr1698820.v</a>
time_elapsed: 0.000s
ram usage: 9544 KB
</pre>
<pre class="log">

../../src/github/sv-tests/third_party/tests/ivtest/ivltests/pr1698820.v:2:12: error: expected declarator
  reg [4:0] var;
           ^
../../src/github/sv-tests/third_party/tests/ivtest/ivltests/pr1698820.v:2:16: error: expected declarator
  reg [4:0] var;
               ^
../../src/github/sv-tests/third_party/tests/ivtest/ivltests/pr1698820.v:6:8: error: expected declarator
    var = 10;
       ^
../../src/github/sv-tests/third_party/tests/ivtest/ivltests/pr1698820.v:6:9: error: expected statement
    var = 10;
        ^
../../src/github/sv-tests/third_party/tests/ivtest/ivltests/pr1698820.v:8:38: error: expected expression
    $fdisplay(fp, &#34;The variable is &#34;,var);
                                     ^
../../src/github/sv-tests/third_party/tests/ivtest/ivltests/pr1698820.v:8:38: error: expected argument
    $fdisplay(fp, &#34;The variable is &#34;,var);
                                     ^~~
../../src/github/sv-tests/third_party/tests/ivtest/ivltests/pr1698820.v:9:39: error: expected expression
    $fdisplayb(fp, &#34;The variable is &#34;,var);
                                      ^
../../src/github/sv-tests/third_party/tests/ivtest/ivltests/pr1698820.v:9:39: error: expected argument
    $fdisplayb(fp, &#34;The variable is &#34;,var);
                                      ^~~
../../src/github/sv-tests/third_party/tests/ivtest/ivltests/pr1698820.v:10:39: error: expected expression
    $fdisplayo(fp, &#34;The variable is &#34;,var);
                                      ^
../../src/github/sv-tests/third_party/tests/ivtest/ivltests/pr1698820.v:10:39: error: expected argument
    $fdisplayo(fp, &#34;The variable is &#34;,var);
                                      ^~~
../../src/github/sv-tests/third_party/tests/ivtest/ivltests/pr1698820.v:11:39: error: expected expression
    $fdisplayh(fp, &#34;The variable is &#34;,var);
                                      ^
../../src/github/sv-tests/third_party/tests/ivtest/ivltests/pr1698820.v:11:39: error: expected argument
    $fdisplayh(fp, &#34;The variable is &#34;,var);
                                      ^~~
../../src/github/sv-tests/third_party/tests/ivtest/ivltests/pr1698820.v:12:36: error: expected expression
    $fwrite(fp, &#34;The variable is &#34;,var, &#34;\n&#34;);
                                   ^
../../src/github/sv-tests/third_party/tests/ivtest/ivltests/pr1698820.v:12:36: error: expected argument
    $fwrite(fp, &#34;The variable is &#34;,var, &#34;\n&#34;);
                                   ^~~
../../src/github/sv-tests/third_party/tests/ivtest/ivltests/pr1698820.v:13:37: error: expected expression
    $fwriteb(fp, &#34;The variable is &#34;,var, &#34;\n&#34;);
                                    ^
../../src/github/sv-tests/third_party/tests/ivtest/ivltests/pr1698820.v:13:37: error: expected argument
    $fwriteb(fp, &#34;The variable is &#34;,var, &#34;\n&#34;);
                                    ^~~
../../src/github/sv-tests/third_party/tests/ivtest/ivltests/pr1698820.v:14:37: error: expected expression
    $fwriteo(fp, &#34;The variable is &#34;,var, &#34;\n&#34;);
                                    ^
../../src/github/sv-tests/third_party/tests/ivtest/ivltests/pr1698820.v:14:37: error: expected argument
    $fwriteo(fp, &#34;The variable is &#34;,var, &#34;\n&#34;);
                                    ^~~
../../src/github/sv-tests/third_party/tests/ivtest/ivltests/pr1698820.v:15:37: error: expected expression
    $fwriteh(fp, &#34;The variable is &#34;,var, &#34;\n&#34;);
                                    ^
../../src/github/sv-tests/third_party/tests/ivtest/ivltests/pr1698820.v:15:37: error: expected argument
    $fwriteh(fp, &#34;The variable is &#34;,var, &#34;\n&#34;);
                                    ^~~

</pre>
</body>