<head>
  <style>
    .log { font-family: "Courier New", Consolas, monospace; font-size: 80%; }
    .test-failed { background-color: #ffaaaa; }
    .test-passed { background-color: #aaffaa; }
  </style>
</head>
<body>
<h3><a href="https://github.com/MikePopoloski/slang" target="_blank">slang</a></h3>
<pre class="test-failed">
description: Test imported from ivtest
should_fail: 0
tags: ivtest
incdirs: /tmpfs/src/github/sv-tests/third_party/tests/ivtest /tmpfs/src/github/sv-tests/third_party/tests/ivtest/ivltests
top_module: 
type: parsing
mode: parsing
files: <a href="../../../../third_party/tests/ivtest/ivltests/pr1755593.v.html" target="file-frame">third_party/tests/ivtest/ivltests/pr1755593.v</a>
time_elapsed: 0.000s
ram usage: 9540 KB
</pre>
<pre class="log">

../../src/github/sv-tests/third_party/tests/ivtest/ivltests/pr1755593.v:35:4: error: unknown module &#39;u_test&#39;
   u_test I48 (Z, D0, D1, D2, D3, E0, E1);
   ^~~~~~
../../src/github/sv-tests/third_party/tests/ivtest/ivltests/pr1755593.v:38:1: error: expected member
primitive u_test (Z, D0, D1, D2, D3, E0, E1);
^~~~~~~~~
../../src/github/sv-tests/third_party/tests/ivtest/ivltests/pr1755593.v:43:4: error: expected member
   table
   ^~~~~
../../src/github/sv-tests/third_party/tests/ivtest/ivltests/pr1755593.v:46:10: error: expected member
         1  ?  ?  ?  0  0  :  1  ;
         ^
../../src/github/sv-tests/third_party/tests/ivtest/ivltests/pr1755593.v:48:10: error: expected member
         ?  0  ?  ?  1  0  :  0  ;
         ^
../../src/github/sv-tests/third_party/tests/ivtest/ivltests/pr1755593.v:49:10: error: expected member
         ?  1  ?  ?  1  0  :  1  ;
         ^
../../src/github/sv-tests/third_party/tests/ivtest/ivltests/pr1755593.v:51:10: error: expected member
         ?  ?  0  ?  0  1  :  0  ;
         ^
../../src/github/sv-tests/third_party/tests/ivtest/ivltests/pr1755593.v:52:10: error: expected member
         ?  ?  1  ?  0  1  :  1  ;
         ^
../../src/github/sv-tests/third_party/tests/ivtest/ivltests/pr1755593.v:54:10: error: expected member
         ?  ?  ?  0  1  1  :  0  ;
         ^
../../src/github/sv-tests/third_party/tests/ivtest/ivltests/pr1755593.v:55:10: error: expected member
         ?  ?  ?  1  1  1  :  1  ;
         ^
../../src/github/sv-tests/third_party/tests/ivtest/ivltests/pr1755593.v:57:10: error: expected member
         0  0  ?  ?  x  0  :  0  ;
         ^
../../src/github/sv-tests/third_party/tests/ivtest/ivltests/pr1755593.v:58:10: error: expected member
         1  1  ?  ?  x  0  :  1  ;
         ^
../../src/github/sv-tests/third_party/tests/ivtest/ivltests/pr1755593.v:60:10: error: expected member
         ?  ?  0  0  x  1  :  0  ;
         ^
../../src/github/sv-tests/third_party/tests/ivtest/ivltests/pr1755593.v:61:10: error: expected member
         ?  ?  1  1  x  1  :  1  ;
         ^
../../src/github/sv-tests/third_party/tests/ivtest/ivltests/pr1755593.v:63:10: error: expected member
         0  ?  0  ?  0  x  :  0  ;
         ^
../../src/github/sv-tests/third_party/tests/ivtest/ivltests/pr1755593.v:64:10: error: expected member
         1  ?  1  ?  0  x  :  1  ;
         ^
../../src/github/sv-tests/third_party/tests/ivtest/ivltests/pr1755593.v:66:10: error: expected member
         ?  0  ?  0  1  x  :  0  ;
         ^
../../src/github/sv-tests/third_party/tests/ivtest/ivltests/pr1755593.v:67:10: error: expected member
         ?  1  ?  1  1  x  :  1  ;
         ^
../../src/github/sv-tests/third_party/tests/ivtest/ivltests/pr1755593.v:69:10: error: expected member
         0  0  0  0  x  x  :  0  ;
         ^
../../src/github/sv-tests/third_party/tests/ivtest/ivltests/pr1755593.v:69:22: error: &#39;x&#39; recursively depends on its own definition
         0  0  0  0  x  x  :  0  ;
                     ^
../../src/github/sv-tests/third_party/tests/ivtest/ivltests/pr1755593.v:69:25: note: declared here
         0  0  0  0  x  x  :  0  ;
                        ^
fatal error: too many errors emitted, stopping now [--error-limit=]

</pre>
</body>