<head>
  <style>
    .log { font-family: "Courier New", Consolas, monospace; font-size: 80%; }
    .test-failed { background-color: #ffaaaa; }
    .test-passed { background-color: #aaffaa; }
  </style>
</head>
<body>
<h3><a href="https://github.com/MikePopoloski/slang" target="_blank">slang</a></h3>
<pre class="test-passed">
description: Test imported from ivtest
should_fail: 1
tags: ivtest
incdirs: /tmpfs/src/github/sv-tests/tests/generated/ivtest
top_module: 
type: parsing
mode: parsing
files: <a href="../../../../third_party/tests/ivtest/ivltests/pr1877743.v.html" target="file-frame">third_party/tests/ivtest/ivltests/pr1877743.v</a>
time_elapsed: 0.000s
ram usage: 9544 KB
</pre>
<pre class="log">

../../src/github/sv-tests/third_party/tests/ivtest/ivltests/pr1877743.v:10:11: warning: ignoring return value of &#39;check_result&#39;, cast to void to suppress [-Wunused-result]
    #1.59 check_result(1&#39;bx, 1&#39;bx, 1);
          ^~~~~~~~~~~~~~~~~~~~~~~~~~~
../../src/github/sv-tests/third_party/tests/ivtest/ivltests/pr1877743.v:13:11: warning: ignoring return value of &#39;check_result&#39;, cast to void to suppress [-Wunused-result]
    #1.69 check_result(1&#39;bx, 1&#39;b0, 2);
          ^~~~~~~~~~~~~~~~~~~~~~~~~~~
../../src/github/sv-tests/third_party/tests/ivtest/ivltests/pr1877743.v:17:11: warning: ignoring return value of &#39;check_result&#39;, cast to void to suppress [-Wunused-result]
    #1.09 check_result(1&#39;b0, 1&#39;b1, 3);
          ^~~~~~~~~~~~~~~~~~~~~~~~~~~
../../src/github/sv-tests/third_party/tests/ivtest/ivltests/pr1877743.v:19:11: warning: ignoring return value of &#39;check_result&#39;, cast to void to suppress [-Wunused-result]
    #1.89 check_result(1&#39;b1, 1&#39;b0, 4);
          ^~~~~~~~~~~~~~~~~~~~~~~~~~~
../../src/github/sv-tests/third_party/tests/ivtest/ivltests/pr1877743.v:23:11: warning: ignoring return value of &#39;check_result&#39;, cast to void to suppress [-Wunused-result]
    #1.19 check_result(1&#39;b0, 1&#39;b1, 5);
          ^~~~~~~~~~~~~~~~~~~~~~~~~~~
../../src/github/sv-tests/third_party/tests/ivtest/ivltests/pr1877743.v:25:11: warning: ignoring return value of &#39;check_result&#39;, cast to void to suppress [-Wunused-result]
    #1.79 check_result(1&#39;b1, 1&#39;b0, 6);
          ^~~~~~~~~~~~~~~~~~~~~~~~~~~
../../src/github/sv-tests/third_party/tests/ivtest/ivltests/pr1877743.v:29:11: warning: ignoring return value of &#39;check_result&#39;, cast to void to suppress [-Wunused-result]
    #1.29 check_result(1&#39;b0, 1&#39;b1, 7);
          ^~~~~~~~~~~~~~~~~~~~~~~~~~~
../../src/github/sv-tests/third_party/tests/ivtest/ivltests/pr1877743.v:31:11: warning: ignoring return value of &#39;check_result&#39;, cast to void to suppress [-Wunused-result]
    #1.69 check_result(1&#39;b1, 1&#39;b0, 8);
          ^~~~~~~~~~~~~~~~~~~~~~~~~~~
../../src/github/sv-tests/third_party/tests/ivtest/ivltests/pr1877743.v:36:11: warning: ignoring return value of &#39;check_result&#39;, cast to void to suppress [-Wunused-result]
    #1.99 check_result(1&#39;b1, 1&#39;b0, 9);
          ^~~~~~~~~~~~~~~~~~~~~~~~~~~
../../src/github/sv-tests/third_party/tests/ivtest/ivltests/pr1877743.v:38:11: warning: ignoring return value of &#39;check_result&#39;, cast to void to suppress [-Wunused-result]
    #0.99 check_result(1&#39;b0, 1&#39;b1, 10);
          ^~~~~~~~~~~~~~~~~~~~~~~~~~~~
../../src/github/sv-tests/third_party/tests/ivtest/ivltests/pr1877743.v:42:11: warning: ignoring return value of &#39;check_result&#39;, cast to void to suppress [-Wunused-result]
    #1.39 check_result(1&#39;b0, 1&#39;b1, 11);
          ^~~~~~~~~~~~~~~~~~~~~~~~~~~~
../../src/github/sv-tests/third_party/tests/ivtest/ivltests/pr1877743.v:44:11: warning: ignoring return value of &#39;check_result&#39;, cast to void to suppress [-Wunused-result]
    #1.59 check_result(1&#39;b1, 1&#39;b0, 12);
          ^~~~~~~~~~~~~~~~~~~~~~~~~~~~
../../src/github/sv-tests/third_party/tests/ivtest/ivltests/pr1877743.v:83:3: error: expected member
  specify
  ^~~~~~~
../../src/github/sv-tests/third_party/tests/ivtest/ivltests/pr1877743.v:85:5: error: expected member
    (ci =&gt; s) = (1.3, 1.7);
    ^
../../src/github/sv-tests/third_party/tests/ivtest/ivltests/pr1877743.v:86:9: error: expression is not constant
    if (b === 1&#39;b1 &amp;&amp; ci === 1&#39;b0) (a =&gt; s) = (1, 2);
        ^~~~~~~~~~~~~~~~~~~~~~~~~
../../src/github/sv-tests/third_party/tests/ivtest/ivltests/pr1877743.v:86:9: note: reference to non-constant variable &#39;b&#39; is not allowed in a constant expression
    if (b === 1&#39;b1 &amp;&amp; ci === 1&#39;b0) (a =&gt; s) = (1, 2);
        ^
../../src/github/sv-tests/third_party/tests/ivtest/ivltests/pr1877743.v:78:12: note: declared here
  input a, b, ci;
           ^
../../src/github/sv-tests/third_party/tests/ivtest/ivltests/pr1877743.v:86:36: error: expected member
    if (b === 1&#39;b1 &amp;&amp; ci === 1&#39;b0) (a =&gt; s) = (1, 2);
                                   ^
../../src/github/sv-tests/third_party/tests/ivtest/ivltests/pr1877743.v:87:9: error: expression is not constant
    if (b === 1&#39;b1 &amp;&amp; ci === 1&#39;b1) (a =&gt; s) = (1.4, 1.6);
        ^~~~~~~~~~~~~~~~~~~~~~~~~
../../src/github/sv-tests/third_party/tests/ivtest/ivltests/pr1877743.v:87:9: note: reference to non-constant variable &#39;b&#39; is not allowed in a constant expression
    if (b === 1&#39;b1 &amp;&amp; ci === 1&#39;b1) (a =&gt; s) = (1.4, 1.6);
        ^
../../src/github/sv-tests/third_party/tests/ivtest/ivltests/pr1877743.v:78:12: note: declared here
  input a, b, ci;
           ^
../../src/github/sv-tests/third_party/tests/ivtest/ivltests/pr1877743.v:87:36: error: expected member
    if (b === 1&#39;b1 &amp;&amp; ci === 1&#39;b1) (a =&gt; s) = (1.4, 1.6);
                                   ^
../../src/github/sv-tests/third_party/tests/ivtest/ivltests/pr1877743.v:88:5: error: expected member
    ifnone (a =&gt; s) = (1.1, 1.9);
    ^~~~~~
../../src/github/sv-tests/third_party/tests/ivtest/ivltests/pr1877743.v:89:5: error: expected member
    ifnone (b =&gt; s) = (1.2, 1.8);
    ^~~~~~
../../src/github/sv-tests/third_party/tests/ivtest/ivltests/pr1877743.v:90:3: error: expected member
  endspecify
  ^~~~~~~~~~

</pre>
</body>