<head>
  <style>
    .log { font-family: "Courier New", Consolas, monospace; font-size: 80%; }
    .test-failed { background-color: #ffaaaa; }
    .test-passed { background-color: #aaffaa; }
  </style>
</head>
<body>
<h3><a href="https://github.com/MikePopoloski/slang" target="_blank">slang</a></h3>
<pre class="test-failed">
description: Test imported from ivtest
should_fail: 0
tags: ivtest
incdirs: /tmpfs/src/github/sv-tests/tests/generated/ivtest
top_module: 
type: parsing
mode: parsing
files: <a href="../../../../third_party/tests/ivtest/ivltests/pr1978358d.v.html" target="file-frame">third_party/tests/ivtest/ivltests/pr1978358d.v</a>
time_elapsed: 0.000s
ram usage: 9608 KB
</pre>
<pre class="log">

../../src/github/sv-tests/third_party/tests/ivtest/ivltests/pr1978358d.v:5:18: error: expected declarator
  parameter [3:0] var = 4&#39;b1001;
                 ^
../../src/github/sv-tests/third_party/tests/ivtest/ivltests/pr1978358d.v:5:22: error: expected declarator
  parameter [3:0] var = 4&#39;b1001;
                     ^
../../src/github/sv-tests/third_party/tests/ivtest/ivltests/pr1978358d.v:5:23: error: expected member
  parameter [3:0] var = 4&#39;b1001;
                      ^
../../src/github/sv-tests/third_party/tests/ivtest/ivltests/pr1978358d.v:10:11: error: expected &#39;;&#39;
    part = var[-2 +: 4];  // should be 01xx.
          ^
../../src/github/sv-tests/third_party/tests/ivtest/ivltests/pr1978358d.v:10:12: error: expected expression
    part = var[-2 +: 4];  // should be 01xx.
           ^
../../src/github/sv-tests/third_party/tests/ivtest/ivltests/pr1978358d.v:10:12: error: declaration must come before all statements in the block
    part = var[-2 +: 4];  // should be 01xx.
           ^
../../src/github/sv-tests/third_party/tests/ivtest/ivltests/pr1978358d.v:10:24: error: expected declarator
    part = var[-2 +: 4];  // should be 01xx.
                       ^
../../src/github/sv-tests/third_party/tests/ivtest/ivltests/pr1978358d.v:16:11: error: expected &#39;;&#39;
    part = var[2 +: 4];  // should be xx10.
          ^
../../src/github/sv-tests/third_party/tests/ivtest/ivltests/pr1978358d.v:16:12: error: expected expression
    part = var[2 +: 4];  // should be xx10.
           ^
../../src/github/sv-tests/third_party/tests/ivtest/ivltests/pr1978358d.v:16:23: error: expected declarator
    part = var[2 +: 4];  // should be xx10.
                      ^
../../src/github/sv-tests/third_party/tests/ivtest/ivltests/pr1978358d.v:22:10: error: expected &#39;;&#39;
    big = var[-1 +: 6];  // should be x10100101x.
         ^
../../src/github/sv-tests/third_party/tests/ivtest/ivltests/pr1978358d.v:22:11: error: expected expression
    big = var[-1 +: 6];  // should be x10100101x.
          ^
../../src/github/sv-tests/third_party/tests/ivtest/ivltests/pr1978358d.v:22:23: error: expected declarator
    big = var[-1 +: 6];  // should be x10100101x.
                      ^

</pre>
</body>