<head>
  <style>
    .log { font-family: "Courier New", Consolas, monospace; font-size: 80%; }
    .test-failed { background-color: #ffaaaa; }
    .test-passed { background-color: #aaffaa; }
  </style>
</head>
<body>
<h3><a href="https://github.com/MikePopoloski/slang" target="_blank">slang</a></h3>
<pre class="test-passed">
description: Test imported from ivtest
should_fail: 1
tags: ivtest
incdirs: /tmpfs/src/github/sv-tests/tests/generated/ivtest
top_module: 
type: parsing
mode: parsing
files: <a href="../../../../third_party/tests/ivtest/ivltests/pr3515542.v.html" target="file-frame">third_party/tests/ivtest/ivltests/pr3515542.v</a>
time_elapsed: 0.000s
ram usage: 9688 KB
</pre>
<pre class="log">

../../src/github/sv-tests/third_party/tests/ivtest/ivltests/pr3515542.v:5:11: error: expected &#39;;&#39;
    a = 15&#39;1;
          ^
../../src/github/sv-tests/third_party/tests/ivtest/ivltests/pr3515542.v:5:11: error: expected statement
    a = 15&#39;1;
          ^~
../../src/github/sv-tests/third_party/tests/ivtest/ivltests/pr3515542.v:6:11: error: expected &#39;;&#39;
    a = 15&#39;0;
          ^
../../src/github/sv-tests/third_party/tests/ivtest/ivltests/pr3515542.v:6:11: error: expected statement
    a = 15&#39;0;
          ^~
../../src/github/sv-tests/third_party/tests/ivtest/ivltests/pr3515542.v:7:11: error: expected &#39;;&#39;
    a = 15&#39;x;
          ^
../../src/github/sv-tests/third_party/tests/ivtest/ivltests/pr3515542.v:7:11: error: expected statement
    a = 15&#39;x;
          ^~
../../src/github/sv-tests/third_party/tests/ivtest/ivltests/pr3515542.v:8:11: error: expected &#39;;&#39;
    a = 15&#39;X;
          ^
../../src/github/sv-tests/third_party/tests/ivtest/ivltests/pr3515542.v:8:11: error: expected statement
    a = 15&#39;X;
          ^~
../../src/github/sv-tests/third_party/tests/ivtest/ivltests/pr3515542.v:9:11: error: expected &#39;;&#39;
    a = 15&#39;z;
          ^
../../src/github/sv-tests/third_party/tests/ivtest/ivltests/pr3515542.v:9:11: error: expected statement
    a = 15&#39;z;
          ^~
../../src/github/sv-tests/third_party/tests/ivtest/ivltests/pr3515542.v:10:11: error: expected &#39;;&#39;
    a = 15&#39;Z;
          ^
../../src/github/sv-tests/third_party/tests/ivtest/ivltests/pr3515542.v:10:11: error: expected statement
    a = 15&#39;Z;
          ^~

</pre>
</body>