<head>
  <style>
    .log { font-family: "Courier New", Consolas, monospace; font-size: 80%; }
    .test-failed { background-color: #ffaaaa; }
    .test-passed { background-color: #aaffaa; }
  </style>
</head>
<body>
<h3><a href="https://github.com/MikePopoloski/slang" target="_blank">slang</a></h3>
<pre class="test-passed">
description: Test imported from ivtest
should_fail: 1
tags: ivtest
incdirs: /tmpfs/src/github/sv-tests/tests/generated/ivtest
top_module: 
type: parsing
mode: parsing
files: <a href="../../../../third_party/tests/ivtest/ivltests/real_op_fail.v.html" target="file-frame">third_party/tests/ivtest/ivltests/real_op_fail.v</a>
time_elapsed: 0.000s
ram usage: 9636 KB
</pre>
<pre class="log">

../../src/github/sv-tests/third_party/tests/ivtest/ivltests/real_op_fail.v:4:55: error: expected identifier
  wire real rdand, rdnand, rdor, rdnor, rdxor, rdxnor,
                                                      ^
../../src/github/sv-tests/third_party/tests/ivtest/ivltests/real_op_fail.v:5:13: error: expected declarator
            rand, rnand, ror, rnor, rxor, rxnor,
            ^~~~
../../src/github/sv-tests/third_party/tests/ivtest/ivltests/real_op_fail.v:10:18: error: invalid operand type &#39;real&#39; to unary expression
  assign rdand = &amp;ra;
                 ^~~
../../src/github/sv-tests/third_party/tests/ivtest/ivltests/real_op_fail.v:11:19: error: invalid operand type &#39;real&#39; to unary expression
  assign rdnand = ~&amp;ra;
                  ^ ~~
../../src/github/sv-tests/third_party/tests/ivtest/ivltests/real_op_fail.v:12:17: error: invalid operand type &#39;real&#39; to unary expression
  assign rdor = |ra;
                ^~~
../../src/github/sv-tests/third_party/tests/ivtest/ivltests/real_op_fail.v:13:18: error: invalid operand type &#39;real&#39; to unary expression
  assign rdnor = ~|ra;
                 ^ ~~
../../src/github/sv-tests/third_party/tests/ivtest/ivltests/real_op_fail.v:14:18: error: invalid operand type &#39;real&#39; to unary expression
  assign rdxor = ^ra;
                 ^~~
../../src/github/sv-tests/third_party/tests/ivtest/ivltests/real_op_fail.v:15:19: error: invalid operand type &#39;real&#39; to unary expression
  assign rdxnor = ~^ra;
                  ^ ~~
../../src/github/sv-tests/third_party/tests/ivtest/ivltests/real_op_fail.v:18:9: error: expected variable assignment
  assign rand = ra &amp; rb;
        ^
../../src/github/sv-tests/third_party/tests/ivtest/ivltests/real_op_fail.v:18:10: error: expected member
  assign rand = ra &amp; rb;
         ^~~~
../../src/github/sv-tests/third_party/tests/ivtest/ivltests/real_op_fail.v:19:20: error: expected &#39;,&#39;
  assign rnand = ra ~&amp; rb;
                   ^
../../src/github/sv-tests/third_party/tests/ivtest/ivltests/real_op_fail.v:19:21: error: invalid operand type &#39;real&#39; to unary expression
  assign rnand = ra ~&amp; rb;
                    ^  ~~
../../src/github/sv-tests/third_party/tests/ivtest/ivltests/real_op_fail.v:20:19: error: invalid operands to binary expression (&#39;real&#39; and &#39;real&#39;)
  assign ror = ra | rb;
               ~~ ^ ~~
../../src/github/sv-tests/third_party/tests/ivtest/ivltests/real_op_fail.v:21:19: error: expected &#39;,&#39;
  assign rnor = ra ~| rb;
                  ^
../../src/github/sv-tests/third_party/tests/ivtest/ivltests/real_op_fail.v:21:20: error: invalid operand type &#39;real&#39; to unary expression
  assign rnor = ra ~| rb;
                   ^  ~~
../../src/github/sv-tests/third_party/tests/ivtest/ivltests/real_op_fail.v:22:20: error: invalid operands to binary expression (&#39;real&#39; and &#39;real&#39;)
  assign rxor = ra ^ rb;
                ~~ ^ ~~
../../src/github/sv-tests/third_party/tests/ivtest/ivltests/real_op_fail.v:23:21: error: invalid operands to binary expression (&#39;real&#39; and &#39;real&#39;)
  assign rxnor = ra ~^ rb;
                 ~~ ^  ~~
../../src/github/sv-tests/third_party/tests/ivtest/ivltests/real_op_fail.v:26:19: error: invalid operands to binary expression (&#39;real&#39; and &#39;real&#39;)
  assign rls = ra &lt;&lt; rb;
               ~~ ^  ~~
../../src/github/sv-tests/third_party/tests/ivtest/ivltests/real_op_fail.v:27:20: error: invalid operands to binary expression (&#39;real&#39; and &#39;real&#39;)
  assign rals = ra &lt;&lt;&lt; rb;
                ~~ ^   ~~
../../src/github/sv-tests/third_party/tests/ivtest/ivltests/real_op_fail.v:28:19: error: invalid operands to binary expression (&#39;real&#39; and &#39;real&#39;)
  assign rrs = ra &gt;&gt; rb;
               ~~ ^  ~~
fatal error: too many errors emitted, stopping now [--error-limit=]

</pre>
</body>