<head>
  <style>
    .log { font-family: "Courier New", Consolas, monospace; font-size: 80%; }
    .test-failed { background-color: #ffaaaa; }
    .test-passed { background-color: #aaffaa; }
  </style>
</head>
<body>
<h3><a href="https://github.com/MikePopoloski/slang" target="_blank">slang</a></h3>
<pre class="test-failed">
description: Test imported from ivtest
should_fail: 0
tags: ivtest
incdirs: /tmpfs/src/github/sv-tests/third_party/tests/ivtest /tmpfs/src/github/sv-tests/third_party/tests/ivtest/ivltests
top_module: 
type: parsing
mode: parsing
files: <a href="../../../../third_party/tests/ivtest/ivltests/rtran.v.html" target="file-frame">third_party/tests/ivtest/ivltests/rtran.v</a>
time_elapsed: 0.004s
ram usage: 9580 KB
</pre>
<pre class="log">

../../src/github/sv-tests/third_party/tests/ivtest/ivltests/rtran.v:7:9: error: expected expression
assign (supply1, supply0) a1 = a;
        ^
../../src/github/sv-tests/third_party/tests/ivtest/ivltests/rtran.v:7:9: error: expected &#39;)&#39;
assign (supply1, supply0) a1 = a;
        ^
../../src/github/sv-tests/third_party/tests/ivtest/ivltests/rtran.v:7:9: error: expected variable assignment
assign (supply1, supply0) a1 = a;
        ^~~~~~~
../../src/github/sv-tests/third_party/tests/ivtest/ivltests/rtran.v:7:18: error: expected expression
assign (supply1, supply0) a1 = a;
                 ^
../../src/github/sv-tests/third_party/tests/ivtest/ivltests/rtran.v:7:18: error: expected variable assignment
assign (supply1, supply0) a1 = a;
                 ^~~~~~~
../../src/github/sv-tests/third_party/tests/ivtest/ivltests/rtran.v:7:26: error: expected &#39;,&#39;
assign (supply1, supply0) a1 = a;
                         ^
../../src/github/sv-tests/third_party/tests/ivtest/ivltests/rtran.v:9:1: error: expected member
rtran t1(a1, a2);
^~~~~
../../src/github/sv-tests/third_party/tests/ivtest/ivltests/rtran.v:10:1: error: expected member
rtran t2(a2, a3);
^~~~~
../../src/github/sv-tests/third_party/tests/ivtest/ivltests/rtran.v:11:1: error: expected member
rtran t3(a3, a4);
^~~~~
../../src/github/sv-tests/third_party/tests/ivtest/ivltests/rtran.v:12:1: error: expected member
rtran t4(a4, a5);
^~~~~
../../src/github/sv-tests/third_party/tests/ivtest/ivltests/rtran.v:13:1: error: expected member
rtran t5(a5, a6);
^~~~~
../../src/github/sv-tests/third_party/tests/ivtest/ivltests/rtran.v:14:1: error: expected member
rtran t6(a6, a7);
^~~~~
../../src/github/sv-tests/third_party/tests/ivtest/ivltests/rtran.v:22:9: error: expected expression
assign (supply1, supply0) a11 = a,  b11 = b;
        ^
../../src/github/sv-tests/third_party/tests/ivtest/ivltests/rtran.v:22:9: error: expected &#39;)&#39;
assign (supply1, supply0) a11 = a,  b11 = b;
        ^
../../src/github/sv-tests/third_party/tests/ivtest/ivltests/rtran.v:22:9: error: expected variable assignment
assign (supply1, supply0) a11 = a,  b11 = b;
        ^~~~~~~
../../src/github/sv-tests/third_party/tests/ivtest/ivltests/rtran.v:22:18: error: expected expression
assign (supply1, supply0) a11 = a,  b11 = b;
                 ^
../../src/github/sv-tests/third_party/tests/ivtest/ivltests/rtran.v:22:18: error: expected variable assignment
assign (supply1, supply0) a11 = a,  b11 = b;
                 ^~~~~~~
../../src/github/sv-tests/third_party/tests/ivtest/ivltests/rtran.v:22:26: error: expected &#39;,&#39;
assign (supply1, supply0) a11 = a,  b11 = b;
                         ^
../../src/github/sv-tests/third_party/tests/ivtest/ivltests/rtran.v:23:9: error: expected expression
assign (supply1, strong0) a12 = a,  b12 = b;
        ^
../../src/github/sv-tests/third_party/tests/ivtest/ivltests/rtran.v:23:9: error: expected &#39;)&#39;
assign (supply1, strong0) a12 = a,  b12 = b;
        ^
fatal error: too many errors emitted, stopping now [--error-limit=]

</pre>
</body>