<head>
  <style>
    .log { font-family: "Courier New", Consolas, monospace; font-size: 80%; }
    .test-failed { background-color: #ffaaaa; }
    .test-passed { background-color: #aaffaa; }
  </style>
</head>
<body>
<h3><a href="https://github.com/MikePopoloski/slang" target="_blank">slang</a></h3>
<pre class="test-failed">
description: Test imported from ivtest
should_fail: 0
tags: ivtest
incdirs: /tmpfs/src/github/sv-tests/third_party/tests/ivtest /tmpfs/src/github/sv-tests/third_party/tests/ivtest/ivltests
top_module: 
type: parsing
mode: parsing
files: <a href="../../../../third_party/tests/ivtest/ivltests/specify5.v.html" target="file-frame">third_party/tests/ivtest/ivltests/specify5.v</a>
time_elapsed: 0.000s
ram usage: 9568 KB
</pre>
<pre class="log">

../../src/github/sv-tests/third_party/tests/ivtest/ivltests/specify5.v:8:5: error: unknown system name &#39;$timeformat&#39;
    $timeformat(-9, 2, &#34; ns&#34;, 9);
    ^~~~~~~~~~~
../../src/github/sv-tests/third_party/tests/ivtest/ivltests/specify5.v:39:3: error: expected member
  buf (q, qi);
  ^~~
../../src/github/sv-tests/third_party/tests/ivtest/ivltests/specify5.v:41:3: error: expected member
  specify
  ^~~~~~~
../../src/github/sv-tests/third_party/tests/ivtest/ivltests/specify5.v:43:5: error: expected member
    specparam tpd_cp_q_hl = 7;
    ^~~~~~~~~
../../src/github/sv-tests/third_party/tests/ivtest/ivltests/specify5.v:44:5: error: expected member
    specparam tpd_cdn_q_lh = 0;
    ^~~~~~~~~
../../src/github/sv-tests/third_party/tests/ivtest/ivltests/specify5.v:45:5: error: expected member
    specparam tpd_cdn_q_hl = 3;
    ^~~~~~~~~
../../src/github/sv-tests/third_party/tests/ivtest/ivltests/specify5.v:47:9: error: expression is not constant
    if (cdn) (posedge cp =&gt; (q +: d)) = (tpd_cp_q_lh, tpd_cp_q_hl);
        ^~~
../../src/github/sv-tests/third_party/tests/ivtest/ivltests/specify5.v:47:9: note: reference to non-constant variable &#39;cdn&#39; is not allowed in a constant expression
    if (cdn) (posedge cp =&gt; (q +: d)) = (tpd_cp_q_lh, tpd_cp_q_hl);
        ^~~
../../src/github/sv-tests/third_party/tests/ivtest/ivltests/specify5.v:31:9: note: declared here
  input cdn;
        ^
../../src/github/sv-tests/third_party/tests/ivtest/ivltests/specify5.v:47:14: error: expected member
    if (cdn) (posedge cp =&gt; (q +: d)) = (tpd_cp_q_lh, tpd_cp_q_hl);
             ^
../../src/github/sv-tests/third_party/tests/ivtest/ivltests/specify5.v:48:5: error: expected member
    (negedge cdn =&gt; (q +: 1&#39;b0)) = (tpd_cdn_q_lh, tpd_cdn_q_hl);
    ^
../../src/github/sv-tests/third_party/tests/ivtest/ivltests/specify5.v:49:3: error: expected member
  endspecify
  ^~~~~~~~~~
../../src/github/sv-tests/third_party/tests/ivtest/ivltests/specify5.v:57:3: error: unknown module &#39;UDP_DFF&#39;
  UDP_DFF G3(q, d, cp, cdn);
  ^~~~~~~
../../src/github/sv-tests/third_party/tests/ivtest/ivltests/specify5.v:59:3: error: expected member
  specify
  ^~~~~~~
../../src/github/sv-tests/third_party/tests/ivtest/ivltests/specify5.v:61:5: error: expected member
    specparam tpd_cp_q_hl = 7;
    ^~~~~~~~~
../../src/github/sv-tests/third_party/tests/ivtest/ivltests/specify5.v:62:5: error: expected member
    specparam tpd_cdn_q_lh = 0;
    ^~~~~~~~~
../../src/github/sv-tests/third_party/tests/ivtest/ivltests/specify5.v:63:5: error: expected member
    specparam tpd_cdn_q_hl = 3;
    ^~~~~~~~~
../../src/github/sv-tests/third_party/tests/ivtest/ivltests/specify5.v:65:9: error: expression is not constant
    if (cdn) (posedge cp =&gt; (q +: d)) = (tpd_cp_q_lh, tpd_cp_q_hl);
        ^~~
../../src/github/sv-tests/third_party/tests/ivtest/ivltests/specify5.v:65:9: note: reference to non-constant variable &#39;cdn&#39; is not allowed in a constant expression
    if (cdn) (posedge cp =&gt; (q +: d)) = (tpd_cp_q_lh, tpd_cp_q_hl);
        ^~~
../../src/github/sv-tests/third_party/tests/ivtest/ivltests/specify5.v:55:16: note: declared here
  input d, cp, cdn;
               ^
../../src/github/sv-tests/third_party/tests/ivtest/ivltests/specify5.v:65:14: error: expected member
    if (cdn) (posedge cp =&gt; (q +: d)) = (tpd_cp_q_lh, tpd_cp_q_hl);
             ^
../../src/github/sv-tests/third_party/tests/ivtest/ivltests/specify5.v:66:5: error: expected member
    (negedge cdn =&gt; (q +: 1&#39;b0)) = (tpd_cdn_q_lh, tpd_cdn_q_hl);
    ^
../../src/github/sv-tests/third_party/tests/ivtest/ivltests/specify5.v:67:3: error: expected member
  endspecify
  ^~~~~~~~~~
../../src/github/sv-tests/third_party/tests/ivtest/ivltests/specify5.v:72:1: error: expected member
primitive UDP_DFF(q, d, cp, cdn);
^~~~~~~~~
fatal error: too many errors emitted, stopping now [--error-limit=]

</pre>
</body>