<head>
  <style>
    .log { font-family: "Courier New", Consolas, monospace; font-size: 80%; }
    .test-failed { background-color: #ffaaaa; }
    .test-passed { background-color: #aaffaa; }
  </style>
</head>
<body>
<h3><a href="https://github.com/MikePopoloski/slang" target="_blank">slang</a></h3>
<pre class="test-failed">
description: Test imported from ivtest
should_fail: 0
tags: ivtest
incdirs: /tmpfs/src/github/sv-tests/third_party/tests/ivtest /tmpfs/src/github/sv-tests/third_party/tests/ivtest/ivltests
top_module: 
type: parsing
mode: parsing
files: <a href="../../../../third_party/tests/ivtest/ivltests/specparam1.v.html" target="file-frame">third_party/tests/ivtest/ivltests/specparam1.v</a>
time_elapsed: 0.000s
ram usage: 9668 KB
</pre>
<pre class="log">

../../src/github/sv-tests/third_party/tests/ivtest/ivltests/specparam1.v:3:1: error: expected member
specparam       sp1 = 2&#39;d1;
^~~~~~~~~
../../src/github/sv-tests/third_party/tests/ivtest/ivltests/specparam1.v:4:1: error: expected member
specparam [1:0] sp2 = 2;
^~~~~~~~~
../../src/github/sv-tests/third_party/tests/ivtest/ivltests/specparam1.v:5:1: error: expected member
specparam       sp3 = 3.5;
^~~~~~~~~
../../src/github/sv-tests/third_party/tests/ivtest/ivltests/specparam1.v:7:1: error: expected member
specify
^~~~~~~
../../src/github/sv-tests/third_party/tests/ivtest/ivltests/specparam1.v:9:3: error: expected member
  specparam [1:0] sp5 = sp2 + 1;
  ^~~~~~~~~
../../src/github/sv-tests/third_party/tests/ivtest/ivltests/specparam1.v:10:3: error: expected member
  specparam       sp6 = sp3 + 1.0;
  ^~~~~~~~~
../../src/github/sv-tests/third_party/tests/ivtest/ivltests/specparam1.v:11:1: error: expected member
endspecify
^~~~~~~~~~
../../src/github/sv-tests/third_party/tests/ivtest/ivltests/specparam1.v:16:18: error: use of undeclared identifier &#39;sp1&#39;
  $display(&#34;%b&#34;, sp1);
                 ^~~
../../src/github/sv-tests/third_party/tests/ivtest/ivltests/specparam1.v:17:14: error: use of undeclared identifier &#39;sp1&#39;
  if (($bits(sp1) != 2) || (sp1 !== 2&#39;d1)) pass = 0;
             ^~~
../../src/github/sv-tests/third_party/tests/ivtest/ivltests/specparam1.v:17:29: error: use of undeclared identifier &#39;sp1&#39;
  if (($bits(sp1) != 2) || (sp1 !== 2&#39;d1)) pass = 0;
                            ^~~
../../src/github/sv-tests/third_party/tests/ivtest/ivltests/specparam1.v:18:18: error: use of undeclared identifier &#39;sp2&#39;
  $display(&#34;%b&#34;, sp2);
                 ^~~
../../src/github/sv-tests/third_party/tests/ivtest/ivltests/specparam1.v:19:14: error: use of undeclared identifier &#39;sp2&#39;
  if (($bits(sp2) != 2) || (sp2 !== 2&#39;d2)) pass = 0;
             ^~~
../../src/github/sv-tests/third_party/tests/ivtest/ivltests/specparam1.v:19:29: error: use of undeclared identifier &#39;sp2&#39;
  if (($bits(sp2) != 2) || (sp2 !== 2&#39;d2)) pass = 0;
                            ^~~
../../src/github/sv-tests/third_party/tests/ivtest/ivltests/specparam1.v:20:18: error: use of undeclared identifier &#39;sp3&#39;
  $display(&#34;%f&#34;, sp3);
                 ^~~
../../src/github/sv-tests/third_party/tests/ivtest/ivltests/specparam1.v:21:7: error: use of undeclared identifier &#39;sp3&#39;
  if (sp3 != 3.5) pass = 0;
      ^~~
../../src/github/sv-tests/third_party/tests/ivtest/ivltests/specparam1.v:23:18: error: use of undeclared identifier &#39;sp4&#39;
  $display(&#34;%b&#34;, sp4);
                 ^~~
../../src/github/sv-tests/third_party/tests/ivtest/ivltests/specparam1.v:24:14: error: use of undeclared identifier &#39;sp4&#39;
  if (($bits(sp4) != 2) || (sp4 !== 2&#39;d1)) pass = 0;
             ^~~
../../src/github/sv-tests/third_party/tests/ivtest/ivltests/specparam1.v:24:29: error: use of undeclared identifier &#39;sp4&#39;
  if (($bits(sp4) != 2) || (sp4 !== 2&#39;d1)) pass = 0;
                            ^~~
../../src/github/sv-tests/third_party/tests/ivtest/ivltests/specparam1.v:25:18: error: use of undeclared identifier &#39;sp5&#39;
  $display(&#34;%b&#34;, sp5);
                 ^~~
../../src/github/sv-tests/third_party/tests/ivtest/ivltests/specparam1.v:26:14: error: use of undeclared identifier &#39;sp5&#39;
  if (($bits(sp5) != 2) || (sp5 !== 2&#39;d3)) pass = 0;
             ^~~
fatal error: too many errors emitted, stopping now [--error-limit=]

</pre>
</body>