<head>
  <style>
    .log { font-family: "Courier New", Consolas, monospace; font-size: 80%; }
    .test-failed { background-color: #ffaaaa; }
    .test-passed { background-color: #aaffaa; }
  </style>
</head>
<body>
<h3><a href="https://github.com/MikePopoloski/slang" target="_blank">slang</a></h3>
<pre class="test-failed">
description: Test imported from ivtest
should_fail: 0
tags: ivtest
incdirs: /tmpfs/src/github/sv-tests/tests/generated/ivtest
top_module: 
type: parsing
mode: parsing
files: <a href="../../../../third_party/tests/ivtest/ivltests/sv_timeunit_prec3b.v.html" target="file-frame">third_party/tests/ivtest/ivltests/sv_timeunit_prec3b.v</a>
time_elapsed: 0.000s
ram usage: 9540 KB
</pre>
<pre class="log">

../../src/github/sv-tests/third_party/tests/ivtest/ivltests/sv_timeunit_prec3b.v:58:3: error: unknown system name &#39;$printtimescale&#39;
  $printtimescale(check_tu_nest);
  ^~~~~~~~~~~~~~~
../../src/github/sv-tests/third_party/tests/ivtest/ivltests/sv_timeunit_prec3b.v:59:3: error: unknown system name &#39;$printtimescale&#39;
  $printtimescale(check_tp_nest);
  ^~~~~~~~~~~~~~~
../../src/github/sv-tests/third_party/tests/ivtest/ivltests/sv_timeunit_prec3b.v:60:3: error: unknown system name &#39;$printtimescale&#39;
  $printtimescale(check_tup_nest);
  ^~~~~~~~~~~~~~~
../../src/github/sv-tests/third_party/tests/ivtest/ivltests/sv_timeunit_prec3b.v:61:3: error: unknown system name &#39;$printtimescale&#39;
  $printtimescale(check_tpu_nest);
  ^~~~~~~~~~~~~~~
../../src/github/sv-tests/third_party/tests/ivtest/ivltests/sv_timeunit_prec3b.v:63:3: error: unknown system name &#39;$printtimescale&#39;
  $printtimescale(check_tu_nest.nested);
  ^~~~~~~~~~~~~~~
../../src/github/sv-tests/third_party/tests/ivtest/ivltests/sv_timeunit_prec3b.v:64:3: error: unknown system name &#39;$printtimescale&#39;
  $printtimescale(check_tp_nest.nested);
  ^~~~~~~~~~~~~~~
../../src/github/sv-tests/third_party/tests/ivtest/ivltests/sv_timeunit_prec3b.v:65:3: error: unknown system name &#39;$printtimescale&#39;
  $printtimescale(check_tup_nest.nested);
  ^~~~~~~~~~~~~~~
../../src/github/sv-tests/third_party/tests/ivtest/ivltests/sv_timeunit_prec3b.v:66:3: error: unknown system name &#39;$printtimescale&#39;
  $printtimescale(check_tpu_nest.nested);
  ^~~~~~~~~~~~~~~

</pre>
</body>