<head>
  <style>
    .log { font-family: "Courier New", Consolas, monospace; font-size: 80%; }
    .test-failed { background-color: #ffaaaa; }
    .test-passed { background-color: #aaffaa; }
  </style>
</head>
<body>
<h3><a href="https://github.com/MikePopoloski/slang" target="_blank">slang</a></h3>
<pre class="test-failed">
description: Test imported from ivtest
should_fail: 0
tags: ivtest
incdirs: /tmpfs/src/github/sv-tests/tests/generated/ivtest
top_module: 
type: parsing
mode: parsing
files: <a href="../../../../third_party/tests/ivtest/ivltests/wiresl2.v.html" target="file-frame">third_party/tests/ivtest/ivltests/wiresl2.v</a>
time_elapsed: 0.000s
ram usage: 9536 KB
</pre>
<pre class="log">

../../src/github/sv-tests/third_party/tests/ivtest/ivltests/wiresl2.v:25:13: error: expected declarator
   reg [2:0] bit;
            ^
../../src/github/sv-tests/third_party/tests/ivtest/ivltests/wiresl2.v:25:17: error: expected declarator
   reg [2:0] bit;
                ^
../../src/github/sv-tests/third_party/tests/ivtest/ivltests/wiresl2.v:35:6: error: expected declarator
	 bit &lt;= i[2:0];
	    ^
../../src/github/sv-tests/third_party/tests/ivtest/ivltests/wiresl2.v:35:7: error: expected statement
	 bit &lt;= i[2:0];
	     ^~
../../src/github/sv-tests/third_party/tests/ivtest/ivltests/wiresl2.v:35:10: error: expression is not allowed as a statement
	 bit &lt;= i[2:0];
	        ^~~~~~
../../src/github/sv-tests/third_party/tests/ivtest/ivltests/wiresl2.v:44:16: error: expected identifier
module shl(out, bit);
               ^
../../src/github/sv-tests/third_party/tests/ivtest/ivltests/wiresl2.v:44:17: error: expected non-ansi port declaration
module shl(out, bit);
                ^~~
../../src/github/sv-tests/third_party/tests/ivtest/ivltests/wiresl2.v:47:15: error: expected declarator
   input [2:0]	bit;
              ^
../../src/github/sv-tests/third_party/tests/ivtest/ivltests/wiresl2.v:47:19: error: expected declarator
   input [2:0]	bit;
              	   ^
../../src/github/sv-tests/third_party/tests/ivtest/ivltests/wiresl2.v:51:13: error: expected expression
   always @(bit) begin
            ^~~
../../src/github/sv-tests/third_party/tests/ivtest/ivltests/wiresl2.v:52:27: error: expected expression
      out_reg &lt;= 8&#39;h01 &lt;&lt; bit;
                          ^~~

</pre>
</body>