<pre>name: class_member_test_13
description: Test
should_fail: 0
tags: 8.3
incdirs: 
top_module: 
files: <a href="../../../../tests/generic/member/class_member_test_13.sv.html" target="file-frame">tests/generic/member/class_member_test_13.sv</a>

../..<a href="../../../../tests/generic/member/class_member_test_13.sv.html#l-7" target="file-frame">tests/generic/member/class_member_test_13.sv:7</a>:1: error: language feature not yet supported
class protected_stuff;
^~~~~~~~~~~~~~~~~~~~~~
../..<a href="../../../../tests/generic/member/class_member_test_13.sv.html#l-9" target="file-frame">tests/generic/member/class_member_test_13.sv:9</a>:34: error: unknown macro or compiler directive '`SSS'
  protected const int countess = `SSS;
                                 ^
../..<a href="../../../../tests/generic/member/class_member_test_13.sv.html#l-9" target="file-frame">tests/generic/member/class_member_test_13.sv:9</a>:38: error: expected expression
  protected const int countess = `SSS;
                                     ^
</pre>