<head>
  <style>
    .log { font-family: "Courier New", Consolas, monospace; font-size: 80%; }
    .test-failed { background-color: #ffaaaa; }
    .test-passed { background-color: #aaffaa; }
  </style>
</head>
<body>
<h3><a href="https://github.com/MikePopoloski/slang" target="_blank">slang</a></h3>
<pre class="test-failed">
description: Full ibex core test
should_fail: 0
tags: ibex
incdirs: /tmpfs/src/github/sv-tests/third_party/cores/ibex/rtl
top_module: 
type: parsing
mode: parsing
files: <a href="../../../../third_party/cores/ibex/shared/rtl/prim_clock_gating.sv.html" target="file-frame">third_party/cores/ibex/shared/rtl/prim_clock_gating.sv</a> <a href="../../../../third_party/cores/ibex/rtl/ibex_pkg.sv.html" target="file-frame">third_party/cores/ibex/rtl/ibex_pkg.sv</a> <a href="../../../../third_party/cores/ibex/rtl/ibex_alu.sv.html" target="file-frame">third_party/cores/ibex/rtl/ibex_alu.sv</a> <a href="../../../../third_party/cores/ibex/rtl/ibex_compressed_decoder.sv.html" target="file-frame">third_party/cores/ibex/rtl/ibex_compressed_decoder.sv</a> <a href="../../../../third_party/cores/ibex/rtl/ibex_controller.sv.html" target="file-frame">third_party/cores/ibex/rtl/ibex_controller.sv</a> <a href="../../../../third_party/cores/ibex/rtl/ibex_cs_registers.sv.html" target="file-frame">third_party/cores/ibex/rtl/ibex_cs_registers.sv</a> <a href="../../../../third_party/cores/ibex/rtl/ibex_decoder.sv.html" target="file-frame">third_party/cores/ibex/rtl/ibex_decoder.sv</a> <a href="../../../../third_party/cores/ibex/rtl/ibex_ex_block.sv.html" target="file-frame">third_party/cores/ibex/rtl/ibex_ex_block.sv</a> <a href="../../../../third_party/cores/ibex/rtl/ibex_id_stage.sv.html" target="file-frame">third_party/cores/ibex/rtl/ibex_id_stage.sv</a> <a href="../../../../third_party/cores/ibex/rtl/ibex_if_stage.sv.html" target="file-frame">third_party/cores/ibex/rtl/ibex_if_stage.sv</a> <a href="../../../../third_party/cores/ibex/rtl/ibex_load_store_unit.sv.html" target="file-frame">third_party/cores/ibex/rtl/ibex_load_store_unit.sv</a> <a href="../../../../third_party/cores/ibex/rtl/ibex_multdiv_slow.sv.html" target="file-frame">third_party/cores/ibex/rtl/ibex_multdiv_slow.sv</a> <a href="../../../../third_party/cores/ibex/rtl/ibex_multdiv_fast.sv.html" target="file-frame">third_party/cores/ibex/rtl/ibex_multdiv_fast.sv</a> <a href="../../../../third_party/cores/ibex/rtl/ibex_prefetch_buffer.sv.html" target="file-frame">third_party/cores/ibex/rtl/ibex_prefetch_buffer.sv</a> <a href="../../../../third_party/cores/ibex/rtl/ibex_fetch_fifo.sv.html" target="file-frame">third_party/cores/ibex/rtl/ibex_fetch_fifo.sv</a> <a href="../../../../third_party/cores/ibex/rtl/ibex_pmp.sv.html" target="file-frame">third_party/cores/ibex/rtl/ibex_pmp.sv</a> <a href="../../../../third_party/cores/ibex/rtl/ibex_core.sv.html" target="file-frame">third_party/cores/ibex/rtl/ibex_core.sv</a> <a href="../../../../third_party/cores/ibex/rtl/ibex_register_file_ff.sv.html" target="file-frame">third_party/cores/ibex/rtl/ibex_register_file_ff.sv</a>
time_elapsed: 0.060s
ram usage: 13036 KB
</pre>
<pre class="log">

../../src/github/sv-tests/third_party/cores/ibex/rtl/ibex_compressed_decoder.sv:14:10: error: could not find or open include file
`include &#34;prim_assert.sv&#34;
         ^
../../src/github/sv-tests/third_party/cores/ibex/rtl/ibex_compressed_decoder.sv:286:3: error: unknown macro or compiler directive &#39;`ASSERT&#39;
  `ASSERT(IbexInstrLSBsKnown, valid_i |-&gt;
  ^
../../src/github/sv-tests/third_party/cores/ibex/rtl/ibex_compressed_decoder.sv:288:3: error: unknown macro or compiler directive &#39;`ASSERT&#39;
  `ASSERT(IbexC0Known1, (valid_i &amp;&amp; (instr_i[1:0] == 2&#39;b00)) |-&gt;
  ^
../../src/github/sv-tests/third_party/cores/ibex/rtl/ibex_compressed_decoder.sv:290:3: error: unknown macro or compiler directive &#39;`ASSERT&#39;
  `ASSERT(IbexC1Known1, (valid_i &amp;&amp; (instr_i[1:0] == 2&#39;b01)) |-&gt;
  ^
../../src/github/sv-tests/third_party/cores/ibex/rtl/ibex_compressed_decoder.sv:292:3: error: unknown macro or compiler directive &#39;`ASSERT&#39;
  `ASSERT(IbexC1Known2, (valid_i &amp;&amp; (instr_i[1:0] == 2&#39;b01) &amp;&amp; (instr_i[15:13] == 3&#39;b100)) |-&gt;
  ^
../../src/github/sv-tests/third_party/cores/ibex/rtl/ibex_compressed_decoder.sv:294:3: error: unknown macro or compiler directive &#39;`ASSERT&#39;
  `ASSERT(IbexC1Known3, (valid_i &amp;&amp;
  ^
../../src/github/sv-tests/third_party/cores/ibex/rtl/ibex_compressed_decoder.sv:297:3: error: unknown macro or compiler directive &#39;`ASSERT&#39;
  `ASSERT(IbexC2Known1, (valid_i &amp;&amp; (instr_i[1:0] == 2&#39;b10)) |-&gt;
  ^
../../src/github/sv-tests/third_party/cores/ibex/rtl/ibex_controller.sv:10:10: error: could not find or open include file
`include &#34;prim_assert.sv&#34;
         ^
../../src/github/sv-tests/third_party/cores/ibex/rtl/ibex_controller.sv:647:3: error: unknown macro or compiler directive &#39;`ASSERT&#39;
  `ASSERT(IbexCtrlStateValid, ctrl_fsm_cs inside {
  ^
../../src/github/sv-tests/third_party/cores/ibex/rtl/ibex_cs_registers.sv:13:10: error: could not find or open include file
`include &#34;prim_assert.sv&#34;
         ^
../../src/github/sv-tests/third_party/cores/ibex/rtl/ibex_cs_registers.sv:1037:3: error: unknown macro or compiler directive &#39;`ASSERT&#39;
  `ASSERT(IbexCsrOpValid, csr_op_i inside {
  ^
../../src/github/sv-tests/third_party/cores/ibex/rtl/ibex_cs_registers.sv:1043:3: error: unknown macro or compiler directive &#39;`ASSERT_KNOWN&#39;
  `ASSERT_KNOWN(IbexCsrWdataIntKnown, csr_wdata_int, clk_i, !rst_ni)
  ^
../../src/github/sv-tests/third_party/cores/ibex/rtl/ibex_decoder.sv:18:10: error: could not find or open include file
`include &#34;prim_assert.sv&#34;
         ^
../../src/github/sv-tests/third_party/cores/ibex/rtl/ibex_decoder.sv:632:3: error: unknown macro or compiler directive &#39;`ASSERT&#39;
  `ASSERT(IbexRegImmAluOpKnown, (opcode == OPCODE_OP_IMM) |-&gt;
  ^
../../src/github/sv-tests/third_party/cores/ibex/rtl/ibex_id_stage.sv:17:10: error: could not find or open include file
`include &#34;prim_assert.sv&#34;
         ^
../../src/github/sv-tests/third_party/cores/ibex/rtl/ibex_id_stage.sv:621:3: error: unknown macro or compiler directive &#39;`ASSERT_KNOWN&#39;
  `ASSERT_KNOWN(IbexAluOpMuxSelKnown, alu_op_a_mux_sel, clk_i, !rst_ni)
  ^
../../src/github/sv-tests/third_party/cores/ibex/rtl/ibex_id_stage.sv:622:3: error: unknown macro or compiler directive &#39;`ASSERT&#39;
  `ASSERT(IbexImmBMuxSelValid, imm_b_mux_sel inside {
  ^
../../src/github/sv-tests/third_party/cores/ibex/rtl/ibex_id_stage.sv:631:3: error: unknown macro or compiler directive &#39;`ASSERT&#39;
  `ASSERT(IbexRegfileWdataSelValid, regfile_wdata_sel inside {
  ^
../../src/github/sv-tests/third_party/cores/ibex/rtl/ibex_id_stage.sv:636:3: error: unknown macro or compiler directive &#39;`ASSERT_KNOWN&#39;
  `ASSERT_KNOWN(IbexWbStateKnown, id_wb_fsm_cs, clk_i, !rst_ni)
  ^
../../src/github/sv-tests/third_party/cores/ibex/rtl/ibex_id_stage.sv:639:3: error: unknown macro or compiler directive &#39;`ASSERT&#39;
  `ASSERT(IbexBranchDecisionValid, branch_in_dec |-&gt; !$isunknown(branch_decision_i), clk_i, !rst_ni)
  ^
fatal error: too many errors emitted, stopping now [--error-limit=]

</pre>
</body>