name: casex_pattern
description: A module testing pattern matching in casex statements
should_fail: 0
tags: 12.6.1
files: /home/travis/build/SymbiFlow/sv-tests/tests/chapter-12/12.6.1--casex_pattern.sv
incdirs: 
top_module: 
rc: 1

../../home/travis/build/SymbiFlow/sv-tests/tests/chapter-12/12.6.1--casex_pattern.sv:9:10: error: language feature not yet supported
	typedef union tagged {
	        ^~~~~~~~~~~~~~
../../home/travis/build/SymbiFlow/sv-tests/tests/chapter-12/12.6.1--casex_pattern.sv:23:20: error: language feature not yet supported
	initial casex (v) matches
	                  ^~~~~~~
../../home/travis/build/SymbiFlow/sv-tests/tests/chapter-12/12.6.1--casex_pattern.sv:24:11: error: expected ':'
		tagged a '{.v, 4'b00?x} : $display("a %d", v);
		        ^
../../home/travis/build/SymbiFlow/sv-tests/tests/chapter-12/12.6.1--casex_pattern.sv:24:14: error: expected identifier
		tagged a '{.v, 4'b00?x} : $display("a %d", v);
		           ^
../../home/travis/build/SymbiFlow/sv-tests/tests/chapter-12/12.6.1--casex_pattern.sv:24:26: error: expected ';'
		tagged a '{.v, 4'b00?x} : $display("a %d", v);
		                       ^
../../home/travis/build/SymbiFlow/sv-tests/tests/chapter-12/12.6.1--casex_pattern.sv:24:27: error: expected member
		tagged a '{.v, 4'b00?x} : $display("a %d", v);
		                        ^
../../home/travis/build/SymbiFlow/sv-tests/tests/chapter-12/12.6.1--casex_pattern.sv:25:3: error: expected member
		tagged a '{.v1, .v2} : $display("a %d %d", v1, v2);
		^~~~~~
../../home/travis/build/SymbiFlow/sv-tests/tests/chapter-12/12.6.1--casex_pattern.sv:26:3: error: expected member
		tagged b '{.v1, .v2} : $display("b %d %d", v1, v2);
		^~~~~~
../../home/travis/build/SymbiFlow/sv-tests/tests/chapter-12/12.6.1--casex_pattern.sv:27:3: error: expected member
		tagged c '{4'h??0x, .v} : $display("c %d", v);
		^~~~~~
../../home/travis/build/SymbiFlow/sv-tests/tests/chapter-12/12.6.1--casex_pattern.sv:28:2: error: expected member
	endcase
	^~~~~~~
