<pre>name: pulsestyle_ondetect
description: The 'pulsestyle_ondetect' keyword should be reserved
should_fail: 1
tags: 5.6.2
files: <a href="../../../../tests/generated/keywords/5.6.2--keyword_pulsestyle_ondetect.sv" target="file-frame">tests/generated/keywords/5.6.2--keyword_pulsestyle_ondetect.sv</a>
incdirs: 
top_module: 
rc: 1

<a href="../../../../tests/generated/keywords/5.6.2--keyword_pulsestyle_ondetect.sv" target="file-frame">tests/generated/keywords/5.6.2--keyword_pulsestyle_ondetect.sv</a>:8:8: error: expected declarator
    bit pulsestyle_ondetect;
       ^
<a href="../../../../tests/generated/keywords/5.6.2--keyword_pulsestyle_ondetect.sv" target="file-frame">tests/generated/keywords/5.6.2--keyword_pulsestyle_ondetect.sv</a>:8:9: error: expected member
    bit pulsestyle_ondetect;
        ^~~~~~~~~~~~~~~~~~~
</pre>