<pre>name: keyword_endsequence
description: The 'endsequence' keyword should be reserved
should_fail: 1
tags: 5.6.2
incdirs: 
top_module: 
files: <a href="../../../../tests/generated/keywords/5.6.2--keyword_endsequence.sv.html" target="file-frame">tests/generated/keywords/5.6.2--keyword_endsequence.sv</a>

../..<a href="../../../../tests/generated/keywords/5.6.2--keyword_endsequence.sv.html#l-8" target="file-frame">tests/generated/keywords/5.6.2--keyword_endsequence.sv:8</a>:8: error: expected declarator
    bit endsequence;
       ^
../..<a href="../../../../tests/generated/keywords/5.6.2--keyword_endsequence.sv.html#l-8" target="file-frame">tests/generated/keywords/5.6.2--keyword_endsequence.sv:8</a>:9: error: expected member
    bit endsequence;
        ^~~~~~~~~~~
</pre>