<pre>name: scalared
description: The 'scalared' keyword should be reserved
should_fail: 1
tags: 5.6.2
files: <a href="../../../../tests/generated/keywords/5.6.2--keyword_scalared.sv" target="file-frame">tests/generated/keywords/5.6.2--keyword_scalared.sv</a>
incdirs: 
top_module: 
rc: 1

<a href="../../../../tests/generated/keywords/5.6.2--keyword_scalared.sv" target="file-frame">tests/generated/keywords/5.6.2--keyword_scalared.sv</a>:8:8: error: expected declarator
    bit scalared;
       ^
<a href="../../../../tests/generated/keywords/5.6.2--keyword_scalared.sv" target="file-frame">tests/generated/keywords/5.6.2--keyword_scalared.sv</a>:8:9: error: expected member
    bit scalared;
        ^~~~~~~~
</pre>