<pre>name: pulsestyle_onevent
description: The 'pulsestyle_onevent' keyword should be reserved
should_fail: 1
tags: 5.6.2
files: <a href="../../../../tests/generated/keywords/5.6.2--keyword_pulsestyle_onevent.sv.html" target="file-frame">tests/generated/keywords/5.6.2--keyword_pulsestyle_onevent.sv</a>
incdirs: 
top_module: 
rc: 1

<a href="../../../../tests/generated/keywords/5.6.2--keyword_pulsestyle_onevent.sv.html" target="file-frame">tests/generated/keywords/5.6.2--keyword_pulsestyle_onevent.sv</a>:8:8: error: expected declarator
    bit pulsestyle_onevent;
       ^
<a href="../../../../tests/generated/keywords/5.6.2--keyword_pulsestyle_onevent.sv.html" target="file-frame">tests/generated/keywords/5.6.2--keyword_pulsestyle_onevent.sv</a>:8:9: error: expected member
    bit pulsestyle_onevent;
        ^~~~~~~~~~~~~~~~~~
</pre>