<pre>name: keyword_randsequence
description: The 'randsequence' keyword should be reserved
should_fail: 1
tags: 5.6.2
incdirs: 
top_module: 
files: <a href="../../../../tests/generated/keywords/5.6.2--keyword_randsequence.sv.html" target="file-frame">tests/generated/keywords/5.6.2--keyword_randsequence.sv</a>

../..<a href="../../../../tests/generated/keywords/5.6.2--keyword_randsequence.sv.html#l-8" target="file-frame">tests/generated/keywords/5.6.2--keyword_randsequence.sv:8</a>:8: error: expected declarator
    bit randsequence;
       ^
../..<a href="../../../../tests/generated/keywords/5.6.2--keyword_randsequence.sv.html#l-8" target="file-frame">tests/generated/keywords/5.6.2--keyword_randsequence.sv:8</a>:9: error: expected member
    bit randsequence;
        ^~~~~~~~~~~~
</pre>