<pre>
<h3>
<a href="https://github.com/MikePopoloski/slang" target="_blank">slang</a>
</h3>
description: Tests imported from yosys
should_fail: 0
tags: yosys
incdirs: 
top_module: 
files: <a href="../../../../third_party/tools/yosys/tests/hana/test_parser.v.html" target="file-frame">third_party/tools/yosys/tests/hana/test_parser.v</a> <a href="../../../../third_party/tools/yosys/tests/hana/hana_vlib.v.html" target="file-frame">third_party/tools/yosys/tests/hana/hana_vlib.v</a>


../..<a href="../../../../third_party/tools/yosys/tests/hana/test_parser.v.html#l-33" target="file-frame">third_party/tools/yosys/tests/hana/test_parser.v:33</a>:11: error: expected &#39;;&#39;
module f4_`parvez();
          ^
../..<a href="../../../../third_party/tools/yosys/tests/hana/test_parser.v.html#l-33" target="file-frame">third_party/tools/yosys/tests/hana/test_parser.v:33</a>:11: error: expected member
module f4_`parvez();
          ^~~~~~~
../..<a href="../../../../third_party/tools/yosys/tests/hana/test_parser.v.html#l-29" target="file-frame">third_party/tools/yosys/tests/hana/test_parser.v:29</a>:16: note: expanded from macro &#39;parvez&#39;
`define parvez ahmad
               ^~~~~


</pre>