name: unconnected-drive
description: Unconnected drive keywords
should_fail: 0
tags: 5.6.4
files: /home/travis/build/SymbiFlow/sv-tests/tests/chapter-5/5.6.4--compiler-directives-unconnected-drive.sv
incdirs: 
top_module: 
rc: 1

/home/travis/build/SymbiFlow/sv-tests/tests/chapter-5/5.6.4--compiler-directives-unconnected-drive.sv:10:7: error: node type: ERROR
/home/travis/build/SymbiFlow/sv-tests/tests/chapter-5/5.6.4--compiler-directives-unconnected-drive.sv:11:9: error: node type: ;
