<pre>name: class_member_test_13
description: Test
should_fail: 0
tags: 8.3
files: <a href="../../../../tests/generic/member/class_member_test_13.sv" target="file-frame">tests/generic/member/class_member_test_13.sv</a>
incdirs: 
top_module: 
rc: 8

<a href="../../../../tests/generic/member/class_member_test_13.sv" target="file-frame">tests/generic/member/class_member_test_13.sv</a>:9: warning: macro SSS undefined (and assumed null) at this point.
<a href="../../../../tests/generic/member/class_member_test_13.sv" target="file-frame">tests/generic/member/class_member_test_13.sv</a>:9: syntax error
<a href="../../../../tests/generic/member/class_member_test_13.sv" target="file-frame">tests/generic/member/class_member_test_13.sv</a>:9: error: invalid class item.
<a href="../../../../tests/generic/member/class_member_test_13.sv" target="file-frame">tests/generic/member/class_member_test_13.sv</a>:10: syntax error
<a href="../../../../tests/generic/member/class_member_test_13.sv" target="file-frame">tests/generic/member/class_member_test_13.sv</a>:10: error: invalid class item.
<a href="../../../../tests/generic/member/class_member_test_13.sv" target="file-frame">tests/generic/member/class_member_test_13.sv</a>:11: syntax error
<a href="../../../../tests/generic/member/class_member_test_13.sv" target="file-frame">tests/generic/member/class_member_test_13.sv</a>:11: error: invalid class item.
<a href="../../../../tests/generic/member/class_member_test_13.sv" target="file-frame">tests/generic/member/class_member_test_13.sv</a>:12: syntax error
<a href="../../../../tests/generic/member/class_member_test_13.sv" target="file-frame">tests/generic/member/class_member_test_13.sv</a>:12: error: invalid class item.
</pre>