<head>
  <style>
    .log { font-family: "Courier New", Consolas, monospace; font-size: 80%; }
    .test-failed { background-color: #ffaaaa; }
    .test-passed { background-color: #aaffaa; }
  </style>
</head>
<body>
<h3><a href="https://github.com/MikePopoloski/slang" target="_blank">slang</a></h3>
<pre class="test-passed">
description: Test
should_fail: 1
tags: 22.7
incdirs: /home/travis/build/SymbiFlow/sv-tests/tests/chapter-22
top_module: 
type: preprocessing
mode: preprocessing
files: <a href="../../../tests/chapter-22/22.7--timescale-basic-4.sv.html" target="file-frame">tests/chapter-22/22.7--timescale-basic-4.sv</a>
time_elapsed: 0.003s
ram usage: 9724 KB
</pre>
<pre class="log">

../..<a href="../../../tests/chapter-22/22.7--timescale-basic-4.sv.html#l-8" target="file-frame">tests/chapter-22/22.7--timescale-basic-4.sv:8</a>:19: error: time scale must have a value of 1, 10, or 100
`timescale 1 ns / 1000 ps
                  ^
../..<a href="../../../tests/chapter-22/22.7--timescale-basic-4.sv.html#l-8" target="file-frame">tests/chapter-22/22.7--timescale-basic-4.sv:8</a>:19: error: time precision must be at least as precise as the time unit (i.e. it cannot be a longer unit of time)
`timescale 1 ns / 1000 ps
           ~~~~   ^~~~~~~

</pre>
</body>