name: structure-replication
description: Structure replication assignment tests
should_fail: 0
tags: 5.10
files: /home/travis/build/SymbiFlow/sv-tests/tests/chapter-5/5.10-structure-replication.sv
incdirs: 
top_module: 
rc: 6

/home/travis/build/SymbiFlow/sv-tests/tests/chapter-5/5.10-structure-replication.sv:8: sorry: Unpacked structs not supported.
/home/travis/build/SymbiFlow/sv-tests/tests/chapter-5/5.10-structure-replication.sv:8: syntax error
/home/travis/build/SymbiFlow/sv-tests/tests/chapter-5/5.10-structure-replication.sv:8: error: invalid module item.
/home/travis/build/SymbiFlow/sv-tests/tests/chapter-5/5.10-structure-replication.sv:9: sorry: Unpacked structs not supported.
/home/travis/build/SymbiFlow/sv-tests/tests/chapter-5/5.10-structure-replication.sv:14: syntax error
/home/travis/build/SymbiFlow/sv-tests/tests/chapter-5/5.10-structure-replication.sv:14: error: malformed statement
