name: wrong-identifiers
description: Identifiers that should not be accepted
should_fail: 1
tags: 5.6
files: /home/travis/build/SymbiFlow/sv-tests/tests/chapter-5/5.6--wrong-identifiers.sv
incdirs: 
top_module: 
rc: 4

/home/travis/build/SymbiFlow/sv-tests/tests/chapter-5/5.6--wrong-identifiers.sv:8: syntax error
/home/travis/build/SymbiFlow/sv-tests/tests/chapter-5/5.6--wrong-identifiers.sv:8: error: invalid module item.
/home/travis/build/SymbiFlow/sv-tests/tests/chapter-5/5.6--wrong-identifiers.sv:9: syntax error
/home/travis/build/SymbiFlow/sv-tests/tests/chapter-5/5.6--wrong-identifiers.sv:9: error: invalid module item.
