<head>
  <style>
    .log { font-family: "Courier New", Consolas, monospace; font-size: 80%; }
    .test-failed { background-color: #ffaaaa; }
    .test-passed { background-color: #aaffaa; }
  </style>
</head>
<body>
<h3><a href="https://github.com/MikePopoloski/slang" target="_blank">slang</a></h3>
<pre class="test-failed">
description: Tests imported from utd-sv
should_fail: 0
tags: utd-sv
incdirs: /home/travis/build/SymbiFlow/sv-tests/third_party/tests/utd-sv
top_module: 
files: <a href="../../../../third_party/tests/utd-sv/fpu_add_exp_dp.v.html" target="file-frame">third_party/tests/utd-sv/fpu_add_exp_dp.v</a>
time_elapsed: 0.006s
</pre>
<pre class="log">
user_time: 0.003126
system_time: 0.003126
ram_usage: 9620

../..<a href="../../../../third_party/tests/utd-sv/fpu_add_exp_dp.v.html#l-213" target="file-frame">third_party/tests/utd-sv/fpu_add_exp_dp.v:213</a>:1: error: unknown module &#39;clken_buf&#39;
clken_buf  ckbuf_add_exp_dp (
^~~~~~~~~
../..<a href="../../../../third_party/tests/utd-sv/fpu_add_exp_dp.v.html#l-228" target="file-frame">third_party/tests/utd-sv/fpu_add_exp_dp.v:228</a>:1: error: unknown module &#39;dffe_s&#39;
dffe_s #(11) i_a1stg_in1 (
^~~~~~
../..<a href="../../../../third_party/tests/utd-sv/fpu_add_exp_dp.v.html#l-240" target="file-frame">third_party/tests/utd-sv/fpu_add_exp_dp.v:240</a>:1: error: unknown module &#39;dffe_s&#39;
dffe_s #(11) i_a1stg_in1a (
^~~~~~
../..<a href="../../../../third_party/tests/utd-sv/fpu_add_exp_dp.v.html#l-252" target="file-frame">third_party/tests/utd-sv/fpu_add_exp_dp.v:252</a>:1: error: unknown module &#39;dffe_s&#39;
dffe_s #(11) i_a1stg_in2 (
^~~~~~
../..<a href="../../../../third_party/tests/utd-sv/fpu_add_exp_dp.v.html#l-264" target="file-frame">third_party/tests/utd-sv/fpu_add_exp_dp.v:264</a>:1: error: unknown module &#39;dffe_s&#39;
dffe_s #(11) i_a1stg_in2a (
^~~~~~
../..<a href="../../../../third_party/tests/utd-sv/fpu_add_exp_dp.v.html#l-276" target="file-frame">third_party/tests/utd-sv/fpu_add_exp_dp.v:276</a>:1: error: unknown module &#39;dffe_s&#39;
dffe_s #(13) i_a1stg_dp_sngop (
^~~~~~
../..<a href="../../../../third_party/tests/utd-sv/fpu_add_exp_dp.v.html#l-288" target="file-frame">third_party/tests/utd-sv/fpu_add_exp_dp.v:288</a>:1: error: unknown module &#39;dffe_s&#39;
dffe_s #(13) i_a1stg_dp_sngopa (
^~~~~~
../..<a href="../../../../third_party/tests/utd-sv/fpu_add_exp_dp.v.html#l-300" target="file-frame">third_party/tests/utd-sv/fpu_add_exp_dp.v:300</a>:1: error: unknown module &#39;dffe_s&#39;
dffe_s #(13) i_a1stg_dp_dblop (
^~~~~~
../..<a href="../../../../third_party/tests/utd-sv/fpu_add_exp_dp.v.html#l-312" target="file-frame">third_party/tests/utd-sv/fpu_add_exp_dp.v:312</a>:1: error: unknown module &#39;dffe_s&#39;
dffe_s #(13) i_a1stg_dp_dblopa (
^~~~~~
../..<a href="../../../../third_party/tests/utd-sv/fpu_add_exp_dp.v.html#l-324" target="file-frame">third_party/tests/utd-sv/fpu_add_exp_dp.v:324</a>:1: error: unknown module &#39;dffe_s&#39;
dffe_s #(4) i_a1stg_op_7 (
^~~~~~
../..<a href="../../../../third_party/tests/utd-sv/fpu_add_exp_dp.v.html#l-336" target="file-frame">third_party/tests/utd-sv/fpu_add_exp_dp.v:336</a>:1: error: unknown module &#39;dffe_s&#39;
dffe_s #(11) i_a1stg_expadd3_in1 (
^~~~~~
../..<a href="../../../../third_party/tests/utd-sv/fpu_add_exp_dp.v.html#l-351" target="file-frame">third_party/tests/utd-sv/fpu_add_exp_dp.v:351</a>:1: error: unknown module &#39;dffe_s&#39;
dffe_s #(11) i_a1stg_expadd3_in2 (
^~~~~~
../..<a href="../../../../third_party/tests/utd-sv/fpu_add_exp_dp.v.html#l-433" target="file-frame">third_party/tests/utd-sv/fpu_add_exp_dp.v:433</a>:1: error: unknown module &#39;dffe_s&#39;
dffe_s #(12) i_a2stg_exp (
^~~~~~
../..<a href="../../../../third_party/tests/utd-sv/fpu_add_exp_dp.v.html#l-445" target="file-frame">third_party/tests/utd-sv/fpu_add_exp_dp.v:445</a>:1: error: unknown module &#39;dffe_s&#39;
dffe_s #(13) i_a2stg_expa (
^~~~~~
../..<a href="../../../../third_party/tests/utd-sv/fpu_add_exp_dp.v.html#l-479" target="file-frame">third_party/tests/utd-sv/fpu_add_exp_dp.v:479</a>:1: error: unknown module &#39;dffe_s&#39;
dffe_s #(13) i_a2stg_expadd2_in2 (
^~~~~~
../..<a href="../../../../third_party/tests/utd-sv/fpu_add_exp_dp.v.html#l-521" target="file-frame">third_party/tests/utd-sv/fpu_add_exp_dp.v:521</a>:1: error: unknown module &#39;dffe_s&#39;
dffe_s #(13) i_a3stg_exp (
^~~~~~
../..<a href="../../../../third_party/tests/utd-sv/fpu_add_exp_dp.v.html#l-553" target="file-frame">third_party/tests/utd-sv/fpu_add_exp_dp.v:553</a>:1: error: unknown module &#39;dff_s&#39;
dff_s #(13) i_a4stg_exp_pre1 (
^~~~~
../..<a href="../../../../third_party/tests/utd-sv/fpu_add_exp_dp.v.html#l-568" target="file-frame">third_party/tests/utd-sv/fpu_add_exp_dp.v:568</a>:1: error: unknown module &#39;dff_s&#39;
dff_s #(13) i_a4stg_exp_pre3 (
^~~~~
../..<a href="../../../../third_party/tests/utd-sv/fpu_add_exp_dp.v.html#l-586" target="file-frame">third_party/tests/utd-sv/fpu_add_exp_dp.v:586</a>:1: error: unknown module &#39;dff_s&#39;
dff_s #(13) i_a4stg_exp_pre2 (
^~~~~
../..<a href="../../../../third_party/tests/utd-sv/fpu_add_exp_dp.v.html#l-601" target="file-frame">third_party/tests/utd-sv/fpu_add_exp_dp.v:601</a>:1: error: unknown module &#39;dff_s&#39;
dff_s #(13) i_a4stg_exp_pre4 (
^~~~~
../..<a href="../../../../third_party/tests/utd-sv/fpu_add_exp_dp.v.html#l-612" target="file-frame">third_party/tests/utd-sv/fpu_add_exp_dp.v:612</a>:1: error: unknown module &#39;dffe_s&#39;
dffe_s #(13) i_a4stg_exp2 (
^~~~~~
../..<a href="../../../../third_party/tests/utd-sv/fpu_add_exp_dp.v.html#l-675" target="file-frame">third_party/tests/utd-sv/fpu_add_exp_dp.v:675</a>:1: error: unknown module &#39;dffe_s&#39;
dffe_s #(11) i_add_exp_out1 (
^~~~~~
../..<a href="../../../../third_party/tests/utd-sv/fpu_add_exp_dp.v.html#l-691" target="file-frame">third_party/tests/utd-sv/fpu_add_exp_dp.v:691</a>:1: error: unknown module &#39;dffe_s&#39;
dffe_s #(11) i_add_exp_out2 (
^~~~~~
../..<a href="../../../../third_party/tests/utd-sv/fpu_add_exp_dp.v.html#l-706" target="file-frame">third_party/tests/utd-sv/fpu_add_exp_dp.v:706</a>:1: error: unknown module &#39;dffe_s&#39;
dffe_s #(11) i_add_exp_out3 (
^~~~~~
../..<a href="../../../../third_party/tests/utd-sv/fpu_add_exp_dp.v.html#l-718" target="file-frame">third_party/tests/utd-sv/fpu_add_exp_dp.v:718</a>:1: error: unknown module &#39;dffe_s&#39;
dffe_s #(11) i_add_exp_out4 (
^~~~~~

</pre>
</body>