<pre>
<h3>
<a href="https://github.com/MikePopoloski/slang" target="_blank">slang</a>
</h3>
description: Tests imported from utd-sv
should_fail: 0
tags: utd-sv
incdirs: 
top_module: 
files: <a href="../../../../third_party/tests/utd-sv/lsu_rrobin_picker2.v.html" target="file-frame">third_party/tests/utd-sv/lsu_rrobin_picker2.v</a>


../..<a href="../../../../third_party/tests/utd-sv/lsu_rrobin_picker2.v.html#l-76" target="file-frame">third_party/tests/utd-sv/lsu_rrobin_picker2.v:76</a>:5: error: unknown module &#39;dffrl_async&#39;
    dffrl_async rstff(.din (grst_l),
    ^~~~~~~~~~~
../..<a href="../../../../third_party/tests/utd-sv/lsu_rrobin_picker2.v.html#l-133" target="file-frame">third_party/tests/utd-sv/lsu_rrobin_picker2.v:133</a>:1: error: unknown module &#39;dff_s&#39;
dff_s   #(4) ff_pick_rrobin (
^~~~~
../..<a href="../../../../third_party/tests/utd-sv/lsu_rrobin_picker2.v.html#l-160" target="file-frame">third_party/tests/utd-sv/lsu_rrobin_picker2.v:160</a>:4: error: unknown module &#39;dff_s&#39;
   dff_s   #(1) ff_events_pick_dir (
   ^~~~~


</pre>