<head>
  <style>
    .log { font-family: "Courier New", Consolas, monospace; font-size: 80%; }
    .test-failed { background-color: #ffaaaa; }
    .test-passed { background-color: #aaffaa; }
  </style>
</head>
<body>
<h3><a href="https://github.com/MikePopoloski/slang" target="_blank">slang</a></h3>
<pre class="test-failed">
description: Tests imported from utd-sv
should_fail: 0
tags: utd-sv
incdirs: /home/travis/build/SymbiFlow/sv-tests/third_party/tests/utd-sv
top_module: 
type: parsing
mode: parsing
files: <a href="../../../../third_party/tests/utd-sv/fpu_mul_ctl.v.html" target="file-frame">third_party/tests/utd-sv/fpu_mul_ctl.v</a>
time_elapsed: 0.006s
ram usage: 9736 KB
</pre>
<pre class="log">

../..<a href="../../../../third_party/tests/utd-sv/fpu_mul_ctl.v.html#l-460" target="file-frame">third_party/tests/utd-sv/fpu_mul_ctl.v:460</a>:1: error: unknown module &#39;dffrl_async&#39;
dffrl_async #(1)  dffrl_mul_ctl (
^~~~~~~~~~~
../..<a href="../../../../third_party/tests/utd-sv/fpu_mul_ctl.v.html#l-482" target="file-frame">third_party/tests/utd-sv/fpu_mul_ctl.v:482</a>:1: error: unknown module &#39;dffe_s&#39;
dffe_s #(1) i_mul_frac_in1_51 (
^~~~~~
../..<a href="../../../../third_party/tests/utd-sv/fpu_mul_ctl.v.html#l-494" target="file-frame">third_party/tests/utd-sv/fpu_mul_ctl.v:494</a>:1: error: unknown module &#39;dffe_s&#39;
dffe_s #(1) i_mul_frac_in1_54 (
^~~~~~
../..<a href="../../../../third_party/tests/utd-sv/fpu_mul_ctl.v.html#l-506" target="file-frame">third_party/tests/utd-sv/fpu_mul_ctl.v:506</a>:1: error: unknown module &#39;dffe_s&#39;
dffe_s #(1) i_mul_frac_in1_53_0_neq_0 (
^~~~~~
../..<a href="../../../../third_party/tests/utd-sv/fpu_mul_ctl.v.html#l-518" target="file-frame">third_party/tests/utd-sv/fpu_mul_ctl.v:518</a>:1: error: unknown module &#39;dffe_s&#39;
dffe_s #(1) i_mul_frac_in1_50_0_neq_0 (
^~~~~~
../..<a href="../../../../third_party/tests/utd-sv/fpu_mul_ctl.v.html#l-530" target="file-frame">third_party/tests/utd-sv/fpu_mul_ctl.v:530</a>:1: error: unknown module &#39;dffe_s&#39;
dffe_s #(1) i_mul_frac_in1_53_32_neq_0 (
^~~~~~
../..<a href="../../../../third_party/tests/utd-sv/fpu_mul_ctl.v.html#l-542" target="file-frame">third_party/tests/utd-sv/fpu_mul_ctl.v:542</a>:1: error: unknown module &#39;dffe_s&#39;
dffe_s #(1) i_mul_exp_in1_exp_eq_0 (
^~~~~~
../..<a href="../../../../third_party/tests/utd-sv/fpu_mul_ctl.v.html#l-554" target="file-frame">third_party/tests/utd-sv/fpu_mul_ctl.v:554</a>:1: error: unknown module &#39;dffe_s&#39;
dffe_s #(1) i_mul_exp_in1_exp_neq_ffs (
^~~~~~
../..<a href="../../../../third_party/tests/utd-sv/fpu_mul_ctl.v.html#l-566" target="file-frame">third_party/tests/utd-sv/fpu_mul_ctl.v:566</a>:1: error: unknown module &#39;dffe_s&#39;
dffe_s #(1) i_mul_frac_in2_51 (
^~~~~~
../..<a href="../../../../third_party/tests/utd-sv/fpu_mul_ctl.v.html#l-578" target="file-frame">third_party/tests/utd-sv/fpu_mul_ctl.v:578</a>:1: error: unknown module &#39;dffe_s&#39;
dffe_s #(1) i_mul_frac_in2_54 (
^~~~~~
../..<a href="../../../../third_party/tests/utd-sv/fpu_mul_ctl.v.html#l-590" target="file-frame">third_party/tests/utd-sv/fpu_mul_ctl.v:590</a>:1: error: unknown module &#39;dffe_s&#39;
dffe_s #(1) i_mul_frac_in2_53_0_neq_0 (
^~~~~~
../..<a href="../../../../third_party/tests/utd-sv/fpu_mul_ctl.v.html#l-602" target="file-frame">third_party/tests/utd-sv/fpu_mul_ctl.v:602</a>:1: error: unknown module &#39;dffe_s&#39;
dffe_s #(1) i_mul_frac_in2_50_0_neq_0 (
^~~~~~
../..<a href="../../../../third_party/tests/utd-sv/fpu_mul_ctl.v.html#l-614" target="file-frame">third_party/tests/utd-sv/fpu_mul_ctl.v:614</a>:1: error: unknown module &#39;dffe_s&#39;
dffe_s #(1) i_mul_frac_in2_53_32_neq_0 (
^~~~~~
../..<a href="../../../../third_party/tests/utd-sv/fpu_mul_ctl.v.html#l-626" target="file-frame">third_party/tests/utd-sv/fpu_mul_ctl.v:626</a>:1: error: unknown module &#39;dffe_s&#39;
dffe_s #(1) i_mul_exp_in2_exp_eq_0 (
^~~~~~
../..<a href="../../../../third_party/tests/utd-sv/fpu_mul_ctl.v.html#l-638" target="file-frame">third_party/tests/utd-sv/fpu_mul_ctl.v:638</a>:1: error: unknown module &#39;dffe_s&#39;
dffe_s #(1) i_mul_exp_in2_exp_neq_ffs (
^~~~~~
../..<a href="../../../../third_party/tests/utd-sv/fpu_mul_ctl.v.html#l-725" target="file-frame">third_party/tests/utd-sv/fpu_mul_ctl.v:725</a>:1: error: unknown module &#39;dffe_s&#39;
dffe_s #(1) i_m2stg_snan_in1 (
^~~~~~
../..<a href="../../../../third_party/tests/utd-sv/fpu_mul_ctl.v.html#l-737" target="file-frame">third_party/tests/utd-sv/fpu_mul_ctl.v:737</a>:1: error: unknown module &#39;dffe_s&#39;
dffe_s #(1) i_m2stg_snan_in2 (
^~~~~~
../..<a href="../../../../third_party/tests/utd-sv/fpu_mul_ctl.v.html#l-749" target="file-frame">third_party/tests/utd-sv/fpu_mul_ctl.v:749</a>:1: error: unknown module &#39;dffe_s&#39;
dffe_s #(1) i_m2stg_qnan_in1 (
^~~~~~
../..<a href="../../../../third_party/tests/utd-sv/fpu_mul_ctl.v.html#l-761" target="file-frame">third_party/tests/utd-sv/fpu_mul_ctl.v:761</a>:1: error: unknown module &#39;dffe_s&#39;
dffe_s #(1) i_m2stg_qnan_in2 (
^~~~~~
../..<a href="../../../../third_party/tests/utd-sv/fpu_mul_ctl.v.html#l-793" target="file-frame">third_party/tests/utd-sv/fpu_mul_ctl.v:793</a>:1: error: unknown module &#39;dffe_s&#39;
dffe_s #(1) i_m2stg_nan_in2 (
^~~~~~
fatal error: too many errors emitted, stopping now [--error-limit=]

</pre>
</body>