<head>
  <style>
    .log { font-family: "Courier New", Consolas, monospace; font-size: 80%; }
    .test-failed { background-color: #ffaaaa; }
    .test-passed { background-color: #aaffaa; }
  </style>
</head>
<body>
<h3><a href="https://github.com/MikePopoloski/slang" target="_blank">slang</a></h3>
<pre class="test-failed">
description: Tests imported from utd-sv
should_fail: 0
tags: utd-sv
incdirs: /home/travis/build/SymbiFlow/sv-tests/third_party/tests/utd-sv
top_module: 
type: parsing
mode: parsing
files: <a href="../../../../third_party/tests/utd-sv/primitives.v.html" target="file-frame">third_party/tests/utd-sv/primitives.v</a>
time_elapsed: 0.002s
ram usage: 9632 KB
</pre>
<pre class="log">

../..<a href="../../../../third_party/tests/utd-sv/primitives.v.html#l-7" target="file-frame">third_party/tests/utd-sv/primitives.v:7</a>:1: error: expected member
not a (n1,d);
^~~
../..<a href="../../../../third_party/tests/utd-sv/primitives.v.html#l-8" target="file-frame">third_party/tests/utd-sv/primitives.v:8</a>:1: error: expected member
not a (n1,d), b(n2,c);
^~~
../..<a href="../../../../third_party/tests/utd-sv/primitives.v.html#l-9" target="file-frame">third_party/tests/utd-sv/primitives.v:9</a>:1: error: expected member
not c (n1,d),  (n2,c);
^~~
../..<a href="../../../../third_party/tests/utd-sv/primitives.v.html#l-10" target="file-frame">third_party/tests/utd-sv/primitives.v:10</a>:1: error: expected member
not                          (n1,d), b(n2,c);
^~~
../..<a href="../../../../third_party/tests/utd-sv/primitives.v.html#l-11" target="file-frame">third_party/tests/utd-sv/primitives.v:11</a>:1: error: expected member
not                        a (n1,d), b(n2,c);
^~~
../..<a href="../../../../third_party/tests/utd-sv/primitives.v.html#l-12" target="file-frame">third_party/tests/utd-sv/primitives.v:12</a>:1: error: expected member
not (supply0,supply1)      a (n1,d), b(n2,c);
^~~
../..<a href="../../../../third_party/tests/utd-sv/primitives.v.html#l-12" target="file-frame">third_party/tests/utd-sv/primitives.v:12</a>:13: error: expected identifier
not (supply0,supply1)      a (n1,d), b(n2,c);
            ^
../..<a href="../../../../third_party/tests/utd-sv/primitives.v.html#l-12" target="file-frame">third_party/tests/utd-sv/primitives.v:12</a>:14: error: expected identifier
not (supply0,supply1)      a (n1,d), b(n2,c);
             ^
../..<a href="../../../../third_party/tests/utd-sv/primitives.v.html#l-12" target="file-frame">third_party/tests/utd-sv/primitives.v:12</a>:14: error: expected declarator
not (supply0,supply1)      a (n1,d), b(n2,c);
             ^~~~~~~
../..<a href="../../../../third_party/tests/utd-sv/primitives.v.html#l-12" target="file-frame">third_party/tests/utd-sv/primitives.v:12</a>:22: error: expected &#39;,&#39;
not (supply0,supply1)      a (n1,d), b(n2,c);
                     ^
../..<a href="../../../../third_party/tests/utd-sv/primitives.v.html#l-12" target="file-frame">third_party/tests/utd-sv/primitives.v:12</a>:30: error: expected declarator
not (supply0,supply1)      a (n1,d), b(n2,c);
                             ^
../..<a href="../../../../third_party/tests/utd-sv/primitives.v.html#l-12" target="file-frame">third_party/tests/utd-sv/primitives.v:12</a>:31: error: redefinition of &#39;n1&#39;
not (supply0,supply1)      a (n1,d), b(n2,c);
                              ^
../..<a href="../../../../third_party/tests/utd-sv/primitives.v.html#l-5" target="file-frame">third_party/tests/utd-sv/primitives.v:5</a>:6: note: previous definition here
wire n1,n2,n3;
     ^
../..<a href="../../../../third_party/tests/utd-sv/primitives.v.html#l-12" target="file-frame">third_party/tests/utd-sv/primitives.v:12</a>:31: error: expected &#39;,&#39;
not (supply0,supply1)      a (n1,d), b(n2,c);
                              ^
../..<a href="../../../../third_party/tests/utd-sv/primitives.v.html#l-12" target="file-frame">third_party/tests/utd-sv/primitives.v:12</a>:35: error: expected declarator
not (supply0,supply1)      a (n1,d), b(n2,c);
                                  ^
../..<a href="../../../../third_party/tests/utd-sv/primitives.v.html#l-12" target="file-frame">third_party/tests/utd-sv/primitives.v:12</a>:39: error: expected declarator
not (supply0,supply1)      a (n1,d), b(n2,c);
                                      ^
../..<a href="../../../../third_party/tests/utd-sv/primitives.v.html#l-12" target="file-frame">third_party/tests/utd-sv/primitives.v:12</a>:40: error: redefinition of &#39;n2&#39;
not (supply0,supply1)      a (n1,d), b(n2,c);
                                       ^
../..<a href="../../../../third_party/tests/utd-sv/primitives.v.html#l-5" target="file-frame">third_party/tests/utd-sv/primitives.v:5</a>:9: note: previous definition here
wire n1,n2,n3;
        ^
../..<a href="../../../../third_party/tests/utd-sv/primitives.v.html#l-12" target="file-frame">third_party/tests/utd-sv/primitives.v:12</a>:40: error: expected &#39;,&#39;
not (supply0,supply1)      a (n1,d), b(n2,c);
                                       ^
../..<a href="../../../../third_party/tests/utd-sv/primitives.v.html#l-12" target="file-frame">third_party/tests/utd-sv/primitives.v:12</a>:44: error: expected declarator
not (supply0,supply1)      a (n1,d), b(n2,c);
                                           ^
../..<a href="../../../../third_party/tests/utd-sv/primitives.v.html#l-13" target="file-frame">third_party/tests/utd-sv/primitives.v:13</a>:1: error: expected member
not (supply0,supply1) #(1) a (n1,d), b(n2,c);
^~~
../..<a href="../../../../third_party/tests/utd-sv/primitives.v.html#l-13" target="file-frame">third_party/tests/utd-sv/primitives.v:13</a>:13: error: expected identifier
not (supply0,supply1) #(1) a (n1,d), b(n2,c);
            ^
fatal error: too many errors emitted, stopping now [--error-limit=]

</pre>
</body>