<head>
  <style>
    .log { font-family: "Courier New", Consolas, monospace; font-size: 80%; }
    .test-failed { background-color: #ffaaaa; }
    .test-passed { background-color: #aaffaa; }
  </style>
</head>
<body>
<h3><a href="https://github.com/MikePopoloski/slang" target="_blank">slang</a></h3>
<pre class="test-failed">
description: Tests imported from utd-sv
should_fail: 0
tags: utd-sv
incdirs: /home/travis/build/SymbiFlow/sv-tests/third_party/tests/utd-sv
top_module: 
files: <a href="../../../../third_party/tests/utd-sv/expression_tostring.v.html" target="file-frame">third_party/tests/utd-sv/expression_tostring.v</a>
time_elapsed: 0.004s
</pre>
<pre class="log">

../..<a href="../../../../third_party/tests/utd-sv/expression_tostring.v.html#l-6" target="file-frame">third_party/tests/utd-sv/expression_tostring.v:6</a>:12: error: use of undeclared identifier &#39;d&#39;
    assign d = `NUMBER - 1;
           ^
../..<a href="../../../../third_party/tests/utd-sv/expression_tostring.v.html#l-8" target="file-frame">third_party/tests/utd-sv/expression_tostring.v:8</a>:12: error: use of undeclared identifier &#39;Z&#39;
    assign Z = 32&#39;b0010101;
           ^
../..<a href="../../../../third_party/tests/utd-sv/expression_tostring.v.html#l-10" target="file-frame">third_party/tests/utd-sv/expression_tostring.v:10</a>:12: error: use of undeclared identifier &#39;a&#39;
    assign a = !b;
           ^
../..<a href="../../../../third_party/tests/utd-sv/expression_tostring.v.html#l-10" target="file-frame">third_party/tests/utd-sv/expression_tostring.v:10</a>:17: error: use of undeclared identifier &#39;b&#39;
    assign a = !b;
                ^
../..<a href="../../../../third_party/tests/utd-sv/expression_tostring.v.html#l-12" target="file-frame">third_party/tests/utd-sv/expression_tostring.v:12</a>:12: error: use of undeclared identifier &#39;cc_mvbr_d&#39;
    assign cc_mvbr_d = ~(~op_d[1] &amp; ~op_d[0] &amp; op3_d[4] &amp; op3_d[3] |
           ^~~~~~~~~
../..<a href="../../../../third_party/tests/utd-sv/expression_tostring.v.html#l-12" target="file-frame">third_party/tests/utd-sv/expression_tostring.v:12</a>:27: error: use of undeclared identifier &#39;op_d&#39;
    assign cc_mvbr_d = ~(~op_d[1] &amp; ~op_d[0] &amp; op3_d[4] &amp; op3_d[3] |
                          ^~~~
../..<a href="../../../../third_party/tests/utd-sv/expression_tostring.v.html#l-12" target="file-frame">third_party/tests/utd-sv/expression_tostring.v:12</a>:38: error: use of undeclared identifier &#39;op_d&#39;
    assign cc_mvbr_d = ~(~op_d[1] &amp; ~op_d[0] &amp; op3_d[4] &amp; op3_d[3] |
                                     ^~~~
../..<a href="../../../../third_party/tests/utd-sv/expression_tostring.v.html#l-12" target="file-frame">third_party/tests/utd-sv/expression_tostring.v:12</a>:48: error: use of undeclared identifier &#39;op3_d&#39;
    assign cc_mvbr_d = ~(~op_d[1] &amp; ~op_d[0] &amp; op3_d[4] &amp; op3_d[3] |
                                               ^~~~~
../..<a href="../../../../third_party/tests/utd-sv/expression_tostring.v.html#l-12" target="file-frame">third_party/tests/utd-sv/expression_tostring.v:12</a>:59: error: use of undeclared identifier &#39;op3_d&#39;
    assign cc_mvbr_d = ~(~op_d[1] &amp; ~op_d[0] &amp; op3_d[4] &amp; op3_d[3] |
                                                          ^~~~~
../..<a href="../../../../third_party/tests/utd-sv/expression_tostring.v.html#l-13" target="file-frame">third_party/tests/utd-sv/expression_tostring.v:13</a>:18: error: use of undeclared identifier &#39;op_d&#39;
 			             op_d[1] &amp; ~op_d[0] &amp; op3_d[5] &amp; ~op3_d[4] &amp;
 			             ^~~~
../..<a href="../../../../third_party/tests/utd-sv/expression_tostring.v.html#l-13" target="file-frame">third_party/tests/utd-sv/expression_tostring.v:13</a>:29: error: use of undeclared identifier &#39;op_d&#39;
 			             op_d[1] &amp; ~op_d[0] &amp; op3_d[5] &amp; ~op3_d[4] &amp;
 			                        ^~~~
../..<a href="../../../../third_party/tests/utd-sv/expression_tostring.v.html#l-13" target="file-frame">third_party/tests/utd-sv/expression_tostring.v:13</a>:39: error: use of undeclared identifier &#39;op3_d&#39;
 			             op_d[1] &amp; ~op_d[0] &amp; op3_d[5] &amp; ~op3_d[4] &amp;
 			                                  ^~~~~
../..<a href="../../../../third_party/tests/utd-sv/expression_tostring.v.html#l-13" target="file-frame">third_party/tests/utd-sv/expression_tostring.v:13</a>:51: error: use of undeclared identifier &#39;op3_d&#39;
 			             op_d[1] &amp; ~op_d[0] &amp; op3_d[5] &amp; ~op3_d[4] &amp;
 			                                              ^~~~~
../..<a href="../../../../third_party/tests/utd-sv/expression_tostring.v.html#l-14" target="file-frame">third_party/tests/utd-sv/expression_tostring.v:14</a>:17: error: use of undeclared identifier &#39;op3_d&#39;
 			            op3_d[3] &amp; op3_d[2] &amp; op3_d[1] &amp; op3_d[0] | 
 			            ^~~~~
../..<a href="../../../../third_party/tests/utd-sv/expression_tostring.v.html#l-14" target="file-frame">third_party/tests/utd-sv/expression_tostring.v:14</a>:28: error: use of undeclared identifier &#39;op3_d&#39;
 			            op3_d[3] &amp; op3_d[2] &amp; op3_d[1] &amp; op3_d[0] | 
 			                       ^~~~~
../..<a href="../../../../third_party/tests/utd-sv/expression_tostring.v.html#l-14" target="file-frame">third_party/tests/utd-sv/expression_tostring.v:14</a>:39: error: use of undeclared identifier &#39;op3_d&#39;
 			            op3_d[3] &amp; op3_d[2] &amp; op3_d[1] &amp; op3_d[0] | 
 			                                  ^~~~~
../..<a href="../../../../third_party/tests/utd-sv/expression_tostring.v.html#l-14" target="file-frame">third_party/tests/utd-sv/expression_tostring.v:14</a>:50: error: use of undeclared identifier &#39;op3_d&#39;
 			            op3_d[3] &amp; op3_d[2] &amp; op3_d[1] &amp; op3_d[0] | 
 			                                             ^~~~~
../..<a href="../../../../third_party/tests/utd-sv/expression_tostring.v.html#l-15" target="file-frame">third_party/tests/utd-sv/expression_tostring.v:15</a>:18: error: use of undeclared identifier &#39;op_d&#39;
 			             op_d[1] &amp; ~op_d[0] &amp; op3_d[5] &amp; op3_d[4] &amp;
 			             ^~~~
../..<a href="../../../../third_party/tests/utd-sv/expression_tostring.v.html#l-15" target="file-frame">third_party/tests/utd-sv/expression_tostring.v:15</a>:29: error: use of undeclared identifier &#39;op_d&#39;
 			             op_d[1] &amp; ~op_d[0] &amp; op3_d[5] &amp; op3_d[4] &amp;
 			                        ^~~~
../..<a href="../../../../third_party/tests/utd-sv/expression_tostring.v.html#l-15" target="file-frame">third_party/tests/utd-sv/expression_tostring.v:15</a>:39: error: use of undeclared identifier &#39;op3_d&#39;
 			             op_d[1] &amp; ~op_d[0] &amp; op3_d[5] &amp; op3_d[4] &amp;
 			                                  ^~~~~
../..<a href="../../../../third_party/tests/utd-sv/expression_tostring.v.html#l-15" target="file-frame">third_party/tests/utd-sv/expression_tostring.v:15</a>:50: error: use of undeclared identifier &#39;op3_d&#39;
 			             op_d[1] &amp; ~op_d[0] &amp; op3_d[5] &amp; op3_d[4] &amp;
 			                                             ^~~~~
../..<a href="../../../../third_party/tests/utd-sv/expression_tostring.v.html#l-16" target="file-frame">third_party/tests/utd-sv/expression_tostring.v:16</a>:17: error: use of undeclared identifier &#39;op3_d&#39;
 			           ~op3_d[3] &amp; op3_d[2] &amp; ~op3_d[1] &amp; op3_d[0] &amp;
 			            ^~~~~
../..<a href="../../../../third_party/tests/utd-sv/expression_tostring.v.html#l-16" target="file-frame">third_party/tests/utd-sv/expression_tostring.v:16</a>:28: error: use of undeclared identifier &#39;op3_d&#39;
 			           ~op3_d[3] &amp; op3_d[2] &amp; ~op3_d[1] &amp; op3_d[0] &amp;
 			                       ^~~~~
../..<a href="../../../../third_party/tests/utd-sv/expression_tostring.v.html#l-16" target="file-frame">third_party/tests/utd-sv/expression_tostring.v:16</a>:40: error: use of undeclared identifier &#39;op3_d&#39;
 			           ~op3_d[3] &amp; op3_d[2] &amp; ~op3_d[1] &amp; op3_d[0] &amp;
 			                                   ^~~~~
../..<a href="../../../../third_party/tests/utd-sv/expression_tostring.v.html#l-16" target="file-frame">third_party/tests/utd-sv/expression_tostring.v:16</a>:51: error: use of undeclared identifier &#39;op3_d&#39;
 			           ~op3_d[3] &amp; op3_d[2] &amp; ~op3_d[1] &amp; op3_d[0] &amp;
 			                                              ^~~~~
../..<a href="../../../../third_party/tests/utd-sv/expression_tostring.v.html#l-17" target="file-frame">third_party/tests/utd-sv/expression_tostring.v:17</a>:18: error: use of undeclared identifier &#39;dtu_dcl_opf2_d&#39;
 			             dtu_dcl_opf2_d);                           
 			             ^~~~~~~~~~~~~~

</pre>
</body>