name: asicworld_code_hdl_models_GrayCounter
description: Tests imported from yosys
files: /home/travis/build/SymbiFlow/sv-tests/third_party/tools/yosys/tests/asicworld/code_hdl_models_GrayCounter.v
should_fail: 0
tags: yosys
incdirs: 
top_module: 
rc: 1

/home/travis/build/SymbiFlow/sv-tests/third_party/tools/yosys/tests/asicworld/code_hdl_models_GrayCounter.v:29:57: error: node type: ERROR
/home/travis/build/SymbiFlow/sv-tests/third_party/tools/yosys/tests/asicworld/code_hdl_models_GrayCounter.v:29:90: error: node type: ERROR
