name: simple_fsm
description: Tests imported from yosys
files: /home/travis/build/SymbiFlow/sv-tests/third_party/tools/yosys/tests/simple/fsm.v
should_fail: 0
tags: yosys
incdirs: 
top_module: 
rc: 1

/home/travis/build/SymbiFlow/sv-tests/third_party/tools/yosys/tests/simple/fsm.v:15:36: error: node type: ERROR
/home/travis/build/SymbiFlow/sv-tests/third_party/tools/yosys/tests/simple/fsm.v:17:21: error: node type: ERROR
