<pre>name: simple_mem2reg
description: Tests imported from yosys
should_fail: 0
tags: yosys
incdirs: 
top_module: 
files: <a href="../../../../third_party/tools/yosys/tests/simple/mem2reg.v.html" target="file-frame">third_party/tools/yosys/tests/simple/mem2reg.v</a>

<a href="../../../../third_party/tools/yosys/tests/simple/mem2reg.v.html#l-55" target="file-frame">third_party/tools/yosys/tests/simple/mem2reg.v:55</a>:7: error: node type: ERROR
<a href="../../../../third_party/tools/yosys/tests/simple/mem2reg.v.html#l-108" target="file-frame">third_party/tools/yosys/tests/simple/mem2reg.v:108</a>:31: error: node type: ERROR
</pre>