name: simple_constpower
description: Tests imported from yosys
files: /home/travis/build/SymbiFlow/sv-tests/third_party/tools/yosys/tests/simple/constpower.v
should_fail: 0
tags: yosys
incdirs: 
top_module: 
rc: 1

/home/travis/build/SymbiFlow/sv-tests/third_party/tools/yosys/tests/simple/constpower.v:9:27: error: node type: ERROR
/home/travis/build/SymbiFlow/sv-tests/third_party/tools/yosys/tests/simple/constpower.v:10:27: error: node type: ERROR
