<head>
  <style>
    .log { font-family: "Courier New", Consolas, monospace; font-size: 80%; }
    .test-failed { background-color: #ffaaaa; }
    .test-passed { background-color: #aaffaa; }
  </style>
</head>
<body>
<h3><a href="https://github.com/MikePopoloski/slang" target="_blank">slang</a></h3>
<pre class="test-failed">
description: Tests imported from basejump
should_fail: 0
tags: basejump
incdirs: /tmpfs/src/github/sv-tests/third_party/cores/basejump_stl/bsg_noc /tmpfs/src/github/sv-tests/third_party/cores/basejump_stl/bsg_misc /tmpfs/src/github/sv-tests/third_party/cores/basejump_stl/bsg_cache
top_module: 
type: parsing
mode: parsing
files: <a href="../../../../third_party/cores/basejump_stl/bsg_fpu/bsg_fpu_pkg.v.html" target="file-frame">third_party/cores/basejump_stl/bsg_fpu/bsg_fpu_pkg.v</a> <a href="../../../../third_party/cores/basejump_stl/bsg_cache/bsg_cache_non_blocking_pkg.v.html" target="file-frame">third_party/cores/basejump_stl/bsg_cache/bsg_cache_non_blocking_pkg.v</a> <a href="../../../../third_party/cores/basejump_stl/bsg_cache/bsg_cache_pkg.v.html" target="file-frame">third_party/cores/basejump_stl/bsg_cache/bsg_cache_pkg.v</a> <a href="../../../../third_party/cores/basejump_stl/bsg_misc/bsg_defines.v.html" target="file-frame">third_party/cores/basejump_stl/bsg_misc/bsg_defines.v</a> <a href="../../../../third_party/cores/basejump_stl/bsg_cache/bsg_cache_non_blocking_tag_mem.v.html" target="file-frame">third_party/cores/basejump_stl/bsg_cache/bsg_cache_non_blocking_tag_mem.v</a>
time_elapsed: 0.148s
ram usage: 62676 KB
</pre>
<pre class="log">

../../src/github/sv-tests/third_party/cores/basejump_stl/bsg_cache/bsg_cache_non_blocking_tag_mem.v:17:28: error: unknown macro or compiler directive &#39;`BSG_SAFE_CLOG2&#39;
    , parameter lg_ways_lp=`BSG_SAFE_CLOG2(ways_p)
                           ^
../../src/github/sv-tests/third_party/cores/basejump_stl/bsg_cache/bsg_cache_non_blocking_tag_mem.v:18:5: error: expected expression
    , parameter lg_sets_lp=`BSG_SAFE_CLOG2(sets_p)
    ^
../../src/github/sv-tests/third_party/cores/basejump_stl/bsg_cache/bsg_cache_non_blocking_tag_mem.v:18:28: error: unknown macro or compiler directive &#39;`BSG_SAFE_CLOG2&#39;
    , parameter lg_sets_lp=`BSG_SAFE_CLOG2(sets_p)
                           ^
../../src/github/sv-tests/third_party/cores/basejump_stl/bsg_cache/bsg_cache_non_blocking_tag_mem.v:20:5: error: expected expression
    , parameter debug_p=0
    ^
../../src/github/sv-tests/third_party/cores/basejump_stl/bsg_cache/bsg_cache_non_blocking_tag_mem.v:23:7: error: unknown macro or compiler directive &#39;`bsg_cache_non_blocking_tag_mem_pkt_width&#39;
      `bsg_cache_non_blocking_tag_mem_pkt_width(ways_p,sets_p,data_width_p,tag_width_p)
      ^
../../src/github/sv-tests/third_party/cores/basejump_stl/bsg_cache/bsg_cache_non_blocking_tag_mem.v:24:3: error: expected expression
  )
  ^
../../src/github/sv-tests/third_party/cores/basejump_stl/bsg_cache/bsg_cache_non_blocking_tag_mem.v:40:34: error: unknown macro or compiler directive &#39;`bsg_cache_non_blocking_tag_info_width&#39;
  localparam tag_info_width_lp = `bsg_cache_non_blocking_tag_info_width(tag_width_p);
                                 ^
../../src/github/sv-tests/third_party/cores/basejump_stl/bsg_cache/bsg_cache_non_blocking_tag_mem.v:40:85: error: expected expression
  localparam tag_info_width_lp = `bsg_cache_non_blocking_tag_info_width(tag_width_p);
                                                                                    ^
../../src/github/sv-tests/third_party/cores/basejump_stl/bsg_cache/bsg_cache_non_blocking_tag_mem.v:45:3: error: unknown macro or compiler directive &#39;`declare_bsg_cache_non_blocking_tag_mem_pkt_s&#39;
  `declare_bsg_cache_non_blocking_tag_mem_pkt_s(ways_p,sets_p,data_width_p,tag_width_p);
  ^
../../src/github/sv-tests/third_party/cores/basejump_stl/bsg_cache/bsg_cache_non_blocking_tag_mem.v:47:3: error: use of undeclared identifier &#39;bsg_cache_non_blocking_tag_mem_pkt_s&#39;
  bsg_cache_non_blocking_tag_mem_pkt_s tag_mem_pkt;
  ^~~~~~~~~~~~~~~~~~~~~~~~~~~~~~~~~~~~
../../src/github/sv-tests/third_party/cores/basejump_stl/bsg_cache/bsg_cache_non_blocking_tag_mem.v:53:3: error: unknown macro or compiler directive &#39;`declare_bsg_cache_non_blocking_tag_info_s&#39;
  `declare_bsg_cache_non_blocking_tag_info_s(tag_width_p);
  ^
../../src/github/sv-tests/third_party/cores/basejump_stl/bsg_cache/bsg_cache_non_blocking_tag_mem.v:56:3: error: use of undeclared identifier &#39;bsg_cache_non_blocking_tag_info_s&#39;
  bsg_cache_non_blocking_tag_info_s [ways_p-1:0] mask_li, data_li, data_lo;
  ^~~~~~~~~~~~~~~~~~~~~~~~~~~~~~~~~
../../src/github/sv-tests/third_party/cores/basejump_stl/bsg_cache/bsg_cache_non_blocking_tag_mem.v:58:3: error: unknown module &#39;bsg_mem_1rw_sync_mask_write_bit&#39;
  bsg_mem_1rw_sync_mask_write_bit #(
  ^~~~~~~~~~~~~~~~~~~~~~~~~~~~~~~
../../src/github/sv-tests/third_party/cores/basejump_stl/bsg_cache/bsg_cache_non_blocking_tag_mem.v:80:3: error: unknown module &#39;bsg_decode&#39;
  bsg_decode #(
  ^~~~~~~~~~
../../src/github/sv-tests/third_party/cores/basejump_stl/bsg_cache/bsg_cache_non_blocking_tag_mem.v:193:3: error: generate loop hit maximum step limit; possible infinite loop?
  for (genvar i = 0; i &lt; ways_p; i++) begin
  ^~~

</pre>
</body>