<head>
  <style>
    .log { font-family: "Courier New", Consolas, monospace; font-size: 80%; }
    .test-failed { background-color: #ffaaaa; }
    .test-passed { background-color: #aaffaa; }
  </style>
</head>
<body>
<h3><a href="https://github.com/MikePopoloski/slang" target="_blank">slang</a></h3>
<pre class="test-failed">
description: Tests imported from basejump
should_fail: 0
tags: basejump
incdirs: /tmpfs/src/github/sv-tests/third_party/cores/basejump_stl/bsg_noc /tmpfs/src/github/sv-tests/third_party/cores/basejump_stl/bsg_misc /tmpfs/src/github/sv-tests/third_party/cores/basejump_stl/bsg_test
top_module: 
type: parsing
mode: parsing
files: <a href="../../../../third_party/cores/basejump_stl/bsg_fpu/bsg_fpu_pkg.v.html" target="file-frame">third_party/cores/basejump_stl/bsg_fpu/bsg_fpu_pkg.v</a> <a href="../../../../third_party/cores/basejump_stl/bsg_cache/bsg_cache_non_blocking_pkg.v.html" target="file-frame">third_party/cores/basejump_stl/bsg_cache/bsg_cache_non_blocking_pkg.v</a> <a href="../../../../third_party/cores/basejump_stl/bsg_cache/bsg_cache_pkg.v.html" target="file-frame">third_party/cores/basejump_stl/bsg_cache/bsg_cache_pkg.v</a> <a href="../../../../third_party/cores/basejump_stl/bsg_misc/bsg_defines.v.html" target="file-frame">third_party/cores/basejump_stl/bsg_misc/bsg_defines.v</a> <a href="../../../../third_party/cores/basejump_stl/bsg_test/bsg_nonsynth_ramulator_hbm.v.html" target="file-frame">third_party/cores/basejump_stl/bsg_test/bsg_nonsynth_ramulator_hbm.v</a>
time_elapsed: 0.468s
ram usage: 220776 KB
</pre>
<pre class="log">

../../src/github/sv-tests/third_party/cores/basejump_stl/bsg_test/bsg_nonsynth_ramulator_hbm.v:15:36: error: unknown macro or compiler directive &#39;`BSG_SAFE_CLOG2&#39;
    , parameter lg_num_channels_lp=`BSG_SAFE_CLOG2(num_channels_p)
                                   ^
../../src/github/sv-tests/third_party/cores/basejump_stl/bsg_test/bsg_nonsynth_ramulator_hbm.v:16:5: error: expected expression
    , parameter data_mask_width_lp=(data_width_p&gt;&gt;3)
    ^
../../src/github/sv-tests/third_party/cores/basejump_stl/bsg_test/bsg_nonsynth_ramulator_hbm.v:17:38: error: unknown macro or compiler directive &#39;`BSG_SAFE_CLOG2&#39;
    , parameter byte_offset_width_lp=`BSG_SAFE_CLOG2(data_width_p&gt;&gt;3)
                                     ^
../../src/github/sv-tests/third_party/cores/basejump_stl/bsg_test/bsg_nonsynth_ramulator_hbm.v:18:3: error: expected expression
  )
  ^
../../src/github/sv-tests/third_party/cores/basejump_stl/bsg_test/bsg_nonsynth_ramulator_hbm.v:38:3: error: language feature not yet supported
  import &#34;DPI-C&#34; context function void init_hbm();
  ^~~~~~~~~~~~~~~~~~~~~~~~~~~~~~~~~~~~~~~~~~~~~~~~
../../src/github/sv-tests/third_party/cores/basejump_stl/bsg_test/bsg_nonsynth_ramulator_hbm.v:39:3: error: language feature not yet supported
  import &#34;DPI-C&#34; context function bit send_write_req(input longint addr);
  ^~~~~~~~~~~~~~~~~~~~~~~~~~~~~~~~~~~~~~~~~~~~~~~~~~~~~~~~~~~~~~~~~~~~~~~
../../src/github/sv-tests/third_party/cores/basejump_stl/bsg_test/bsg_nonsynth_ramulator_hbm.v:40:3: error: language feature not yet supported
  import &#34;DPI-C&#34; context function bit send_read_req(input longint addr);
  ^~~~~~~~~~~~~~~~~~~~~~~~~~~~~~~~~~~~~~~~~~~~~~~~~~~~~~~~~~~~~~~~~~~~~~
../../src/github/sv-tests/third_party/cores/basejump_stl/bsg_test/bsg_nonsynth_ramulator_hbm.v:41:3: error: language feature not yet supported
  import &#34;DPI-C&#34; context function bit get_read_done(int ch);
  ^~~~~~~~~~~~~~~~~~~~~~~~~~~~~~~~~~~~~~~~~~~~~~~~~~~~~~~~~~
../../src/github/sv-tests/third_party/cores/basejump_stl/bsg_test/bsg_nonsynth_ramulator_hbm.v:42:3: error: language feature not yet supported
  import &#34;DPI-C&#34; context function longint get_read_done_addr(int ch);
  ^~~~~~~~~~~~~~~~~~~~~~~~~~~~~~~~~~~~~~~~~~~~~~~~~~~~~~~~~~~~~~~~~~~
../../src/github/sv-tests/third_party/cores/basejump_stl/bsg_test/bsg_nonsynth_ramulator_hbm.v:43:3: error: language feature not yet supported
  import &#34;DPI-C&#34; context function void tick();
  ^~~~~~~~~~~~~~~~~~~~~~~~~~~~~~~~~~~~~~~~~~~~
../../src/github/sv-tests/third_party/cores/basejump_stl/bsg_test/bsg_nonsynth_ramulator_hbm.v:44:3: error: language feature not yet supported
  import &#34;DPI-C&#34; context function void finish_hbm();
  ^~~~~~~~~~~~~~~~~~~~~~~~~~~~~~~~~~~~~~~~~~~~~~~~~~
../../src/github/sv-tests/third_party/cores/basejump_stl/bsg_test/bsg_nonsynth_ramulator_hbm.v:47:5: error: use of undeclared identifier &#39;init_hbm&#39;
    init_hbm();
    ^~~~~~~~
../../src/github/sv-tests/third_party/cores/basejump_stl/bsg_test/bsg_nonsynth_ramulator_hbm.v:53:3: error: generate loop hit maximum step limit; possible infinite loop?
  for (genvar i = 0; i &lt; num_channels_p; i++) begin
  ^~~
../../src/github/sv-tests/third_party/cores/basejump_stl/bsg_test/bsg_nonsynth_ramulator_hbm.v:63:3: error: generate loop hit maximum step limit; possible infinite loop?
  for (genvar i = 0; i &lt; num_channels_p; i++)
  ^~~
../../src/github/sv-tests/third_party/cores/basejump_stl/bsg_test/bsg_nonsynth_ramulator_hbm.v:71:3: error: generate loop hit maximum step limit; possible infinite loop?
  for (genvar i = 0; i &lt; num_channels_p; i++) begin
  ^~~
../../src/github/sv-tests/third_party/cores/basejump_stl/bsg_test/bsg_nonsynth_ramulator_hbm.v:87:24: error: use of undeclared identifier &#39;get_read_done&#39;
        read_done[i] = get_read_done(i);
                       ^~~~~~~~~~~~~
../../src/github/sv-tests/third_party/cores/basejump_stl/bsg_test/bsg_nonsynth_ramulator_hbm.v:89:31: error: use of undeclared identifier &#39;get_read_done_addr&#39;
          read_done_addr[i] = get_read_done_addr(i);
                              ^~~~~~~~~~~~~~~~~~
../../src/github/sv-tests/third_party/cores/basejump_stl/bsg_test/bsg_nonsynth_ramulator_hbm.v:93:7: error: use of undeclared identifier &#39;tick&#39;
      tick();
      ^~~~
../../src/github/sv-tests/third_party/cores/basejump_stl/bsg_test/bsg_nonsynth_ramulator_hbm.v:108:29: error: use of undeclared identifier &#39;send_write_req&#39;
              yumi_lo[i] &lt;= send_write_req(mem_addr[i]);
                            ^~~~~~~~~~~~~~
../../src/github/sv-tests/third_party/cores/basejump_stl/bsg_test/bsg_nonsynth_ramulator_hbm.v:113:27: error: use of undeclared identifier &#39;send_read_req&#39;
            yumi_lo[i] &lt;= send_read_req(mem_addr[i]);
                          ^~~~~~~~~~~~~
fatal error: too many errors emitted, stopping now [--error-limit=]

</pre>
</body>