<head>
  <style>
    .log { font-family: "Courier New", Consolas, monospace; font-size: 80%; }
    .test-failed { background-color: #ffaaaa; }
    .test-passed { background-color: #aaffaa; }
  </style>
</head>
<body>
<h3><a href="https://github.com/MikePopoloski/slang" target="_blank">slang</a></h3>
<pre class="test-failed">
description: Tests imported from basejump
should_fail: 0
tags: basejump
incdirs: /home/travis/build/SymbiFlow/sv-tests/third_party/cores/basejump_stl/bsg_mem
top_module: 
files: <a href="../../../../third_party/cores/basejump_stl/bsg_mem/bsg_mem_1r1w_sync_mask_write_bit.v.html" target="file-frame">third_party/cores/basejump_stl/bsg_mem/bsg_mem_1r1w_sync_mask_write_bit.v</a>
time_elapsed: 0.003s
</pre>
<pre class="log">
user_time: 0.003271
system_time: 0.0
ram_usage: 9556

../..<a href="../../../../third_party/cores/basejump_stl/bsg_mem/bsg_mem_1r1w_sync_mask_write_bit.v.html#l-14" target="file-frame">third_party/cores/basejump_stl/bsg_mem/bsg_mem_1r1w_sync_mask_write_bit.v:14</a>:67: error: unknown macro or compiler directive &#39;`BSG_SAFE_CLOG2&#39;
                                        , parameter addr_width_lp=`BSG_SAFE_CLOG2(els_p)
                                                                  ^
../..<a href="../../../../third_party/cores/basejump_stl/bsg_mem/bsg_mem_1r1w_sync_mask_write_bit.v.html#l-15" target="file-frame">third_party/cores/basejump_stl/bsg_mem/bsg_mem_1r1w_sync_mask_write_bit.v:15</a>:41: error: expected expression
                                        , parameter harden_p=0
                                        ^
../..<a href="../../../../third_party/cores/basejump_stl/bsg_mem/bsg_mem_1r1w_sync_mask_write_bit.v.html#l-49" target="file-frame">third_party/cores/basejump_stl/bsg_mem/bsg_mem_1r1w_sync_mask_write_bit.v:49</a>:4: error: unknown module &#39;bsg_mem_1r1w_sync_mask_write_bit_synth&#39;
   bsg_mem_1r1w_sync_mask_write_bit_synth
   ^~~~~~~~~~~~~~~~~~~~~~~~~~~~~~~~~~~~~~

</pre>
</body>