<head>
  <style>
    .log { font-family: "Courier New", Consolas, monospace; font-size: 80%; }
    .test-failed { background-color: #ffaaaa; }
    .test-passed { background-color: #aaffaa; }
  </style>
</head>
<body>
<h3><a href="https://github.com/MikePopoloski/slang" target="_blank">slang</a></h3>
<pre class="test-failed">
description: Tests imported from basejump
should_fail: 0
tags: basejump
incdirs: /tmpfs/src/github/sv-tests/third_party/cores/basejump_stl/bsg_noc /tmpfs/src/github/sv-tests/third_party/cores/basejump_stl/bsg_misc /tmpfs/src/github/sv-tests/third_party/cores/basejump_stl/bsg_misc
top_module: 
type: parsing
mode: parsing
files: <a href="../../../../third_party/cores/basejump_stl/bsg_cache/bsg_cache_non_blocking_pkg.v.html" target="file-frame">third_party/cores/basejump_stl/bsg_cache/bsg_cache_non_blocking_pkg.v</a> <a href="../../../../third_party/cores/basejump_stl/bsg_cache/bsg_cache_pkg.v.html" target="file-frame">third_party/cores/basejump_stl/bsg_cache/bsg_cache_pkg.v</a> <a href="../../../../third_party/cores/basejump_stl/bsg_misc/bsg_defines.v.html" target="file-frame">third_party/cores/basejump_stl/bsg_misc/bsg_defines.v</a> <a href="../../../../third_party/cores/basejump_stl/bsg_misc/bsg_counter_clear_up.v.html" target="file-frame">third_party/cores/basejump_stl/bsg_misc/bsg_counter_clear_up.v</a>
time_elapsed: 0.004s
ram usage: 9640 KB
</pre>
<pre class="log">

../../src/github/sv-tests/third_party/cores/basejump_stl/bsg_misc/bsg_counter_clear_up.v:9:35: error: unknown macro or compiler directive &#39;`BSG_UNDEFINED_IN_SIM&#39;
			     ,parameter init_val_p   = `BSG_UNDEFINED_IN_SIM(&#39;0)
			                               ^
../../src/github/sv-tests/third_party/cores/basejump_stl/bsg_misc/bsg_counter_clear_up.v:10:30: error: expected expression
                             ,parameter ptr_width_lp =
                             ^
../../src/github/sv-tests/third_party/cores/basejump_stl/bsg_misc/bsg_counter_clear_up.v:11:30: error: unknown macro or compiler directive &#39;`BSG_SAFE_CLOG2&#39;
                             `BSG_SAFE_CLOG2(max_val_p+1)
                             ^
../../src/github/sv-tests/third_party/cores/basejump_stl/bsg_misc/bsg_counter_clear_up.v:12:9: error: expected expression
			     ,parameter disable_overflow_warning_p = 0
			     ^

</pre>
</body>