<head>
  <style>
    .log { font-family: "Courier New", Consolas, monospace; font-size: 80%; }
    .test-failed { background-color: #ffaaaa; }
    .test-passed { background-color: #aaffaa; }
  </style>
</head>
<body>
<h3><a href="https://github.com/MikePopoloski/slang" target="_blank">slang</a></h3>
<pre class="test-failed">
description: Tests imported from basejump
should_fail: 0
tags: basejump
incdirs: /tmpfs/src/github/sv-tests/third_party/cores/basejump_stl/bsg_noc /tmpfs/src/github/sv-tests/third_party/cores/basejump_stl/bsg_misc /tmpfs/src/github/sv-tests/third_party/cores/basejump_stl/bsg_dataflow
top_module: 
type: parsing
mode: parsing
files: <a href="../../../../third_party/cores/basejump_stl/bsg_cache/bsg_cache_non_blocking_pkg.v.html" target="file-frame">third_party/cores/basejump_stl/bsg_cache/bsg_cache_non_blocking_pkg.v</a> <a href="../../../../third_party/cores/basejump_stl/bsg_cache/bsg_cache_pkg.v.html" target="file-frame">third_party/cores/basejump_stl/bsg_cache/bsg_cache_pkg.v</a> <a href="../../../../third_party/cores/basejump_stl/bsg_misc/bsg_defines.v.html" target="file-frame">third_party/cores/basejump_stl/bsg_misc/bsg_defines.v</a> <a href="../../../../third_party/cores/basejump_stl/bsg_dataflow/bsg_fifo_1r1w_small_hardened.v.html" target="file-frame">third_party/cores/basejump_stl/bsg_dataflow/bsg_fifo_1r1w_small_hardened.v</a>
time_elapsed: 0.004s
ram usage: 9632 KB
</pre>
<pre class="log">

../../src/github/sv-tests/third_party/cores/basejump_stl/bsg_dataflow/bsg_fifo_1r1w_small_hardened.v:55:30: error: unknown macro or compiler directive &#39;`BSG_SAFE_CLOG2&#39;
   localparam ptr_width_lp = `BSG_SAFE_CLOG2(els_p);
                             ^
../../src/github/sv-tests/third_party/cores/basejump_stl/bsg_dataflow/bsg_fifo_1r1w_small_hardened.v:55:52: error: expected expression
   localparam ptr_width_lp = `BSG_SAFE_CLOG2(els_p);
                                                   ^
../../src/github/sv-tests/third_party/cores/basejump_stl/bsg_dataflow/bsg_fifo_1r1w_small_hardened.v:67:4: error: unknown module &#39;bsg_fifo_tracker&#39;
   bsg_fifo_tracker #(.els_p(els_p)
   ^~~~~~~~~~~~~~~~
../../src/github/sv-tests/third_party/cores/basejump_stl/bsg_dataflow/bsg_fifo_1r1w_small_hardened.v:81:4: error: unknown module &#39;bsg_mem_1r1w_sync&#39;
   bsg_mem_1r1w_sync #(.width_p (width_p)
   ^~~~~~~~~~~~~~~~~
../../src/github/sv-tests/third_party/cores/basejump_stl/bsg_dataflow/bsg_fifo_1r1w_small_hardened.v:99:4: error: unknown module &#39;bsg_dff_en&#39;
   bsg_dff_en #(.width_p(width_p)) bypass_reg
   ^~~~~~~~~~

</pre>
</body>