<head>
  <style>
    .log { font-family: "Courier New", Consolas, monospace; font-size: 80%; }
    .test-failed { background-color: #ffaaaa; }
    .test-passed { background-color: #aaffaa; }
  </style>
</head>
<body>
<h3><a href="https://github.com/MikePopoloski/slang" target="_blank">slang</a></h3>
<pre class="test-failed">
description: Tests imported from basejump
should_fail: 0
tags: basejump
incdirs: /tmpfs/src/github/sv-tests/third_party/cores/basejump_stl/bsg_noc /tmpfs/src/github/sv-tests/third_party/cores/basejump_stl/bsg_misc /tmpfs/src/github/sv-tests/third_party/cores/basejump_stl/bsg_cache
top_module: 
type: parsing
mode: parsing
files: <a href="../../../../third_party/cores/basejump_stl/bsg_cache/bsg_cache_non_blocking_pkg.v.html" target="file-frame">third_party/cores/basejump_stl/bsg_cache/bsg_cache_non_blocking_pkg.v</a> <a href="../../../../third_party/cores/basejump_stl/bsg_cache/bsg_cache_pkg.v.html" target="file-frame">third_party/cores/basejump_stl/bsg_cache/bsg_cache_pkg.v</a> <a href="../../../../third_party/cores/basejump_stl/bsg_misc/bsg_defines.v.html" target="file-frame">third_party/cores/basejump_stl/bsg_misc/bsg_defines.v</a> <a href="../../../../third_party/cores/basejump_stl/bsg_cache/bsg_cache_to_axi.v.html" target="file-frame">third_party/cores/basejump_stl/bsg_cache/bsg_cache_to_axi.v</a>
time_elapsed: 0.352s
ram usage: 142600 KB
</pre>
<pre class="log">

../../src/github/sv-tests/third_party/cores/basejump_stl/bsg_cache/bsg_cache_to_axi.v:19:32: error: unknown macro or compiler directive &#39;`BSG_SAFE_CLOG2&#39;
    ,parameter lg_num_cache_lp=`BSG_SAFE_CLOG2(num_cache_p)
                               ^
../../src/github/sv-tests/third_party/cores/basejump_stl/bsg_cache/bsg_cache_to_axi.v:20:33: error: unknown macro or compiler directive &#39;`bsg_cache_dma_pkt_width&#39;
    ,parameter dma_pkt_width_lp=`bsg_cache_dma_pkt_width(addr_width_p)
                                ^
../../src/github/sv-tests/third_party/cores/basejump_stl/bsg_cache/bsg_cache_to_axi.v:89:3: error: unknown macro or compiler directive &#39;`declare_bsg_cache_dma_pkt_s&#39;
  `declare_bsg_cache_dma_pkt_s(addr_width_p);
  ^
../../src/github/sv-tests/third_party/cores/basejump_stl/bsg_cache/bsg_cache_to_axi.v:90:3: error: use of undeclared identifier &#39;bsg_cache_dma_pkt_s&#39;; did you mean &#39;bsg_cache_dma_cmd_e&#39;?
  bsg_cache_dma_pkt_s [num_cache_p-1:0] dma_pkt;
  ^~~~~~~~~~~~~~~~~~~
../../src/github/sv-tests/third_party/cores/basejump_stl/bsg_cache/bsg_cache_pkg.v:127:5: note: declared here
  } bsg_cache_dma_cmd_e;
    ^
../../src/github/sv-tests/third_party/cores/basejump_stl/bsg_cache/bsg_cache_to_axi.v:98:3: error: use of undeclared identifier &#39;bsg_cache_dma_pkt_s&#39;; did you mean &#39;bsg_cache_dma_cmd_e&#39;?
  bsg_cache_dma_pkt_s read_rr_dma_pkt;
  ^~~~~~~~~~~~~~~~~~~
../../src/github/sv-tests/third_party/cores/basejump_stl/bsg_cache/bsg_cache_pkg.v:127:5: note: declared here
  } bsg_cache_dma_cmd_e;
    ^
../../src/github/sv-tests/third_party/cores/basejump_stl/bsg_cache/bsg_cache_to_axi.v:102:3: error: generate loop hit maximum step limit; possible infinite loop?
  for (genvar i = 0; i &lt; num_cache_p; i++) begin
  ^~~
../../src/github/sv-tests/third_party/cores/basejump_stl/bsg_cache/bsg_cache_to_axi.v:106:3: error: unknown module &#39;bsg_round_robin_n_to_1&#39;
  bsg_round_robin_n_to_1 #(
  ^~~~~~~~~~~~~~~~~~~~~~
../../src/github/sv-tests/third_party/cores/basejump_stl/bsg_cache/bsg_cache_to_axi.v:129:3: error: use of undeclared identifier &#39;bsg_cache_dma_pkt_s&#39;; did you mean &#39;bsg_cache_dma_cmd_e&#39;?
  bsg_cache_dma_pkt_s write_rr_dma_pkt;
  ^~~~~~~~~~~~~~~~~~~
../../src/github/sv-tests/third_party/cores/basejump_stl/bsg_cache/bsg_cache_pkg.v:127:5: note: declared here
  } bsg_cache_dma_cmd_e;
    ^
../../src/github/sv-tests/third_party/cores/basejump_stl/bsg_cache/bsg_cache_to_axi.v:133:3: error: generate loop hit maximum step limit; possible infinite loop?
  for (genvar i = 0; i &lt; num_cache_p; i++) begin
  ^~~
../../src/github/sv-tests/third_party/cores/basejump_stl/bsg_cache/bsg_cache_to_axi.v:137:3: error: unknown module &#39;bsg_round_robin_n_to_1&#39;
  bsg_round_robin_n_to_1 #(
  ^~~~~~~~~~~~~~~~~~~~~~
../../src/github/sv-tests/third_party/cores/basejump_stl/bsg_cache/bsg_cache_to_axi.v:174:3: error: generate loop hit maximum step limit; possible infinite loop?
  for (genvar i = 0; i &lt; num_cache_p; i++) begin
  ^~~
../../src/github/sv-tests/third_party/cores/basejump_stl/bsg_cache/bsg_cache_to_axi.v:182:3: error: unknown module &#39;bsg_cache_to_axi_rx&#39;
  bsg_cache_to_axi_rx #(
  ^~~~~~~~~~~~~~~~~~~
../../src/github/sv-tests/third_party/cores/basejump_stl/bsg_cache/bsg_cache_to_axi.v:224:3: error: unknown module &#39;bsg_cache_to_axi_tx&#39;
  bsg_cache_to_axi_tx #(
  ^~~~~~~~~~~~~~~~~~~

</pre>
</body>