name: desc_test_10
description: Test
should_fail: 0
tags: 5.6.4
files: /home/travis/build/SymbiFlow/sv-tests/tests/generic/desc/desc_test_10.sv
incdirs: 
top_module: 
rc: 1

/home/travis/build/SymbiFlow/sv-tests/tests/generic/desc/desc_test_10.sv:8:0: error: node type: ERROR
/home/travis/build/SymbiFlow/sv-tests/tests/generic/desc/desc_test_10.sv:9:12: error: node type: ;
