<pre>name: class_test_38
description: Test
should_fail: 0
tags: 6.15 8.3
incdirs: 
top_module: 
files: <a href="../../../../tests/generic/class/class_test_38.sv.html" target="file-frame">tests/generic/class/class_test_38.sv</a>

<a href="../../../../tests/generic/class/class_test_38.sv.html#l-7" target="file-frame">tests/generic/class/class_test_38.sv:7</a>:9: error: node type: simple_identifier
<a href="../../../../tests/generic/class/class_test_38.sv.html#l-8" target="file-frame">tests/generic/class/class_test_38.sv:8</a>:9: error: node type: simple_identifier
<a href="../../../../tests/generic/class/class_test_38.sv.html#l-9" target="file-frame">tests/generic/class/class_test_38.sv:9</a>:9: error: node type: simple_identifier
</pre>