name: implements_multiple
description: class implementing multiple interfaces
should_fail: 0
tags: 8.26.2
files: /home/travis/build/SymbiFlow/sv-tests/tests/chapter-8/8.26.2--implements_multiple.sv
incdirs: 
top_module: 
rc: 20

/home/travis/build/SymbiFlow/sv-tests/tests/chapter-8/8.26.2--implements_multiple.sv:8: syntax error
/home/travis/build/SymbiFlow/sv-tests/tests/chapter-8/8.26.2--implements_multiple.sv:8: error: invalid module item.
/home/travis/build/SymbiFlow/sv-tests/tests/chapter-8/8.26.2--implements_multiple.sv:9: syntax error
/home/travis/build/SymbiFlow/sv-tests/tests/chapter-8/8.26.2--implements_multiple.sv:9: error: invalid module item.
/home/travis/build/SymbiFlow/sv-tests/tests/chapter-8/8.26.2--implements_multiple.sv:10: syntax error
/home/travis/build/SymbiFlow/sv-tests/tests/chapter-8/8.26.2--implements_multiple.sv:12: error: invalid module item.
/home/travis/build/SymbiFlow/sv-tests/tests/chapter-8/8.26.2--implements_multiple.sv:13: syntax error
/home/travis/build/SymbiFlow/sv-tests/tests/chapter-8/8.26.2--implements_multiple.sv:13: error: invalid module item.
/home/travis/build/SymbiFlow/sv-tests/tests/chapter-8/8.26.2--implements_multiple.sv:14: syntax error
/home/travis/build/SymbiFlow/sv-tests/tests/chapter-8/8.26.2--implements_multiple.sv:16: error: invalid module item.
/home/travis/build/SymbiFlow/sv-tests/tests/chapter-8/8.26.2--implements_multiple.sv:17: syntax error
/home/travis/build/SymbiFlow/sv-tests/tests/chapter-8/8.26.2--implements_multiple.sv:17: error: invalid module item.
/home/travis/build/SymbiFlow/sv-tests/tests/chapter-8/8.26.2--implements_multiple.sv:18: syntax error
/home/travis/build/SymbiFlow/sv-tests/tests/chapter-8/8.26.2--implements_multiple.sv:18: error: invalid module item.
/home/travis/build/SymbiFlow/sv-tests/tests/chapter-8/8.26.2--implements_multiple.sv:19: syntax error
/home/travis/build/SymbiFlow/sv-tests/tests/chapter-8/8.26.2--implements_multiple.sv:20: error: invalid module item.
/home/travis/build/SymbiFlow/sv-tests/tests/chapter-8/8.26.2--implements_multiple.sv:21: syntax error
/home/travis/build/SymbiFlow/sv-tests/tests/chapter-8/8.26.2--implements_multiple.sv:21: error: invalid module item.
/home/travis/build/SymbiFlow/sv-tests/tests/chapter-8/8.26.2--implements_multiple.sv:22: syntax error
/home/travis/build/SymbiFlow/sv-tests/tests/chapter-8/8.26.2--implements_multiple.sv:25: error: invalid module item.
