<pre>name: illegal_forward_def_implements
description: implementing forward typedef for an interface class should fail
should_fail: 1
tags: 8.26.4
files: <a href="../../../tests/chapter-8/8.26.4--illegal_forward_def_implements.sv.html" target="file-frame">tests/chapter-8/8.26.4--illegal_forward_def_implements.sv</a>
incdirs: 
top_module: 
rc: 14

<a href="../../../tests/chapter-8/8.26.4--illegal_forward_def_implements.sv.html" target="file-frame">tests/chapter-8/8.26.4--illegal_forward_def_implements.sv</a>:8: syntax error
<a href="../../../tests/chapter-8/8.26.4--illegal_forward_def_implements.sv.html" target="file-frame">tests/chapter-8/8.26.4--illegal_forward_def_implements.sv</a>:8: error: Syntax error in typedef clause.
<a href="../../../tests/chapter-8/8.26.4--illegal_forward_def_implements.sv.html" target="file-frame">tests/chapter-8/8.26.4--illegal_forward_def_implements.sv</a>:10: syntax error
<a href="../../../tests/chapter-8/8.26.4--illegal_forward_def_implements.sv.html" target="file-frame">tests/chapter-8/8.26.4--illegal_forward_def_implements.sv</a>:10: error: invalid module item.
<a href="../../../tests/chapter-8/8.26.4--illegal_forward_def_implements.sv.html" target="file-frame">tests/chapter-8/8.26.4--illegal_forward_def_implements.sv</a>:11: syntax error
<a href="../../../tests/chapter-8/8.26.4--illegal_forward_def_implements.sv.html" target="file-frame">tests/chapter-8/8.26.4--illegal_forward_def_implements.sv</a>:11: error: invalid module item.
<a href="../../../tests/chapter-8/8.26.4--illegal_forward_def_implements.sv.html" target="file-frame">tests/chapter-8/8.26.4--illegal_forward_def_implements.sv</a>:12: syntax error
<a href="../../../tests/chapter-8/8.26.4--illegal_forward_def_implements.sv.html" target="file-frame">tests/chapter-8/8.26.4--illegal_forward_def_implements.sv</a>:12: error: invalid module item.
<a href="../../../tests/chapter-8/8.26.4--illegal_forward_def_implements.sv.html" target="file-frame">tests/chapter-8/8.26.4--illegal_forward_def_implements.sv</a>:13: syntax error
<a href="../../../tests/chapter-8/8.26.4--illegal_forward_def_implements.sv.html" target="file-frame">tests/chapter-8/8.26.4--illegal_forward_def_implements.sv</a>:16: error: invalid module item.
<a href="../../../tests/chapter-8/8.26.4--illegal_forward_def_implements.sv.html" target="file-frame">tests/chapter-8/8.26.4--illegal_forward_def_implements.sv</a>:18: syntax error
<a href="../../../tests/chapter-8/8.26.4--illegal_forward_def_implements.sv.html" target="file-frame">tests/chapter-8/8.26.4--illegal_forward_def_implements.sv</a>:18: error: invalid module item.
<a href="../../../tests/chapter-8/8.26.4--illegal_forward_def_implements.sv.html" target="file-frame">tests/chapter-8/8.26.4--illegal_forward_def_implements.sv</a>:19: syntax error
<a href="../../../tests/chapter-8/8.26.4--illegal_forward_def_implements.sv.html" target="file-frame">tests/chapter-8/8.26.4--illegal_forward_def_implements.sv</a>:21: error: invalid module item.
</pre>