name: parameter_type_conflict
description: superclass type declaration conflicts must be resolved in subclass
should_fail: 0
tags: 8.26.6.2
files: /home/travis/build/SymbiFlow/sv-tests/tests/chapter-8/8.26.6.2--parameter_type_conflict.sv
incdirs: 
top_module: 
rc: 14

/home/travis/build/SymbiFlow/sv-tests/tests/chapter-8/8.26.6.2--parameter_type_conflict.sv:8: syntax error
/home/travis/build/SymbiFlow/sv-tests/tests/chapter-8/8.26.6.2--parameter_type_conflict.sv:8: error: invalid module item.
/home/travis/build/SymbiFlow/sv-tests/tests/chapter-8/8.26.6.2--parameter_type_conflict.sv:9: syntax error
/home/travis/build/SymbiFlow/sv-tests/tests/chapter-8/8.26.6.2--parameter_type_conflict.sv:9: error: invalid module item.
/home/travis/build/SymbiFlow/sv-tests/tests/chapter-8/8.26.6.2--parameter_type_conflict.sv:10: syntax error
/home/travis/build/SymbiFlow/sv-tests/tests/chapter-8/8.26.6.2--parameter_type_conflict.sv:12: error: invalid module item.
/home/travis/build/SymbiFlow/sv-tests/tests/chapter-8/8.26.6.2--parameter_type_conflict.sv:13: syntax error
/home/travis/build/SymbiFlow/sv-tests/tests/chapter-8/8.26.6.2--parameter_type_conflict.sv:13: error: invalid module item.
/home/travis/build/SymbiFlow/sv-tests/tests/chapter-8/8.26.6.2--parameter_type_conflict.sv:14: syntax error
/home/travis/build/SymbiFlow/sv-tests/tests/chapter-8/8.26.6.2--parameter_type_conflict.sv:16: error: invalid module item.
/home/travis/build/SymbiFlow/sv-tests/tests/chapter-8/8.26.6.2--parameter_type_conflict.sv:17: syntax error
/home/travis/build/SymbiFlow/sv-tests/tests/chapter-8/8.26.6.2--parameter_type_conflict.sv:17: error: Syntax error in typedef clause.
/home/travis/build/SymbiFlow/sv-tests/tests/chapter-8/8.26.6.2--parameter_type_conflict.sv:18: syntax error
I give up.
