name: implemented_class_handle
description: it should be possible to assign object handle to a variable of an implemented class type
should_fail: 0
tags: 8.26.5
files: /home/travis/build/SymbiFlow/sv-tests/tests/chapter-8/8.26.5--implemented_class_handle.sv
incdirs: 
top_module: 
rc: 14

/home/travis/build/SymbiFlow/sv-tests/tests/chapter-8/8.26.5--implemented_class_handle.sv:8: syntax error
/home/travis/build/SymbiFlow/sv-tests/tests/chapter-8/8.26.5--implemented_class_handle.sv:8: error: invalid module item.
/home/travis/build/SymbiFlow/sv-tests/tests/chapter-8/8.26.5--implemented_class_handle.sv:9: syntax error
/home/travis/build/SymbiFlow/sv-tests/tests/chapter-8/8.26.5--implemented_class_handle.sv:9: error: invalid module item.
/home/travis/build/SymbiFlow/sv-tests/tests/chapter-8/8.26.5--implemented_class_handle.sv:10: syntax error
/home/travis/build/SymbiFlow/sv-tests/tests/chapter-8/8.26.5--implemented_class_handle.sv:12: error: invalid module item.
/home/travis/build/SymbiFlow/sv-tests/tests/chapter-8/8.26.5--implemented_class_handle.sv:13: syntax error
/home/travis/build/SymbiFlow/sv-tests/tests/chapter-8/8.26.5--implemented_class_handle.sv:13: error: invalid module item.
/home/travis/build/SymbiFlow/sv-tests/tests/chapter-8/8.26.5--implemented_class_handle.sv:14: syntax error
/home/travis/build/SymbiFlow/sv-tests/tests/chapter-8/8.26.5--implemented_class_handle.sv:14: error: invalid module item.
/home/travis/build/SymbiFlow/sv-tests/tests/chapter-8/8.26.5--implemented_class_handle.sv:15: syntax error
/home/travis/build/SymbiFlow/sv-tests/tests/chapter-8/8.26.5--implemented_class_handle.sv:18: error: invalid module item.
/home/travis/build/SymbiFlow/sv-tests/tests/chapter-8/8.26.5--implemented_class_handle.sv:19: syntax error
/home/travis/build/SymbiFlow/sv-tests/tests/chapter-8/8.26.5--implemented_class_handle.sv:19: error: Invalid module instantiation
