<pre>name: parameters
description: parametrized class test
should_fail: 0
tags: 8.5 8.25
files: <a href="../../../tests/chapter-8/8.5--parameters.sv" target="file-frame">tests/chapter-8/8.5--parameters.sv</a>
incdirs: 
top_module: 
rc: 6

<a href="../../../tests/chapter-8/8.5--parameters.sv" target="file-frame">tests/chapter-8/8.5--parameters.sv</a>:8: syntax error
<a href="../../../tests/chapter-8/8.5--parameters.sv" target="file-frame">tests/chapter-8/8.5--parameters.sv</a>:8: error: invalid module item.
<a href="../../../tests/chapter-8/8.5--parameters.sv" target="file-frame">tests/chapter-8/8.5--parameters.sv</a>:9: syntax error
<a href="../../../tests/chapter-8/8.5--parameters.sv" target="file-frame">tests/chapter-8/8.5--parameters.sv</a>:11: error: invalid module item.
<a href="../../../tests/chapter-8/8.5--parameters.sv" target="file-frame">tests/chapter-8/8.5--parameters.sv</a>:15: syntax error
<a href="../../../tests/chapter-8/8.5--parameters.sv" target="file-frame">tests/chapter-8/8.5--parameters.sv</a>:15: error: malformed statement
</pre>