name: parameters
description: parametrized class test
should_fail: 0
tags: 8.5 8.25
files: /home/travis/build/SymbiFlow/sv-tests/tests/chapter-8/8.5--parameters.sv
incdirs: 
top_module: 
rc: 6

/home/travis/build/SymbiFlow/sv-tests/tests/chapter-8/8.5--parameters.sv:8: syntax error
/home/travis/build/SymbiFlow/sv-tests/tests/chapter-8/8.5--parameters.sv:8: error: invalid module item.
/home/travis/build/SymbiFlow/sv-tests/tests/chapter-8/8.5--parameters.sv:9: syntax error
/home/travis/build/SymbiFlow/sv-tests/tests/chapter-8/8.5--parameters.sv:11: error: invalid module item.
/home/travis/build/SymbiFlow/sv-tests/tests/chapter-8/8.5--parameters.sv:15: syntax error
/home/travis/build/SymbiFlow/sv-tests/tests/chapter-8/8.5--parameters.sv:15: error: malformed statement
