<head>
  <style>
    .log { font-family: "Courier New", Consolas, monospace; font-size: 80%; }
    .test-failed { background-color: #ffaaaa; }
    .test-passed { background-color: #aaffaa; }
  </style>
</head>
<body>
<h3><a href="http://iverilog.icarus.com/" target="_blank">icarus</a></h3>
<pre class="test-failed">
description: Test imported from ivtest
should_fail: 0
tags: ivtest
incdirs: /tmpfs/src/github/sv-tests/tests/generated/ivtest
top_module: 
type: parsing
mode: parsing
files: <a href="../../../../third_party/tests/ivtest/ivltests/scope5.v.html" target="file-frame">third_party/tests/ivtest/ivltests/scope5.v</a>
time_elapsed: 0.000s
ram usage: 9504 KB
</pre>
<pre class="log">

<a href="../../../../third_party/tests/ivtest/ivltests/scope5.v.html#l-16" target="file-frame">third_party/tests/ivtest/ivltests/scope5.v:16</a>: syntax error
<a href="../../../../third_party/tests/ivtest/ivltests/scope5.v.html#l-16" target="file-frame">third_party/tests/ivtest/ivltests/scope5.v:16</a>: error: invalid module item.
<a href="../../../../third_party/tests/ivtest/ivltests/scope5.v.html#l-17" target="file-frame">third_party/tests/ivtest/ivltests/scope5.v:17</a>: syntax error
<a href="../../../../third_party/tests/ivtest/ivltests/scope5.v.html#l-17" target="file-frame">third_party/tests/ivtest/ivltests/scope5.v:17</a>: error: invalid module item.
<a href="../../../../third_party/tests/ivtest/ivltests/scope5.v.html#l-20" target="file-frame">third_party/tests/ivtest/ivltests/scope5.v:20</a>: syntax error
<a href="../../../../third_party/tests/ivtest/ivltests/scope5.v.html#l-20" target="file-frame">third_party/tests/ivtest/ivltests/scope5.v:20</a>: Syntax in assignment statement l-value.
<a href="../../../../third_party/tests/ivtest/ivltests/scope5.v.html#l-21" target="file-frame">third_party/tests/ivtest/ivltests/scope5.v:21</a>: syntax error
<a href="../../../../third_party/tests/ivtest/ivltests/scope5.v.html#l-21" target="file-frame">third_party/tests/ivtest/ivltests/scope5.v:21</a>: syntax error
<a href="../../../../third_party/tests/ivtest/ivltests/scope5.v.html#l-21" target="file-frame">third_party/tests/ivtest/ivltests/scope5.v:21</a>: error: malformed statement

</pre>
</body>