<head>
  <style>
    .log { font-family: "Courier New", Consolas, monospace; font-size: 80%; }
    .test-failed { background-color: #ffaaaa; }
    .test-passed { background-color: #aaffaa; }
  </style>
</head>
<body>
<h3><a href="https://github.com/tree-sitter/tree-sitter-verilog" target="_blank">tree-sitter-verilog</a></h3>
<pre class="test-failed">
description: Test imported from ivtest
should_fail: 0
tags: ivtest
incdirs: /tmpfs/src/github/sv-tests/tests/generated/ivtest
top_module: 
type: parsing
mode: parsing
files: <a href="../../../../third_party/tests/ivtest/ivltests/delay_var.v.html" target="file-frame">third_party/tests/ivtest/ivltests/delay_var.v</a>
time_elapsed: 0.088s
ram usage: 113952 KB
</pre>
<pre class="log">

<a href="../../../../third_party/tests/ivtest/ivltests/delay_var.v.html#l-20" target="file-frame">third_party/tests/ivtest/ivltests/delay_var.v:20</a>:4: error: node type: ERROR
<a href="../../../../third_party/tests/ivtest/ivltests/delay_var.v.html#l-20" target="file-frame">third_party/tests/ivtest/ivltests/delay_var.v:20</a>:28: error: node type: ERROR
<a href="../../../../third_party/tests/ivtest/ivltests/delay_var.v.html#l-20" target="file-frame">third_party/tests/ivtest/ivltests/delay_var.v:20</a>:36: error: node type: ERROR
<a href="../../../../third_party/tests/ivtest/ivltests/delay_var.v.html#l-20" target="file-frame">third_party/tests/ivtest/ivltests/delay_var.v:20</a>:73: error: node type: ERROR
<a href="../../../../third_party/tests/ivtest/ivltests/delay_var.v.html#l-26" target="file-frame">third_party/tests/ivtest/ivltests/delay_var.v:26</a>:19: error: node type: ERROR
<a href="../../../../third_party/tests/ivtest/ivltests/delay_var.v.html#l-29" target="file-frame">third_party/tests/ivtest/ivltests/delay_var.v:29</a>:11: error: node type: ERROR
<a href="../../../../third_party/tests/ivtest/ivltests/delay_var.v.html#l-29" target="file-frame">third_party/tests/ivtest/ivltests/delay_var.v:29</a>:41: error: node type: ERROR
<a href="../../../../third_party/tests/ivtest/ivltests/delay_var.v.html#l-30" target="file-frame">third_party/tests/ivtest/ivltests/delay_var.v:30</a>:11: error: node type: ERROR
<a href="../../../../third_party/tests/ivtest/ivltests/delay_var.v.html#l-30" target="file-frame">third_party/tests/ivtest/ivltests/delay_var.v:30</a>:42: error: node type: ERROR
<a href="../../../../third_party/tests/ivtest/ivltests/delay_var.v.html#l-33" target="file-frame">third_party/tests/ivtest/ivltests/delay_var.v:33</a>:5: error: node type: ERROR
<a href="../../../../third_party/tests/ivtest/ivltests/delay_var.v.html#l-33" target="file-frame">third_party/tests/ivtest/ivltests/delay_var.v:33</a>:36: error: node type: ERROR
<a href="../../../../third_party/tests/ivtest/ivltests/delay_var.v.html#l-37" target="file-frame">third_party/tests/ivtest/ivltests/delay_var.v:37</a>:5: error: node type: ERROR
<a href="../../../../third_party/tests/ivtest/ivltests/delay_var.v.html#l-37" target="file-frame">third_party/tests/ivtest/ivltests/delay_var.v:37</a>:36: error: node type: ERROR
<a href="../../../../third_party/tests/ivtest/ivltests/delay_var.v.html#l-43" target="file-frame">third_party/tests/ivtest/ivltests/delay_var.v:43</a>:11: error: node type: ERROR
<a href="../../../../third_party/tests/ivtest/ivltests/delay_var.v.html#l-43" target="file-frame">third_party/tests/ivtest/ivltests/delay_var.v:43</a>:45: error: node type: ERROR

</pre>
</body>