<pre>name: asicworld_code_hdl_models_encoder_4to2_gates
description: Tests imported from yosys
files: /home/travis/build/SymbiFlow/sv-tests/third_party/tools/yosys/tests/asicworld/code_hdl_models_encoder_4to2_gates.v
should_fail: 0
tags: yosys
incdirs: 
top_module: 
rc: 1

../../home/travis/build/SymbiFlow/sv-tests/third_party/tools/yosys/tests/asicworld/code_hdl_models_encoder_4to2_gates.v:5:1: error: expected member
or o1 (y[0],i1,i3);
^~
../../home/travis/build/SymbiFlow/sv-tests/third_party/tools/yosys/tests/asicworld/code_hdl_models_encoder_4to2_gates.v:6:1: error: expected member
or o2 (y[1],i2,i3);
^~
</pre>