<pre>name: asicworld_code_hdl_models_full_subtracter_gates
description: Tests imported from yosys
files: /home/travis/build/SymbiFlow/sv-tests/third_party/tools/yosys/tests/asicworld/code_hdl_models_full_subtracter_gates.v
should_fail: 0
tags: yosys
incdirs: 
top_module: 
rc: 1

../../home/travis/build/SymbiFlow/sv-tests/third_party/tools/yosys/tests/asicworld/code_hdl_models_full_subtracter_gates.v:13:1: error: expected member
not (inv_x,x);
^~~
../../home/travis/build/SymbiFlow/sv-tests/third_party/tools/yosys/tests/asicworld/code_hdl_models_full_subtracter_gates.v:14:1: error: expected member
and U_borrow1 (borrow1,inv_x,y),
^~~
../../home/travis/build/SymbiFlow/sv-tests/third_party/tools/yosys/tests/asicworld/code_hdl_models_full_subtracter_gates.v:18:1: error: expected member
xor U_diff (difference,borrow1,borrow2,borrows);
^~~
</pre>