<pre>name: simple_specify
description: Tests imported from yosys
files: /home/travis/build/SymbiFlow/sv-tests/third_party/tools/yosys/tests/simple/specify.v
should_fail: 0
tags: yosys
incdirs: 
top_module: 
rc: 1

../../home/travis/build/SymbiFlow/sv-tests/third_party/tools/yosys/tests/simple/specify.v:3:1: error: expected member
specparam a=1;
^~~~~~~~~
../../home/travis/build/SymbiFlow/sv-tests/third_party/tools/yosys/tests/simple/specify.v:5:1: error: expected member
specify
^~~~~~~
../../home/travis/build/SymbiFlow/sv-tests/third_party/tools/yosys/tests/simple/specify.v:10:1: error: expected member
(A- => B) = ( 1,2 ) ;
^
../../home/travis/build/SymbiFlow/sv-tests/third_party/tools/yosys/tests/simple/specify.v:11:1: error: expected member
(A+ => B) = ( 1,2,3 ) ;
^
../../home/travis/build/SymbiFlow/sv-tests/third_party/tools/yosys/tests/simple/specify.v:12:1: error: expected member
(A => B) = (
^
../../home/travis/build/SymbiFlow/sv-tests/third_party/tools/yosys/tests/simple/specify.v:16:1: error: expected member
(A => B) = (
^
../../home/travis/build/SymbiFlow/sv-tests/third_party/tools/yosys/tests/simple/specify.v:22:1: error: expected member
specparam b=1;
^~~~~~~~~
../../home/travis/build/SymbiFlow/sv-tests/third_party/tools/yosys/tests/simple/specify.v:23:1: error: expected member
specparam [1:2] asasa=1;
^~~~~~~~~
../../home/travis/build/SymbiFlow/sv-tests/third_party/tools/yosys/tests/simple/specify.v:24:1: error: expected member
endspecify
^~~~~~~~~~
../../home/travis/build/SymbiFlow/sv-tests/third_party/tools/yosys/tests/simple/specify.v:28:1: error: expected member
endspecify
^~~~~~~~~~
</pre>