<head>
  <style>
    .log { font-family: "Courier New", Consolas, monospace; font-size: 80%; }
    .test-failed { background-color: #ffaaaa; }
    .test-passed { background-color: #aaffaa; }
  </style>
</head>
<body>
<h3><a href="https://github.com/MikePopoloski/slang" target="_blank">slang</a></h3>
<pre class="test-failed">
description: Tests imported from yosys
should_fail: 0
tags: yosys
incdirs: /home/travis/build/SymbiFlow/sv-tests/third_party/tools/yosys/tests/simple
top_module: 
type: parsing
mode: parsing
files: <a href="../../../../third_party/tools/yosys/tests/simple/repwhile.v.html" target="file-frame">third_party/tools/yosys/tests/simple/repwhile.v</a>
time_elapsed: 0.003s
ram usage: 9712 KB
</pre>
<pre class="log">

../..<a href="../../../../third_party/tools/yosys/tests/simple/repwhile.v.html#l-4" target="file-frame">third_party/tools/yosys/tests/simple/repwhile.v:4</a>:3: error: language feature not yet supported
		input [31:0] value;
		^~~~~~~~~~~~~~~~~~~
../..<a href="../../../../third_party/tools/yosys/tests/simple/repwhile.v.html#l-7" target="file-frame">third_party/tools/yosys/tests/simple/repwhile.v:7</a>:11: error: use of undeclared identifier &#39;value&#39;
			while (value &gt; 0) begin
			       ^~~~~
../..<a href="../../../../third_party/tools/yosys/tests/simple/repwhile.v.html#l-8" target="file-frame">third_party/tools/yosys/tests/simple/repwhile.v:8</a>:5: error: use of undeclared identifier &#39;value&#39;
				value = value &gt;&gt; 1;
				^~~~~
../..<a href="../../../../third_party/tools/yosys/tests/simple/repwhile.v.html#l-8" target="file-frame">third_party/tools/yosys/tests/simple/repwhile.v:8</a>:13: error: use of undeclared identifier &#39;value&#39;
				value = value &gt;&gt; 1;
				        ^~~~~
../..<a href="../../../../third_party/tools/yosys/tests/simple/repwhile.v.html#l-15" target="file-frame">third_party/tools/yosys/tests/simple/repwhile.v:15</a>:3: error: language feature not yet supported
		input [7:0] value;
		^~~~~~~~~~~~~~~~~~
../..<a href="../../../../third_party/tools/yosys/tests/simple/repwhile.v.html#l-18" target="file-frame">third_party/tools/yosys/tests/simple/repwhile.v:18</a>:12: error: use of undeclared identifier &#39;value&#39;
			repeat (value)
			        ^~~~~
../..<a href="../../../../third_party/tools/yosys/tests/simple/repwhile.v.html#l-29" target="file-frame">third_party/tools/yosys/tests/simple/repwhile.v:29</a>:18: error: too many arguments to subroutine call; expected 0 but 1 were provided
			y_table[i] &lt;= mylog2(i);
			              ^~~~~~
../..<a href="../../../../third_party/tools/yosys/tests/simple/repwhile.v.html#l-30" target="file-frame">third_party/tools/yosys/tests/simple/repwhile.v:30</a>:18: error: too many arguments to subroutine call; expected 0 but 1 were provided
			x_table[i] &lt;= myexp2(i);
			              ^~~~~~

</pre>
</body>