<head>
  <style>
    .log { font-family: "Courier New", Consolas, monospace; font-size: 80%; }
    .test-failed { background-color: #ffaaaa; }
    .test-passed { background-color: #aaffaa; }
  </style>
</head>
<body>
<h3><a href="http://llhd.io/" target="_blank">moore</a></h3>
<pre class="test-failed">
description: Test imported from ivtest
rc: 1 (means success: 0)
should_fail: 0
tags: ivtest
incdirs: /tmpfs/src/github/sv-tests/third_party/tests/ivtest /tmpfs/src/github/sv-tests/third_party/tests/ivtest/ivltests
top_module: 
type: parsing
mode: parsing
files: <a href="../../../../third_party/tests/ivtest/ivltests/always3.1.7B.v.html" target="file-frame">third_party/tests/ivtest/ivltests/always3.1.7B.v</a>
time_elapsed: 0.004s
ram usage: 9652 KB
</pre>
<pre class="log">

moore -I /tmpfs/src/github/sv-tests/third_party/tests/ivtest -I /tmpfs/src/github/sv-tests/third_party/tests/ivtest/ivltests -e main <a href="../../../../third_party/tests/ivtest/ivltests/always3.1.7B.v.html" target="file-frame">third_party/tests/ivtest/ivltests/always3.1.7B.v</a>
warning: `$display` not supported; ignored
  --&gt; <a href="../../../../third_party/tests/ivtest/ivltests/always3.1.7B.v.html#l-32" target="file-frame">third_party/tests/ivtest/ivltests/always3.1.7B.v:32</a>:17-64:
   | 
   |                 $display(&#34;FAILED - 3.1.7B always forever (1) &#34;);
   |                 ^^^^^^^^^^^^^^^^^^^^^^^^^^^^^^^^^^^^^^^^^^^^^^^ 

warning: `$display` not supported; ignored
  --&gt; <a href="../../../../third_party/tests/ivtest/ivltests/always3.1.7B.v.html#l-38" target="file-frame">third_party/tests/ivtest/ivltests/always3.1.7B.v:38</a>:17-64:
   | 
   |                 $display(&#34;FAILED - 3.1.7B always forever (2) &#34;);
   |                 ^^^^^^^^^^^^^^^^^^^^^^^^^^^^^^^^^^^^^^^^^^^^^^^ 

warning: `$display` not supported; ignored
  --&gt; <a href="../../../../third_party/tests/ivtest/ivltests/always3.1.7B.v.html#l-44" target="file-frame">third_party/tests/ivtest/ivltests/always3.1.7B.v:44</a>:17-64:
   | 
   |                 $display(&#34;FAILED - 3.1.7B always forever (3) &#34;);
   |                 ^^^^^^^^^^^^^^^^^^^^^^^^^^^^^^^^^^^^^^^^^^^^^^^ 

warning: `$display` not supported; ignored
  --&gt; <a href="../../../../third_party/tests/ivtest/ivltests/always3.1.7B.v.html#l-48" target="file-frame">third_party/tests/ivtest/ivltests/always3.1.7B.v:48</a>:16-34:
   | 
   |                $display(&#34;PASSED&#34;);
   |                ^^^^^^^^^^^^^^^^^^ 

compiler bug: lowering of expression not implemented
  --&gt; <a href="../../../../third_party/tests/ivtest/ivltests/always3.1.7B.v.html#l-49" target="file-frame">third_party/tests/ivtest/ivltests/always3.1.7B.v:49</a>:5-12:
   | 
   |        $finish;
   |        ^^^^^^^ 

You have encountered a compiler bug. Sorry about that! We would appreciate if you open an issue [1] and describe how you triggered the bug, together with a minimal snippet of code to reproduce it. Thanks!
[1]: https://github.com/fabianschuiki/moore


</pre>
</body>