<head>
  <style>
    .log { font-family: "Courier New", Consolas, monospace; font-size: 80%; }
    .test-failed { background-color: #ffaaaa; }
    .test-passed { background-color: #aaffaa; }
  </style>
</head>
<body>
<h3><a href="http://llhd.io/" target="_blank">moore</a></h3>
<pre class="test-failed">
description: Test imported from ivtest
should_fail: 0
tags: ivtest
incdirs: /tmpfs/src/github/sv-tests/third_party/tests/ivtest /tmpfs/src/github/sv-tests/third_party/tests/ivtest/ivltests
top_module: 
type: parsing
mode: parsing
files: <a href="../../../../third_party/tests/ivtest/ivltests/array_string.v.html" target="file-frame">third_party/tests/ivtest/ivltests/array_string.v</a>
time_elapsed: 0.004s
ram usage: 9692 KB
</pre>
<pre class="log">

compiler bug: lowering of expression not implemented
  --&gt; <a href="../../../../third_party/tests/ivtest/ivltests/array_string.v.html#l-12" target="file-frame">third_party/tests/ivtest/ivltests/array_string.v:12</a>:36-47:
   | 
   |       for (idx = 0 ; idx &lt;= AMAX ; idx = idx+1) begin
   |                                    ^^^^^^^^^^^       

You have encountered a compiler bug. Sorry about that! We would appreciate if you open an issue [1] and describe how you triggered the bug, together with a minimal snippet of code to reproduce it. Thanks!
[1]: https://github.com/fabianschuiki/moore

compiler bug: lowering of call to expression not implemented
  --&gt; <a href="../../../../third_party/tests/ivtest/ivltests/array_string.v.html#l-13" target="file-frame">third_party/tests/ivtest/ivltests/array_string.v:13</a>:14-27:
   | 
   |      foo[idx] = source.substr(idx*STRIDE+0, idx*STRIDE+STRIDE-1);
   |                 ^^^^^^^^^^^^^                                    

You have encountered a compiler bug. Sorry about that! We would appreciate if you open an issue [1] and describe how you triggered the bug, together with a minimal snippet of code to reproduce it. Thanks!
[1]: https://github.com/fabianschuiki/moore

warning: `$display` not supported; ignored
  --&gt; <a href="../../../../third_party/tests/ivtest/ivltests/array_string.v.html#l-14" target="file-frame">third_party/tests/ivtest/ivltests/array_string.v:14</a>:3-44:
   | 
   |      $display(&#34;foo[%0d] = %0s&#34;, idx, foo[idx]);
   |      ^^^^^^^^^^^^^^^^^^^^^^^^^^^^^^^^^^^^^^^^^ 

warning: `$display` not supported; ignored
  --&gt; <a href="../../../../third_party/tests/ivtest/ivltests/array_string.v.html#l-18" target="file-frame">third_party/tests/ivtest/ivltests/array_string.v:18</a>:3-45:
   | 
   |      $display(&#34;FAILED -- foo[2] = %0s&#34;, foo[2]);
   |      ^^^^^^^^^^^^^^^^^^^^^^^^^^^^^^^^^^^^^^^^^^ 

compiler bug: lowering of expression not implemented
  --&gt; <a href="../../../../third_party/tests/ivtest/ivltests/array_string.v.html#l-19" target="file-frame">third_party/tests/ivtest/ivltests/array_string.v:19</a>:3-10:
   | 
   |      $finish;
   |      ^^^^^^^ 

You have encountered a compiler bug. Sorry about that! We would appreciate if you open an issue [1] and describe how you triggered the bug, together with a minimal snippet of code to reproduce it. Thanks!
[1]: https://github.com/fabianschuiki/moore

warning: `$display` not supported; ignored
  --&gt; <a href="../../../../third_party/tests/ivtest/ivltests/array_string.v.html#l-22" target="file-frame">third_party/tests/ivtest/ivltests/array_string.v:22</a>:7-25:
   | 
   |       $display(&#34;PASSED&#34;);
   |       ^^^^^^^^^^^^^^^^^^ 

compiler bug: lowering of expression not implemented
  --&gt; <a href="../../../../third_party/tests/ivtest/ivltests/array_string.v.html#l-23" target="file-frame">third_party/tests/ivtest/ivltests/array_string.v:23</a>:7-14:
   | 
   |       $finish;
   |       ^^^^^^^ 

You have encountered a compiler bug. Sorry about that! We would appreciate if you open an issue [1] and describe how you triggered the bug, together with a minimal snippet of code to reproduce it. Thanks!
[1]: https://github.com/fabianschuiki/moore

thread &#39;main&#39; panicked at &#39;no zero-value for type [1 x i8]*&#39;, src/svlog/codegen.rs:814:18
note: run with `RUST_BACKTRACE=1` environment variable to display a backtrace.

</pre>
</body>