<head>
  <style>
    .log { font-family: "Courier New", Consolas, monospace; font-size: 80%; }
    .test-failed { background-color: #ffaaaa; }
    .test-passed { background-color: #aaffaa; }
  </style>
</head>
<body>
<h3><a href="http://llhd.io/" target="_blank">moore</a></h3>
<pre class="test-failed">
description: Test imported from ivtest
rc: 101 (means success: 0)
should_fail: 0
tags: ivtest
incdirs: /tmpfs/src/github/sv-tests/third_party/tests/ivtest /tmpfs/src/github/sv-tests/third_party/tests/ivtest/ivltests
top_module: 
type: parsing
mode: parsing
files: <a href="../../../../third_party/tests/ivtest/ivltests/array6.v.html" target="file-frame">third_party/tests/ivtest/ivltests/array6.v</a>
time_elapsed: 0.004s
ram usage: 9648 KB
</pre>
<pre class="log">

moore -I /tmpfs/src/github/sv-tests/third_party/tests/ivtest -I /tmpfs/src/github/sv-tests/third_party/tests/ivtest/ivltests -e main <a href="../../../../third_party/tests/ivtest/ivltests/array6.v.html" target="file-frame">third_party/tests/ivtest/ivltests/array6.v</a>
error: `!==` is not a valid binary operator
  --&gt; <a href="../../../../third_party/tests/ivtest/ivltests/array6.v.html#l-11" target="file-frame">third_party/tests/ivtest/ivltests/array6.v:11</a>:11-36:
   | 
   |       if (pair[idx]+8&#39;sd1 !== 8&#39;sd1) begin
   |           ^^^^^^^^^^^^^^^^^^^^^^^^^       

warning: `$display` not supported; ignored
  --&gt; <a href="../../../../third_party/tests/ivtest/ivltests/array6.v.html#l-12" target="file-frame">third_party/tests/ivtest/ivltests/array6.v:12</a>:3-21:
   | 
   |      $display(&#34;FAILED&#34;);
   |      ^^^^^^^^^^^^^^^^^^ 

compiler bug: lowering of expression not implemented
  --&gt; <a href="../../../../third_party/tests/ivtest/ivltests/array6.v.html#l-13" target="file-frame">third_party/tests/ivtest/ivltests/array6.v:13</a>:3-10:
   | 
   |      $finish;
   |      ^^^^^^^ 

You have encountered a compiler bug. Sorry about that! We would appreciate if you open an issue [1] and describe how you triggered the bug, together with a minimal snippet of code to reproduce it. Thanks!
[1]: https://github.com/fabianschuiki/moore

error: `!==` is not a valid binary operator
  --&gt; <a href="../../../../third_party/tests/ivtest/ivltests/array6.v.html#l-17" target="file-frame">third_party/tests/ivtest/ivltests/array6.v:17</a>:11-38:
   | 
   |       if (pair[idx+1]+8&#39;sd1 !== 8&#39;sd3) begin
   |           ^^^^^^^^^^^^^^^^^^^^^^^^^^^       

warning: `$display` not supported; ignored
  --&gt; <a href="../../../../third_party/tests/ivtest/ivltests/array6.v.html#l-18" target="file-frame">third_party/tests/ivtest/ivltests/array6.v:18</a>:3-21:
   | 
   |      $display(&#34;FAILED&#34;);
   |      ^^^^^^^^^^^^^^^^^^ 

compiler bug: lowering of expression not implemented
  --&gt; <a href="../../../../third_party/tests/ivtest/ivltests/array6.v.html#l-19" target="file-frame">third_party/tests/ivtest/ivltests/array6.v:19</a>:3-10:
   | 
   |      $finish;
   |      ^^^^^^^ 

You have encountered a compiler bug. Sorry about that! We would appreciate if you open an issue [1] and describe how you triggered the bug, together with a minimal snippet of code to reproduce it. Thanks!
[1]: https://github.com/fabianschuiki/moore

warning: `$display` not supported; ignored
  --&gt; <a href="../../../../third_party/tests/ivtest/ivltests/array6.v.html#l-21" target="file-frame">third_party/tests/ivtest/ivltests/array6.v:21</a>:7-25:
   | 
   |       $display(&#34;PASSED&#34;);
   |       ^^^^^^^^^^^^^^^^^^ 

thread &#39;main&#39; panicked at &#39;no zero-value for type i8*&#39;, src/svlog/codegen.rs:814:18
note: run with `RUST_BACKTRACE=1` environment variable to display a backtrace.

</pre>
</body>