<head>
  <style>
    .log { font-family: "Courier New", Consolas, monospace; font-size: 80%; }
    .test-failed { background-color: #ffaaaa; }
    .test-passed { background-color: #aaffaa; }
  </style>
</head>
<body>
<h3><a href="http://llhd.io/" target="_blank">moore</a></h3>
<pre class="test-failed">
description: Test imported from ivtest
rc: 1 (means success: 0)
should_fail: 0
tags: ivtest
incdirs: /tmpfs/src/github/sv-tests/third_party/tests/ivtest /tmpfs/src/github/sv-tests/third_party/tests/ivtest/ivltests
top_module: 
type: parsing
mode: parsing
files: <a href="../../../../third_party/tests/ivtest/ivltests/blocksynth2.v.html" target="file-frame">third_party/tests/ivtest/ivltests/blocksynth2.v</a>
time_elapsed: 0.004s
ram usage: 9668 KB
</pre>
<pre class="log">

moore -I /tmpfs/src/github/sv-tests/third_party/tests/ivtest -I /tmpfs/src/github/sv-tests/third_party/tests/ivtest/ivltests -e main <a href="../../../../third_party/tests/ivtest/ivltests/blocksynth2.v.html" target="file-frame">third_party/tests/ivtest/ivltests/blocksynth2.v</a>
compiler bug: lowering of expression not implemented
  --&gt; <a href="../../../../third_party/tests/ivtest/ivltests/blocksynth2.v.html#l-39" target="file-frame">third_party/tests/ivtest/ivltests/blocksynth2.v:39</a>:34-47:
   | 
   |       for (idx = 0 ;  idx &lt; 7 ;  idx = idx + 1) begin
   |                                  ^^^^^^^^^^^^^       

You have encountered a compiler bug. Sorry about that! We would appreciate if you open an issue [1] and describe how you triggered the bug, together with a minimal snippet of code to reproduce it. Thanks!
[1]: https://github.com/fabianschuiki/moore

warning: `$display` not supported; ignored
  --&gt; <a href="../../../../third_party/tests/ivtest/ivltests/blocksynth2.v.html#l-42" target="file-frame">third_party/tests/ivtest/ivltests/blocksynth2.v:42</a>:6-67:
   | 
   |         $display(&#34;FAILED -- sel=%b, out=%b, flag=%b&#34;, sel, out, flag);
   |         ^^^^^^^^^^^^^^^^^^^^^^^^^^^^^^^^^^^^^^^^^^^^^^^^^^^^^^^^^^^^^ 

compiler bug: lowering of expression not implemented
  --&gt; <a href="../../../../third_party/tests/ivtest/ivltests/blocksynth2.v.html#l-43" target="file-frame">third_party/tests/ivtest/ivltests/blocksynth2.v:43</a>:6-13:
   | 
   |         $finish;
   |         ^^^^^^^ 

You have encountered a compiler bug. Sorry about that! We would appreciate if you open an issue [1] and describe how you triggered the bug, together with a minimal snippet of code to reproduce it. Thanks!
[1]: https://github.com/fabianschuiki/moore

warning: `$display` not supported; ignored
  --&gt; <a href="../../../../third_party/tests/ivtest/ivltests/blocksynth2.v.html#l-49" target="file-frame">third_party/tests/ivtest/ivltests/blocksynth2.v:49</a>:6-89:
   | 
   |         $display(&#34;FAILED -- test=%b, sel=%b, out=%b, flag=%b&#34;,
   |         ^^^^^^^^^^^^^^^^^^^^^^^^^^^^^^^^^^^^^^^^^^^^^^^^^^^^^^

compiler bug: lowering of expression not implemented
  --&gt; <a href="../../../../third_party/tests/ivtest/ivltests/blocksynth2.v.html#l-51" target="file-frame">third_party/tests/ivtest/ivltests/blocksynth2.v:51</a>:6-13:
   | 
   |         $finish;
   |         ^^^^^^^ 

You have encountered a compiler bug. Sorry about that! We would appreciate if you open an issue [1] and describe how you triggered the bug, together with a minimal snippet of code to reproduce it. Thanks!
[1]: https://github.com/fabianschuiki/moore

warning: `$display` not supported; ignored
  --&gt; <a href="../../../../third_party/tests/ivtest/ivltests/blocksynth2.v.html#l-55" target="file-frame">third_party/tests/ivtest/ivltests/blocksynth2.v:55</a>:7-25:
   | 
   |       $display(&#34;PASSED&#34;);
   |       ^^^^^^^^^^^^^^^^^^ 


</pre>
</body>