<head>
  <style>
    .log { font-family: "Courier New", Consolas, monospace; font-size: 80%; }
    .test-failed { background-color: #ffaaaa; }
    .test-passed { background-color: #aaffaa; }
  </style>
</head>
<body>
<h3><a href="http://llhd.io/" target="_blank">moore</a></h3>
<pre class="test-failed">
description: Test imported from ivtest
rc: 101 (means success: 0)
should_fail: 0
tags: ivtest
incdirs: /tmpfs/src/github/sv-tests/third_party/tests/ivtest /tmpfs/src/github/sv-tests/third_party/tests/ivtest/ivltests
top_module: 
type: parsing
mode: parsing
files: <a href="../../../../third_party/tests/ivtest/ivltests/br973.v.html" target="file-frame">third_party/tests/ivtest/ivltests/br973.v</a>
time_elapsed: 0.004s
ram usage: 10400 KB
</pre>
<pre class="log">

moore -I /tmpfs/src/github/sv-tests/third_party/tests/ivtest -I /tmpfs/src/github/sv-tests/third_party/tests/ivtest/ivltests -e test <a href="../../../../third_party/tests/ivtest/ivltests/br973.v.html" target="file-frame">third_party/tests/ivtest/ivltests/br973.v</a>
warning: `$display` not supported; ignored
  --&gt; <a href="../../../../third_party/tests/ivtest/ivltests/br973.v.html#l-15" target="file-frame">third_party/tests/ivtest/ivltests/br973.v:15</a>:5-23:
   | 
   |     $display(&#34;PASSED&#34;);
   |     ^^^^^^^^^^^^^^^^^^ 

warning: `$display` not supported; ignored
  --&gt; <a href="../../../../third_party/tests/ivtest/ivltests/br973.v.html#l-17" target="file-frame">third_party/tests/ivtest/ivltests/br973.v:17</a>:5-23:
   | 
   |     $display(&#34;FAILED&#34;);
   |     ^^^^^^^^^^^^^^^^^^ 

compiler bug: rvalue lowering produced type `int`, expected `int`
  --&gt; <a href="../../../../third_party/tests/ivtest/ivltests/br973.v.html#l-14" target="file-frame">third_party/tests/ivtest/ivltests/br973.v:14</a>:7-19:
   | 
   |   if ($bits(enum1) == 1 &amp;&amp; $bits(enum2) == 1 &amp;&amp; $bits(enum3) == 1)
   |       ^^^^^^^^^^^^                                                
   = note: Assertion failed: ty::identical(rvalue.ty, cast.init)
   = note: Encountered at src/svlog/mir/lower/rvalue.rs:98

You have encountered a compiler bug. Sorry about that! We would appreciate if you open an issue [1] and describe how you triggered the bug, together with a minimal snippet of code to reproduce it. Thanks!
[1]: https://github.com/fabianschuiki/moore

thread &#39;main&#39; panicked at &#39;rvalue lowering produced type `int`, expected `int`&#39;, &lt;::std::macros::panic macros&gt;:5:6
note: run with `RUST_BACKTRACE=1` environment variable to display a backtrace

</pre>
</body>