<head>
  <style>
    .log { font-family: "Courier New", Consolas, monospace; font-size: 80%; }
    .test-failed { background-color: #ffaaaa; }
    .test-passed { background-color: #aaffaa; }
  </style>
</head>
<body>
<h3><a href="http://llhd.io/" target="_blank">moore</a></h3>
<pre class="test-failed">
description: Test imported from ivtest
rc: 1 (means success: 0)
should_fail: 0
tags: ivtest
incdirs: /tmpfs/src/github/sv-tests/third_party/tests/ivtest /tmpfs/src/github/sv-tests/third_party/tests/ivtest/ivltests
top_module: 
type: parsing
mode: parsing
files: <a href="../../../../third_party/tests/ivtest/ivltests/con_tri.v.html" target="file-frame">third_party/tests/ivtest/ivltests/con_tri.v</a>
time_elapsed: 0.004s
ram usage: 9584 KB
</pre>
<pre class="log">

moore -I /tmpfs/src/github/sv-tests/third_party/tests/ivtest -I /tmpfs/src/github/sv-tests/third_party/tests/ivtest/ivltests -e main <a href="../../../../third_party/tests/ivtest/ivltests/con_tri.v.html" target="file-frame">third_party/tests/ivtest/ivltests/con_tri.v</a>
warning: `$display` not supported; ignored
  --&gt; <a href="../../../../third_party/tests/ivtest/ivltests/con_tri.v.html#l-45" target="file-frame">third_party/tests/ivtest/ivltests/con_tri.v:45</a>:3-51:
   | 
   |      $display(&#34;FAILED -- sel==%b, out==%b&#34;, sel, out);
   |      ^^^^^^^^^^^^^^^^^^^^^^^^^^^^^^^^^^^^^^^^^^^^^^^^ 

compiler bug: lowering of expression not implemented
  --&gt; <a href="../../../../third_party/tests/ivtest/ivltests/con_tri.v.html#l-46" target="file-frame">third_party/tests/ivtest/ivltests/con_tri.v:46</a>:3-10:
   | 
   |      $finish;
   |      ^^^^^^^ 

You have encountered a compiler bug. Sorry about that! We would appreciate if you open an issue [1] and describe how you triggered the bug, together with a minimal snippet of code to reproduce it. Thanks!
[1]: https://github.com/fabianschuiki/moore

warning: `$display` not supported; ignored
  --&gt; <a href="../../../../third_party/tests/ivtest/ivltests/con_tri.v.html#l-51" target="file-frame">third_party/tests/ivtest/ivltests/con_tri.v:51</a>:3-63:
   | 
   |      $display(&#34;FAILED -- sel==%b, out==%b, v0==%b&#34;, sel, out, v0);
   |      ^^^^^^^^^^^^^^^^^^^^^^^^^^^^^^^^^^^^^^^^^^^^^^^^^^^^^^^^^^^^ 

compiler bug: lowering of expression not implemented
  --&gt; <a href="../../../../third_party/tests/ivtest/ivltests/con_tri.v.html#l-52" target="file-frame">third_party/tests/ivtest/ivltests/con_tri.v:52</a>:3-10:
   | 
   |      $finish;
   |      ^^^^^^^ 

You have encountered a compiler bug. Sorry about that! We would appreciate if you open an issue [1] and describe how you triggered the bug, together with a minimal snippet of code to reproduce it. Thanks!
[1]: https://github.com/fabianschuiki/moore

warning: `$display` not supported; ignored
  --&gt; <a href="../../../../third_party/tests/ivtest/ivltests/con_tri.v.html#l-57" target="file-frame">third_party/tests/ivtest/ivltests/con_tri.v:57</a>:3-51:
   | 
   |      $display(&#34;FAILED -- sel==%b, out==%b&#34;, sel, out);
   |      ^^^^^^^^^^^^^^^^^^^^^^^^^^^^^^^^^^^^^^^^^^^^^^^^ 

compiler bug: lowering of expression not implemented
  --&gt; <a href="../../../../third_party/tests/ivtest/ivltests/con_tri.v.html#l-58" target="file-frame">third_party/tests/ivtest/ivltests/con_tri.v:58</a>:3-10:
   | 
   |      $finish;
   |      ^^^^^^^ 

You have encountered a compiler bug. Sorry about that! We would appreciate if you open an issue [1] and describe how you triggered the bug, together with a minimal snippet of code to reproduce it. Thanks!
[1]: https://github.com/fabianschuiki/moore

warning: `$display` not supported; ignored
  --&gt; <a href="../../../../third_party/tests/ivtest/ivltests/con_tri.v.html#l-63" target="file-frame">third_party/tests/ivtest/ivltests/con_tri.v:63</a>:3-51:
   | 
   |      $display(&#34;FAILED -- sel==%b, out==%b&#34;, sel, out);
   |      ^^^^^^^^^^^^^^^^^^^^^^^^^^^^^^^^^^^^^^^^^^^^^^^^ 

compiler bug: lowering of expression not implemented
  --&gt; <a href="../../../../third_party/tests/ivtest/ivltests/con_tri.v.html#l-64" target="file-frame">third_party/tests/ivtest/ivltests/con_tri.v:64</a>:3-10:
   | 
   |      $finish;
   |      ^^^^^^^ 

You have encountered a compiler bug. Sorry about that! We would appreciate if you open an issue [1] and describe how you triggered the bug, together with a minimal snippet of code to reproduce it. Thanks!
[1]: https://github.com/fabianschuiki/moore

warning: `$display` not supported; ignored
  --&gt; <a href="../../../../third_party/tests/ivtest/ivltests/con_tri.v.html#l-69" target="file-frame">third_party/tests/ivtest/ivltests/con_tri.v:69</a>:3-51:
   | 
   |      $display(&#34;FAILED -- sel==%b, out==%b&#34;, sel, out);
   |      ^^^^^^^^^^^^^^^^^^^^^^^^^^^^^^^^^^^^^^^^^^^^^^^^ 

compiler bug: lowering of expression not implemented
  --&gt; <a href="../../../../third_party/tests/ivtest/ivltests/con_tri.v.html#l-70" target="file-frame">third_party/tests/ivtest/ivltests/con_tri.v:70</a>:3-10:
   | 
   |      $finish;
   |      ^^^^^^^ 

You have encountered a compiler bug. Sorry about that! We would appreciate if you open an issue [1] and describe how you triggered the bug, together with a minimal snippet of code to reproduce it. Thanks!
[1]: https://github.com/fabianschuiki/moore

warning: `$display` not supported; ignored
  --&gt; <a href="../../../../third_party/tests/ivtest/ivltests/con_tri.v.html#l-73" target="file-frame">third_party/tests/ivtest/ivltests/con_tri.v:73</a>:7-25:
   | 
   |       $display(&#34;PASSED&#34;);
   |       ^^^^^^^^^^^^^^^^^^ 


</pre>
</body>