<head>
  <style>
    .log { font-family: "Courier New", Consolas, monospace; font-size: 80%; }
    .test-failed { background-color: #ffaaaa; }
    .test-passed { background-color: #aaffaa; }
  </style>
</head>
<body>
<h3><a href="http://llhd.io/" target="_blank">moore</a></h3>
<pre class="test-failed">
description: Test imported from ivtest
should_fail: 0
tags: ivtest
incdirs: /tmpfs/src/github/sv-tests/third_party/tests/ivtest /tmpfs/src/github/sv-tests/third_party/tests/ivtest/ivltests
top_module: 
type: parsing
mode: parsing
files: <a href="../../../../third_party/tests/ivtest/ivltests/cond_wide2.v.html" target="file-frame">third_party/tests/ivtest/ivltests/cond_wide2.v</a>
time_elapsed: 0.004s
ram usage: 9636 KB
</pre>
<pre class="log">

error: `!==` is not a valid binary operator
  --&gt; <a href="../../../../third_party/tests/ivtest/ivltests/cond_wide2.v.html#l-29" target="file-frame">third_party/tests/ivtest/ivltests/cond_wide2.v:29</a>:11-24:
   | 
   |       if (test !== 1&#39;b0) begin
   |           ^^^^^^^^^^^^^       

warning: `$display` not supported; ignored
  --&gt; <a href="../../../../third_party/tests/ivtest/ivltests/cond_wide2.v.html#l-30" target="file-frame">third_party/tests/ivtest/ivltests/cond_wide2.v:30</a>:3-53:
   | 
   |      $display(&#34;FAILED -- cond=%b, test=%b&#34;, cond, test);
   |      ^^^^^^^^^^^^^^^^^^^^^^^^^^^^^^^^^^^^^^^^^^^^^^^^^^ 

compiler bug: lowering of expression not implemented
  --&gt; <a href="../../../../third_party/tests/ivtest/ivltests/cond_wide2.v.html#l-31" target="file-frame">third_party/tests/ivtest/ivltests/cond_wide2.v:31</a>:3-10:
   | 
   |      $finish;
   |      ^^^^^^^ 

You have encountered a compiler bug. Sorry about that! We would appreciate if you open an issue [1] and describe how you triggered the bug, together with a minimal snippet of code to reproduce it. Thanks!
[1]: https://github.com/fabianschuiki/moore

error: `!==` is not a valid binary operator
  --&gt; <a href="../../../../third_party/tests/ivtest/ivltests/cond_wide2.v.html#l-37" target="file-frame">third_party/tests/ivtest/ivltests/cond_wide2.v:37</a>:11-21:
   | 
   |       if (test !== 1) begin
   |           ^^^^^^^^^^       

warning: `$display` not supported; ignored
  --&gt; <a href="../../../../third_party/tests/ivtest/ivltests/cond_wide2.v.html#l-38" target="file-frame">third_party/tests/ivtest/ivltests/cond_wide2.v:38</a>:3-53:
   | 
   |      $display(&#34;FAILED -- cond=%b, test=%b&#34;, cond, test);
   |      ^^^^^^^^^^^^^^^^^^^^^^^^^^^^^^^^^^^^^^^^^^^^^^^^^^ 

compiler bug: lowering of expression not implemented
  --&gt; <a href="../../../../third_party/tests/ivtest/ivltests/cond_wide2.v.html#l-39" target="file-frame">third_party/tests/ivtest/ivltests/cond_wide2.v:39</a>:3-10:
   | 
   |      $finish;
   |      ^^^^^^^ 

You have encountered a compiler bug. Sorry about that! We would appreciate if you open an issue [1] and describe how you triggered the bug, together with a minimal snippet of code to reproduce it. Thanks!
[1]: https://github.com/fabianschuiki/moore

error: `!==` is not a valid binary operator
  --&gt; <a href="../../../../third_party/tests/ivtest/ivltests/cond_wide2.v.html#l-45" target="file-frame">third_party/tests/ivtest/ivltests/cond_wide2.v:45</a>:11-21:
   | 
   |       if (test !== 1) begin
   |           ^^^^^^^^^^       

warning: `$display` not supported; ignored
  --&gt; <a href="../../../../third_party/tests/ivtest/ivltests/cond_wide2.v.html#l-46" target="file-frame">third_party/tests/ivtest/ivltests/cond_wide2.v:46</a>:3-53:
   | 
   |      $display(&#34;FAILED -- cond=%b, test=%b&#34;, cond, test);
   |      ^^^^^^^^^^^^^^^^^^^^^^^^^^^^^^^^^^^^^^^^^^^^^^^^^^ 

compiler bug: lowering of expression not implemented
  --&gt; <a href="../../../../third_party/tests/ivtest/ivltests/cond_wide2.v.html#l-47" target="file-frame">third_party/tests/ivtest/ivltests/cond_wide2.v:47</a>:3-10:
   | 
   |      $finish;
   |      ^^^^^^^ 

You have encountered a compiler bug. Sorry about that! We would appreciate if you open an issue [1] and describe how you triggered the bug, together with a minimal snippet of code to reproduce it. Thanks!
[1]: https://github.com/fabianschuiki/moore

warning: `$display` not supported; ignored
  --&gt; <a href="../../../../third_party/tests/ivtest/ivltests/cond_wide2.v.html#l-50" target="file-frame">third_party/tests/ivtest/ivltests/cond_wide2.v:50</a>:7-25:
   | 
   |       $display(&#34;PASSED&#34;);
   |       ^^^^^^^^^^^^^^^^^^ 

error: `&#34;test !== 1\&#39;b0&#34;` cannot be cast to a boolean
  --&gt; <a href="../../../../third_party/tests/ivtest/ivltests/cond_wide2.v.html#l-29" target="file-frame">third_party/tests/ivtest/ivltests/cond_wide2.v:29</a>:11-24:
   | 
   |       if (test !== 1&#39;b0) begin
   |           ^^^^^^^^^^^^^       


</pre>
</body>