<head>
  <style>
    .log { font-family: "Courier New", Consolas, monospace; font-size: 80%; }
    .test-failed { background-color: #ffaaaa; }
    .test-passed { background-color: #aaffaa; }
  </style>
</head>
<body>
<h3><a href="http://llhd.io/" target="_blank">moore</a></h3>
<pre class="test-failed">
description: Test imported from ivtest
rc: 1 (means success: 0)
should_fail: 0
tags: ivtest
incdirs: /tmpfs/src/github/sv-tests/third_party/tests/ivtest /tmpfs/src/github/sv-tests/third_party/tests/ivtest/ivltests
top_module: 
type: parsing
mode: parsing
files: <a href="../../../../third_party/tests/ivtest/ivltests/delay4.v.html" target="file-frame">third_party/tests/ivtest/ivltests/delay4.v</a>
time_elapsed: 0.004s
ram usage: 9704 KB
</pre>
<pre class="log">

moore -I /tmpfs/src/github/sv-tests/third_party/tests/ivtest -I /tmpfs/src/github/sv-tests/third_party/tests/ivtest/ivltests -e main <a href="../../../../third_party/tests/ivtest/ivltests/delay4.v.html" target="file-frame">third_party/tests/ivtest/ivltests/delay4.v</a>
warning: `$display` not supported; ignored
  --&gt; <a href="../../../../third_party/tests/ivtest/ivltests/delay4.v.html#l-18" target="file-frame">third_party/tests/ivtest/ivltests/delay4.v:18</a>:3-78:
   | 
   |      $display(&#34;FAILED -- time=%0t, drive=%b, trace=%b&#34;,
   |      ^^^^^^^^^^^^^^^^^^^^^^^^^^^^^^^^^^^^^^^^^^^^^^^^^^

compiler bug: lowering of expression not implemented
  --&gt; <a href="../../../../third_party/tests/ivtest/ivltests/delay4.v.html#l-20" target="file-frame">third_party/tests/ivtest/ivltests/delay4.v:20</a>:3-10:
   | 
   |      $finish;
   |      ^^^^^^^ 

You have encountered a compiler bug. Sorry about that! We would appreciate if you open an issue [1] and describe how you triggered the bug, together with a minimal snippet of code to reproduce it. Thanks!
[1]: https://github.com/fabianschuiki/moore

warning: `$display` not supported; ignored
  --&gt; <a href="../../../../third_party/tests/ivtest/ivltests/delay4.v.html#l-27" target="file-frame">third_party/tests/ivtest/ivltests/delay4.v:27</a>:3-78:
   | 
   |      $display(&#34;FAILED -- time=%0t, drive=%b, trace=%b&#34;,
   |      ^^^^^^^^^^^^^^^^^^^^^^^^^^^^^^^^^^^^^^^^^^^^^^^^^^

compiler bug: lowering of expression not implemented
  --&gt; <a href="../../../../third_party/tests/ivtest/ivltests/delay4.v.html#l-29" target="file-frame">third_party/tests/ivtest/ivltests/delay4.v:29</a>:3-10:
   | 
   |      $finish;
   |      ^^^^^^^ 

You have encountered a compiler bug. Sorry about that! We would appreciate if you open an issue [1] and describe how you triggered the bug, together with a minimal snippet of code to reproduce it. Thanks!
[1]: https://github.com/fabianschuiki/moore

warning: `$display` not supported; ignored
  --&gt; <a href="../../../../third_party/tests/ivtest/ivltests/delay4.v.html#l-32" target="file-frame">third_party/tests/ivtest/ivltests/delay4.v:32</a>:3-78:
   | 
   |      $display(&#34;FAILED -- time=%0t, drive=%b, trace=%b&#34;,
   |      ^^^^^^^^^^^^^^^^^^^^^^^^^^^^^^^^^^^^^^^^^^^^^^^^^^

compiler bug: lowering of expression not implemented
  --&gt; <a href="../../../../third_party/tests/ivtest/ivltests/delay4.v.html#l-34" target="file-frame">third_party/tests/ivtest/ivltests/delay4.v:34</a>:3-10:
   | 
   |      $finish;
   |      ^^^^^^^ 

You have encountered a compiler bug. Sorry about that! We would appreciate if you open an issue [1] and describe how you triggered the bug, together with a minimal snippet of code to reproduce it. Thanks!
[1]: https://github.com/fabianschuiki/moore

warning: `$display` not supported; ignored
  --&gt; <a href="../../../../third_party/tests/ivtest/ivltests/delay4.v.html#l-44" target="file-frame">third_party/tests/ivtest/ivltests/delay4.v:44</a>:3-78:
   | 
   |      $display(&#34;FAILED -- time=%0t, drive=%b, trace=%b&#34;,
   |      ^^^^^^^^^^^^^^^^^^^^^^^^^^^^^^^^^^^^^^^^^^^^^^^^^^

compiler bug: lowering of expression not implemented
  --&gt; <a href="../../../../third_party/tests/ivtest/ivltests/delay4.v.html#l-46" target="file-frame">third_party/tests/ivtest/ivltests/delay4.v:46</a>:3-10:
   | 
   |      $finish;
   |      ^^^^^^^ 

You have encountered a compiler bug. Sorry about that! We would appreciate if you open an issue [1] and describe how you triggered the bug, together with a minimal snippet of code to reproduce it. Thanks!
[1]: https://github.com/fabianschuiki/moore

warning: `$display` not supported; ignored
  --&gt; <a href="../../../../third_party/tests/ivtest/ivltests/delay4.v.html#l-50" target="file-frame">third_party/tests/ivtest/ivltests/delay4.v:50</a>:3-78:
   | 
   |      $display(&#34;FAILED -- time=%0t, drive=%b, trace=%b&#34;,
   |      ^^^^^^^^^^^^^^^^^^^^^^^^^^^^^^^^^^^^^^^^^^^^^^^^^^

compiler bug: lowering of expression not implemented
  --&gt; <a href="../../../../third_party/tests/ivtest/ivltests/delay4.v.html#l-52" target="file-frame">third_party/tests/ivtest/ivltests/delay4.v:52</a>:3-10:
   | 
   |      $finish;
   |      ^^^^^^^ 

You have encountered a compiler bug. Sorry about that! We would appreciate if you open an issue [1] and describe how you triggered the bug, together with a minimal snippet of code to reproduce it. Thanks!
[1]: https://github.com/fabianschuiki/moore

warning: `$display` not supported; ignored
  --&gt; <a href="../../../../third_party/tests/ivtest/ivltests/delay4.v.html#l-55" target="file-frame">third_party/tests/ivtest/ivltests/delay4.v:55</a>:7-25:
   | 
   |       $display(&#34;PASSED&#34;);
   |       ^^^^^^^^^^^^^^^^^^ 

compiler bug: lowering of expression not implemented
  --&gt; <a href="../../../../third_party/tests/ivtest/ivltests/delay4.v.html#l-56" target="file-frame">third_party/tests/ivtest/ivltests/delay4.v:56</a>:7-14:
   | 
   |       $finish;
   |       ^^^^^^^ 

You have encountered a compiler bug. Sorry about that! We would appreciate if you open an issue [1] and describe how you triggered the bug, together with a minimal snippet of code to reproduce it. Thanks!
[1]: https://github.com/fabianschuiki/moore


</pre>
</body>