<head>
  <style>
    .log { font-family: "Courier New", Consolas, monospace; font-size: 80%; }
    .test-failed { background-color: #ffaaaa; }
    .test-passed { background-color: #aaffaa; }
  </style>
</head>
<body>
<h3><a href="http://llhd.io/" target="_blank">moore</a></h3>
<pre class="test-failed">
description: Test imported from ivtest
rc: 1 (means success: 0)
should_fail: 0
tags: ivtest
incdirs: /tmpfs/src/github/sv-tests/third_party/tests/ivtest /tmpfs/src/github/sv-tests/third_party/tests/ivtest/ivltests
top_module: 
type: parsing
mode: parsing
files: <a href="../../../../third_party/tests/ivtest/ivltests/gh161b.v.html" target="file-frame">third_party/tests/ivtest/ivltests/gh161b.v</a>
time_elapsed: 0.008s
ram usage: 9504 KB
</pre>
<pre class="log">

moore -I /tmpfs/src/github/sv-tests/third_party/tests/ivtest -I /tmpfs/src/github/sv-tests/third_party/tests/ivtest/ivltests -e test <a href="../../../../third_party/tests/ivtest/ivltests/gh161b.v.html" target="file-frame">third_party/tests/ivtest/ivltests/gh161b.v</a>
warning: `$display` not supported; ignored
  --&gt; <a href="../../../../third_party/tests/ivtest/ivltests/gh161b.v.html#l-21" target="file-frame">third_party/tests/ivtest/ivltests/gh161b.v:21</a>:7-36:
   | 
   |       $display(&#34;main=0x%08X&#34;, main);
   |       ^^^^^^^^^^^^^^^^^^^^^^^^^^^^^ 

warning: `$display` not supported; ignored
  --&gt; <a href="../../../../third_party/tests/ivtest/ivltests/gh161b.v.html#l-23" target="file-frame">third_party/tests/ivtest/ivltests/gh161b.v:23</a>:3-70:
   | 
   |      $display(&#34;FAILED -- main != 128&#39;h0000cafe0000000100000eca00000ace&#34;);
   |      ^^^^^^^^^^^^^^^^^^^^^^^^^^^^^^^^^^^^^^^^^^^^^^^^^^^^^^^^^^^^^^^^^^^ 

 ERROR moore_svlog::hir::lowering &gt; Expr #0x562f65ffc800
compiler bug: lowering of expression not implemented
  --&gt; <a href="../../../../third_party/tests/ivtest/ivltests/gh161b.v.html#l-24" target="file-frame">third_party/tests/ivtest/ivltests/gh161b.v:24</a>:3-10:
   | 
   |      $finish;
   |      ^^^^^^^ 

You have encountered a compiler bug. Sorry about that! We would appreciate if you open an issue [1] and describe how you triggered the bug, together with a minimal snippet of code to reproduce it. Thanks!
[1]: https://github.com/fabianschuiki/moore

warning: `$display` not supported; ignored
  --&gt; <a href="../../../../third_party/tests/ivtest/ivltests/gh161b.v.html#l-26" target="file-frame">third_party/tests/ivtest/ivltests/gh161b.v:26</a>:7-56:
   | 
   |       $display(&#34;main.row_local=0x%08X&#34;, main.row_local);    
   |       ^^^^^^^^^^^^^^^^^^^^^^^^^^^^^^^^^^^^^^^^^^^^^^^^^     

warning: `$display` not supported; ignored
  --&gt; <a href="../../../../third_party/tests/ivtest/ivltests/gh161b.v.html#l-27" target="file-frame">third_party/tests/ivtest/ivltests/gh161b.v:27</a>:7-50:
   | 
   |       $display(&#34;main.sub=0x%08X&#34;,       main.sub);    
   |       ^^^^^^^^^^^^^^^^^^^^^^^^^^^^^^^^^^^^^^^^^^^     

warning: `$display` not supported; ignored
  --&gt; <a href="../../../../third_party/tests/ivtest/ivltests/gh161b.v.html#l-28" target="file-frame">third_party/tests/ivtest/ivltests/gh161b.v:28</a>:7-64:
   | 
   |       $display(&#34;main.sub.sub_local=0x%08X&#34;, main.sub.sub_local);    
   |       ^^^^^^^^^^^^^^^^^^^^^^^^^^^^^^^^^^^^^^^^^^^^^^^^^^^^^^^^^     

warning: `$display` not supported; ignored
  --&gt; <a href="../../../../third_party/tests/ivtest/ivltests/gh161b.v.html#l-30" target="file-frame">third_party/tests/ivtest/ivltests/gh161b.v:30</a>:3-59:
   | 
   |      $display(&#34;FAILED -- main.sub.sub_local != 32&#39;h00000001&#34;);
   |      ^^^^^^^^^^^^^^^^^^^^^^^^^^^^^^^^^^^^^^^^^^^^^^^^^^^^^^^^ 

 ERROR moore_svlog::hir::lowering &gt; Expr #0x562f65ffb270
compiler bug: lowering of expression not implemented
  --&gt; <a href="../../../../third_party/tests/ivtest/ivltests/gh161b.v.html#l-31" target="file-frame">third_party/tests/ivtest/ivltests/gh161b.v:31</a>:3-10:
   | 
   |      $finish;
   |      ^^^^^^^ 

You have encountered a compiler bug. Sorry about that! We would appreciate if you open an issue [1] and describe how you triggered the bug, together with a minimal snippet of code to reproduce it. Thanks!
[1]: https://github.com/fabianschuiki/moore

warning: `$display` not supported; ignored
  --&gt; <a href="../../../../third_party/tests/ivtest/ivltests/gh161b.v.html#l-33" target="file-frame">third_party/tests/ivtest/ivltests/gh161b.v:33</a>:7-80:
   | 
   |       $display(&#34;main.sub_list[0].sub_local=0x%08X&#34;, main.sub_list[0].sub_local);   
   |       ^^^^^^^^^^^^^^^^^^^^^^^^^^^^^^^^^^^^^^^^^^^^^^^^^^^^^^^^^^^^^^^^^^^^^^^^^    

warning: `$display` not supported; ignored
  --&gt; <a href="../../../../third_party/tests/ivtest/ivltests/gh161b.v.html#l-35" target="file-frame">third_party/tests/ivtest/ivltests/gh161b.v:35</a>:3-59:
   | 
   |      $display(&#34;FAILED -- main.sub.sub_local != 32&#39;h00000ace&#34;);
   |      ^^^^^^^^^^^^^^^^^^^^^^^^^^^^^^^^^^^^^^^^^^^^^^^^^^^^^^^^ 

 ERROR moore_svlog::hir::lowering &gt; Expr #0x562f66001370
compiler bug: lowering of expression not implemented
  --&gt; <a href="../../../../third_party/tests/ivtest/ivltests/gh161b.v.html#l-36" target="file-frame">third_party/tests/ivtest/ivltests/gh161b.v:36</a>:3-10:
   | 
   |      $finish;
   |      ^^^^^^^ 

You have encountered a compiler bug. Sorry about that! We would appreciate if you open an issue [1] and describe how you triggered the bug, together with a minimal snippet of code to reproduce it. Thanks!
[1]: https://github.com/fabianschuiki/moore

warning: `$display` not supported; ignored
  --&gt; <a href="../../../../third_party/tests/ivtest/ivltests/gh161b.v.html#l-38" target="file-frame">third_party/tests/ivtest/ivltests/gh161b.v:38</a>:7-80:
   | 
   |       $display(&#34;main.sub_list[1].sub_local=0x%08X&#34;, main.sub_list[1].sub_local);   
   |       ^^^^^^^^^^^^^^^^^^^^^^^^^^^^^^^^^^^^^^^^^^^^^^^^^^^^^^^^^^^^^^^^^^^^^^^^^    

warning: `$display` not supported; ignored
  --&gt; <a href="../../../../third_party/tests/ivtest/ivltests/gh161b.v.html#l-40" target="file-frame">third_party/tests/ivtest/ivltests/gh161b.v:40</a>:3-59:
   | 
   |      $display(&#34;FAILED -- main.sub.sub_local != 32&#39;h00000eca&#34;);
   |      ^^^^^^^^^^^^^^^^^^^^^^^^^^^^^^^^^^^^^^^^^^^^^^^^^^^^^^^^ 

 ERROR moore_svlog::hir::lowering &gt; Expr #0x562f66002710
compiler bug: lowering of expression not implemented
  --&gt; <a href="../../../../third_party/tests/ivtest/ivltests/gh161b.v.html#l-41" target="file-frame">third_party/tests/ivtest/ivltests/gh161b.v:41</a>:3-10:
   | 
   |      $finish;
   |      ^^^^^^^ 

You have encountered a compiler bug. Sorry about that! We would appreciate if you open an issue [1] and describe how you triggered the bug, together with a minimal snippet of code to reproduce it. Thanks!
[1]: https://github.com/fabianschuiki/moore

warning: `$display` not supported; ignored
  --&gt; <a href="../../../../third_party/tests/ivtest/ivltests/gh161b.v.html#l-43" target="file-frame">third_party/tests/ivtest/ivltests/gh161b.v:43</a>:7-25:
   | 
   |       $display(&#34;PASSED&#34;);
   |       ^^^^^^^^^^^^^^^^^^ 

warning: `$finish` not supported; ignored
  --&gt; <a href="../../../../third_party/tests/ivtest/ivltests/gh161b.v.html#l-44" target="file-frame">third_party/tests/ivtest/ivltests/gh161b.v:44</a>:7-16:
   | 
   |       $finish();
   |       ^^^^^^^^^ 

warning: cast ignored during constant evaluation
  --&gt; <a href="../../../../third_party/tests/ivtest/ivltests/gh161b.v.html#l-17" target="file-frame">third_party/tests/ivtest/ivltests/gh161b.v:17</a>:24-32:
   | 
   |       main.row_local = 32&#39;hCAFE;    
   |                        ^^^^^^^^     
   = note: Casts `32&#39;hCAFE` from `int unsigned` to `integer unsigned`
  --&gt; <a href="../../../../third_party/tests/ivtest/ivltests/gh161b.v.html#l-17" target="file-frame">third_party/tests/ivtest/ivltests/gh161b.v:17</a>:24-32:
   | 
   |       main.row_local = 32&#39;hCAFE;    
   |                        ^^^^^^^^     

warning: cast ignored during constant evaluation
  --&gt; <a href="../../../../third_party/tests/ivtest/ivltests/gh161b.v.html#l-18" target="file-frame">third_party/tests/ivtest/ivltests/gh161b.v:18</a>:28-40:
   | 
   |       main.sub.sub_local = 32&#39;h00000001;
   |                            ^^^^^^^^^^^^ 
   = note: Casts `32&#39;h00000001` from `int unsigned` to `integer unsigned`
  --&gt; <a href="../../../../third_party/tests/ivtest/ivltests/gh161b.v.html#l-18" target="file-frame">third_party/tests/ivtest/ivltests/gh161b.v:18</a>:28-40:
   | 
   |       main.sub.sub_local = 32&#39;h00000001;
   |                            ^^^^^^^^^^^^ 

warning: cast ignored during constant evaluation
  --&gt; <a href="../../../../third_party/tests/ivtest/ivltests/gh161b.v.html#l-19" target="file-frame">third_party/tests/ivtest/ivltests/gh161b.v:19</a>:36-43:
   | 
   |       main.sub_list[0].sub_local = 32&#39;hACE;
   |                                    ^^^^^^^ 
   = note: Casts `32&#39;hACE` from `int unsigned` to `integer unsigned`
  --&gt; <a href="../../../../third_party/tests/ivtest/ivltests/gh161b.v.html#l-19" target="file-frame">third_party/tests/ivtest/ivltests/gh161b.v:19</a>:36-43:
   | 
   |       main.sub_list[0].sub_local = 32&#39;hACE;
   |                                    ^^^^^^^ 

warning: cast ignored during constant evaluation
  --&gt; <a href="../../../../third_party/tests/ivtest/ivltests/gh161b.v.html#l-20" target="file-frame">third_party/tests/ivtest/ivltests/gh161b.v:20</a>:36-43:
   | 
   |       main.sub_list[1].sub_local = 32&#39;hECA;
   |                                    ^^^^^^^ 
   = note: Casts `32&#39;hECA` from `int unsigned` to `integer unsigned`
  --&gt; <a href="../../../../third_party/tests/ivtest/ivltests/gh161b.v.html#l-20" target="file-frame">third_party/tests/ivtest/ivltests/gh161b.v:20</a>:36-43:
   | 
   |       main.sub_list[1].sub_local = 32&#39;hECA;
   |                                    ^^^^^^^ 

warning: cast ignored during constant evaluation
  --&gt; <a href="../../../../third_party/tests/ivtest/ivltests/gh161b.v.html#l-22" target="file-frame">third_party/tests/ivtest/ivltests/gh161b.v:22</a>:20-57:
   | 
   |       if (main !== 128&#39;h0000cafe0000000100000eca00000ace) begin
   |                    ^^^^^^^^^^^^^^^^^^^^^^^^^^^^^^^^^^^^^       
   = note: Casts `128&#39;h0000cafe0000000100000eca00000ace` from `bit [127:0]` to `logic [127:0]`
  --&gt; <a href="../../../../third_party/tests/ivtest/ivltests/gh161b.v.html#l-22" target="file-frame">third_party/tests/ivtest/ivltests/gh161b.v:22</a>:20-57:
   | 
   |       if (main !== 128&#39;h0000cafe0000000100000eca00000ace) begin
   |                    ^^^^^^^^^^^^^^^^^^^^^^^^^^^^^^^^^^^^^       


</pre>
</body>