<head>
  <style>
    .log { font-family: "Courier New", Consolas, monospace; font-size: 80%; }
    .test-failed { background-color: #ffaaaa; }
    .test-passed { background-color: #aaffaa; }
  </style>
</head>
<body>
<h3><a href="http://llhd.io/" target="_blank">moore</a></h3>
<pre class="test-failed">
description: Test imported from ivtest
rc: 101 (means success: 0)
should_fail: 0
tags: ivtest
incdirs: /tmpfs/src/github/sv-tests/third_party/tests/ivtest /tmpfs/src/github/sv-tests/third_party/tests/ivtest/ivltests
top_module: 
type: parsing
mode: parsing
files: <a href="../../../../third_party/tests/ivtest/ivltests/lh_catadd.v.html" target="file-frame">third_party/tests/ivtest/ivltests/lh_catadd.v</a>
time_elapsed: 0.004s
ram usage: 10532 KB
</pre>
<pre class="log">

moore -I /tmpfs/src/github/sv-tests/third_party/tests/ivtest -I /tmpfs/src/github/sv-tests/third_party/tests/ivtest/ivltests -e test <a href="../../../../third_party/tests/ivtest/ivltests/lh_catadd.v.html" target="file-frame">third_party/tests/ivtest/ivltests/lh_catadd.v</a>
warning: cast ignored during constant evaluation
  --&gt; <a href="../../../../third_party/tests/ivtest/ivltests/lh_catadd.v.html#l-22" target="file-frame">third_party/tests/ivtest/ivltests/lh_catadd.v:22</a>:19-20:
   | 
   |    wire [3:0] a = 7, b = 13 ;
   |                   ^          
   = note: Casts `7` from `bit signed [3:0]` to `bit [3:0]`
  --&gt; <a href="../../../../third_party/tests/ivtest/ivltests/lh_catadd.v.html#l-22" target="file-frame">third_party/tests/ivtest/ivltests/lh_catadd.v:22</a>:19-20:
   | 
   |    wire [3:0] a = 7, b = 13 ;
   |                   ^          

warning: cast ignored during constant evaluation
  --&gt; <a href="../../../../third_party/tests/ivtest/ivltests/lh_catadd.v.html#l-22" target="file-frame">third_party/tests/ivtest/ivltests/lh_catadd.v:22</a>:19-20:
   | 
   |    wire [3:0] a = 7, b = 13 ;
   |                   ^          
   = note: Casts `7` from `int` to `bit signed [3:0]`
  --&gt; <a href="../../../../third_party/tests/ivtest/ivltests/lh_catadd.v.html#l-22" target="file-frame">third_party/tests/ivtest/ivltests/lh_catadd.v:22</a>:19-20:
   | 
   |    wire [3:0] a = 7, b = 13 ;
   |                   ^          

warning: cast ignored during constant evaluation
  --&gt; <a href="../../../../third_party/tests/ivtest/ivltests/lh_catadd.v.html#l-22" target="file-frame">third_party/tests/ivtest/ivltests/lh_catadd.v:22</a>:26-28:
   | 
   |    wire [3:0] a = 7, b = 13 ;
   |                          ^^  
   = note: Casts `13` from `bit signed [3:0]` to `bit [3:0]`
  --&gt; <a href="../../../../third_party/tests/ivtest/ivltests/lh_catadd.v.html#l-22" target="file-frame">third_party/tests/ivtest/ivltests/lh_catadd.v:22</a>:26-28:
   | 
   |    wire [3:0] a = 7, b = 13 ;
   |                          ^^  

warning: cast ignored during constant evaluation
  --&gt; <a href="../../../../third_party/tests/ivtest/ivltests/lh_catadd.v.html#l-22" target="file-frame">third_party/tests/ivtest/ivltests/lh_catadd.v:22</a>:26-28:
   | 
   |    wire [3:0] a = 7, b = 13 ;
   |                          ^^  
   = note: Casts `13` from `int` to `bit signed [3:0]`
  --&gt; <a href="../../../../third_party/tests/ivtest/ivltests/lh_catadd.v.html#l-22" target="file-frame">third_party/tests/ivtest/ivltests/lh_catadd.v:22</a>:26-28:
   | 
   |    wire [3:0] a = 7, b = 13 ;
   |                          ^^  

compiler bug: no ast node for n19 in the map

You have encountered a compiler bug. Sorry about that! We would appreciate if you open an issue [1] and describe how you triggered the bug, together with a minimal snippet of code to reproduce it. Thanks!
[1]: https://github.com/fabianschuiki/moore

error: cannot concatenate a value of type `&lt;error&gt;`
  --&gt; <a href="../../../../third_party/tests/ivtest/ivltests/lh_catadd.v.html#l-25" target="file-frame">third_party/tests/ivtest/ivltests/lh_catadd.v:25</a>:11-22:
   | 
   |    assign {carry,sum} = a + b ;
   |           ^^^^^^^^^^^          
   = note: `&lt;error&gt;` has no simple bit-vector type representation

compiler bug: no ast node for n13 in the map

You have encountered a compiler bug. Sorry about that! We would appreciate if you open an issue [1] and describe how you triggered the bug, together with a minimal snippet of code to reproduce it. Thanks!
[1]: https://github.com/fabianschuiki/moore

error: cannot concatenate a value of type `&lt;error&gt;`
  --&gt; <a href="../../../../third_party/tests/ivtest/ivltests/lh_catadd.v.html#l-25" target="file-frame">third_party/tests/ivtest/ivltests/lh_catadd.v:25</a>:11-22:
   | 
   |    assign {carry,sum} = a + b ;
   |           ^^^^^^^^^^^          
   = note: `&lt;error&gt;` has no simple bit-vector type representation

compiler bug: no ast node for n5 in the map

You have encountered a compiler bug. Sorry about that! We would appreciate if you open an issue [1] and describe how you triggered the bug, together with a minimal snippet of code to reproduce it. Thanks!
[1]: https://github.com/fabianschuiki/moore

compiler bug: no ast node for n7 in the map

You have encountered a compiler bug. Sorry about that! We would appreciate if you open an issue [1] and describe how you triggered the bug, together with a minimal snippet of code to reproduce it. Thanks!
[1]: https://github.com/fabianschuiki/moore

 ERROR moore_svlog::mir::lower::lvalue &gt; Expr {
    id: n27,
    span: Source(1; &#34;<a href="../../../../third_party/tests/ivtest/ivltests/lh_catadd.v.html" target="file-frame">third_party/tests/ivtest/ivltests/lh_catadd.v</a>&#34;):940-951,
    kind: Concat(
        None,
        [
            n23,
            n26,
        ],
    ),
}
error: expression `{carry,sum}` cannot be assigned to
  --&gt; <a href="../../../../third_party/tests/ivtest/ivltests/lh_catadd.v.html#l-25" target="file-frame">third_party/tests/ivtest/ivltests/lh_catadd.v:25</a>:11-22:
   | 
   |    assign {carry,sum} = a + b ;
   |           ^^^^^^^^^^^          

warning: `$display` not supported; ignored
  --&gt; <a href="../../../../third_party/tests/ivtest/ivltests/lh_catadd.v.html#l-30" target="file-frame">third_party/tests/ivtest/ivltests/lh_catadd.v:30</a>:3-42:
   | 
   |      $display(&#34;FAILED: carry === %b&#34;, carry);
   |      ^^^^^^^^^^^^^^^^^^^^^^^^^^^^^^^^^^^^^^^ 

 ERROR moore_svlog::hir::lowering      &gt; Expr #57
compiler bug: lowering of expression to hir not implemented
  --&gt; <a href="../../../../third_party/tests/ivtest/ivltests/lh_catadd.v.html#l-31" target="file-frame">third_party/tests/ivtest/ivltests/lh_catadd.v:31</a>:3-10:
   | 
   |      $finish;
   |      ^^^^^^^ 
   = note: Encountered at src/svlog/hir/lowering.rs:1368

You have encountered a compiler bug. Sorry about that! We would appreciate if you open an issue [1] and describe how you triggered the bug, together with a minimal snippet of code to reproduce it. Thanks!
[1]: https://github.com/fabianschuiki/moore

thread &#39;main&#39; panicked at &#39;lowering of expression to hir not implemented&#39;, &lt;::std::macros::panic macros&gt;:5:6
note: run with `RUST_BACKTRACE=1` environment variable to display a backtrace

</pre>
</body>