<head>
  <style>
    .log { font-family: "Courier New", Consolas, monospace; font-size: 80%; }
    .test-failed { background-color: #ffaaaa; }
    .test-passed { background-color: #aaffaa; }
  </style>
</head>
<body>
<h3><a href="http://llhd.io/" target="_blank">moore</a></h3>
<pre class="test-failed">
description: Test imported from ivtest
rc: 1 (means success: 0)
should_fail: 0
tags: ivtest
incdirs: /tmpfs/src/github/sv-tests/third_party/tests/ivtest /tmpfs/src/github/sv-tests/third_party/tests/ivtest/ivltests
top_module: 
type: parsing
mode: parsing
files: <a href="../../../../third_party/tests/ivtest/ivltests/lh_memcat3.v.html" target="file-frame">third_party/tests/ivtest/ivltests/lh_memcat3.v</a>
time_elapsed: 0.008s
ram usage: 9596 KB
</pre>
<pre class="log">

moore -I /tmpfs/src/github/sv-tests/third_party/tests/ivtest -I /tmpfs/src/github/sv-tests/third_party/tests/ivtest/ivltests -e main <a href="../../../../third_party/tests/ivtest/ivltests/lh_memcat3.v.html" target="file-frame">third_party/tests/ivtest/ivltests/lh_memcat3.v</a>
error: `!==` is not a valid binary operator
  --&gt; <a href="../../../../third_party/tests/ivtest/ivltests/lh_memcat3.v.html#l-37" target="file-frame">third_party/tests/ivtest/ivltests/lh_memcat3.v:37</a>:11-21:
   | 
   |       if (a !== 1&#39;b1) begin
   |           ^^^^^^^^^^       

warning: `$display` not supported; ignored
  --&gt; <a href="../../../../third_party/tests/ivtest/ivltests/lh_memcat3.v.html#l-38" target="file-frame">third_party/tests/ivtest/ivltests/lh_memcat3.v:38</a>:3-34:
   | 
   |      $display(&#34;FAILED -- a = %b&#34;, a);
   |      ^^^^^^^^^^^^^^^^^^^^^^^^^^^^^^^ 

compiler bug: lowering of expression not implemented
  --&gt; <a href="../../../../third_party/tests/ivtest/ivltests/lh_memcat3.v.html#l-39" target="file-frame">third_party/tests/ivtest/ivltests/lh_memcat3.v:39</a>:3-10:
   | 
   |      $finish;
   |      ^^^^^^^ 

You have encountered a compiler bug. Sorry about that! We would appreciate if you open an issue [1] and describe how you triggered the bug, together with a minimal snippet of code to reproduce it. Thanks!
[1]: https://github.com/fabianschuiki/moore

error: `!==` is not a valid binary operator
  --&gt; <a href="../../../../third_party/tests/ivtest/ivltests/lh_memcat3.v.html#l-41" target="file-frame">third_party/tests/ivtest/ivltests/lh_memcat3.v:41</a>:11-29:
   | 
   |       if (mem[1] !== 4&#39;b0000) begin
   |           ^^^^^^^^^^^^^^^^^^       

warning: `$display` not supported; ignored
  --&gt; <a href="../../../../third_party/tests/ivtest/ivltests/lh_memcat3.v.html#l-42" target="file-frame">third_party/tests/ivtest/ivltests/lh_memcat3.v:42</a>:3-44:
   | 
   |      $display(&#34;FAILED -- mem[1] = %b&#34;, mem[1]);
   |      ^^^^^^^^^^^^^^^^^^^^^^^^^^^^^^^^^^^^^^^^^ 

compiler bug: lowering of expression not implemented
  --&gt; <a href="../../../../third_party/tests/ivtest/ivltests/lh_memcat3.v.html#l-43" target="file-frame">third_party/tests/ivtest/ivltests/lh_memcat3.v:43</a>:3-10:
   | 
   |      $finish;
   |      ^^^^^^^ 

You have encountered a compiler bug. Sorry about that! We would appreciate if you open an issue [1] and describe how you triggered the bug, together with a minimal snippet of code to reproduce it. Thanks!
[1]: https://github.com/fabianschuiki/moore

error: `!==` is not a valid binary operator
  --&gt; <a href="../../../../third_party/tests/ivtest/ivltests/lh_memcat3.v.html#l-45" target="file-frame">third_party/tests/ivtest/ivltests/lh_memcat3.v:45</a>:11-21:
   | 
   |       if (b !== 1&#39;b0) begin
   |           ^^^^^^^^^^       

warning: `$display` not supported; ignored
  --&gt; <a href="../../../../third_party/tests/ivtest/ivltests/lh_memcat3.v.html#l-46" target="file-frame">third_party/tests/ivtest/ivltests/lh_memcat3.v:46</a>:3-34:
   | 
   |      $display(&#34;FAILED -- b = %b&#34;, b);
   |      ^^^^^^^^^^^^^^^^^^^^^^^^^^^^^^^ 

compiler bug: lowering of expression not implemented
  --&gt; <a href="../../../../third_party/tests/ivtest/ivltests/lh_memcat3.v.html#l-47" target="file-frame">third_party/tests/ivtest/ivltests/lh_memcat3.v:47</a>:3-10:
   | 
   |      $finish;
   |      ^^^^^^^ 

You have encountered a compiler bug. Sorry about that! We would appreciate if you open an issue [1] and describe how you triggered the bug, together with a minimal snippet of code to reproduce it. Thanks!
[1]: https://github.com/fabianschuiki/moore

error: `!==` is not a valid binary operator
  --&gt; <a href="../../../../third_party/tests/ivtest/ivltests/lh_memcat3.v.html#l-52" target="file-frame">third_party/tests/ivtest/ivltests/lh_memcat3.v:52</a>:11-21:
   | 
   |       if (a !== 1&#39;b0) begin
   |           ^^^^^^^^^^       

warning: `$display` not supported; ignored
  --&gt; <a href="../../../../third_party/tests/ivtest/ivltests/lh_memcat3.v.html#l-53" target="file-frame">third_party/tests/ivtest/ivltests/lh_memcat3.v:53</a>:3-34:
   | 
   |      $display(&#34;FAILED -- a = %b&#34;, a);
   |      ^^^^^^^^^^^^^^^^^^^^^^^^^^^^^^^ 

compiler bug: lowering of expression not implemented
  --&gt; <a href="../../../../third_party/tests/ivtest/ivltests/lh_memcat3.v.html#l-54" target="file-frame">third_party/tests/ivtest/ivltests/lh_memcat3.v:54</a>:3-10:
   | 
   |      $finish;
   |      ^^^^^^^ 

You have encountered a compiler bug. Sorry about that! We would appreciate if you open an issue [1] and describe how you triggered the bug, together with a minimal snippet of code to reproduce it. Thanks!
[1]: https://github.com/fabianschuiki/moore

error: `!==` is not a valid binary operator
  --&gt; <a href="../../../../third_party/tests/ivtest/ivltests/lh_memcat3.v.html#l-56" target="file-frame">third_party/tests/ivtest/ivltests/lh_memcat3.v:56</a>:11-29:
   | 
   |       if (mem[0] !== 4&#39;b0000) begin
   |           ^^^^^^^^^^^^^^^^^^       

warning: `$display` not supported; ignored
  --&gt; <a href="../../../../third_party/tests/ivtest/ivltests/lh_memcat3.v.html#l-57" target="file-frame">third_party/tests/ivtest/ivltests/lh_memcat3.v:57</a>:3-44:
   | 
   |      $display(&#34;FAILED -- mem[0] - %b&#34;, mem[0]);
   |      ^^^^^^^^^^^^^^^^^^^^^^^^^^^^^^^^^^^^^^^^^ 

compiler bug: lowering of expression not implemented
  --&gt; <a href="../../../../third_party/tests/ivtest/ivltests/lh_memcat3.v.html#l-58" target="file-frame">third_party/tests/ivtest/ivltests/lh_memcat3.v:58</a>:3-10:
   | 
   |      $finish;
   |      ^^^^^^^ 

You have encountered a compiler bug. Sorry about that! We would appreciate if you open an issue [1] and describe how you triggered the bug, together with a minimal snippet of code to reproduce it. Thanks!
[1]: https://github.com/fabianschuiki/moore

error: `!==` is not a valid binary operator
  --&gt; <a href="../../../../third_party/tests/ivtest/ivltests/lh_memcat3.v.html#l-60" target="file-frame">third_party/tests/ivtest/ivltests/lh_memcat3.v:60</a>:11-29:
   | 
   |       if (mem[1] !== 4&#39;b1111) begin
   |           ^^^^^^^^^^^^^^^^^^       

warning: `$display` not supported; ignored
  --&gt; <a href="../../../../third_party/tests/ivtest/ivltests/lh_memcat3.v.html#l-61" target="file-frame">third_party/tests/ivtest/ivltests/lh_memcat3.v:61</a>:3-44:
   | 
   |      $display(&#34;FAILED -- mem[1] = %b&#34;, mem[1]);
   |      ^^^^^^^^^^^^^^^^^^^^^^^^^^^^^^^^^^^^^^^^^ 

compiler bug: lowering of expression not implemented
  --&gt; <a href="../../../../third_party/tests/ivtest/ivltests/lh_memcat3.v.html#l-62" target="file-frame">third_party/tests/ivtest/ivltests/lh_memcat3.v:62</a>:3-10:
   | 
   |      $finish;
   |      ^^^^^^^ 

You have encountered a compiler bug. Sorry about that! We would appreciate if you open an issue [1] and describe how you triggered the bug, together with a minimal snippet of code to reproduce it. Thanks!
[1]: https://github.com/fabianschuiki/moore

error: `!==` is not a valid binary operator
  --&gt; <a href="../../../../third_party/tests/ivtest/ivltests/lh_memcat3.v.html#l-64" target="file-frame">third_party/tests/ivtest/ivltests/lh_memcat3.v:64</a>:11-21:
   | 
   |       if (b !== 1&#39;b0) begin
   |           ^^^^^^^^^^       

warning: `$display` not supported; ignored
  --&gt; <a href="../../../../third_party/tests/ivtest/ivltests/lh_memcat3.v.html#l-65" target="file-frame">third_party/tests/ivtest/ivltests/lh_memcat3.v:65</a>:3-34:
   | 
   |      $display(&#34;FAILED -- b = %b&#34;, b);
   |      ^^^^^^^^^^^^^^^^^^^^^^^^^^^^^^^ 

compiler bug: lowering of expression not implemented
  --&gt; <a href="../../../../third_party/tests/ivtest/ivltests/lh_memcat3.v.html#l-66" target="file-frame">third_party/tests/ivtest/ivltests/lh_memcat3.v:66</a>:3-10:
   | 
   |      $finish;
   |      ^^^^^^^ 

You have encountered a compiler bug. Sorry about that! We would appreciate if you open an issue [1] and describe how you triggered the bug, together with a minimal snippet of code to reproduce it. Thanks!
[1]: https://github.com/fabianschuiki/moore

warning: `$display` not supported; ignored
  --&gt; <a href="../../../../third_party/tests/ivtest/ivltests/lh_memcat3.v.html#l-69" target="file-frame">third_party/tests/ivtest/ivltests/lh_memcat3.v:69</a>:7-25:
   | 
   |       $display(&#34;PASSED&#34;);
   |       ^^^^^^^^^^^^^^^^^^ 

error: expression `{b, mem[1], a}` cannot be assigned to
  --&gt; <a href="../../../../third_party/tests/ivtest/ivltests/lh_memcat3.v.html#l-35" target="file-frame">third_party/tests/ivtest/ivltests/lh_memcat3.v:35</a>:7-21:
   | 
   |       {b, mem[1], a} &lt;= 6&#39;b0_0000_1;
   |       ^^^^^^^^^^^^^^                


</pre>
</body>