<head>
  <style>
    .log { font-family: "Courier New", Consolas, monospace; font-size: 80%; }
    .test-failed { background-color: #ffaaaa; }
    .test-passed { background-color: #aaffaa; }
  </style>
</head>
<body>
<h3><a href="http://llhd.io/" target="_blank">moore</a></h3>
<pre class="test-failed">
description: Test imported from ivtest
rc: 101 (means success: 0)
should_fail: 0
tags: ivtest
incdirs: /tmpfs/src/github/sv-tests/third_party/tests/ivtest /tmpfs/src/github/sv-tests/third_party/tests/ivtest/ivltests
top_module: 
type: parsing
mode: parsing
files: <a href="../../../../third_party/tests/ivtest/ivltests/pr1007.v.html" target="file-frame">third_party/tests/ivtest/ivltests/pr1007.v</a>
time_elapsed: 0.004s
ram usage: 9636 KB
</pre>
<pre class="log">

moore -I /tmpfs/src/github/sv-tests/third_party/tests/ivtest -I /tmpfs/src/github/sv-tests/third_party/tests/ivtest/ivltests -e main <a href="../../../../third_party/tests/ivtest/ivltests/pr1007.v.html" target="file-frame">third_party/tests/ivtest/ivltests/pr1007.v</a>
 ERROR moore_svlog::hir::lowering &gt; Expr #0x55e087a05a00
compiler bug: lowering of expression not implemented
  --&gt; <a href="../../../../third_party/tests/ivtest/ivltests/pr1007.v.html#l-7" target="file-frame">third_party/tests/ivtest/ivltests/pr1007.v:7</a>:9-18:
   | 
   |     if ($realtime == 0) begin
   |         ^^^^^^^^^            

You have encountered a compiler bug. Sorry about that! We would appreciate if you open an issue [1] and describe how you triggered the bug, together with a minimal snippet of code to reproduce it. Thanks!
[1]: https://github.com/fabianschuiki/moore

warning: `$display` not supported; ignored
  --&gt; <a href="../../../../third_party/tests/ivtest/ivltests/pr1007.v.html#l-8" target="file-frame">third_party/tests/ivtest/ivltests/pr1007.v:8</a>:9-41:
   | 
   |         $display (&#34;FAILED -- time == 0&#34;);
   |         ^^^^^^^^^^^^^^^^^^^^^^^^^^^^^^^^ 

 ERROR moore_svlog::hir::lowering &gt; Expr #0x55e087a06960
compiler bug: lowering of expression not implemented
  --&gt; <a href="../../../../third_party/tests/ivtest/ivltests/pr1007.v.html#l-9" target="file-frame">third_party/tests/ivtest/ivltests/pr1007.v:9</a>:9-16:
   | 
   |         $finish;
   |         ^^^^^^^ 

You have encountered a compiler bug. Sorry about that! We would appreciate if you open an issue [1] and describe how you triggered the bug, together with a minimal snippet of code to reproduce it. Thanks!
[1]: https://github.com/fabianschuiki/moore

 ERROR moore_svlog::hir::lowering &gt; Expr #0x55e087a05d10
compiler bug: lowering of expression not implemented
  --&gt; <a href="../../../../third_party/tests/ivtest/ivltests/pr1007.v.html#l-12" target="file-frame">third_party/tests/ivtest/ivltests/pr1007.v:12</a>:9-18:
   | 
   |     if ($realtime != 1) begin
   |         ^^^^^^^^^            

You have encountered a compiler bug. Sorry about that! We would appreciate if you open an issue [1] and describe how you triggered the bug, together with a minimal snippet of code to reproduce it. Thanks!
[1]: https://github.com/fabianschuiki/moore

warning: `$display` not supported; ignored
  --&gt; <a href="../../../../third_party/tests/ivtest/ivltests/pr1007.v.html#l-13" target="file-frame">third_party/tests/ivtest/ivltests/pr1007.v:13</a>:9-41:
   | 
   |         $display (&#34;FAILED -- time != 0&#34;);
   |         ^^^^^^^^^^^^^^^^^^^^^^^^^^^^^^^^ 

 ERROR moore_svlog::hir::lowering &gt; Expr #0x55e087a07a00
compiler bug: lowering of expression not implemented
  --&gt; <a href="../../../../third_party/tests/ivtest/ivltests/pr1007.v.html#l-14" target="file-frame">third_party/tests/ivtest/ivltests/pr1007.v:14</a>:9-16:
   | 
   |         $finish;
   |         ^^^^^^^ 

You have encountered a compiler bug. Sorry about that! We would appreciate if you open an issue [1] and describe how you triggered the bug, together with a minimal snippet of code to reproduce it. Thanks!
[1]: https://github.com/fabianschuiki/moore

warning: `$display` not supported; ignored
  --&gt; <a href="../../../../third_party/tests/ivtest/ivltests/pr1007.v.html#l-17" target="file-frame">third_party/tests/ivtest/ivltests/pr1007.v:17</a>:4-22:
   | 
   |    $display(&#34;PASSED&#34;);
   |    ^^^^^^^^^^^^^^^^^^ 

compiler bug: assertion failed: mir.ty.is_bool()
  --&gt; <a href="../../../../third_party/tests/ivtest/ivltests/pr1007.v.html#l-7" target="file-frame">third_party/tests/ivtest/ivltests/pr1007.v:7</a>:9-23:
   | 
   |     if ($realtime == 0) begin
   |         ^^^^^^^^^^^^^^       
   = note: Assertion failed: mir.ty.is_bool()
   = note: Encountered at src/svlog/codegen.rs:1236

You have encountered a compiler bug. Sorry about that! We would appreciate if you open an issue [1] and describe how you triggered the bug, together with a minimal snippet of code to reproduce it. Thanks!
[1]: https://github.com/fabianschuiki/moore

thread &#39;main&#39; panicked at &#39;assertion failed: mir.ty.is_bool()&#39;, &lt;::std::macros::panic macros&gt;:5:6
note: run with `RUST_BACKTRACE=1` environment variable to display a backtrace

</pre>
</body>