<head>
  <style>
    .log { font-family: "Courier New", Consolas, monospace; font-size: 80%; }
    .test-failed { background-color: #ffaaaa; }
    .test-passed { background-color: #aaffaa; }
  </style>
</head>
<body>
<h3><a href="http://llhd.io/" target="_blank">moore</a></h3>
<pre class="test-failed">
description: Test imported from ivtest
rc: 1 (means success: 0)
should_fail: 0
tags: ivtest
incdirs: /tmpfs/src/github/sv-tests/third_party/tests/ivtest /tmpfs/src/github/sv-tests/third_party/tests/ivtest/ivltests
top_module: 
type: parsing
mode: parsing
files: <a href="../../../../third_party/tests/ivtest/ivltests/pr1449749a.v.html" target="file-frame">third_party/tests/ivtest/ivltests/pr1449749a.v</a>
time_elapsed: 0.004s
ram usage: 9728 KB
</pre>
<pre class="log">

moore -I /tmpfs/src/github/sv-tests/third_party/tests/ivtest -I /tmpfs/src/github/sv-tests/third_party/tests/ivtest/ivltests -e main <a href="../../../../third_party/tests/ivtest/ivltests/pr1449749a.v.html" target="file-frame">third_party/tests/ivtest/ivltests/pr1449749a.v</a>
warning: `$display` not supported; ignored
  --&gt; <a href="../../../../third_party/tests/ivtest/ivltests/pr1449749a.v.html#l-12" target="file-frame">third_party/tests/ivtest/ivltests/pr1449749a.v:12</a>:7-56:
   | 
   |       $display(&#34;foo=%d, bar=%d, tmp=%d&#34;, foo, bar, bat);
   |       ^^^^^^^^^^^^^^^^^^^^^^^^^^^^^^^^^^^^^^^^^^^^^^^^^ 

warning: `$display` not supported; ignored
  --&gt; <a href="../../../../third_party/tests/ivtest/ivltests/pr1449749a.v.html#l-15" target="file-frame">third_party/tests/ivtest/ivltests/pr1449749a.v:15</a>:3-31:
   | 
   |      $display(&#34;FAILED -- -2 &gt; 0&#34;);
   |      ^^^^^^^^^^^^^^^^^^^^^^^^^^^^ 

compiler bug: lowering of expression not implemented
  --&gt; <a href="../../../../third_party/tests/ivtest/ivltests/pr1449749a.v.html#l-16" target="file-frame">third_party/tests/ivtest/ivltests/pr1449749a.v:16</a>:3-10:
   | 
   |      $finish;
   |      ^^^^^^^ 

You have encountered a compiler bug. Sorry about that! We would appreciate if you open an issue [1] and describe how you triggered the bug, together with a minimal snippet of code to reproduce it. Thanks!
[1]: https://github.com/fabianschuiki/moore

warning: `$display` not supported; ignored
  --&gt; <a href="../../../../third_party/tests/ivtest/ivltests/pr1449749a.v.html#l-20" target="file-frame">third_party/tests/ivtest/ivltests/pr1449749a.v:20</a>:3-21:
   | 
   |      $display(&#34;FAILED&#34;);
   |      ^^^^^^^^^^^^^^^^^^ 

compiler bug: lowering of expression not implemented
  --&gt; <a href="../../../../third_party/tests/ivtest/ivltests/pr1449749a.v.html#l-21" target="file-frame">third_party/tests/ivtest/ivltests/pr1449749a.v:21</a>:3-10:
   | 
   |      $finish;
   |      ^^^^^^^ 

You have encountered a compiler bug. Sorry about that! We would appreciate if you open an issue [1] and describe how you triggered the bug, together with a minimal snippet of code to reproduce it. Thanks!
[1]: https://github.com/fabianschuiki/moore

warning: `$display` not supported; ignored
  --&gt; <a href="../../../../third_party/tests/ivtest/ivltests/pr1449749a.v.html#l-25" target="file-frame">third_party/tests/ivtest/ivltests/pr1449749a.v:25</a>:3-31:
   | 
   |      $display(&#34;FAILED -- -3 &gt; 0&#34;);
   |      ^^^^^^^^^^^^^^^^^^^^^^^^^^^^ 

compiler bug: lowering of expression not implemented
  --&gt; <a href="../../../../third_party/tests/ivtest/ivltests/pr1449749a.v.html#l-26" target="file-frame">third_party/tests/ivtest/ivltests/pr1449749a.v:26</a>:3-10:
   | 
   |      $finish;
   |      ^^^^^^^ 

You have encountered a compiler bug. Sorry about that! We would appreciate if you open an issue [1] and describe how you triggered the bug, together with a minimal snippet of code to reproduce it. Thanks!
[1]: https://github.com/fabianschuiki/moore

warning: `$display` not supported; ignored
  --&gt; <a href="../../../../third_party/tests/ivtest/ivltests/pr1449749a.v.html#l-30" target="file-frame">third_party/tests/ivtest/ivltests/pr1449749a.v:30</a>:3-21:
   | 
   |      $display(&#34;FAILED&#34;);
   |      ^^^^^^^^^^^^^^^^^^ 

compiler bug: lowering of expression not implemented
  --&gt; <a href="../../../../third_party/tests/ivtest/ivltests/pr1449749a.v.html#l-31" target="file-frame">third_party/tests/ivtest/ivltests/pr1449749a.v:31</a>:3-10:
   | 
   |      $finish;
   |      ^^^^^^^ 

You have encountered a compiler bug. Sorry about that! We would appreciate if you open an issue [1] and describe how you triggered the bug, together with a minimal snippet of code to reproduce it. Thanks!
[1]: https://github.com/fabianschuiki/moore

warning: `$display` not supported; ignored
  --&gt; <a href="../../../../third_party/tests/ivtest/ivltests/pr1449749a.v.html#l-35" target="file-frame">third_party/tests/ivtest/ivltests/pr1449749a.v:35</a>:3-31:
   | 
   |      $display(&#34;FAILED -- -7 &gt; 0&#34;);
   |      ^^^^^^^^^^^^^^^^^^^^^^^^^^^^ 

compiler bug: lowering of expression not implemented
  --&gt; <a href="../../../../third_party/tests/ivtest/ivltests/pr1449749a.v.html#l-36" target="file-frame">third_party/tests/ivtest/ivltests/pr1449749a.v:36</a>:3-10:
   | 
   |      $finish;
   |      ^^^^^^^ 

You have encountered a compiler bug. Sorry about that! We would appreciate if you open an issue [1] and describe how you triggered the bug, together with a minimal snippet of code to reproduce it. Thanks!
[1]: https://github.com/fabianschuiki/moore

warning: `$display` not supported; ignored
  --&gt; <a href="../../../../third_party/tests/ivtest/ivltests/pr1449749a.v.html#l-40" target="file-frame">third_party/tests/ivtest/ivltests/pr1449749a.v:40</a>:3-21:
   | 
   |      $display(&#34;FAILED&#34;);
   |      ^^^^^^^^^^^^^^^^^^ 

compiler bug: lowering of expression not implemented
  --&gt; <a href="../../../../third_party/tests/ivtest/ivltests/pr1449749a.v.html#l-41" target="file-frame">third_party/tests/ivtest/ivltests/pr1449749a.v:41</a>:3-10:
   | 
   |      $finish;
   |      ^^^^^^^ 

You have encountered a compiler bug. Sorry about that! We would appreciate if you open an issue [1] and describe how you triggered the bug, together with a minimal snippet of code to reproduce it. Thanks!
[1]: https://github.com/fabianschuiki/moore

warning: `$display` not supported; ignored
  --&gt; <a href="../../../../third_party/tests/ivtest/ivltests/pr1449749a.v.html#l-44" target="file-frame">third_party/tests/ivtest/ivltests/pr1449749a.v:44</a>:7-25:
   | 
   |       $display(&#34;PASSED&#34;);
   |       ^^^^^^^^^^^^^^^^^^ 


</pre>
</body>