<head>
  <style>
    .log { font-family: "Courier New", Consolas, monospace; font-size: 80%; }
    .test-failed { background-color: #ffaaaa; }
    .test-passed { background-color: #aaffaa; }
  </style>
</head>
<body>
<h3><a href="http://llhd.io/" target="_blank">moore</a></h3>
<pre class="test-failed">
description: Test imported from ivtest
rc: 1 (means success: 0)
should_fail: 0
tags: ivtest
incdirs: /tmpfs/src/github/sv-tests/third_party/tests/ivtest /tmpfs/src/github/sv-tests/third_party/tests/ivtest/ivltests
top_module: 
type: parsing
mode: parsing
files: <a href="../../../../third_party/tests/ivtest/ivltests/pr1515168.v.html" target="file-frame">third_party/tests/ivtest/ivltests/pr1515168.v</a>
time_elapsed: 0.004s
ram usage: 9576 KB
</pre>
<pre class="log">

moore -I /tmpfs/src/github/sv-tests/third_party/tests/ivtest -I /tmpfs/src/github/sv-tests/third_party/tests/ivtest/ivltests -e extension_bug <a href="../../../../third_party/tests/ivtest/ivltests/pr1515168.v.html" target="file-frame">third_party/tests/ivtest/ivltests/pr1515168.v</a>
warning: `$display` not supported; ignored
  --&gt; <a href="../../../../third_party/tests/ivtest/ivltests/pr1515168.v.html#l-12" target="file-frame">third_party/tests/ivtest/ivltests/pr1515168.v:12</a>:4-25:
   | 
   |    $display(&#34;a = %b&#34;, a);
   |    ^^^^^^^^^^^^^^^^^^^^^ 

warning: `$display` not supported; ignored
  --&gt; <a href="../../../../third_party/tests/ivtest/ivltests/pr1515168.v.html#l-14" target="file-frame">third_party/tests/ivtest/ivltests/pr1515168.v:14</a>:7-25:
   | 
   |       $display(&#34;FAILED&#34;);
   |       ^^^^^^^^^^^^^^^^^^ 

compiler bug: lowering of expression not implemented
  --&gt; <a href="../../../../third_party/tests/ivtest/ivltests/pr1515168.v.html#l-15" target="file-frame">third_party/tests/ivtest/ivltests/pr1515168.v:15</a>:7-14:
   | 
   |       $finish;
   |       ^^^^^^^ 

You have encountered a compiler bug. Sorry about that! We would appreciate if you open an issue [1] and describe how you triggered the bug, together with a minimal snippet of code to reproduce it. Thanks!
[1]: https://github.com/fabianschuiki/moore

warning: `$display` not supported; ignored
  --&gt; <a href="../../../../third_party/tests/ivtest/ivltests/pr1515168.v.html#l-17" target="file-frame">third_party/tests/ivtest/ivltests/pr1515168.v:17</a>:4-25:
   | 
   |    $display(&#34;b = %b&#34;, b);
   |    ^^^^^^^^^^^^^^^^^^^^^ 

warning: `$display` not supported; ignored
  --&gt; <a href="../../../../third_party/tests/ivtest/ivltests/pr1515168.v.html#l-19" target="file-frame">third_party/tests/ivtest/ivltests/pr1515168.v:19</a>:7-25:
   | 
   |       $display(&#34;FAILED&#34;);
   |       ^^^^^^^^^^^^^^^^^^ 

compiler bug: lowering of expression not implemented
  --&gt; <a href="../../../../third_party/tests/ivtest/ivltests/pr1515168.v.html#l-20" target="file-frame">third_party/tests/ivtest/ivltests/pr1515168.v:20</a>:7-14:
   | 
   |       $finish;
   |       ^^^^^^^ 

You have encountered a compiler bug. Sorry about that! We would appreciate if you open an issue [1] and describe how you triggered the bug, together with a minimal snippet of code to reproduce it. Thanks!
[1]: https://github.com/fabianschuiki/moore

warning: `$display` not supported; ignored
  --&gt; <a href="../../../../third_party/tests/ivtest/ivltests/pr1515168.v.html#l-23" target="file-frame">third_party/tests/ivtest/ivltests/pr1515168.v:23</a>:4-22:
   | 
   |    $display(&#34;PASSED&#34;);
   |    ^^^^^^^^^^^^^^^^^^ 

compiler bug: lowering of expression not implemented
  --&gt; <a href="../../../../third_party/tests/ivtest/ivltests/pr1515168.v.html#l-24" target="file-frame">third_party/tests/ivtest/ivltests/pr1515168.v:24</a>:4-11:
   | 
   |    $finish;
   |    ^^^^^^^ 

You have encountered a compiler bug. Sorry about that! We would appreciate if you open an issue [1] and describe how you triggered the bug, together with a minimal snippet of code to reproduce it. Thanks!
[1]: https://github.com/fabianschuiki/moore


</pre>
</body>