<head>
  <style>
    .log { font-family: "Courier New", Consolas, monospace; font-size: 80%; }
    .test-failed { background-color: #ffaaaa; }
    .test-passed { background-color: #aaffaa; }
  </style>
</head>
<body>
<h3><a href="http://llhd.io/" target="_blank">moore</a></h3>
<pre class="test-failed">
description: Test imported from ivtest
should_fail: 0
tags: ivtest
incdirs: /tmpfs/src/github/sv-tests/tests/generated/ivtest
top_module: 
type: parsing
mode: parsing
files: <a href="../../../../third_party/tests/ivtest/ivltests/pr1695322.v.html" target="file-frame">third_party/tests/ivtest/ivltests/pr1695322.v</a>
time_elapsed: 0.004s
ram usage: 9732 KB
</pre>
<pre class="log">

error: `!==` is not a valid binary operator
  --&gt; <a href="../../../../third_party/tests/ivtest/ivltests/pr1695322.v.html#l-8" target="file-frame">third_party/tests/ivtest/ivltests/pr1695322.v:8</a>:14-24:
   | 
   |       #1 if (a[0] !== 5) begin
   |              ^^^^^^^^^^       

warning: `$display` not supported; ignored
  --&gt; <a href="../../../../third_party/tests/ivtest/ivltests/pr1695322.v.html#l-9" target="file-frame">third_party/tests/ivtest/ivltests/pr1695322.v:9</a>:3-41:
   | 
   |      $display(&#34;FAILED -- a[0] == %d&#34;, a[0]);
   |      ^^^^^^^^^^^^^^^^^^^^^^^^^^^^^^^^^^^^^^ 

compiler bug: lowering of expression not implemented
  --&gt; <a href="../../../../third_party/tests/ivtest/ivltests/pr1695322.v.html#l-10" target="file-frame">third_party/tests/ivtest/ivltests/pr1695322.v:10</a>:3-10:
   | 
   |      $finish;
   |      ^^^^^^^ 

You have encountered a compiler bug. Sorry about that! We would appreciate if you open an issue [1] and describe how you triggered the bug, together with a minimal snippet of code to reproduce it. Thanks!
[1]: https://github.com/fabianschuiki/moore

error: `!==` is not a valid binary operator
  --&gt; <a href="../../../../third_party/tests/ivtest/ivltests/pr1695322.v.html#l-13" target="file-frame">third_party/tests/ivtest/ivltests/pr1695322.v:13</a>:11-31:
   | 
   |       if (a[1] !== 6&#39;bzzzzzzzz) begin
   |           ^^^^^^^^^^^^^^^^^^^^       

warning: `$display` not supported; ignored
  --&gt; <a href="../../../../third_party/tests/ivtest/ivltests/pr1695322.v.html#l-14" target="file-frame">third_party/tests/ivtest/ivltests/pr1695322.v:14</a>:3-41:
   | 
   |      $display(&#34;FAILED -- a[1] == %h&#34;, a[1]);
   |      ^^^^^^^^^^^^^^^^^^^^^^^^^^^^^^^^^^^^^^ 

compiler bug: lowering of expression not implemented
  --&gt; <a href="../../../../third_party/tests/ivtest/ivltests/pr1695322.v.html#l-15" target="file-frame">third_party/tests/ivtest/ivltests/pr1695322.v:15</a>:3-10:
   | 
   |      $finish;
   |      ^^^^^^^ 

You have encountered a compiler bug. Sorry about that! We would appreciate if you open an issue [1] and describe how you triggered the bug, together with a minimal snippet of code to reproduce it. Thanks!
[1]: https://github.com/fabianschuiki/moore

warning: `$display` not supported; ignored
  --&gt; <a href="../../../../third_party/tests/ivtest/ivltests/pr1695322.v.html#l-18" target="file-frame">third_party/tests/ivtest/ivltests/pr1695322.v:18</a>:7-25:
   | 
   |       $display(&#34;PASSED&#34;);
   |       ^^^^^^^^^^^^^^^^^^ 

error: `&#34;a[0] !== 5&#34;` cannot be cast to a boolean
  --&gt; <a href="../../../../third_party/tests/ivtest/ivltests/pr1695322.v.html#l-8" target="file-frame">third_party/tests/ivtest/ivltests/pr1695322.v:8</a>:14-24:
   | 
   |       #1 if (a[0] !== 5) begin
   |              ^^^^^^^^^^       


</pre>
</body>