<head>
  <style>
    .log { font-family: "Courier New", Consolas, monospace; font-size: 80%; }
    .test-failed { background-color: #ffaaaa; }
    .test-passed { background-color: #aaffaa; }
  </style>
</head>
<body>
<h3><a href="http://llhd.io/" target="_blank">moore</a></h3>
<pre class="test-failed">
description: Test imported from ivtest
rc: 1 (means success: 0)
should_fail: 0
tags: ivtest
incdirs: /tmpfs/src/github/sv-tests/third_party/tests/ivtest /tmpfs/src/github/sv-tests/third_party/tests/ivtest/ivltests
top_module: 
type: parsing
mode: parsing
files: <a href="../../../../third_party/tests/ivtest/ivltests/pr2722339a.v.html" target="file-frame">third_party/tests/ivtest/ivltests/pr2722339a.v</a>
time_elapsed: 0.008s
ram usage: 9664 KB
</pre>
<pre class="log">

moore -I /tmpfs/src/github/sv-tests/third_party/tests/ivtest -I /tmpfs/src/github/sv-tests/third_party/tests/ivtest/ivltests -e top <a href="../../../../third_party/tests/ivtest/ivltests/pr2722339a.v.html" target="file-frame">third_party/tests/ivtest/ivltests/pr2722339a.v</a>
compiler bug: lowering of expression not implemented
  --&gt; <a href="../../../../third_party/tests/ivtest/ivltests/pr2722339a.v.html#l-17" target="file-frame">third_party/tests/ivtest/ivltests/pr2722339a.v:17</a>:27-36:
   | 
   |     for (i = 0; i &lt; 1000; i = i + 1) begin
   |                           ^^^^^^^^^       

You have encountered a compiler bug. Sorry about that! We would appreciate if you open an issue [1] and describe how you triggered the bug, together with a minimal snippet of code to reproduce it. Thanks!
[1]: https://github.com/fabianschuiki/moore

compiler bug: lowering of expression not implemented
  --&gt; <a href="../../../../third_party/tests/ivtest/ivltests/pr2722339a.v.html#l-19" target="file-frame">third_party/tests/ivtest/ivltests/pr2722339a.v:19</a>:11-18:
   | 
   |       a = $random;
   |           ^^^^^^^ 

You have encountered a compiler bug. Sorry about that! We would appreciate if you open an issue [1] and describe how you triggered the bug, together with a minimal snippet of code to reproduce it. Thanks!
[1]: https://github.com/fabianschuiki/moore

compiler bug: lowering of expression not implemented
  --&gt; <a href="../../../../third_party/tests/ivtest/ivltests/pr2722339a.v.html#l-20" target="file-frame">third_party/tests/ivtest/ivltests/pr2722339a.v:20</a>:11-18:
   | 
   |       b = $random;
   |           ^^^^^^^ 

You have encountered a compiler bug. Sorry about that! We would appreciate if you open an issue [1] and describe how you triggered the bug, together with a minimal snippet of code to reproduce it. Thanks!
[1]: https://github.com/fabianschuiki/moore

warning: `$display` not supported; ignored
  --&gt; <a href="../../../../third_party/tests/ivtest/ivltests/pr2722339a.v.html#l-25" target="file-frame">third_party/tests/ivtest/ivltests/pr2722339a.v:25</a>:9-77:
   | 
   |         $display(&#34;FAILED: u/u (%b/%b) gave %b, expected %b&#34;, a, b, ruu, a/b);
   |         ^^^^^^^^^^^^^^^^^^^^^^^^^^^^^^^^^^^^^^^^^^^^^^^^^^^^^^^^^^^^^^^^^^^^ 

warning: `$display` not supported; ignored
  --&gt; <a href="../../../../third_party/tests/ivtest/ivltests/pr2722339a.v.html#l-30" target="file-frame">third_party/tests/ivtest/ivltests/pr2722339a.v:30</a>:9-77:
   | 
   |         $display(&#34;FAILED: s/u (%b/%b) gave %b, expected %b&#34;, a, b, rsu, a/b);
   |         ^^^^^^^^^^^^^^^^^^^^^^^^^^^^^^^^^^^^^^^^^^^^^^^^^^^^^^^^^^^^^^^^^^^^ 

warning: `$display` not supported; ignored
  --&gt; <a href="../../../../third_party/tests/ivtest/ivltests/pr2722339a.v.html#l-35" target="file-frame">third_party/tests/ivtest/ivltests/pr2722339a.v:35</a>:9-77:
   | 
   |         $display(&#34;FAILED: u/s (%b/%b) gave %b, expected %b&#34;, a, b, rus, a/b);
   |         ^^^^^^^^^^^^^^^^^^^^^^^^^^^^^^^^^^^^^^^^^^^^^^^^^^^^^^^^^^^^^^^^^^^^ 

warning: `$display` not supported; ignored
  --&gt; <a href="../../../../third_party/tests/ivtest/ivltests/pr2722339a.v.html#l-41" target="file-frame">third_party/tests/ivtest/ivltests/pr2722339a.v:41</a>:9-77:
   | 
   |         $display(&#34;FAILED: s/s (%b/%b) gave %b, expected %b&#34;, a, b, rss, res);
   |         ^^^^^^^^^^^^^^^^^^^^^^^^^^^^^^^^^^^^^^^^^^^^^^^^^^^^^^^^^^^^^^^^^^^^ 

warning: `$display` not supported; ignored
  --&gt; <a href="../../../../third_party/tests/ivtest/ivltests/pr2722339a.v.html#l-46" target="file-frame">third_party/tests/ivtest/ivltests/pr2722339a.v:46</a>:15-33:
   | 
   |     if (pass) $display(&#34;PASSED&#34;);
   |               ^^^^^^^^^^^^^^^^^^ 


</pre>
</body>