<head>
  <style>
    .log { font-family: "Courier New", Consolas, monospace; font-size: 80%; }
    .test-failed { background-color: #ffaaaa; }
    .test-passed { background-color: #aaffaa; }
  </style>
</head>
<body>
<h3><a href="http://llhd.io/" target="_blank">moore</a></h3>
<pre class="test-failed">
description: Test imported from ivtest
rc: 101 (means success: 0)
should_fail: 0
tags: ivtest
incdirs: /tmpfs/src/github/sv-tests/third_party/tests/ivtest /tmpfs/src/github/sv-tests/third_party/tests/ivtest/ivltests
top_module: 
type: parsing
mode: parsing
files: <a href="../../../../third_party/tests/ivtest/ivltests/pr3582052.v.html" target="file-frame">third_party/tests/ivtest/ivltests/pr3582052.v</a>
time_elapsed: 0.012s
ram usage: 9640 KB
</pre>
<pre class="log">

moore -I /tmpfs/src/github/sv-tests/third_party/tests/ivtest -I /tmpfs/src/github/sv-tests/third_party/tests/ivtest/ivltests -e bug <a href="../../../../third_party/tests/ivtest/ivltests/pr3582052.v.html" target="file-frame">third_party/tests/ivtest/ivltests/pr3582052.v</a>
compiler bug: lowering of expression not implemented
  --&gt; <a href="../../../../third_party/tests/ivtest/ivltests/pr3582052.v.html#l-21" target="file-frame">third_party/tests/ivtest/ivltests/pr3582052.v:21</a>:22-31:
   | 
   |   for (i = 0; i &lt; 4; i = i + 1) begin
   |                      ^^^^^^^^^       

You have encountered a compiler bug. Sorry about that! We would appreciate if you open an issue [1] and describe how you triggered the bug, together with a minimal snippet of code to reproduce it. Thanks!
[1]: https://github.com/fabianschuiki/moore

compiler bug: lowering of expression not implemented
  --&gt; <a href="../../../../third_party/tests/ivtest/ivltests/pr3582052.v.html#l-22" target="file-frame">third_party/tests/ivtest/ivltests/pr3582052.v:22</a>:25-34:
   | 
   |     for (j = 0; j &lt; 16; j = j + 1) begin
   |                         ^^^^^^^^^       

You have encountered a compiler bug. Sorry about that! We would appreciate if you open an issue [1] and describe how you triggered the bug, together with a minimal snippet of code to reproduce it. Thanks!
[1]: https://github.com/fabianschuiki/moore

compiler bug: lowering of expression not implemented
  --&gt; <a href="../../../../third_party/tests/ivtest/ivltests/pr3582052.v.html#l-27" target="file-frame">third_party/tests/ivtest/ivltests/pr3582052.v:27</a>:23-32:
   | 
   |   for (j = 0; j &lt; 16; j = j + 1) begin
   |                       ^^^^^^^^^       

You have encountered a compiler bug. Sorry about that! We would appreciate if you open an issue [1] and describe how you triggered the bug, together with a minimal snippet of code to reproduce it. Thanks!
[1]: https://github.com/fabianschuiki/moore

warning: `$display` not supported; ignored
  --&gt; <a href="../../../../third_party/tests/ivtest/ivltests/pr3582052.v.html#l-32" target="file-frame">third_party/tests/ivtest/ivltests/pr3582052.v:32</a>:5-64:
   | 
   |     $display(&#34;%h %h %h %h&#34;, Actual0, Actual1, Actual2, Actual3);
   |     ^^^^^^^^^^^^^^^^^^^^^^^^^^^^^^^^^^^^^^^^^^^^^^^^^^^^^^^^^^^ 

error: `!==` is not a valid binary operator
  --&gt; <a href="../../../../third_party/tests/ivtest/ivltests/pr3582052.v.html#l-33" target="file-frame">third_party/tests/ivtest/ivltests/pr3582052.v:33</a>:9-28:
   | 
   |     if (Actual0 !== Expect0) Failed = 1;
   |         ^^^^^^^^^^^^^^^^^^^             

error: `!==` is not a valid binary operator
  --&gt; <a href="../../../../third_party/tests/ivtest/ivltests/pr3582052.v.html#l-34" target="file-frame">third_party/tests/ivtest/ivltests/pr3582052.v:34</a>:9-28:
   | 
   |     if (Actual1 !== Expect1) Failed = 1;
   |         ^^^^^^^^^^^^^^^^^^^             

error: `!==` is not a valid binary operator
  --&gt; <a href="../../../../third_party/tests/ivtest/ivltests/pr3582052.v.html#l-35" target="file-frame">third_party/tests/ivtest/ivltests/pr3582052.v:35</a>:9-28:
   | 
   |     if (Actual2 !== Expect2) Failed = 1;
   |         ^^^^^^^^^^^^^^^^^^^             

error: `!==` is not a valid binary operator
  --&gt; <a href="../../../../third_party/tests/ivtest/ivltests/pr3582052.v.html#l-36" target="file-frame">third_party/tests/ivtest/ivltests/pr3582052.v:36</a>:9-28:
   | 
   |     if (Actual3 !== Expect3) Failed = 1;
   |         ^^^^^^^^^^^^^^^^^^^             

compiler bug: lowering of expression not implemented
  --&gt; <a href="../../../../third_party/tests/ivtest/ivltests/pr3582052.v.html#l-39" target="file-frame">third_party/tests/ivtest/ivltests/pr3582052.v:39</a>:22-31:
   | 
   |   for (i = 0; i &lt; 4; i = i + 1) begin
   |                      ^^^^^^^^^       

You have encountered a compiler bug. Sorry about that! We would appreciate if you open an issue [1] and describe how you triggered the bug, together with a minimal snippet of code to reproduce it. Thanks!
[1]: https://github.com/fabianschuiki/moore

warning: `$display` not supported; ignored
  --&gt; <a href="../../../../third_party/tests/ivtest/ivltests/pr3582052.v.html#l-44" target="file-frame">third_party/tests/ivtest/ivltests/pr3582052.v:44</a>:5-64:
   | 
   |     $display(&#34;%h %h %h %h&#34;, Actual0, Actual1, Actual2, Actual3);
   |     ^^^^^^^^^^^^^^^^^^^^^^^^^^^^^^^^^^^^^^^^^^^^^^^^^^^^^^^^^^^ 

error: `!==` is not a valid binary operator
  --&gt; <a href="../../../../third_party/tests/ivtest/ivltests/pr3582052.v.html#l-45" target="file-frame">third_party/tests/ivtest/ivltests/pr3582052.v:45</a>:9-28:
   | 
   |     if (Actual0 !== Expect0) Failed = 1;
   |         ^^^^^^^^^^^^^^^^^^^             

error: `!==` is not a valid binary operator
  --&gt; <a href="../../../../third_party/tests/ivtest/ivltests/pr3582052.v.html#l-46" target="file-frame">third_party/tests/ivtest/ivltests/pr3582052.v:46</a>:9-28:
   | 
   |     if (Actual1 !== Expect1) Failed = 1;
   |         ^^^^^^^^^^^^^^^^^^^             

error: `!==` is not a valid binary operator
  --&gt; <a href="../../../../third_party/tests/ivtest/ivltests/pr3582052.v.html#l-47" target="file-frame">third_party/tests/ivtest/ivltests/pr3582052.v:47</a>:9-28:
   | 
   |     if (Actual2 !== Expect2) Failed = 1;
   |         ^^^^^^^^^^^^^^^^^^^             

error: `!==` is not a valid binary operator
  --&gt; <a href="../../../../third_party/tests/ivtest/ivltests/pr3582052.v.html#l-48" target="file-frame">third_party/tests/ivtest/ivltests/pr3582052.v:48</a>:9-28:
   | 
   |     if (Actual3 !== Expect3) Failed = 1;
   |         ^^^^^^^^^^^^^^^^^^^             

warning: `$display` not supported; ignored
  --&gt; <a href="../../../../third_party/tests/ivtest/ivltests/pr3582052.v.html#l-54" target="file-frame">third_party/tests/ivtest/ivltests/pr3582052.v:54</a>:3-62:
   | 
   |   $display(&#34;%h %h %h %h&#34;, Actual0, Actual1, Actual2, Actual3);
   |   ^^^^^^^^^^^^^^^^^^^^^^^^^^^^^^^^^^^^^^^^^^^^^^^^^^^^^^^^^^^ 

error: `!==` is not a valid binary operator
  --&gt; <a href="../../../../third_party/tests/ivtest/ivltests/pr3582052.v.html#l-55" target="file-frame">third_party/tests/ivtest/ivltests/pr3582052.v:55</a>:7-26:
   | 
   |   if (Actual0 !== Expect0) Failed = 1;
   |       ^^^^^^^^^^^^^^^^^^^             

error: `!==` is not a valid binary operator
  --&gt; <a href="../../../../third_party/tests/ivtest/ivltests/pr3582052.v.html#l-56" target="file-frame">third_party/tests/ivtest/ivltests/pr3582052.v:56</a>:7-26:
   | 
   |   if (Actual1 !== Expect1) Failed = 1;
   |       ^^^^^^^^^^^^^^^^^^^             

error: `!==` is not a valid binary operator
  --&gt; <a href="../../../../third_party/tests/ivtest/ivltests/pr3582052.v.html#l-57" target="file-frame">third_party/tests/ivtest/ivltests/pr3582052.v:57</a>:7-26:
   | 
   |   if (Actual2 !== Expect2) Failed = 1;
   |       ^^^^^^^^^^^^^^^^^^^             

error: `!==` is not a valid binary operator
  --&gt; <a href="../../../../third_party/tests/ivtest/ivltests/pr3582052.v.html#l-58" target="file-frame">third_party/tests/ivtest/ivltests/pr3582052.v:58</a>:7-26:
   | 
   |   if (Actual3 !== Expect3) Failed = 1;
   |       ^^^^^^^^^^^^^^^^^^^             

warning: `$display` not supported; ignored
  --&gt; <a href="../../../../third_party/tests/ivtest/ivltests/pr3582052.v.html#l-60" target="file-frame">third_party/tests/ivtest/ivltests/pr3582052.v:60</a>:5-23:
   | 
   |     $display(&#34;FAILED&#34;);
   |     ^^^^^^^^^^^^^^^^^^ 

warning: `$display` not supported; ignored
  --&gt; <a href="../../../../third_party/tests/ivtest/ivltests/pr3582052.v.html#l-62" target="file-frame">third_party/tests/ivtest/ivltests/pr3582052.v:62</a>:5-23:
   | 
   |     $display(&#34;PASSED&#34;);
   |     ^^^^^^^^^^^^^^^^^^ 

thread &#39;main&#39; panicked at &#39;no zero-value for type i8*&#39;, &lt;::std::macros::panic macros&gt;:5:6
note: run with `RUST_BACKTRACE=1` environment variable to display a backtrace

</pre>
</body>