<head>
  <style>
    .log { font-family: "Courier New", Consolas, monospace; font-size: 80%; }
    .test-failed { background-color: #ffaaaa; }
    .test-passed { background-color: #aaffaa; }
  </style>
</head>
<body>
<h3><a href="http://llhd.io/" target="_blank">moore</a></h3>
<pre class="test-failed">
description: Test imported from ivtest
rc: 101 (means success: 0)
should_fail: 0
tags: ivtest
incdirs: /tmpfs/src/github/sv-tests/third_party/tests/ivtest /tmpfs/src/github/sv-tests/third_party/tests/ivtest/ivltests
top_module: 
type: parsing
mode: parsing
files: <a href="../../../../third_party/tests/ivtest/ivltests/pr990.v.html" target="file-frame">third_party/tests/ivtest/ivltests/pr990.v</a>
time_elapsed: 0.008s
ram usage: 10388 KB
</pre>
<pre class="log">

moore -I /tmpfs/src/github/sv-tests/third_party/tests/ivtest -I /tmpfs/src/github/sv-tests/third_party/tests/ivtest/ivltests -e bug <a href="../../../../third_party/tests/ivtest/ivltests/pr990.v.html" target="file-frame">third_party/tests/ivtest/ivltests/pr990.v</a>
compiler bug: no ast node for n11 in the map

You have encountered a compiler bug. Sorry about that! We would appreciate if you open an issue [1] and describe how you triggered the bug, together with a minimal snippet of code to reproduce it. Thanks!
[1]: https://github.com/fabianschuiki/moore

warning: `$display` not supported; ignored
  --&gt; <a href="../../../../third_party/tests/ivtest/ivltests/pr990.v.html#l-13" target="file-frame">third_party/tests/ivtest/ivltests/pr990.v:13</a>:3-23:
   | 
   |   $display(&#34;y: %b&#34;, y);
   |   ^^^^^^^^^^^^^^^^^^^^ 

warning: `$display` not supported; ignored
  --&gt; <a href="../../../../third_party/tests/ivtest/ivltests/pr990.v.html#l-16" target="file-frame">third_party/tests/ivtest/ivltests/pr990.v:16</a>:3-23:
   | 
   |   $display(&#34;y: %b&#34;, y);
   |   ^^^^^^^^^^^^^^^^^^^^ 

warning: `$display` not supported; ignored
  --&gt; <a href="../../../../third_party/tests/ivtest/ivltests/pr990.v.html#l-18" target="file-frame">third_party/tests/ivtest/ivltests/pr990.v:18</a>:5-23:
   | 
   |     $display(&#34;PASSED&#34;);
   |     ^^^^^^^^^^^^^^^^^^ 

warning: `$display` not supported; ignored
  --&gt; <a href="../../../../third_party/tests/ivtest/ivltests/pr990.v.html#l-20" target="file-frame">third_party/tests/ivtest/ivltests/pr990.v:20</a>:5-23:
   | 
   |     $display(&#34;FAILED&#34;);
   |     ^^^^^^^^^^^^^^^^^^ 

warning: cast ignored during constant evaluation
  --&gt; <a href="../../../../third_party/tests/ivtest/ivltests/pr990.v.html#l-14" target="file-frame">third_party/tests/ivtest/ivltests/pr990.v:14</a>:7-8:
   | 
   |   x = 0;
   |       ^ 
   = note: Casts `0` from `int unsigned` to `integer unsigned`
  --&gt; <a href="../../../../third_party/tests/ivtest/ivltests/pr990.v.html#l-14" target="file-frame">third_party/tests/ivtest/ivltests/pr990.v:14</a>:7-8:
   | 
   |   x = 0;
   |       ^ 

warning: cast ignored during constant evaluation
  --&gt; <a href="../../../../third_party/tests/ivtest/ivltests/pr990.v.html#l-14" target="file-frame">third_party/tests/ivtest/ivltests/pr990.v:14</a>:7-8:
   | 
   |   x = 0;
   |       ^ 
   = note: Casts `0` from `int` to `int unsigned`
  --&gt; <a href="../../../../third_party/tests/ivtest/ivltests/pr990.v.html#l-14" target="file-frame">third_party/tests/ivtest/ivltests/pr990.v:14</a>:7-8:
   | 
   |   x = 0;
   |       ^ 

compiler bug: assertion failed: mir.ty.is_bool()
  --&gt; <a href="../../../../third_party/tests/ivtest/ivltests/pr990.v.html#l-17" target="file-frame">third_party/tests/ivtest/ivltests/pr990.v:17</a>:7-17:
   | 
   |   if (y === 1&#39;b1) // if x is 0, then x==0 is 1.
   |       ^^^^^^^^^^                               
   = note: Assertion failed: mir.ty.is_bool()
   = note: Encountered at src/svlog/codegen.rs:1236

You have encountered a compiler bug. Sorry about that! We would appreciate if you open an issue [1] and describe how you triggered the bug, together with a minimal snippet of code to reproduce it. Thanks!
[1]: https://github.com/fabianschuiki/moore

thread &#39;main&#39; panicked at &#39;assertion failed: mir.ty.is_bool()&#39;, &lt;::std::macros::panic macros&gt;:5:6
note: run with `RUST_BACKTRACE=1` environment variable to display a backtrace

</pre>
</body>