<head>
  <style>
    .log { font-family: "Courier New", Consolas, monospace; font-size: 80%; }
    .test-failed { background-color: #ffaaaa; }
    .test-passed { background-color: #aaffaa; }
  </style>
</head>
<body>
<h3><a href="http://llhd.io/" target="_blank">moore</a></h3>
<pre class="test-failed">
description: Test imported from ivtest
rc: 101 (means success: 0)
should_fail: 0
tags: ivtest
incdirs: /tmpfs/src/github/sv-tests/third_party/tests/ivtest /tmpfs/src/github/sv-tests/third_party/tests/ivtest/ivltests
top_module: 
type: parsing
mode: parsing
files: <a href="../../../../third_party/tests/ivtest/ivltests/ptest010.v.html" target="file-frame">third_party/tests/ivtest/ivltests/ptest010.v</a>
time_elapsed: 0.004s
ram usage: 10396 KB
</pre>
<pre class="log">

moore -I /tmpfs/src/github/sv-tests/third_party/tests/ivtest -I /tmpfs/src/github/sv-tests/third_party/tests/ivtest/ivltests -e main <a href="../../../../third_party/tests/ivtest/ivltests/ptest010.v.html" target="file-frame">third_party/tests/ivtest/ivltests/ptest010.v</a>
compiler bug: no ast node for n6 in the map

You have encountered a compiler bug. Sorry about that! We would appreciate if you open an issue [1] and describe how you triggered the bug, together with a minimal snippet of code to reproduce it. Thanks!
[1]: https://github.com/fabianschuiki/moore

compiler bug: no ast node for n4 in the map

You have encountered a compiler bug. Sorry about that! We would appreciate if you open an issue [1] and describe how you triggered the bug, together with a minimal snippet of code to reproduce it. Thanks!
[1]: https://github.com/fabianschuiki/moore

compiler bug: no ast node for n5 in the map

You have encountered a compiler bug. Sorry about that! We would appreciate if you open an issue [1] and describe how you triggered the bug, together with a minimal snippet of code to reproduce it. Thanks!
[1]: https://github.com/fabianschuiki/moore

warning: `$display` not supported; ignored
  --&gt; <a href="../../../../third_party/tests/ivtest/ivltests/ptest010.v.html#l-28" target="file-frame">third_party/tests/ivtest/ivltests/ptest010.v:28</a>:7-25:
   | 
   |       $display(&#34;PASSED&#34;);
   |       ^^^^^^^^^^^^^^^^^^ 

warning: `$display` not supported; ignored
  --&gt; <a href="../../../../third_party/tests/ivtest/ivltests/ptest010.v.html#l-30" target="file-frame">third_party/tests/ivtest/ivltests/ptest010.v:30</a>:7-25:
   | 
   |       $display(&#34;FAILED&#34;);
   |       ^^^^^^^^^^^^^^^^^^ 

compiler bug: assertion failed: mir.ty.is_bool()
  --&gt; <a href="../../../../third_party/tests/ivtest/ivltests/ptest010.v.html#l-27" target="file-frame">third_party/tests/ivtest/ivltests/ptest010.v:27</a>:9-41:
   | 
   |     if (a===4&#39;d5 &amp;&amp; b===4&#39;d8 &amp;&amp; c==4&#39;d12)
   |         ^^^^^^^^^^^^^^^^^^^^^^^^^^^^^^^^ 
   = note: Assertion failed: mir.ty.is_bool()
   = note: Encountered at src/svlog/codegen.rs:1236

You have encountered a compiler bug. Sorry about that! We would appreciate if you open an issue [1] and describe how you triggered the bug, together with a minimal snippet of code to reproduce it. Thanks!
[1]: https://github.com/fabianschuiki/moore

thread &#39;main&#39; panicked at &#39;assertion failed: mir.ty.is_bool()&#39;, &lt;::std::macros::panic macros&gt;:5:6
note: run with `RUST_BACKTRACE=1` environment variable to display a backtrace

</pre>
</body>