<head>
  <style>
    .log { font-family: "Courier New", Consolas, monospace; font-size: 80%; }
    .test-failed { background-color: #ffaaaa; }
    .test-passed { background-color: #aaffaa; }
  </style>
</head>
<body>
<h3><a href="http://llhd.io/" target="_blank">moore</a></h3>
<pre class="test-failed">
description: Test imported from ivtest
rc: 1 (means success: 0)
should_fail: 0
tags: ivtest
incdirs: /tmpfs/src/github/sv-tests/third_party/tests/ivtest /tmpfs/src/github/sv-tests/third_party/tests/ivtest/ivltests
top_module: 
type: parsing
mode: parsing
files: <a href="../../../../third_party/tests/ivtest/ivltests/ptest007.v.html" target="file-frame">third_party/tests/ivtest/ivltests/ptest007.v</a>
time_elapsed: 0.008s
ram usage: 9764 KB
</pre>
<pre class="log">

moore -I /tmpfs/src/github/sv-tests/third_party/tests/ivtest -I /tmpfs/src/github/sv-tests/third_party/tests/ivtest/ivltests -e main <a href="../../../../third_party/tests/ivtest/ivltests/ptest007.v.html" target="file-frame">third_party/tests/ivtest/ivltests/ptest007.v</a>
warning: `$display` not supported; ignored
  --&gt; <a href="../../../../third_party/tests/ivtest/ivltests/ptest007.v.html#l-31" target="file-frame">third_party/tests/ivtest/ivltests/ptest007.v:31</a>:7-25:
   | 
   |       $display(&#34;FAILED&#34;);
   |       ^^^^^^^^^^^^^^^^^^ 

 ERROR moore_svlog::hir::lowering &gt; Expr #0x564137f99a80
compiler bug: lowering of expression not implemented
  --&gt; <a href="../../../../third_party/tests/ivtest/ivltests/ptest007.v.html#l-32" target="file-frame">third_party/tests/ivtest/ivltests/ptest007.v:32</a>:7-14:
   | 
   |       $finish;
   |       ^^^^^^^ 

You have encountered a compiler bug. Sorry about that! We would appreciate if you open an issue [1] and describe how you triggered the bug, together with a minimal snippet of code to reproduce it. Thanks!
[1]: https://github.com/fabianschuiki/moore

warning: `$display` not supported; ignored
  --&gt; <a href="../../../../third_party/tests/ivtest/ivltests/ptest007.v.html#l-37" target="file-frame">third_party/tests/ivtest/ivltests/ptest007.v:37</a>:7-25:
   | 
   |       $display(&#34;FAILED&#34;);
   |       ^^^^^^^^^^^^^^^^^^ 

 ERROR moore_svlog::hir::lowering &gt; Expr #0x564137fa0800
compiler bug: lowering of expression not implemented
  --&gt; <a href="../../../../third_party/tests/ivtest/ivltests/ptest007.v.html#l-38" target="file-frame">third_party/tests/ivtest/ivltests/ptest007.v:38</a>:7-14:
   | 
   |       $finish;
   |       ^^^^^^^ 

You have encountered a compiler bug. Sorry about that! We would appreciate if you open an issue [1] and describe how you triggered the bug, together with a minimal snippet of code to reproduce it. Thanks!
[1]: https://github.com/fabianschuiki/moore

warning: `$display` not supported; ignored
  --&gt; <a href="../../../../third_party/tests/ivtest/ivltests/ptest007.v.html#l-43" target="file-frame">third_party/tests/ivtest/ivltests/ptest007.v:43</a>:7-25:
   | 
   |       $display(&#34;FAILED&#34;);
   |       ^^^^^^^^^^^^^^^^^^ 

 ERROR moore_svlog::hir::lowering &gt; Expr #0x564137f9f670
compiler bug: lowering of expression not implemented
  --&gt; <a href="../../../../third_party/tests/ivtest/ivltests/ptest007.v.html#l-44" target="file-frame">third_party/tests/ivtest/ivltests/ptest007.v:44</a>:7-14:
   | 
   |       $finish;
   |       ^^^^^^^ 

You have encountered a compiler bug. Sorry about that! We would appreciate if you open an issue [1] and describe how you triggered the bug, together with a minimal snippet of code to reproduce it. Thanks!
[1]: https://github.com/fabianschuiki/moore

warning: `$display` not supported; ignored
  --&gt; <a href="../../../../third_party/tests/ivtest/ivltests/ptest007.v.html#l-46" target="file-frame">third_party/tests/ivtest/ivltests/ptest007.v:46</a>:5-23:
   | 
   |     $display(&#34;PASSED&#34;);
   |     ^^^^^^^^^^^^^^^^^^ 

warning: cast ignored during constant evaluation
  --&gt; <a href="../../../../third_party/tests/ivtest/ivltests/ptest007.v.html#l-27" target="file-frame">third_party/tests/ivtest/ivltests/ptest007.v:27</a>:9-13:
   | 
   |     a = 4&#39;d3;
   |         ^^^^ 
   = note: Casts `4&#39;d3` from `bit [3:0]` to `logic [3:0]`
  --&gt; <a href="../../../../third_party/tests/ivtest/ivltests/ptest007.v.html#l-27" target="file-frame">third_party/tests/ivtest/ivltests/ptest007.v:27</a>:9-13:
   | 
   |     a = 4&#39;d3;
   |         ^^^^ 

warning: cast ignored during constant evaluation
  --&gt; <a href="../../../../third_party/tests/ivtest/ivltests/ptest007.v.html#l-28" target="file-frame">third_party/tests/ivtest/ivltests/ptest007.v:28</a>:9-13:
   | 
   |     b = 4&#39;d6;
   |         ^^^^ 
   = note: Casts `4&#39;d6` from `bit [3:0]` to `logic [3:0]`
  --&gt; <a href="../../../../third_party/tests/ivtest/ivltests/ptest007.v.html#l-28" target="file-frame">third_party/tests/ivtest/ivltests/ptest007.v:28</a>:9-13:
   | 
   |     b = 4&#39;d6;
   |         ^^^^ 

warning: cast ignored during constant evaluation
  --&gt; <a href="../../../../third_party/tests/ivtest/ivltests/ptest007.v.html#l-30" target="file-frame">third_party/tests/ivtest/ivltests/ptest007.v:30</a>:13-14:
   | 
   |     if (c!==1) begin
   |             ^       
   = note: Casts `1` from `int unsigned` to `integer unsigned`
  --&gt; <a href="../../../../third_party/tests/ivtest/ivltests/ptest007.v.html#l-30" target="file-frame">third_party/tests/ivtest/ivltests/ptest007.v:30</a>:13-14:
   | 
   |     if (c!==1) begin
   |             ^       

warning: cast ignored during constant evaluation
  --&gt; <a href="../../../../third_party/tests/ivtest/ivltests/ptest007.v.html#l-30" target="file-frame">third_party/tests/ivtest/ivltests/ptest007.v:30</a>:13-14:
   | 
   |     if (c!==1) begin
   |             ^       
   = note: Casts `1` from `int` to `int unsigned`
  --&gt; <a href="../../../../third_party/tests/ivtest/ivltests/ptest007.v.html#l-30" target="file-frame">third_party/tests/ivtest/ivltests/ptest007.v:30</a>:13-14:
   | 
   |     if (c!==1) begin
   |             ^       


</pre>
</body>