<head>
  <style>
    .log { font-family: "Courier New", Consolas, monospace; font-size: 80%; }
    .test-failed { background-color: #ffaaaa; }
    .test-passed { background-color: #aaffaa; }
  </style>
</head>
<body>
<h3><a href="http://llhd.io/" target="_blank">moore</a></h3>
<pre class="test-failed">
description: Test imported from ivtest
should_fail: 0
tags: ivtest
incdirs: /tmpfs/src/github/sv-tests/third_party/tests/ivtest /tmpfs/src/github/sv-tests/third_party/tests/ivtest/ivltests
top_module: 
type: parsing
mode: parsing
files: <a href="../../../../third_party/tests/ivtest/ivltests/readmemb2.v.html" target="file-frame">third_party/tests/ivtest/ivltests/readmemb2.v</a>
time_elapsed: 0.008s
ram usage: 9640 KB
</pre>
<pre class="log">

compiler bug: lowering of expression not implemented
  --&gt; <a href="../../../../third_party/tests/ivtest/ivltests/readmemb2.v.html#l-34" target="file-frame">third_party/tests/ivtest/ivltests/readmemb2.v:34</a>:32-49:
   | 
   |     for(count = 0; count &lt;= 7; count = count + 1)
   |                                ^^^^^^^^^^^^^^^^^ 

You have encountered a compiler bug. Sorry about that! We would appreciate if you open an issue [1] and describe how you triggered the bug, together with a minimal snippet of code to reproduce it. Thanks!
[1]: https://github.com/fabianschuiki/moore

warning: `$readmemb` not supported; ignored
  --&gt; <a href="../../../../third_party/tests/ivtest/ivltests/readmemb2.v.html#l-37" target="file-frame">third_party/tests/ivtest/ivltests/readmemb2.v:37</a>:5-46:
   | 
   |     $readmemb(&#34;ivltests/readmemb2.dat&#34;,array);
   |     ^^^^^^^^^^^^^^^^^^^^^^^^^^^^^^^^^^^^^^^^^ 

compiler bug: lowering of expression not implemented
  --&gt; <a href="../../../../third_party/tests/ivtest/ivltests/readmemb2.v.html#l-39" target="file-frame">third_party/tests/ivtest/ivltests/readmemb2.v:39</a>:32-49:
   | 
   |     for(count = 0; count &lt;= 3; count = count + 1)
   |                                ^^^^^^^^^^^^^^^^^ 

You have encountered a compiler bug. Sorry about that! We would appreciate if you open an issue [1] and describe how you triggered the bug, together with a minimal snippet of code to reproduce it. Thanks!
[1]: https://github.com/fabianschuiki/moore

error: `!==` is not a valid binary operator
  --&gt; <a href="../../../../third_party/tests/ivtest/ivltests/readmemb2.v.html#l-41" target="file-frame">third_party/tests/ivtest/ivltests/readmemb2.v:41</a>:11-38:
   | 
   |        if(array[count[2:0]] !== count)
   |           ^^^^^^^^^^^^^^^^^^^^^^^^^^^ 

warning: `$display` not supported; ignored
  --&gt; <a href="../../../../third_party/tests/ivtest/ivltests/readmemb2.v.html#l-44" target="file-frame">third_party/tests/ivtest/ivltests/readmemb2.v:44</a>:14-104:
   | 
   |              $display(&#34;FAILED - array[count] == %h, s/b %h&#34;,
   |              ^^^^^^^^^^^^^^^^^^^^^^^^^^^^^^^^^^^^^^^^^^^^^^^

error: `!==` is not a valid binary operator
  --&gt; <a href="../../../../third_party/tests/ivtest/ivltests/readmemb2.v.html#l-49" target="file-frame">third_party/tests/ivtest/ivltests/readmemb2.v:49</a>:8-25:
   | 
   |     if(array[4] !== 8&#39;h0)
   |        ^^^^^^^^^^^^^^^^^ 

warning: `$display` not supported; ignored
  --&gt; <a href="../../../../third_party/tests/ivtest/ivltests/readmemb2.v.html#l-52" target="file-frame">third_party/tests/ivtest/ivltests/readmemb2.v:52</a>:9-88:
   | 
   |         $display(&#34;FAILED - array[4] == %h, s/b 0&#34;,
   |         ^^^^^^^^^^^^^^^^^^^^^^^^^^^^^^^^^^^^^^^^^^

warning: `$display` not supported; ignored
  --&gt; <a href="../../../../third_party/tests/ivtest/ivltests/readmemb2.v.html#l-57" target="file-frame">third_party/tests/ivtest/ivltests/readmemb2.v:57</a>:12-32:
   | 
   |            $display(&#34;PASSED\n&#34;);
   |            ^^^^^^^^^^^^^^^^^^^^ 

compiler bug: lowering of expression not implemented
  --&gt; <a href="../../../../third_party/tests/ivtest/ivltests/readmemb2.v.html#l-58" target="file-frame">third_party/tests/ivtest/ivltests/readmemb2.v:58</a>:5-12:
   | 
   |     $finish ;
   |     ^^^^^^^  

You have encountered a compiler bug. Sorry about that! We would appreciate if you open an issue [1] and describe how you triggered the bug, together with a minimal snippet of code to reproduce it. Thanks!
[1]: https://github.com/fabianschuiki/moore

error: `&#34;count = count + 1&#34;` cannot be cast to a boolean
  --&gt; <a href="../../../../third_party/tests/ivtest/ivltests/readmemb2.v.html#l-34" target="file-frame">third_party/tests/ivtest/ivltests/readmemb2.v:34</a>:32-49:
   | 
   |     for(count = 0; count &lt;= 7; count = count + 1)
   |                                ^^^^^^^^^^^^^^^^^ 


</pre>
</body>