<head>
  <style>
    .log { font-family: "Courier New", Consolas, monospace; font-size: 80%; }
    .test-failed { background-color: #ffaaaa; }
    .test-passed { background-color: #aaffaa; }
  </style>
</head>
<body>
<h3><a href="http://llhd.io/" target="_blank">moore</a></h3>
<pre class="test-failed">
description: Test imported from ivtest
rc: 101 (means success: 0)
should_fail: 0
tags: ivtest
incdirs: /tmpfs/src/github/sv-tests/third_party/tests/ivtest /tmpfs/src/github/sv-tests/third_party/tests/ivtest/ivltests
top_module: 
type: parsing
mode: parsing
files: <a href="../../../../third_party/tests/ivtest/ivltests/real2.v.html" target="file-frame">third_party/tests/ivtest/ivltests/real2.v</a>
time_elapsed: 0.004s
ram usage: 9612 KB
</pre>
<pre class="log">

moore -I /tmpfs/src/github/sv-tests/third_party/tests/ivtest -I /tmpfs/src/github/sv-tests/third_party/tests/ivtest/ivltests -e main <a href="../../../../third_party/tests/ivtest/ivltests/real2.v.html" target="file-frame">third_party/tests/ivtest/ivltests/real2.v</a>
 ERROR moore_svlog::hir::lowering &gt; Expr #0x55edde8d4c00
compiler bug: lowering of expression not implemented
  --&gt; <a href="../../../../third_party/tests/ivtest/ivltests/real2.v.html#l-25" target="file-frame">third_party/tests/ivtest/ivltests/real2.v:25</a>:19-24:
   | 
   |       #9 result = $time + offset;
   |                   ^^^^^          

You have encountered a compiler bug. Sorry about that! We would appreciate if you open an issue [1] and describe how you triggered the bug, together with a minimal snippet of code to reproduce it. Thanks!
[1]: https://github.com/fabianschuiki/moore

warning: `$display` not supported; ignored
  --&gt; <a href="../../../../third_party/tests/ivtest/ivltests/real2.v.html#l-26" target="file-frame">third_party/tests/ivtest/ivltests/real2.v:26</a>:7-38:
   | 
   |       $display(&#34;result = %d&#34;, result);
   |       ^^^^^^^^^^^^^^^^^^^^^^^^^^^^^^^ 

warning: `$display` not supported; ignored
  --&gt; <a href="../../../../third_party/tests/ivtest/ivltests/real2.v.html#l-28" target="file-frame">third_party/tests/ivtest/ivltests/real2.v:28</a>:3-41:
   | 
   |      $display(&#34;FAILED -- incorrect result&#34;);
   |      ^^^^^^^^^^^^^^^^^^^^^^^^^^^^^^^^^^^^^^ 

 ERROR moore_svlog::hir::lowering &gt; Expr #0x55edde8db720
compiler bug: lowering of expression not implemented
  --&gt; <a href="../../../../third_party/tests/ivtest/ivltests/real2.v.html#l-29" target="file-frame">third_party/tests/ivtest/ivltests/real2.v:29</a>:3-10:
   | 
   |      $finish;
   |      ^^^^^^^ 

You have encountered a compiler bug. Sorry about that! We would appreciate if you open an issue [1] and describe how you triggered the bug, together with a minimal snippet of code to reproduce it. Thanks!
[1]: https://github.com/fabianschuiki/moore

warning: `$display` not supported; ignored
  --&gt; <a href="../../../../third_party/tests/ivtest/ivltests/real2.v.html#l-32" target="file-frame">third_party/tests/ivtest/ivltests/real2.v:32</a>:7-25:
   | 
   |       $display(&#34;PASSED&#34;);
   |       ^^^^^^^^^^^^^^^^^^ 

 ERROR moore_svlog::hir::lowering &gt; Expr #0x55edde8dc4a0
compiler bug: lowering of expression not implemented
  --&gt; <a href="../../../../third_party/tests/ivtest/ivltests/real2.v.html#l-33" target="file-frame">third_party/tests/ivtest/ivltests/real2.v:33</a>:7-14:
   | 
   |       $finish;
   |       ^^^^^^^ 

You have encountered a compiler bug. Sorry about that! We would appreciate if you open an issue [1] and describe how you triggered the bug, together with a minimal snippet of code to reproduce it. Thanks!
[1]: https://github.com/fabianschuiki/moore

thread &#39;main&#39; panicked at &#39;not implemented: emit type Time&#39;, &lt;::std::macros::panic macros&gt;:5:6
note: run with `RUST_BACKTRACE=1` environment variable to display a backtrace

</pre>
</body>