<head>
  <style>
    .log { font-family: "Courier New", Consolas, monospace; font-size: 80%; }
    .test-failed { background-color: #ffaaaa; }
    .test-passed { background-color: #aaffaa; }
  </style>
</head>
<body>
<h3><a href="http://llhd.io/" target="_blank">moore</a></h3>
<pre class="test-failed">
description: Test imported from ivtest
rc: 101 (means success: 0)
should_fail: 0
tags: ivtest
incdirs: /tmpfs/src/github/sv-tests/third_party/tests/ivtest /tmpfs/src/github/sv-tests/third_party/tests/ivtest/ivltests
top_module: 
type: parsing
mode: parsing
files: <a href="../../../../third_party/tests/ivtest/ivltests/sdw_task2.v.html" target="file-frame">third_party/tests/ivtest/ivltests/sdw_task2.v</a>
time_elapsed: 0.004s
ram usage: 9764 KB
</pre>
<pre class="log">

moore -I /tmpfs/src/github/sv-tests/third_party/tests/ivtest -I /tmpfs/src/github/sv-tests/third_party/tests/ivtest/ivltests -e main <a href="../../../../third_party/tests/ivtest/ivltests/sdw_task2.v.html" target="file-frame">third_party/tests/ivtest/ivltests/sdw_task2.v</a>
warning: `$display` not supported; ignored
  --&gt; <a href="../../../../third_party/tests/ivtest/ivltests/sdw_task2.v.html#l-44" target="file-frame">third_party/tests/ivtest/ivltests/sdw_task2.v:44</a>:7-59:
   | 
   |       $display(&#34;FAILED - task didn&#39;t modify global_reg\n&#34;);
   |       ^^^^^^^^^^^^^^^^^^^^^^^^^^^^^^^^^^^^^^^^^^^^^^^^^^^^ 

 ERROR moore_svlog::hir::lowering &gt; Expr #0x5582f4daba40
compiler bug: lowering of expression not implemented
  --&gt; <a href="../../../../third_party/tests/ivtest/ivltests/sdw_task2.v.html#l-45" target="file-frame">third_party/tests/ivtest/ivltests/sdw_task2.v:45</a>:7-14:
   | 
   |       $finish ;
   |       ^^^^^^^  

You have encountered a compiler bug. Sorry about that! We would appreciate if you open an issue [1] and describe how you triggered the bug, together with a minimal snippet of code to reproduce it. Thanks!
[1]: https://github.com/fabianschuiki/moore

warning: `$display` not supported; ignored
  --&gt; <a href="../../../../third_party/tests/ivtest/ivltests/sdw_task2.v.html#l-48" target="file-frame">third_party/tests/ivtest/ivltests/sdw_task2.v:48</a>:3-23:
   | 
   |   $display(&#34;PASSED\n&#34;);
   |   ^^^^^^^^^^^^^^^^^^^^ 

 ERROR moore_svlog::hir::lowering &gt; Expr #0x5582f4dac7c0
compiler bug: lowering of expression not implemented
  --&gt; <a href="../../../../third_party/tests/ivtest/ivltests/sdw_task2.v.html#l-49" target="file-frame">third_party/tests/ivtest/ivltests/sdw_task2.v:49</a>:3-10:
   | 
   |   $finish ;
   |   ^^^^^^^  

You have encountered a compiler bug. Sorry about that! We would appreciate if you open an issue [1] and describe how you triggered the bug, together with a minimal snippet of code to reproduce it. Thanks!
[1]: https://github.com/fabianschuiki/moore

warning: cast ignored during constant evaluation
  --&gt; <a href="../../../../third_party/tests/ivtest/ivltests/sdw_task2.v.html#l-39" target="file-frame">third_party/tests/ivtest/ivltests/sdw_task2.v:39</a>:16-17:
   | 
   |   global_reg = 2;
   |                ^ 
   = note: Casts `2` from `bit [3:0]` to `logic [3:0]`
  --&gt; <a href="../../../../third_party/tests/ivtest/ivltests/sdw_task2.v.html#l-39" target="file-frame">third_party/tests/ivtest/ivltests/sdw_task2.v:39</a>:16-17:
   | 
   |   global_reg = 2;
   |                ^ 

warning: cast ignored during constant evaluation
  --&gt; <a href="../../../../third_party/tests/ivtest/ivltests/sdw_task2.v.html#l-39" target="file-frame">third_party/tests/ivtest/ivltests/sdw_task2.v:39</a>:16-17:
   | 
   |   global_reg = 2;
   |                ^ 
   = note: Casts `2` from `bit signed [3:0]` to `bit [3:0]`
  --&gt; <a href="../../../../third_party/tests/ivtest/ivltests/sdw_task2.v.html#l-39" target="file-frame">third_party/tests/ivtest/ivltests/sdw_task2.v:39</a>:16-17:
   | 
   |   global_reg = 2;
   |                ^ 

warning: cast ignored during constant evaluation
  --&gt; <a href="../../../../third_party/tests/ivtest/ivltests/sdw_task2.v.html#l-39" target="file-frame">third_party/tests/ivtest/ivltests/sdw_task2.v:39</a>:16-17:
   | 
   |   global_reg = 2;
   |                ^ 
   = note: Casts `2` from `int` to `bit signed [3:0]`
  --&gt; <a href="../../../../third_party/tests/ivtest/ivltests/sdw_task2.v.html#l-39" target="file-frame">third_party/tests/ivtest/ivltests/sdw_task2.v:39</a>:16-17:
   | 
   |   global_reg = 2;
   |                ^ 

compiler bug: lowering of expression `inc_glob(global_reg,global_reg)` to mir not yet supported
  --&gt; <a href="../../../../third_party/tests/ivtest/ivltests/sdw_task2.v.html#l-40" target="file-frame">third_party/tests/ivtest/ivltests/sdw_task2.v:40</a>:3-34:
   | 
   |   inc_glob(global_reg,global_reg);
   |   ^^^^^^^^^^^^^^^^^^^^^^^^^^^^^^^ 
   = note: Encountered at src/svlog/mir/lower/rvalue.rs:450

You have encountered a compiler bug. Sorry about that! We would appreciate if you open an issue [1] and describe how you triggered the bug, together with a minimal snippet of code to reproduce it. Thanks!
[1]: https://github.com/fabianschuiki/moore

thread &#39;main&#39; panicked at &#39;lowering of expression `inc_glob(global_reg,global_reg)` to mir not yet supported&#39;, &lt;::std::macros::panic macros&gt;:5:6
note: run with `RUST_BACKTRACE=1` environment variable to display a backtrace

</pre>
</body>