<head>
  <style>
    .log { font-family: "Courier New", Consolas, monospace; font-size: 80%; }
    .test-failed { background-color: #ffaaaa; }
    .test-passed { background-color: #aaffaa; }
  </style>
</head>
<body>
<h3><a href="http://llhd.io/" target="_blank">moore</a></h3>
<pre class="test-failed">
description: Test imported from ivtest
rc: 1 (means success: 0)
should_fail: 0
tags: ivtest
incdirs: /tmpfs/src/github/sv-tests/third_party/tests/ivtest /tmpfs/src/github/sv-tests/third_party/tests/ivtest/ivltests
top_module: 
type: parsing
mode: parsing
files: <a href="../../../../third_party/tests/ivtest/ivltests/sdw_always3.v.html" target="file-frame">third_party/tests/ivtest/ivltests/sdw_always3.v</a>
time_elapsed: 0.008s
ram usage: 9704 KB
</pre>
<pre class="log">

moore -I /tmpfs/src/github/sv-tests/third_party/tests/ivtest -I /tmpfs/src/github/sv-tests/third_party/tests/ivtest/ivltests -e main <a href="../../../../third_party/tests/ivtest/ivltests/sdw_always3.v.html" target="file-frame">third_party/tests/ivtest/ivltests/sdw_always3.v</a>
warning: `$display` not supported; ignored
  --&gt; <a href="../../../../third_party/tests/ivtest/ivltests/sdw_always3.v.html#l-41" target="file-frame">third_party/tests/ivtest/ivltests/sdw_always3.v:41</a>:5-71:
   | 
   |     $display(&#34;time=%d, c=%b, r=%b, reg=%b&#34;,$time,clock,reset,test_var);
   |     ^^^^^^^^^^^^^^^^^^^^^^^^^^^^^^^^^^^^^^^^^^^^^^^^^^^^^^^^^^^^^^^^^^ 

warning: `$display` not supported; ignored
  --&gt; <a href="../../../../third_party/tests/ivtest/ivltests/sdw_always3.v.html#l-45" target="file-frame">third_party/tests/ivtest/ivltests/sdw_always3.v:45</a>:5-71:
   | 
   |     $display(&#34;time=%d, c=%b, r=%b, reg=%b&#34;,$time,clock,reset,test_var);
   |     ^^^^^^^^^^^^^^^^^^^^^^^^^^^^^^^^^^^^^^^^^^^^^^^^^^^^^^^^^^^^^^^^^^ 

warning: `$display` not supported; ignored
  --&gt; <a href="../../../../third_party/tests/ivtest/ivltests/sdw_always3.v.html#l-49" target="file-frame">third_party/tests/ivtest/ivltests/sdw_always3.v:49</a>:5-71:
   | 
   |     $display(&#34;time=%d, c=%b, r=%b, reg=%b&#34;,$time,clock,reset,test_var);
   |     ^^^^^^^^^^^^^^^^^^^^^^^^^^^^^^^^^^^^^^^^^^^^^^^^^^^^^^^^^^^^^^^^^^ 

warning: `$display` not supported; ignored
  --&gt; <a href="../../../../third_party/tests/ivtest/ivltests/sdw_always3.v.html#l-53" target="file-frame">third_party/tests/ivtest/ivltests/sdw_always3.v:53</a>:5-71:
   | 
   |     $display(&#34;time=%d, c=%b, r=%b, reg=%b&#34;,$time,clock,reset,test_var);
   |     ^^^^^^^^^^^^^^^^^^^^^^^^^^^^^^^^^^^^^^^^^^^^^^^^^^^^^^^^^^^^^^^^^^ 

warning: `$display` not supported; ignored
  --&gt; <a href="../../../../third_party/tests/ivtest/ivltests/sdw_always3.v.html#l-57" target="file-frame">third_party/tests/ivtest/ivltests/sdw_always3.v:57</a>:5-71:
   | 
   |     $display(&#34;time=%d, c=%b, r=%b, reg=%b&#34;,$time,clock,reset,test_var);
   |     ^^^^^^^^^^^^^^^^^^^^^^^^^^^^^^^^^^^^^^^^^^^^^^^^^^^^^^^^^^^^^^^^^^ 

warning: `$display` not supported; ignored
  --&gt; <a href="../../../../third_party/tests/ivtest/ivltests/sdw_always3.v.html#l-78" target="file-frame">third_party/tests/ivtest/ivltests/sdw_always3.v:78</a>:9-71:
   | 
   |         $display(&#34;FAILED - initial condition of reg variable not x\n&#34;);
   |         ^^^^^^^^^^^^^^^^^^^^^^^^^^^^^^^^^^^^^^^^^^^^^^^^^^^^^^^^^^^^^^ 

compiler bug: lowering of expression not implemented
  --&gt; <a href="../../../../third_party/tests/ivtest/ivltests/sdw_always3.v.html#l-79" target="file-frame">third_party/tests/ivtest/ivltests/sdw_always3.v:79</a>:9-16:
   | 
   |         $finish ;
   |         ^^^^^^^  

You have encountered a compiler bug. Sorry about that! We would appreciate if you open an issue [1] and describe how you triggered the bug, together with a minimal snippet of code to reproduce it. Thanks!
[1]: https://github.com/fabianschuiki/moore

warning: `$display` not supported; ignored
  --&gt; <a href="../../../../third_party/tests/ivtest/ivltests/sdw_always3.v.html#l-84" target="file-frame">third_party/tests/ivtest/ivltests/sdw_always3.v:84</a>:9-55:
   | 
   |         $display(&#34;FAILED - Reset didn&#39;t reset var \n&#34;);
   |         ^^^^^^^^^^^^^^^^^^^^^^^^^^^^^^^^^^^^^^^^^^^^^^ 

compiler bug: lowering of expression not implemented
  --&gt; <a href="../../../../third_party/tests/ivtest/ivltests/sdw_always3.v.html#l-85" target="file-frame">third_party/tests/ivtest/ivltests/sdw_always3.v:85</a>:9-16:
   | 
   |         $finish ;
   |         ^^^^^^^  

You have encountered a compiler bug. Sorry about that! We would appreciate if you open an issue [1] and describe how you triggered the bug, together with a minimal snippet of code to reproduce it. Thanks!
[1]: https://github.com/fabianschuiki/moore

warning: `$display` not supported; ignored
  --&gt; <a href="../../../../third_party/tests/ivtest/ivltests/sdw_always3.v.html#l-89" target="file-frame">third_party/tests/ivtest/ivltests/sdw_always3.v:89</a>:9-52:
   | 
   |         $display(&#34;FAILED - Reset set it to 1?? \n&#34;);
   |         ^^^^^^^^^^^^^^^^^^^^^^^^^^^^^^^^^^^^^^^^^^^ 

compiler bug: lowering of expression not implemented
  --&gt; <a href="../../../../third_party/tests/ivtest/ivltests/sdw_always3.v.html#l-90" target="file-frame">third_party/tests/ivtest/ivltests/sdw_always3.v:90</a>:9-16:
   | 
   |         $finish ;
   |         ^^^^^^^  

You have encountered a compiler bug. Sorry about that! We would appreciate if you open an issue [1] and describe how you triggered the bug, together with a minimal snippet of code to reproduce it. Thanks!
[1]: https://github.com/fabianschuiki/moore

warning: `$display` not supported; ignored
  --&gt; <a href="../../../../third_party/tests/ivtest/ivltests/sdw_always3.v.html#l-96" target="file-frame">third_party/tests/ivtest/ivltests/sdw_always3.v:96</a>:9-55:
   | 
   |         $display(&#34;FAILED - Reset didn&#39;t reset var \n&#34;);
   |         ^^^^^^^^^^^^^^^^^^^^^^^^^^^^^^^^^^^^^^^^^^^^^^ 

compiler bug: lowering of expression not implemented
  --&gt; <a href="../../../../third_party/tests/ivtest/ivltests/sdw_always3.v.html#l-97" target="file-frame">third_party/tests/ivtest/ivltests/sdw_always3.v:97</a>:9-16:
   | 
   |         $finish ;
   |         ^^^^^^^  

You have encountered a compiler bug. Sorry about that! We would appreciate if you open an issue [1] and describe how you triggered the bug, together with a minimal snippet of code to reproduce it. Thanks!
[1]: https://github.com/fabianschuiki/moore

warning: `$display` not supported; ignored
  --&gt; <a href="../../../../third_party/tests/ivtest/ivltests/sdw_always3.v.html#l-101" target="file-frame">third_party/tests/ivtest/ivltests/sdw_always3.v:101</a>:9-52:
   | 
   |         $display(&#34;FAILED - Reset set it to 1?? \n&#34;);
   |         ^^^^^^^^^^^^^^^^^^^^^^^^^^^^^^^^^^^^^^^^^^^ 

compiler bug: lowering of expression not implemented
  --&gt; <a href="../../../../third_party/tests/ivtest/ivltests/sdw_always3.v.html#l-102" target="file-frame">third_party/tests/ivtest/ivltests/sdw_always3.v:102</a>:9-16:
   | 
   |         $finish ;
   |         ^^^^^^^  

You have encountered a compiler bug. Sorry about that! We would appreciate if you open an issue [1] and describe how you triggered the bug, together with a minimal snippet of code to reproduce it. Thanks!
[1]: https://github.com/fabianschuiki/moore

warning: `$display` not supported; ignored
  --&gt; <a href="../../../../third_party/tests/ivtest/ivltests/sdw_always3.v.html#l-107" target="file-frame">third_party/tests/ivtest/ivltests/sdw_always3.v:107</a>:9-56:
   | 
   |         $display(&#34;FAILED -  The clock caused an x??\n&#34;);
   |         ^^^^^^^^^^^^^^^^^^^^^^^^^^^^^^^^^^^^^^^^^^^^^^^ 

compiler bug: lowering of expression not implemented
  --&gt; <a href="../../../../third_party/tests/ivtest/ivltests/sdw_always3.v.html#l-108" target="file-frame">third_party/tests/ivtest/ivltests/sdw_always3.v:108</a>:9-16:
   | 
   |         $finish ;
   |         ^^^^^^^  

You have encountered a compiler bug. Sorry about that! We would appreciate if you open an issue [1] and describe how you triggered the bug, together with a minimal snippet of code to reproduce it. Thanks!
[1]: https://github.com/fabianschuiki/moore

warning: `$display` not supported; ignored
  --&gt; <a href="../../../../third_party/tests/ivtest/ivltests/sdw_always3.v.html#l-112" target="file-frame">third_party/tests/ivtest/ivltests/sdw_always3.v:112</a>:9-67:
   | 
   |         $display(&#34;FAILED - The clock didn&#39;t have any effect?? \n&#34;);
   |         ^^^^^^^^^^^^^^^^^^^^^^^^^^^^^^^^^^^^^^^^^^^^^^^^^^^^^^^^^^ 

compiler bug: lowering of expression not implemented
  --&gt; <a href="../../../../third_party/tests/ivtest/ivltests/sdw_always3.v.html#l-113" target="file-frame">third_party/tests/ivtest/ivltests/sdw_always3.v:113</a>:9-16:
   | 
   |         $finish ;
   |         ^^^^^^^  

You have encountered a compiler bug. Sorry about that! We would appreciate if you open an issue [1] and describe how you triggered the bug, together with a minimal snippet of code to reproduce it. Thanks!
[1]: https://github.com/fabianschuiki/moore

warning: `$display` not supported; ignored
  --&gt; <a href="../../../../third_party/tests/ivtest/ivltests/sdw_always3.v.html#l-117" target="file-frame">third_party/tests/ivtest/ivltests/sdw_always3.v:117</a>:5-25:
   | 
   |     $display(&#34;PASSED\n&#34;);
   |     ^^^^^^^^^^^^^^^^^^^^ 

compiler bug: lowering of expression not implemented
  --&gt; <a href="../../../../third_party/tests/ivtest/ivltests/sdw_always3.v.html#l-118" target="file-frame">third_party/tests/ivtest/ivltests/sdw_always3.v:118</a>:5-12:
   | 
   |     $finish;
   |     ^^^^^^^ 

You have encountered a compiler bug. Sorry about that! We would appreciate if you open an issue [1] and describe how you triggered the bug, together with a minimal snippet of code to reproduce it. Thanks!
[1]: https://github.com/fabianschuiki/moore


</pre>
</body>