<head>
  <style>
    .log { font-family: "Courier New", Consolas, monospace; font-size: 80%; }
    .test-failed { background-color: #ffaaaa; }
    .test-passed { background-color: #aaffaa; }
  </style>
</head>
<body>
<h3><a href="http://llhd.io/" target="_blank">moore</a></h3>
<pre class="test-failed">
description: Test imported from ivtest
rc: 1 (means success: 0)
should_fail: 0
tags: ivtest
incdirs: /tmpfs/src/github/sv-tests/third_party/tests/ivtest /tmpfs/src/github/sv-tests/third_party/tests/ivtest/ivltests
top_module: 
type: parsing
mode: parsing
files: <a href="../../../../third_party/tests/ivtest/ivltests/select8.v.html" target="file-frame">third_party/tests/ivtest/ivltests/select8.v</a>
time_elapsed: 0.008s
ram usage: 9508 KB
</pre>
<pre class="log">

moore -I /tmpfs/src/github/sv-tests/third_party/tests/ivtest -I /tmpfs/src/github/sv-tests/third_party/tests/ivtest/ivltests -e main <a href="../../../../third_party/tests/ivtest/ivltests/select8.v.html" target="file-frame">third_party/tests/ivtest/ivltests/select8.v</a>
warning: `$display` not supported; ignored
  --&gt; <a href="../../../../third_party/tests/ivtest/ivltests/select8.v.html#l-12" target="file-frame">third_party/tests/ivtest/ivltests/select8.v:12</a>:3-21:
   | 
   |      $display(&#34;FAILED&#34;);
   |      ^^^^^^^^^^^^^^^^^^ 

 ERROR moore_svlog::hir::lowering &gt; Expr #0x561c71641e70
compiler bug: lowering of expression not implemented
  --&gt; <a href="../../../../third_party/tests/ivtest/ivltests/select8.v.html#l-13" target="file-frame">third_party/tests/ivtest/ivltests/select8.v:13</a>:3-10:
   | 
   |      $finish;
   |      ^^^^^^^ 

You have encountered a compiler bug. Sorry about that! We would appreciate if you open an issue [1] and describe how you triggered the bug, together with a minimal snippet of code to reproduce it. Thanks!
[1]: https://github.com/fabianschuiki/moore

warning: `$display` not supported; ignored
  --&gt; <a href="../../../../third_party/tests/ivtest/ivltests/select8.v.html#l-17" target="file-frame">third_party/tests/ivtest/ivltests/select8.v:17</a>:3-21:
   | 
   |      $display(&#34;FAILED&#34;);
   |      ^^^^^^^^^^^^^^^^^^ 

 ERROR moore_svlog::hir::lowering &gt; Expr #0x561c716468c0
compiler bug: lowering of expression not implemented
  --&gt; <a href="../../../../third_party/tests/ivtest/ivltests/select8.v.html#l-18" target="file-frame">third_party/tests/ivtest/ivltests/select8.v:18</a>:3-10:
   | 
   |      $finish;
   |      ^^^^^^^ 

You have encountered a compiler bug. Sorry about that! We would appreciate if you open an issue [1] and describe how you triggered the bug, together with a minimal snippet of code to reproduce it. Thanks!
[1]: https://github.com/fabianschuiki/moore

warning: `$display` not supported; ignored
  --&gt; <a href="../../../../third_party/tests/ivtest/ivltests/select8.v.html#l-22" target="file-frame">third_party/tests/ivtest/ivltests/select8.v:22</a>:3-21:
   | 
   |      $display(&#34;FAILED&#34;);
   |      ^^^^^^^^^^^^^^^^^^ 

 ERROR moore_svlog::hir::lowering &gt; Expr #0x561c716487c0
compiler bug: lowering of expression not implemented
  --&gt; <a href="../../../../third_party/tests/ivtest/ivltests/select8.v.html#l-23" target="file-frame">third_party/tests/ivtest/ivltests/select8.v:23</a>:3-10:
   | 
   |      $finish;
   |      ^^^^^^^ 

You have encountered a compiler bug. Sorry about that! We would appreciate if you open an issue [1] and describe how you triggered the bug, together with a minimal snippet of code to reproduce it. Thanks!
[1]: https://github.com/fabianschuiki/moore

warning: `$display` not supported; ignored
  --&gt; <a href="../../../../third_party/tests/ivtest/ivltests/select8.v.html#l-27" target="file-frame">third_party/tests/ivtest/ivltests/select8.v:27</a>:3-21:
   | 
   |      $display(&#34;FAILED&#34;);
   |      ^^^^^^^^^^^^^^^^^^ 

 ERROR moore_svlog::hir::lowering &gt; Expr #0x561c71649940
compiler bug: lowering of expression not implemented
  --&gt; <a href="../../../../third_party/tests/ivtest/ivltests/select8.v.html#l-28" target="file-frame">third_party/tests/ivtest/ivltests/select8.v:28</a>:3-10:
   | 
   |      $finish;
   |      ^^^^^^^ 

You have encountered a compiler bug. Sorry about that! We would appreciate if you open an issue [1] and describe how you triggered the bug, together with a minimal snippet of code to reproduce it. Thanks!
[1]: https://github.com/fabianschuiki/moore

warning: `$display` not supported; ignored
  --&gt; <a href="../../../../third_party/tests/ivtest/ivltests/select8.v.html#l-34" target="file-frame">third_party/tests/ivtest/ivltests/select8.v:34</a>:3-21:
   | 
   |      $display(&#34;FAILED&#34;);
   |      ^^^^^^^^^^^^^^^^^^ 

 ERROR moore_svlog::hir::lowering &gt; Expr #0x561c7164adf0
compiler bug: lowering of expression not implemented
  --&gt; <a href="../../../../third_party/tests/ivtest/ivltests/select8.v.html#l-35" target="file-frame">third_party/tests/ivtest/ivltests/select8.v:35</a>:3-10:
   | 
   |      $finish;
   |      ^^^^^^^ 

You have encountered a compiler bug. Sorry about that! We would appreciate if you open an issue [1] and describe how you triggered the bug, together with a minimal snippet of code to reproduce it. Thanks!
[1]: https://github.com/fabianschuiki/moore

warning: `$display` not supported; ignored
  --&gt; <a href="../../../../third_party/tests/ivtest/ivltests/select8.v.html#l-41" target="file-frame">third_party/tests/ivtest/ivltests/select8.v:41</a>:3-21:
   | 
   |      $display(&#34;FAILED&#34;);
   |      ^^^^^^^^^^^^^^^^^^ 

 ERROR moore_svlog::hir::lowering &gt; Expr #0x561c7164e130
compiler bug: lowering of expression not implemented
  --&gt; <a href="../../../../third_party/tests/ivtest/ivltests/select8.v.html#l-42" target="file-frame">third_party/tests/ivtest/ivltests/select8.v:42</a>:3-10:
   | 
   |      $finish;
   |      ^^^^^^^ 

You have encountered a compiler bug. Sorry about that! We would appreciate if you open an issue [1] and describe how you triggered the bug, together with a minimal snippet of code to reproduce it. Thanks!
[1]: https://github.com/fabianschuiki/moore

warning: `$display` not supported; ignored
  --&gt; <a href="../../../../third_party/tests/ivtest/ivltests/select8.v.html#l-45" target="file-frame">third_party/tests/ivtest/ivltests/select8.v:45</a>:7-25:
   | 
   |       $display(&#34;PASSED&#34;);
   |       ^^^^^^^^^^^^^^^^^^ 

 ERROR moore_svlog::hir::lowering &gt; Expr #0x561c7164d3b0
compiler bug: lowering of expression not implemented
  --&gt; <a href="../../../../third_party/tests/ivtest/ivltests/select8.v.html#l-46" target="file-frame">third_party/tests/ivtest/ivltests/select8.v:46</a>:7-14:
   | 
   |       $finish;
   |       ^^^^^^^ 

You have encountered a compiler bug. Sorry about that! We would appreciate if you open an issue [1] and describe how you triggered the bug, together with a minimal snippet of code to reproduce it. Thanks!
[1]: https://github.com/fabianschuiki/moore

warning: cast ignored during constant evaluation
  --&gt; <a href="../../../../third_party/tests/ivtest/ivltests/select8.v.html#l-7" target="file-frame">third_party/tests/ivtest/ivltests/select8.v:7</a>:16-21:
   | 
   |       mem[0] = 8&#39;ha5;
   |                ^^^^^ 
   = note: Casts `8&#39;ha5` from `bit [0:0]` to `logic [0:0]`
  --&gt; <a href="../../../../third_party/tests/ivtest/ivltests/select8.v.html#l-7" target="file-frame">third_party/tests/ivtest/ivltests/select8.v:7</a>:16-21:
   | 
   |       mem[0] = 8&#39;ha5;
   |                ^^^^^ 

warning: cast ignored during constant evaluation
  --&gt; <a href="../../../../third_party/tests/ivtest/ivltests/select8.v.html#l-7" target="file-frame">third_party/tests/ivtest/ivltests/select8.v:7</a>:16-21:
   | 
   |       mem[0] = 8&#39;ha5;
   |                ^^^^^ 
   = note: Casts `8&#39;ha5` from `byte unsigned` to `bit [0:0]`
  --&gt; <a href="../../../../third_party/tests/ivtest/ivltests/select8.v.html#l-7" target="file-frame">third_party/tests/ivtest/ivltests/select8.v:7</a>:16-21:
   | 
   |       mem[0] = 8&#39;ha5;
   |                ^^^^^ 

warning: cast ignored during constant evaluation
  --&gt; <a href="../../../../third_party/tests/ivtest/ivltests/select8.v.html#l-8" target="file-frame">third_party/tests/ivtest/ivltests/select8.v:8</a>:16-21:
   | 
   |       mem[1] = 8&#39;hf0;
   |                ^^^^^ 
   = note: Casts `8&#39;hf0` from `bit [0:0]` to `logic [0:0]`
  --&gt; <a href="../../../../third_party/tests/ivtest/ivltests/select8.v.html#l-8" target="file-frame">third_party/tests/ivtest/ivltests/select8.v:8</a>:16-21:
   | 
   |       mem[1] = 8&#39;hf0;
   |                ^^^^^ 

warning: cast ignored during constant evaluation
  --&gt; <a href="../../../../third_party/tests/ivtest/ivltests/select8.v.html#l-8" target="file-frame">third_party/tests/ivtest/ivltests/select8.v:8</a>:16-21:
   | 
   |       mem[1] = 8&#39;hf0;
   |                ^^^^^ 
   = note: Casts `8&#39;hf0` from `byte unsigned` to `bit [0:0]`
  --&gt; <a href="../../../../third_party/tests/ivtest/ivltests/select8.v.html#l-8" target="file-frame">third_party/tests/ivtest/ivltests/select8.v:8</a>:16-21:
   | 
   |       mem[1] = 8&#39;hf0;
   |                ^^^^^ 

warning: cast ignored during constant evaluation
  --&gt; <a href="../../../../third_party/tests/ivtest/ivltests/select8.v.html#l-9" target="file-frame">third_party/tests/ivtest/ivltests/select8.v:9</a>:13-14:
   | 
   |       off = 4;
   |             ^ 
   = note: Casts `4` from `int` to `integer`
  --&gt; <a href="../../../../third_party/tests/ivtest/ivltests/select8.v.html#l-9" target="file-frame">third_party/tests/ivtest/ivltests/select8.v:9</a>:13-14:
   | 
   |       off = 4;
   |             ^ 

warning: cast ignored during constant evaluation
  --&gt; <a href="../../../../third_party/tests/ivtest/ivltests/select8.v.html#l-11" target="file-frame">third_party/tests/ivtest/ivltests/select8.v:11</a>:22-27:
   | 
   |       if (mem[0] !== 8&#39;ha5) begin
   |                      ^^^^^       
   = note: Casts `8&#39;ha5` from `byte unsigned` to `logic [7:0]`
  --&gt; <a href="../../../../third_party/tests/ivtest/ivltests/select8.v.html#l-11" target="file-frame">third_party/tests/ivtest/ivltests/select8.v:11</a>:22-27:
   | 
   |       if (mem[0] !== 8&#39;ha5) begin
   |                      ^^^^^       


</pre>
</body>