<head>
  <style>
    .log { font-family: "Courier New", Consolas, monospace; font-size: 80%; }
    .test-failed { background-color: #ffaaaa; }
    .test-passed { background-color: #aaffaa; }
  </style>
</head>
<body>
<h3><a href="http://llhd.io/" target="_blank">moore</a></h3>
<pre class="test-failed">
description: Test imported from ivtest
rc: 1 (means success: 0)
should_fail: 0
tags: ivtest
incdirs: /tmpfs/src/github/sv-tests/third_party/tests/ivtest /tmpfs/src/github/sv-tests/third_party/tests/ivtest/ivltests
top_module: 
type: parsing
mode: parsing
files: <a href="../../../../third_party/tests/ivtest/ivltests/ssetclr2.v.html" target="file-frame">third_party/tests/ivtest/ivltests/ssetclr2.v</a>
time_elapsed: 0.008s
ram usage: 9712 KB
</pre>
<pre class="log">

moore -I /tmpfs/src/github/sv-tests/third_party/tests/ivtest -I /tmpfs/src/github/sv-tests/third_party/tests/ivtest/ivltests -e main <a href="../../../../third_party/tests/ivtest/ivltests/ssetclr2.v.html" target="file-frame">third_party/tests/ivtest/ivltests/ssetclr2.v</a>
warning: `$display` not supported; ignored
  --&gt; <a href="../../../../third_party/tests/ivtest/ivltests/ssetclr2.v.html#l-33" target="file-frame">third_party/tests/ivtest/ivltests/ssetclr2.v:33</a>:3-28:
   | 
   |      $display(&#34;FAILED -- rst&#34;);
   |      ^^^^^^^^^^^^^^^^^^^^^^^^^ 

compiler bug: lowering of expression not implemented
  --&gt; <a href="../../../../third_party/tests/ivtest/ivltests/ssetclr2.v.html#l-34" target="file-frame">third_party/tests/ivtest/ivltests/ssetclr2.v:34</a>:3-10:
   | 
   |      $finish;
   |      ^^^^^^^ 

You have encountered a compiler bug. Sorry about that! We would appreciate if you open an issue [1] and describe how you triggered the bug, together with a minimal snippet of code to reproduce it. Thanks!
[1]: https://github.com/fabianschuiki/moore

warning: `$display` not supported; ignored
  --&gt; <a href="../../../../third_party/tests/ivtest/ivltests/ssetclr2.v.html#l-41" target="file-frame">third_party/tests/ivtest/ivltests/ssetclr2.v:41</a>:3-30:
   | 
   |      $display(&#34;FAILED -- 1 clk&#34;);
   |      ^^^^^^^^^^^^^^^^^^^^^^^^^^^ 

compiler bug: lowering of expression not implemented
  --&gt; <a href="../../../../third_party/tests/ivtest/ivltests/ssetclr2.v.html#l-42" target="file-frame">third_party/tests/ivtest/ivltests/ssetclr2.v:42</a>:3-10:
   | 
   |      $finish;
   |      ^^^^^^^ 

You have encountered a compiler bug. Sorry about that! We would appreciate if you open an issue [1] and describe how you triggered the bug, together with a minimal snippet of code to reproduce it. Thanks!
[1]: https://github.com/fabianschuiki/moore

warning: `$display` not supported; ignored
  --&gt; <a href="../../../../third_party/tests/ivtest/ivltests/ssetclr2.v.html#l-49" target="file-frame">third_party/tests/ivtest/ivltests/ssetclr2.v:49</a>:3-39:
   | 
   |      $display(&#34;FAILED -- 1 set (no clk)&#34;);
   |      ^^^^^^^^^^^^^^^^^^^^^^^^^^^^^^^^^^^^ 

compiler bug: lowering of expression not implemented
  --&gt; <a href="../../../../third_party/tests/ivtest/ivltests/ssetclr2.v.html#l-50" target="file-frame">third_party/tests/ivtest/ivltests/ssetclr2.v:50</a>:3-10:
   | 
   |      $finish;
   |      ^^^^^^^ 

You have encountered a compiler bug. Sorry about that! We would appreciate if you open an issue [1] and describe how you triggered the bug, together with a minimal snippet of code to reproduce it. Thanks!
[1]: https://github.com/fabianschuiki/moore

warning: `$display` not supported; ignored
  --&gt; <a href="../../../../third_party/tests/ivtest/ivltests/ssetclr2.v.html#l-57" target="file-frame">third_party/tests/ivtest/ivltests/ssetclr2.v:57</a>:3-30:
   | 
   |      $display(&#34;FAILED -- 1 set&#34;);
   |      ^^^^^^^^^^^^^^^^^^^^^^^^^^^ 

compiler bug: lowering of expression not implemented
  --&gt; <a href="../../../../third_party/tests/ivtest/ivltests/ssetclr2.v.html#l-58" target="file-frame">third_party/tests/ivtest/ivltests/ssetclr2.v:58</a>:3-10:
   | 
   |      $finish;
   |      ^^^^^^^ 

You have encountered a compiler bug. Sorry about that! We would appreciate if you open an issue [1] and describe how you triggered the bug, together with a minimal snippet of code to reproduce it. Thanks!
[1]: https://github.com/fabianschuiki/moore

warning: `$display` not supported; ignored
  --&gt; <a href="../../../../third_party/tests/ivtest/ivltests/ssetclr2.v.html#l-65" target="file-frame">third_party/tests/ivtest/ivltests/ssetclr2.v:65</a>:3-43:
   | 
   |      $display(&#34;FAILED -- 1 clr+set (no clk)&#34;);
   |      ^^^^^^^^^^^^^^^^^^^^^^^^^^^^^^^^^^^^^^^^ 

compiler bug: lowering of expression not implemented
  --&gt; <a href="../../../../third_party/tests/ivtest/ivltests/ssetclr2.v.html#l-66" target="file-frame">third_party/tests/ivtest/ivltests/ssetclr2.v:66</a>:3-10:
   | 
   |      $finish;
   |      ^^^^^^^ 

You have encountered a compiler bug. Sorry about that! We would appreciate if you open an issue [1] and describe how you triggered the bug, together with a minimal snippet of code to reproduce it. Thanks!
[1]: https://github.com/fabianschuiki/moore

warning: `$display` not supported; ignored
  --&gt; <a href="../../../../third_party/tests/ivtest/ivltests/ssetclr2.v.html#l-73" target="file-frame">third_party/tests/ivtest/ivltests/ssetclr2.v:73</a>:3-34:
   | 
   |      $display(&#34;FAILED -- 1 clr+set&#34;);
   |      ^^^^^^^^^^^^^^^^^^^^^^^^^^^^^^^ 

compiler bug: lowering of expression not implemented
  --&gt; <a href="../../../../third_party/tests/ivtest/ivltests/ssetclr2.v.html#l-74" target="file-frame">third_party/tests/ivtest/ivltests/ssetclr2.v:74</a>:3-10:
   | 
   |      $finish;
   |      ^^^^^^^ 

You have encountered a compiler bug. Sorry about that! We would appreciate if you open an issue [1] and describe how you triggered the bug, together with a minimal snippet of code to reproduce it. Thanks!
[1]: https://github.com/fabianschuiki/moore

warning: `$display` not supported; ignored
  --&gt; <a href="../../../../third_party/tests/ivtest/ivltests/ssetclr2.v.html#l-81" target="file-frame">third_party/tests/ivtest/ivltests/ssetclr2.v:81</a>:3-34:
   | 
   |      $display(&#34;FAILED -- 2 clr+set&#34;);
   |      ^^^^^^^^^^^^^^^^^^^^^^^^^^^^^^^ 

compiler bug: lowering of expression not implemented
  --&gt; <a href="../../../../third_party/tests/ivtest/ivltests/ssetclr2.v.html#l-82" target="file-frame">third_party/tests/ivtest/ivltests/ssetclr2.v:82</a>:3-10:
   | 
   |      $finish;
   |      ^^^^^^^ 

You have encountered a compiler bug. Sorry about that! We would appreciate if you open an issue [1] and describe how you triggered the bug, together with a minimal snippet of code to reproduce it. Thanks!
[1]: https://github.com/fabianschuiki/moore

warning: `$display` not supported; ignored
  --&gt; <a href="../../../../third_party/tests/ivtest/ivltests/ssetclr2.v.html#l-90" target="file-frame">third_party/tests/ivtest/ivltests/ssetclr2.v:90</a>:3-34:
   | 
   |      $display(&#34;FAILED -- 1 clr-set&#34;);
   |      ^^^^^^^^^^^^^^^^^^^^^^^^^^^^^^^ 

compiler bug: lowering of expression not implemented
  --&gt; <a href="../../../../third_party/tests/ivtest/ivltests/ssetclr2.v.html#l-91" target="file-frame">third_party/tests/ivtest/ivltests/ssetclr2.v:91</a>:3-10:
   | 
   |      $finish;
   |      ^^^^^^^ 

You have encountered a compiler bug. Sorry about that! We would appreciate if you open an issue [1] and describe how you triggered the bug, together with a minimal snippet of code to reproduce it. Thanks!
[1]: https://github.com/fabianschuiki/moore

warning: `$display` not supported; ignored
  --&gt; <a href="../../../../third_party/tests/ivtest/ivltests/ssetclr2.v.html#l-99" target="file-frame">third_party/tests/ivtest/ivltests/ssetclr2.v:99</a>:3-34:
   | 
   |      $display(&#34;FAILED -- 1 set-clr&#34;);
   |      ^^^^^^^^^^^^^^^^^^^^^^^^^^^^^^^ 

compiler bug: lowering of expression not implemented
  --&gt; <a href="../../../../third_party/tests/ivtest/ivltests/ssetclr2.v.html#l-100" target="file-frame">third_party/tests/ivtest/ivltests/ssetclr2.v:100</a>:3-10:
   | 
   |      $finish;
   |      ^^^^^^^ 

You have encountered a compiler bug. Sorry about that! We would appreciate if you open an issue [1] and describe how you triggered the bug, together with a minimal snippet of code to reproduce it. Thanks!
[1]: https://github.com/fabianschuiki/moore

warning: `$display` not supported; ignored
  --&gt; <a href="../../../../third_party/tests/ivtest/ivltests/ssetclr2.v.html#l-103" target="file-frame">third_party/tests/ivtest/ivltests/ssetclr2.v:103</a>:7-25:
   | 
   |       $display(&#34;PASSED&#34;);
   |       ^^^^^^^^^^^^^^^^^^ 

compiler bug: lowering of expression not implemented
  --&gt; <a href="../../../../third_party/tests/ivtest/ivltests/ssetclr2.v.html#l-104" target="file-frame">third_party/tests/ivtest/ivltests/ssetclr2.v:104</a>:7-14:
   | 
   |       $finish;
   |       ^^^^^^^ 

You have encountered a compiler bug. Sorry about that! We would appreciate if you open an issue [1] and describe how you triggered the bug, together with a minimal snippet of code to reproduce it. Thanks!
[1]: https://github.com/fabianschuiki/moore


</pre>
</body>