<head>
  <style>
    .log { font-family: "Courier New", Consolas, monospace; font-size: 80%; }
    .test-failed { background-color: #ffaaaa; }
    .test-passed { background-color: #aaffaa; }
  </style>
</head>
<body>
<h3><a href="http://llhd.io/" target="_blank">moore</a></h3>
<pre class="test-failed">
description: Test imported from ivtest
rc: 101 (means success: 0)
should_fail: 0
tags: ivtest
incdirs: /tmpfs/src/github/sv-tests/third_party/tests/ivtest /tmpfs/src/github/sv-tests/third_party/tests/ivtest/ivltests
top_module: 
type: parsing
mode: parsing
files: <a href="../../../../third_party/tests/ivtest/ivltests/struct_packed_sysfunct.v.html" target="file-frame">third_party/tests/ivtest/ivltests/struct_packed_sysfunct.v</a>
time_elapsed: 0.004s
ram usage: 10496 KB
</pre>
<pre class="log">

moore -I /tmpfs/src/github/sv-tests/third_party/tests/ivtest -I /tmpfs/src/github/sv-tests/third_party/tests/ivtest/ivltests -e test <a href="../../../../third_party/tests/ivtest/ivltests/struct_packed_sysfunct.v.html" target="file-frame">third_party/tests/ivtest/ivltests/struct_packed_sysfunct.v</a>
warning: cast ignored during constant evaluation
  --&gt; <a href="../../../../third_party/tests/ivtest/ivltests/struct_packed_sysfunct.v.html#l-17" target="file-frame">third_party/tests/ivtest/ivltests/struct_packed_sysfunct.v:17</a>:14-15:
   | 
   |    bit err = 0;
   |              ^ 
   = note: Casts `0` from `bit signed` to `bit`
  --&gt; <a href="../../../../third_party/tests/ivtest/ivltests/struct_packed_sysfunct.v.html#l-17" target="file-frame">third_party/tests/ivtest/ivltests/struct_packed_sysfunct.v:17</a>:14-15:
   | 
   |    bit err = 0;
   |              ^ 

warning: cast ignored during constant evaluation
  --&gt; <a href="../../../../third_party/tests/ivtest/ivltests/struct_packed_sysfunct.v.html#l-17" target="file-frame">third_party/tests/ivtest/ivltests/struct_packed_sysfunct.v:17</a>:14-15:
   | 
   |    bit err = 0;
   |              ^ 
   = note: Casts `0` from `bit signed [0:0]` to `bit signed`
  --&gt; <a href="../../../../third_party/tests/ivtest/ivltests/struct_packed_sysfunct.v.html#l-17" target="file-frame">third_party/tests/ivtest/ivltests/struct_packed_sysfunct.v:17</a>:14-15:
   | 
   |    bit err = 0;
   |              ^ 

warning: cast ignored during constant evaluation
  --&gt; <a href="../../../../third_party/tests/ivtest/ivltests/struct_packed_sysfunct.v.html#l-17" target="file-frame">third_party/tests/ivtest/ivltests/struct_packed_sysfunct.v:17</a>:14-15:
   | 
   |    bit err = 0;
   |              ^ 
   = note: Casts `0` from `int` to `bit signed [0:0]`
  --&gt; <a href="../../../../third_party/tests/ivtest/ivltests/struct_packed_sysfunct.v.html#l-17" target="file-frame">third_party/tests/ivtest/ivltests/struct_packed_sysfunct.v:17</a>:14-15:
   | 
   |    bit err = 0;
   |              ^ 

warning: `$display` not supported; ignored
  --&gt; <a href="../../../../third_party/tests/ivtest/ivltests/struct_packed_sysfunct.v.html#l-20" target="file-frame">third_party/tests/ivtest/ivltests/struct_packed_sysfunct.v:20</a>:43-106:
   | 
   |       if ($bits(word0     ) !== 16) begin $display(&#34;FAILED -- $bits(word0     ) = %d&#34;, $bits(word0     )); err=1; end
   |                                           ^^^^^^^^^^^^^^^^^^^^^^^^^^^^^^^^^^^^^^^^^^^^^^^^^^^^^^^^^^^^^^^            

warning: `$display` not supported; ignored
  --&gt; <a href="../../../../third_party/tests/ivtest/ivltests/struct_packed_sysfunct.v.html#l-21" target="file-frame">third_party/tests/ivtest/ivltests/struct_packed_sysfunct.v:21</a>:43-106:
   | 
   |       if ($bits(word0.high) !==  8) begin $display(&#34;FAILED -- $bits(word0.high) = %d&#34;, $bits(word0.high)); err=1; end
   |                                           ^^^^^^^^^^^^^^^^^^^^^^^^^^^^^^^^^^^^^^^^^^^^^^^^^^^^^^^^^^^^^^^            

warning: `$display` not supported; ignored
  --&gt; <a href="../../../../third_party/tests/ivtest/ivltests/struct_packed_sysfunct.v.html#l-22" target="file-frame">third_party/tests/ivtest/ivltests/struct_packed_sysfunct.v:22</a>:43-106:
   | 
   |       if ($bits(word0.low ) !==  8) begin $display(&#34;FAILED -- $bits(word0.low ) = %d&#34;, $bits(word0.low )); err=1; end
   |                                           ^^^^^^^^^^^^^^^^^^^^^^^^^^^^^^^^^^^^^^^^^^^^^^^^^^^^^^^^^^^^^^^            

warning: `$display` not supported; ignored
  --&gt; <a href="../../../../third_party/tests/ivtest/ivltests/struct_packed_sysfunct.v.html#l-24" target="file-frame">third_party/tests/ivtest/ivltests/struct_packed_sysfunct.v:24</a>:17-35:
   | 
   |       if (!err) $display(&#34;PASSED&#34;);
   |                 ^^^^^^^^^^^^^^^^^^ 

compiler bug: rvalue lowering produced type `int`, expected `int`
  --&gt; <a href="../../../../third_party/tests/ivtest/ivltests/struct_packed_sysfunct.v.html#l-20" target="file-frame">third_party/tests/ivtest/ivltests/struct_packed_sysfunct.v:20</a>:11-28:
   | 
   |       if ($bits(word0     ) !== 16) begin $display(&#34;FAILED -- $bits(word0     ) = %d&#34;, $bits(word0     )); err=1; end
   |           ^^^^^^^^^^^^^^^^^                                                                                          
   = note: Assertion failed: ty::identical(rvalue.ty, cast.init)
   = note: Encountered at src/svlog/mir/lower/rvalue.rs:98

You have encountered a compiler bug. Sorry about that! We would appreciate if you open an issue [1] and describe how you triggered the bug, together with a minimal snippet of code to reproduce it. Thanks!
[1]: https://github.com/fabianschuiki/moore

thread &#39;main&#39; panicked at &#39;rvalue lowering produced type `int`, expected `int`&#39;, &lt;::std::macros::panic macros&gt;:5:6
note: run with `RUST_BACKTRACE=1` environment variable to display a backtrace

</pre>
</body>