<head>
  <style>
    .log { font-family: "Courier New", Consolas, monospace; font-size: 80%; }
    .test-failed { background-color: #ffaaaa; }
    .test-passed { background-color: #aaffaa; }
  </style>
</head>
<body>
<h3><a href="http://llhd.io/" target="_blank">moore</a></h3>
<pre class="test-failed">
description: Test imported from ivtest
rc: 101 (means success: 0)
should_fail: 0
tags: ivtest
incdirs: /tmpfs/src/github/sv-tests/third_party/tests/ivtest /tmpfs/src/github/sv-tests/third_party/tests/ivtest/ivltests
top_module: 
type: parsing
mode: parsing
files: <a href="../../../../third_party/tests/ivtest/ivltests/struct_packed_write_read2.v.html" target="file-frame">third_party/tests/ivtest/ivltests/struct_packed_write_read2.v</a>
time_elapsed: 0.024s
ram usage: 11364 KB
</pre>
<pre class="log">

moore -I /tmpfs/src/github/sv-tests/third_party/tests/ivtest -I /tmpfs/src/github/sv-tests/third_party/tests/ivtest/ivltests -e test <a href="../../../../third_party/tests/ivtest/ivltests/struct_packed_write_read2.v.html" target="file-frame">third_party/tests/ivtest/ivltests/struct_packed_write_read2.v</a>
warning: cast ignored during constant evaluation
  --&gt; <a href="../../../../third_party/tests/ivtest/ivltests/struct_packed_write_read2.v.html#l-20" target="file-frame">third_party/tests/ivtest/ivltests/struct_packed_write_read2.v:20</a>:14-15:
   | 
   |    bit err = 0;
   |              ^ 
   = note: Casts `0` from `bit signed` to `bit`
  --&gt; <a href="../../../../third_party/tests/ivtest/ivltests/struct_packed_write_read2.v.html#l-20" target="file-frame">third_party/tests/ivtest/ivltests/struct_packed_write_read2.v:20</a>:14-15:
   | 
   |    bit err = 0;
   |              ^ 

warning: cast ignored during constant evaluation
  --&gt; <a href="../../../../third_party/tests/ivtest/ivltests/struct_packed_write_read2.v.html#l-20" target="file-frame">third_party/tests/ivtest/ivltests/struct_packed_write_read2.v:20</a>:14-15:
   | 
   |    bit err = 0;
   |              ^ 
   = note: Casts `0` from `bit signed [0:0]` to `bit signed`
  --&gt; <a href="../../../../third_party/tests/ivtest/ivltests/struct_packed_write_read2.v.html#l-20" target="file-frame">third_party/tests/ivtest/ivltests/struct_packed_write_read2.v:20</a>:14-15:
   | 
   |    bit err = 0;
   |              ^ 

warning: cast ignored during constant evaluation
  --&gt; <a href="../../../../third_party/tests/ivtest/ivltests/struct_packed_write_read2.v.html#l-20" target="file-frame">third_party/tests/ivtest/ivltests/struct_packed_write_read2.v:20</a>:14-15:
   | 
   |    bit err = 0;
   |              ^ 
   = note: Casts `0` from `int` to `bit signed [0:0]`
  --&gt; <a href="../../../../third_party/tests/ivtest/ivltests/struct_packed_write_read2.v.html#l-20" target="file-frame">third_party/tests/ivtest/ivltests/struct_packed_write_read2.v:20</a>:14-15:
   | 
   |    bit err = 0;
   |              ^ 

compiler bug: no ast node for n20 in the map

You have encountered a compiler bug. Sorry about that! We would appreciate if you open an issue [1] and describe how you triggered the bug, together with a minimal snippet of code to reproduce it. Thanks!
[1]: https://github.com/fabianschuiki/moore

compiler bug: no ast node for n21 in the map

You have encountered a compiler bug. Sorry about that! We would appreciate if you open an issue [1] and describe how you triggered the bug, together with a minimal snippet of code to reproduce it. Thanks!
[1]: https://github.com/fabianschuiki/moore

compiler bug: no ast node for n22 in the map

You have encountered a compiler bug. Sorry about that! We would appreciate if you open an issue [1] and describe how you triggered the bug, together with a minimal snippet of code to reproduce it. Thanks!
[1]: https://github.com/fabianschuiki/moore

compiler bug: no ast node for n30 in the map

You have encountered a compiler bug. Sorry about that! We would appreciate if you open an issue [1] and describe how you triggered the bug, together with a minimal snippet of code to reproduce it. Thanks!
[1]: https://github.com/fabianschuiki/moore

compiler bug: no ast node for n31 in the map

You have encountered a compiler bug. Sorry about that! We would appreciate if you open an issue [1] and describe how you triggered the bug, together with a minimal snippet of code to reproduce it. Thanks!
[1]: https://github.com/fabianschuiki/moore

compiler bug: no ast node for n32 in the map

You have encountered a compiler bug. Sorry about that! We would appreciate if you open an issue [1] and describe how you triggered the bug, together with a minimal snippet of code to reproduce it. Thanks!
[1]: https://github.com/fabianschuiki/moore

compiler bug: no ast node for n50 in the map

You have encountered a compiler bug. Sorry about that! We would appreciate if you open an issue [1] and describe how you triggered the bug, together with a minimal snippet of code to reproduce it. Thanks!
[1]: https://github.com/fabianschuiki/moore

error: `word_ep1.high` cannot be index into
  --&gt; <a href="../../../../third_party/tests/ivtest/ivltests/struct_packed_write_read2.v.html#l-34" target="file-frame">third_party/tests/ivtest/ivltests/struct_packed_write_read2.v:34</a>:11-24:
   | 
   |    assign word_ep1.high [3:0] = {4+0{1&#39;b1}};
   |           ^^^^^^^^^^^^^                     

error: `word_ep1.low` cannot be index into
  --&gt; <a href="../../../../third_party/tests/ivtest/ivltests/struct_packed_write_read2.v.html#l-35" target="file-frame">third_party/tests/ivtest/ivltests/struct_packed_write_read2.v:35</a>:11-23:
   | 
   |    assign word_ep1.low  [3:0] = {4+0{1&#39;b0}};
   |           ^^^^^^^^^^^^                      

compiler bug: no ast node for n51 in the map

You have encountered a compiler bug. Sorry about that! We would appreciate if you open an issue [1] and describe how you triggered the bug, together with a minimal snippet of code to reproduce it. Thanks!
[1]: https://github.com/fabianschuiki/moore

error: `word_ep2.high` cannot be index into
  --&gt; <a href="../../../../third_party/tests/ivtest/ivltests/struct_packed_write_read2.v.html#l-36" target="file-frame">third_party/tests/ivtest/ivltests/struct_packed_write_read2.v:36</a>:11-24:
   | 
   |    assign word_ep2.high [3:0] = {4+1{1&#39;b1}};
   |           ^^^^^^^^^^^^^                     

error: `word_ep2.low` cannot be index into
  --&gt; <a href="../../../../third_party/tests/ivtest/ivltests/struct_packed_write_read2.v.html#l-37" target="file-frame">third_party/tests/ivtest/ivltests/struct_packed_write_read2.v:37</a>:11-23:
   | 
   |    assign word_ep2.low  [3:0] = {4+1{1&#39;b0}};
   |           ^^^^^^^^^^^^                      

compiler bug: no ast node for n52 in the map

You have encountered a compiler bug. Sorry about that! We would appreciate if you open an issue [1] and describe how you triggered the bug, together with a minimal snippet of code to reproduce it. Thanks!
[1]: https://github.com/fabianschuiki/moore

error: `word_ep3.high` cannot be index into
  --&gt; <a href="../../../../third_party/tests/ivtest/ivltests/struct_packed_write_read2.v.html#l-38" target="file-frame">third_party/tests/ivtest/ivltests/struct_packed_write_read2.v:38</a>:11-24:
   | 
   |    assign word_ep3.high [3:0] = {4-1{1&#39;b1}};
   |           ^^^^^^^^^^^^^                     

error: `word_ep3.low` cannot be index into
  --&gt; <a href="../../../../third_party/tests/ivtest/ivltests/struct_packed_write_read2.v.html#l-39" target="file-frame">third_party/tests/ivtest/ivltests/struct_packed_write_read2.v:39</a>:11-23:
   | 
   |    assign word_ep3.low  [3:0] = {4-1{1&#39;b0}};
   |           ^^^^^^^^^^^^                      

compiler bug: no ast node for n40 in the map

You have encountered a compiler bug. Sorry about that! We would appreciate if you open an issue [1] and describe how you triggered the bug, together with a minimal snippet of code to reproduce it. Thanks!
[1]: https://github.com/fabianschuiki/moore

error: `word_sp1` cannot be index into
  --&gt; <a href="../../../../third_party/tests/ivtest/ivltests/struct_packed_write_read2.v.html#l-41" target="file-frame">third_party/tests/ivtest/ivltests/struct_packed_write_read2.v:41</a>:11-19:
   | 
   |    assign word_sp1     [11:4] = {8+0{1&#39;b1}};
   |           ^^^^^^^^                          

compiler bug: no ast node for n41 in the map

You have encountered a compiler bug. Sorry about that! We would appreciate if you open an issue [1] and describe how you triggered the bug, together with a minimal snippet of code to reproduce it. Thanks!
[1]: https://github.com/fabianschuiki/moore

error: `word_sp2` cannot be index into
  --&gt; <a href="../../../../third_party/tests/ivtest/ivltests/struct_packed_write_read2.v.html#l-42" target="file-frame">third_party/tests/ivtest/ivltests/struct_packed_write_read2.v:42</a>:11-19:
   | 
   |    assign word_sp2     [11:4] = {8+1{1&#39;b1}};
   |           ^^^^^^^^                          

compiler bug: no ast node for n42 in the map

You have encountered a compiler bug. Sorry about that! We would appreciate if you open an issue [1] and describe how you triggered the bug, together with a minimal snippet of code to reproduce it. Thanks!
[1]: https://github.com/fabianschuiki/moore

error: `word_sp3` cannot be index into
  --&gt; <a href="../../../../third_party/tests/ivtest/ivltests/struct_packed_write_read2.v.html#l-43" target="file-frame">third_party/tests/ivtest/ivltests/struct_packed_write_read2.v:43</a>:11-19:
   | 
   |    assign word_sp3     [11:4] = {8-1{1&#39;b1}};
   |           ^^^^^^^^                          

compiler bug: no ast node for n19 in the map

You have encountered a compiler bug. Sorry about that! We would appreciate if you open an issue [1] and describe how you triggered the bug, together with a minimal snippet of code to reproduce it. Thanks!
[1]: https://github.com/fabianschuiki/moore

warning: `$display` not supported; ignored
  --&gt; <a href="../../../../third_party/tests/ivtest/ivltests/struct_packed_write_read2.v.html#l-48" target="file-frame">third_party/tests/ivtest/ivltests/struct_packed_write_read2.v:48</a>:58-115:
   | 
   |       if (word_se0      !== 16&#39;bzzzzzzzz_zzzzzzzz) begin $display(&#34;FAILED -- word_se0      = &#39;b%b&#34;, word_se0     ); err=1; end
   |                                                          ^^^^^^^^^^^^^^^^^^^^^^^^^^^^^^^^^^^^^^^^^^^^^^^^^^^^^^^^^            

warning: `$display` not supported; ignored
  --&gt; <a href="../../../../third_party/tests/ivtest/ivltests/struct_packed_write_read2.v.html#l-49" target="file-frame">third_party/tests/ivtest/ivltests/struct_packed_write_read2.v:49</a>:58-115:
   | 
   |       if (word_se1      !== 16&#39;b11111111_00000000) begin $display(&#34;FAILED -- word_se1      = &#39;b%b&#34;, word_se1     ); err=1; end
   |                                                          ^^^^^^^^^^^^^^^^^^^^^^^^^^^^^^^^^^^^^^^^^^^^^^^^^^^^^^^^^            

warning: `$display` not supported; ignored
  --&gt; <a href="../../../../third_party/tests/ivtest/ivltests/struct_packed_write_read2.v.html#l-50" target="file-frame">third_party/tests/ivtest/ivltests/struct_packed_write_read2.v:50</a>:58-115:
   | 
   |       if (word_se1.high !==  8&#39;b11111111         ) begin $display(&#34;FAILED -- word_se1.high = &#39;b%b&#34;, word_se1.high); err=1; end
   |                                                          ^^^^^^^^^^^^^^^^^^^^^^^^^^^^^^^^^^^^^^^^^^^^^^^^^^^^^^^^^            

warning: `$display` not supported; ignored
  --&gt; <a href="../../../../third_party/tests/ivtest/ivltests/struct_packed_write_read2.v.html#l-51" target="file-frame">third_party/tests/ivtest/ivltests/struct_packed_write_read2.v:51</a>:58-115:
   | 
   |       if (word_se1.low  !==  8&#39;b00000000         ) begin $display(&#34;FAILED -- word_se1.low  = &#39;b%b&#34;, word_se1.low ); err=1; end
   |                                                          ^^^^^^^^^^^^^^^^^^^^^^^^^^^^^^^^^^^^^^^^^^^^^^^^^^^^^^^^^            

warning: `$display` not supported; ignored
  --&gt; <a href="../../../../third_party/tests/ivtest/ivltests/struct_packed_write_read2.v.html#l-52" target="file-frame">third_party/tests/ivtest/ivltests/struct_packed_write_read2.v:52</a>:58-115:
   | 
   |       if (word_se2      !== 16&#39;b11111111_00000000) begin $display(&#34;FAILED -- word_se2      = &#39;b%b&#34;, word_se2     ); err=1; end
   |                                                          ^^^^^^^^^^^^^^^^^^^^^^^^^^^^^^^^^^^^^^^^^^^^^^^^^^^^^^^^^            

warning: `$display` not supported; ignored
  --&gt; <a href="../../../../third_party/tests/ivtest/ivltests/struct_packed_write_read2.v.html#l-53" target="file-frame">third_party/tests/ivtest/ivltests/struct_packed_write_read2.v:53</a>:58-115:
   | 
   |       if (word_se2.high !==  8&#39;b11111111         ) begin $display(&#34;FAILED -- word_se2.high = &#39;b%b&#34;, word_se2.high); err=1; end
   |                                                          ^^^^^^^^^^^^^^^^^^^^^^^^^^^^^^^^^^^^^^^^^^^^^^^^^^^^^^^^^            

warning: `$display` not supported; ignored
  --&gt; <a href="../../../../third_party/tests/ivtest/ivltests/struct_packed_write_read2.v.html#l-54" target="file-frame">third_party/tests/ivtest/ivltests/struct_packed_write_read2.v:54</a>:58-115:
   | 
   |       if (word_se2.low  !==  8&#39;b00000000         ) begin $display(&#34;FAILED -- word_se2.low  = &#39;b%b&#34;, word_se2.low ); err=1; end
   |                                                          ^^^^^^^^^^^^^^^^^^^^^^^^^^^^^^^^^^^^^^^^^^^^^^^^^^^^^^^^^            

warning: `$display` not supported; ignored
  --&gt; <a href="../../../../third_party/tests/ivtest/ivltests/struct_packed_write_read2.v.html#l-55" target="file-frame">third_party/tests/ivtest/ivltests/struct_packed_write_read2.v:55</a>:58-115:
   | 
   |       if (word_se3      !== 16&#39;b01111111_00000000) begin $display(&#34;FAILED -- word_se3      = &#39;b%b&#34;, word_se3     ); err=1; end
   |                                                          ^^^^^^^^^^^^^^^^^^^^^^^^^^^^^^^^^^^^^^^^^^^^^^^^^^^^^^^^^            

warning: `$display` not supported; ignored
  --&gt; <a href="../../../../third_party/tests/ivtest/ivltests/struct_packed_write_read2.v.html#l-56" target="file-frame">third_party/tests/ivtest/ivltests/struct_packed_write_read2.v:56</a>:58-115:
   | 
   |       if (word_se3.high !==  8&#39;b01111111         ) begin $display(&#34;FAILED -- word_se3.high = &#39;b%b&#34;, word_se3.high); err=1; end
   |                                                          ^^^^^^^^^^^^^^^^^^^^^^^^^^^^^^^^^^^^^^^^^^^^^^^^^^^^^^^^^            

warning: `$display` not supported; ignored
  --&gt; <a href="../../../../third_party/tests/ivtest/ivltests/struct_packed_write_read2.v.html#l-57" target="file-frame">third_party/tests/ivtest/ivltests/struct_packed_write_read2.v:57</a>:58-115:
   | 
   |       if (word_se3.low  !==  8&#39;b00000000         ) begin $display(&#34;FAILED -- word_se3.low  = &#39;b%b&#34;, word_se3.low ); err=1; end
   |                                                          ^^^^^^^^^^^^^^^^^^^^^^^^^^^^^^^^^^^^^^^^^^^^^^^^^^^^^^^^^            

compiler bug: no ast node for n29 in the map

You have encountered a compiler bug. Sorry about that! We would appreciate if you open an issue [1] and describe how you triggered the bug, together with a minimal snippet of code to reproduce it. Thanks!
[1]: https://github.com/fabianschuiki/moore

warning: `$display` not supported; ignored
  --&gt; <a href="../../../../third_party/tests/ivtest/ivltests/struct_packed_write_read2.v.html#l-59" target="file-frame">third_party/tests/ivtest/ivltests/struct_packed_write_read2.v:59</a>:58-115:
   | 
   |       if (word_sw0      !== 16&#39;bzzzzzzzz_zzzzzzzz) begin $display(&#34;FAILED -- word_sw0      = &#39;b%b&#34;, word_sw0     ); err=1; end
   |                                                          ^^^^^^^^^^^^^^^^^^^^^^^^^^^^^^^^^^^^^^^^^^^^^^^^^^^^^^^^^            

warning: `$display` not supported; ignored
  --&gt; <a href="../../../../third_party/tests/ivtest/ivltests/struct_packed_write_read2.v.html#l-60" target="file-frame">third_party/tests/ivtest/ivltests/struct_packed_write_read2.v:60</a>:58-115:
   | 
   |       if (word_sw1      !== 16&#39;b11111111_11111111) begin $display(&#34;FAILED -- word_sw1      = &#39;b%b&#34;, word_sw1     ); err=1; end
   |                                                          ^^^^^^^^^^^^^^^^^^^^^^^^^^^^^^^^^^^^^^^^^^^^^^^^^^^^^^^^^            

warning: `$display` not supported; ignored
  --&gt; <a href="../../../../third_party/tests/ivtest/ivltests/struct_packed_write_read2.v.html#l-61" target="file-frame">third_party/tests/ivtest/ivltests/struct_packed_write_read2.v:61</a>:58-115:
   | 
   |       if (word_sw2      !== 16&#39;b11111111_11111111) begin $display(&#34;FAILED -- word_sw2      = &#39;b%b&#34;, word_sw2     ); err=1; end
   |                                                          ^^^^^^^^^^^^^^^^^^^^^^^^^^^^^^^^^^^^^^^^^^^^^^^^^^^^^^^^^            

warning: `$display` not supported; ignored
  --&gt; <a href="../../../../third_party/tests/ivtest/ivltests/struct_packed_write_read2.v.html#l-62" target="file-frame">third_party/tests/ivtest/ivltests/struct_packed_write_read2.v:62</a>:58-115:
   | 
   |       if (word_sw3      !== 16&#39;b01111111_11111111) begin $display(&#34;FAILED -- word_sw3      = &#39;b%b&#34;, word_sw3     ); err=1; end
   |                                                          ^^^^^^^^^^^^^^^^^^^^^^^^^^^^^^^^^^^^^^^^^^^^^^^^^^^^^^^^^            

compiler bug: no ast node for n49 in the map

You have encountered a compiler bug. Sorry about that! We would appreciate if you open an issue [1] and describe how you triggered the bug, together with a minimal snippet of code to reproduce it. Thanks!
[1]: https://github.com/fabianschuiki/moore

warning: `$display` not supported; ignored
  --&gt; <a href="../../../../third_party/tests/ivtest/ivltests/struct_packed_write_read2.v.html#l-64" target="file-frame">third_party/tests/ivtest/ivltests/struct_packed_write_read2.v:64</a>:58-115:
   | 
   |       if (word_ep0      !== 16&#39;bzzzzzzzz_zzzzzzzz) begin $display(&#34;FAILED -- word_ep0      = &#39;b%b&#34;, word_ep0     ); err=1; end
   |                                                          ^^^^^^^^^^^^^^^^^^^^^^^^^^^^^^^^^^^^^^^^^^^^^^^^^^^^^^^^^            

warning: `$display` not supported; ignored
  --&gt; <a href="../../../../third_party/tests/ivtest/ivltests/struct_packed_write_read2.v.html#l-65" target="file-frame">third_party/tests/ivtest/ivltests/struct_packed_write_read2.v:65</a>:58-115:
   | 
   |       if (word_ep1      !== 16&#39;bzzzz1111_zzzz0000) begin $display(&#34;FAILED -- word_ep1      = &#39;b%b&#34;, word_ep1     ); err=1; end
   |                                                          ^^^^^^^^^^^^^^^^^^^^^^^^^^^^^^^^^^^^^^^^^^^^^^^^^^^^^^^^^            

warning: `$display` not supported; ignored
  --&gt; <a href="../../../../third_party/tests/ivtest/ivltests/struct_packed_write_read2.v.html#l-66" target="file-frame">third_party/tests/ivtest/ivltests/struct_packed_write_read2.v:66</a>:58-115:
   | 
   |       if (word_ep1.high !==  8&#39;bzzzz1111         ) begin $display(&#34;FAILED -- word_ep1.high = &#39;b%b&#34;, word_ep1.high); err=1; end
   |                                                          ^^^^^^^^^^^^^^^^^^^^^^^^^^^^^^^^^^^^^^^^^^^^^^^^^^^^^^^^^            

warning: `$display` not supported; ignored
  --&gt; <a href="../../../../third_party/tests/ivtest/ivltests/struct_packed_write_read2.v.html#l-67" target="file-frame">third_party/tests/ivtest/ivltests/struct_packed_write_read2.v:67</a>:58-115:
   | 
   |       if (word_ep1.low  !==  8&#39;bzzzz0000         ) begin $display(&#34;FAILED -- word_ep1.low  = &#39;b%b&#34;, word_ep1.low ); err=1; end
   |                                                          ^^^^^^^^^^^^^^^^^^^^^^^^^^^^^^^^^^^^^^^^^^^^^^^^^^^^^^^^^            

warning: `$display` not supported; ignored
  --&gt; <a href="../../../../third_party/tests/ivtest/ivltests/struct_packed_write_read2.v.html#l-68" target="file-frame">third_party/tests/ivtest/ivltests/struct_packed_write_read2.v:68</a>:58-115:
   | 
   |       if (word_ep2      !== 16&#39;bzzzz1111_zzzz0000) begin $display(&#34;FAILED -- word_ep2      = &#39;b%b&#34;, word_ep2     ); err=1; end
   |                                                          ^^^^^^^^^^^^^^^^^^^^^^^^^^^^^^^^^^^^^^^^^^^^^^^^^^^^^^^^^            

warning: `$display` not supported; ignored
  --&gt; <a href="../../../../third_party/tests/ivtest/ivltests/struct_packed_write_read2.v.html#l-69" target="file-frame">third_party/tests/ivtest/ivltests/struct_packed_write_read2.v:69</a>:58-115:
   | 
   |       if (word_ep2.high !==  8&#39;bzzzz1111         ) begin $display(&#34;FAILED -- word_ep2.high = &#39;b%b&#34;, word_ep2.high); err=1; end
   |                                                          ^^^^^^^^^^^^^^^^^^^^^^^^^^^^^^^^^^^^^^^^^^^^^^^^^^^^^^^^^            

warning: `$display` not supported; ignored
  --&gt; <a href="../../../../third_party/tests/ivtest/ivltests/struct_packed_write_read2.v.html#l-70" target="file-frame">third_party/tests/ivtest/ivltests/struct_packed_write_read2.v:70</a>:58-115:
   | 
   |       if (word_ep2.low  !==  8&#39;bzzzz0000         ) begin $display(&#34;FAILED -- word_ep2.low  = &#39;b%b&#34;, word_ep2.low ); err=1; end
   |                                                          ^^^^^^^^^^^^^^^^^^^^^^^^^^^^^^^^^^^^^^^^^^^^^^^^^^^^^^^^^            

warning: `$display` not supported; ignored
  --&gt; <a href="../../../../third_party/tests/ivtest/ivltests/struct_packed_write_read2.v.html#l-71" target="file-frame">third_party/tests/ivtest/ivltests/struct_packed_write_read2.v:71</a>:58-115:
   | 
   |       if (word_ep3      !== 16&#39;bzzzz0111_zzzz0000) begin $display(&#34;FAILED -- word_ep3      = &#39;b%b&#34;, word_ep3     ); err=1; end
   |                                                          ^^^^^^^^^^^^^^^^^^^^^^^^^^^^^^^^^^^^^^^^^^^^^^^^^^^^^^^^^            

warning: `$display` not supported; ignored
  --&gt; <a href="../../../../third_party/tests/ivtest/ivltests/struct_packed_write_read2.v.html#l-72" target="file-frame">third_party/tests/ivtest/ivltests/struct_packed_write_read2.v:72</a>:58-115:
   | 
   |       if (word_ep3.high !==  8&#39;bzzzz0111         ) begin $display(&#34;FAILED -- word_ep3.high = &#39;b%b&#34;, word_ep3.high); err=1; end
   |                                                          ^^^^^^^^^^^^^^^^^^^^^^^^^^^^^^^^^^^^^^^^^^^^^^^^^^^^^^^^^            

warning: `$display` not supported; ignored
  --&gt; <a href="../../../../third_party/tests/ivtest/ivltests/struct_packed_write_read2.v.html#l-73" target="file-frame">third_party/tests/ivtest/ivltests/struct_packed_write_read2.v:73</a>:58-115:
   | 
   |       if (word_ep3.low  !==  8&#39;bzzzz0000         ) begin $display(&#34;FAILED -- word_ep3.low  = &#39;b%b&#34;, word_ep3.low ); err=1; end
   |                                                          ^^^^^^^^^^^^^^^^^^^^^^^^^^^^^^^^^^^^^^^^^^^^^^^^^^^^^^^^^            

compiler bug: no ast node for n39 in the map

You have encountered a compiler bug. Sorry about that! We would appreciate if you open an issue [1] and describe how you triggered the bug, together with a minimal snippet of code to reproduce it. Thanks!
[1]: https://github.com/fabianschuiki/moore

warning: `$display` not supported; ignored
  --&gt; <a href="../../../../third_party/tests/ivtest/ivltests/struct_packed_write_read2.v.html#l-75" target="file-frame">third_party/tests/ivtest/ivltests/struct_packed_write_read2.v:75</a>:58-115:
   | 
   |       if (word_sp0      !== 16&#39;bzzzzzzzz_zzzzzzzz) begin $display(&#34;FAILED -- word_sp0      = &#39;b%b&#34;, word_sp0     ); err=1; end
   |                                                          ^^^^^^^^^^^^^^^^^^^^^^^^^^^^^^^^^^^^^^^^^^^^^^^^^^^^^^^^^            

warning: `$display` not supported; ignored
  --&gt; <a href="../../../../third_party/tests/ivtest/ivltests/struct_packed_write_read2.v.html#l-76" target="file-frame">third_party/tests/ivtest/ivltests/struct_packed_write_read2.v:76</a>:58-115:
   | 
   |       if (word_sp1      !== 16&#39;bzzzz1111_1111zzzz) begin $display(&#34;FAILED -- word_sp1      = &#39;b%b&#34;, word_sp1     ); err=1; end
   |                                                          ^^^^^^^^^^^^^^^^^^^^^^^^^^^^^^^^^^^^^^^^^^^^^^^^^^^^^^^^^            

warning: `$display` not supported; ignored
  --&gt; <a href="../../../../third_party/tests/ivtest/ivltests/struct_packed_write_read2.v.html#l-77" target="file-frame">third_party/tests/ivtest/ivltests/struct_packed_write_read2.v:77</a>:58-115:
   | 
   |       if (word_sp2      !== 16&#39;bzzzz1111_1111zzzz) begin $display(&#34;FAILED -- word_sp2      = &#39;b%b&#34;, word_sp2     ); err=1; end
   |                                                          ^^^^^^^^^^^^^^^^^^^^^^^^^^^^^^^^^^^^^^^^^^^^^^^^^^^^^^^^^            

warning: `$display` not supported; ignored
  --&gt; <a href="../../../../third_party/tests/ivtest/ivltests/struct_packed_write_read2.v.html#l-78" target="file-frame">third_party/tests/ivtest/ivltests/struct_packed_write_read2.v:78</a>:58-115:
   | 
   |       if (word_sp3      !== 16&#39;bzzzz0111_1111zzzz) begin $display(&#34;FAILED -- word_sp3      = &#39;b%b&#34;, word_sp3     ); err=1; end
   |                                                          ^^^^^^^^^^^^^^^^^^^^^^^^^^^^^^^^^^^^^^^^^^^^^^^^^^^^^^^^^            

warning: `$display` not supported; ignored
  --&gt; <a href="../../../../third_party/tests/ivtest/ivltests/struct_packed_write_read2.v.html#l-80" target="file-frame">third_party/tests/ivtest/ivltests/struct_packed_write_read2.v:80</a>:17-35:
   | 
   |       if (!err) $display(&#34;PASSED&#34;);
   |                 ^^^^^^^^^^^^^^^^^^ 

compiler bug: assertion failed: mir.ty.is_bool()
  --&gt; <a href="../../../../third_party/tests/ivtest/ivltests/struct_packed_write_read2.v.html#l-48" target="file-frame">third_party/tests/ivtest/ivltests/struct_packed_write_read2.v:48</a>:11-50:
   | 
   |       if (word_se0      !== 16&#39;bzzzzzzzz_zzzzzzzz) begin $display(&#34;FAILED -- word_se0      = &#39;b%b&#34;, word_se0     ); err=1; end
   |           ^^^^^^^^^^^^^^^^^^^^^^^^^^^^^^^^^^^^^^^                                                                             
   = note: Assertion failed: mir.ty.is_bool()
   = note: Encountered at src/svlog/codegen.rs:1236

You have encountered a compiler bug. Sorry about that! We would appreciate if you open an issue [1] and describe how you triggered the bug, together with a minimal snippet of code to reproduce it. Thanks!
[1]: https://github.com/fabianschuiki/moore

thread &#39;main&#39; panicked at &#39;assertion failed: mir.ty.is_bool()&#39;, &lt;::std::macros::panic macros&gt;:5:6
note: run with `RUST_BACKTRACE=1` environment variable to display a backtrace

</pre>
</body>