<head>
  <style>
    .log { font-family: "Courier New", Consolas, monospace; font-size: 80%; }
    .test-failed { background-color: #ffaaaa; }
    .test-passed { background-color: #aaffaa; }
  </style>
</head>
<body>
<h3><a href="http://llhd.io/" target="_blank">moore</a></h3>
<pre class="test-failed">
description: Test imported from ivtest
should_fail: 0
tags: ivtest
incdirs: /tmpfs/src/github/sv-tests/third_party/tests/ivtest /tmpfs/src/github/sv-tests/third_party/tests/ivtest/ivltests
top_module: 
type: parsing
mode: parsing
files: <a href="../../../../third_party/tests/ivtest/ivltests/struct7.v.html" target="file-frame">third_party/tests/ivtest/ivltests/struct7.v</a>
time_elapsed: 0.008s
ram usage: 9588 KB
</pre>
<pre class="log">

warning: `$display` not supported; ignored
  --&gt; <a href="../../../../third_party/tests/ivtest/ivltests/struct7.v.html#l-12" target="file-frame">third_party/tests/ivtest/ivltests/struct7.v:12</a>:7-32:
   | 
   |       $display(&#34;arr = %h&#34;, arr);
   |       ^^^^^^^^^^^^^^^^^^^^^^^^^ 

error: `!==` is not a valid binary operator
  --&gt; <a href="../../../../third_party/tests/ivtest/ivltests/struct7.v.html#l-13" target="file-frame">third_party/tests/ivtest/ivltests/struct7.v:13</a>:11-26:
   | 
   |       if (arr !== &#39;h55_aa) begin
   |           ^^^^^^^^^^^^^^^       

warning: `$display` not supported; ignored
  --&gt; <a href="../../../../third_party/tests/ivtest/ivltests/struct7.v.html#l-14" target="file-frame">third_party/tests/ivtest/ivltests/struct7.v:14</a>:3-21:
   | 
   |      $display(&#34;FAILED&#34;);
   |      ^^^^^^^^^^^^^^^^^^ 

compiler bug: lowering of expression not implemented
  --&gt; <a href="../../../../third_party/tests/ivtest/ivltests/struct7.v.html#l-15" target="file-frame">third_party/tests/ivtest/ivltests/struct7.v:15</a>:3-10:
   | 
   |      $finish;
   |      ^^^^^^^ 

You have encountered a compiler bug. Sorry about that! We would appreciate if you open an issue [1] and describe how you triggered the bug, together with a minimal snippet of code to reproduce it. Thanks!
[1]: https://github.com/fabianschuiki/moore

error: `!==` is not a valid binary operator
  --&gt; <a href="../../../../third_party/tests/ivtest/ivltests/struct7.v.html#l-18" target="file-frame">third_party/tests/ivtest/ivltests/struct7.v:18</a>:11-26:
   | 
   |       if (arr[0] !== &#39;haa) begin
   |           ^^^^^^^^^^^^^^^       

warning: `$display` not supported; ignored
  --&gt; <a href="../../../../third_party/tests/ivtest/ivltests/struct7.v.html#l-19" target="file-frame">third_party/tests/ivtest/ivltests/struct7.v:19</a>:3-42:
   | 
   |      $display(&#34;FAILED -- arr[0]=%h&#34;, arr[0]);
   |      ^^^^^^^^^^^^^^^^^^^^^^^^^^^^^^^^^^^^^^^ 

compiler bug: lowering of expression not implemented
  --&gt; <a href="../../../../third_party/tests/ivtest/ivltests/struct7.v.html#l-20" target="file-frame">third_party/tests/ivtest/ivltests/struct7.v:20</a>:3-10:
   | 
   |      $finish;
   |      ^^^^^^^ 

You have encountered a compiler bug. Sorry about that! We would appreciate if you open an issue [1] and describe how you triggered the bug, together with a minimal snippet of code to reproduce it. Thanks!
[1]: https://github.com/fabianschuiki/moore

error: `!==` is not a valid binary operator
  --&gt; <a href="../../../../third_party/tests/ivtest/ivltests/struct7.v.html#l-22" target="file-frame">third_party/tests/ivtest/ivltests/struct7.v:22</a>:11-26:
   | 
   |       if (arr[1] !== &#39;h55) begin
   |           ^^^^^^^^^^^^^^^       

warning: `$display` not supported; ignored
  --&gt; <a href="../../../../third_party/tests/ivtest/ivltests/struct7.v.html#l-23" target="file-frame">third_party/tests/ivtest/ivltests/struct7.v:23</a>:3-42:
   | 
   |      $display(&#34;FAILED -- arr[1]=%h&#34;, arr[1]);
   |      ^^^^^^^^^^^^^^^^^^^^^^^^^^^^^^^^^^^^^^^ 

compiler bug: lowering of expression not implemented
  --&gt; <a href="../../../../third_party/tests/ivtest/ivltests/struct7.v.html#l-24" target="file-frame">third_party/tests/ivtest/ivltests/struct7.v:24</a>:3-10:
   | 
   |      $finish;
   |      ^^^^^^^ 

You have encountered a compiler bug. Sorry about that! We would appreciate if you open an issue [1] and describe how you triggered the bug, together with a minimal snippet of code to reproduce it. Thanks!
[1]: https://github.com/fabianschuiki/moore

warning: `$display` not supported; ignored
  --&gt; <a href="../../../../third_party/tests/ivtest/ivltests/struct7.v.html#l-29" target="file-frame">third_party/tests/ivtest/ivltests/struct7.v:29</a>:7-36:
   | 
   |       $display(&#34;val.p = %h&#34;, val.p);
   |       ^^^^^^^^^^^^^^^^^^^^^^^^^^^^^ 

warning: `$display` not supported; ignored
  --&gt; <a href="../../../../third_party/tests/ivtest/ivltests/struct7.v.html#l-30" target="file-frame">third_party/tests/ivtest/ivltests/struct7.v:30</a>:7-32:
   | 
   |       $display(&#34;val = %h&#34;, val);
   |       ^^^^^^^^^^^^^^^^^^^^^^^^^ 

error: `!==` is not a valid binary operator
  --&gt; <a href="../../../../third_party/tests/ivtest/ivltests/struct7.v.html#l-31" target="file-frame">third_party/tests/ivtest/ivltests/struct7.v:31</a>:11-26:
   | 
   |       if (val !== &#39;h55_aa) begin
   |           ^^^^^^^^^^^^^^^       

warning: `$display` not supported; ignored
  --&gt; <a href="../../../../third_party/tests/ivtest/ivltests/struct7.v.html#l-32" target="file-frame">third_party/tests/ivtest/ivltests/struct7.v:32</a>:3-21:
   | 
   |      $display(&#34;FAILED&#34;);
   |      ^^^^^^^^^^^^^^^^^^ 

compiler bug: lowering of expression not implemented
  --&gt; <a href="../../../../third_party/tests/ivtest/ivltests/struct7.v.html#l-33" target="file-frame">third_party/tests/ivtest/ivltests/struct7.v:33</a>:3-10:
   | 
   |      $finish;
   |      ^^^^^^^ 

You have encountered a compiler bug. Sorry about that! We would appreciate if you open an issue [1] and describe how you triggered the bug, together with a minimal snippet of code to reproduce it. Thanks!
[1]: https://github.com/fabianschuiki/moore

error: `!==` is not a valid binary operator
  --&gt; <a href="../../../../third_party/tests/ivtest/ivltests/struct7.v.html#l-35" target="file-frame">third_party/tests/ivtest/ivltests/struct7.v:35</a>:11-28:
   | 
   |       if (val.p !== &#39;h55_aa) begin
   |           ^^^^^^^^^^^^^^^^^       

warning: `$display` not supported; ignored
  --&gt; <a href="../../../../third_party/tests/ivtest/ivltests/struct7.v.html#l-36" target="file-frame">third_party/tests/ivtest/ivltests/struct7.v:36</a>:3-21:
   | 
   |      $display(&#34;FAILED&#34;);
   |      ^^^^^^^^^^^^^^^^^^ 

compiler bug: lowering of expression not implemented
  --&gt; <a href="../../../../third_party/tests/ivtest/ivltests/struct7.v.html#l-37" target="file-frame">third_party/tests/ivtest/ivltests/struct7.v:37</a>:3-10:
   | 
   |      $finish;
   |      ^^^^^^^ 

You have encountered a compiler bug. Sorry about that! We would appreciate if you open an issue [1] and describe how you triggered the bug, together with a minimal snippet of code to reproduce it. Thanks!
[1]: https://github.com/fabianschuiki/moore

error: `!==` is not a valid binary operator
  --&gt; <a href="../../../../third_party/tests/ivtest/ivltests/struct7.v.html#l-40" target="file-frame">third_party/tests/ivtest/ivltests/struct7.v:40</a>:11-28:
   | 
   |       if (val.p[0] !== &#39;haa) begin
   |           ^^^^^^^^^^^^^^^^^       

warning: `$display` not supported; ignored
  --&gt; <a href="../../../../third_party/tests/ivtest/ivltests/struct7.v.html#l-41" target="file-frame">third_party/tests/ivtest/ivltests/struct7.v:41</a>:3-46:
   | 
   |      $display(&#34;FAILED -- val.p[0]=%h&#34;, val.p[0]);
   |      ^^^^^^^^^^^^^^^^^^^^^^^^^^^^^^^^^^^^^^^^^^^ 

compiler bug: lowering of expression not implemented
  --&gt; <a href="../../../../third_party/tests/ivtest/ivltests/struct7.v.html#l-42" target="file-frame">third_party/tests/ivtest/ivltests/struct7.v:42</a>:3-10:
   | 
   |      $finish;
   |      ^^^^^^^ 

You have encountered a compiler bug. Sorry about that! We would appreciate if you open an issue [1] and describe how you triggered the bug, together with a minimal snippet of code to reproduce it. Thanks!
[1]: https://github.com/fabianschuiki/moore

error: `!==` is not a valid binary operator
  --&gt; <a href="../../../../third_party/tests/ivtest/ivltests/struct7.v.html#l-44" target="file-frame">third_party/tests/ivtest/ivltests/struct7.v:44</a>:11-28:
   | 
   |       if (val.p[1] !== &#39;h55) begin
   |           ^^^^^^^^^^^^^^^^^       

warning: `$display` not supported; ignored
  --&gt; <a href="../../../../third_party/tests/ivtest/ivltests/struct7.v.html#l-45" target="file-frame">third_party/tests/ivtest/ivltests/struct7.v:45</a>:3-46:
   | 
   |      $display(&#34;FAILED -- val.p[1]=%h&#34;, val.p[1]);
   |      ^^^^^^^^^^^^^^^^^^^^^^^^^^^^^^^^^^^^^^^^^^^ 

compiler bug: lowering of expression not implemented
  --&gt; <a href="../../../../third_party/tests/ivtest/ivltests/struct7.v.html#l-46" target="file-frame">third_party/tests/ivtest/ivltests/struct7.v:46</a>:3-10:
   | 
   |      $finish;
   |      ^^^^^^^ 

You have encountered a compiler bug. Sorry about that! We would appreciate if you open an issue [1] and describe how you triggered the bug, together with a minimal snippet of code to reproduce it. Thanks!
[1]: https://github.com/fabianschuiki/moore

warning: `$display` not supported; ignored
  --&gt; <a href="../../../../third_party/tests/ivtest/ivltests/struct7.v.html#l-49" target="file-frame">third_party/tests/ivtest/ivltests/struct7.v:49</a>:7-25:
   | 
   |       $display(&#34;PASSED&#34;);
   |       ^^^^^^^^^^^^^^^^^^ 

error: `&#34;arr !== \&#39;h55_aa&#34;` cannot be cast to a boolean
  --&gt; <a href="../../../../third_party/tests/ivtest/ivltests/struct7.v.html#l-13" target="file-frame">third_party/tests/ivtest/ivltests/struct7.v:13</a>:11-26:
   | 
   |       if (arr !== &#39;h55_aa) begin
   |           ^^^^^^^^^^^^^^^       


</pre>
</body>