<head>
  <style>
    .log { font-family: "Courier New", Consolas, monospace; font-size: 80%; }
    .test-failed { background-color: #ffaaaa; }
    .test-passed { background-color: #aaffaa; }
  </style>
</head>
<body>
<h3><a href="http://llhd.io/" target="_blank">moore</a></h3>
<pre class="test-failed">
description: Test imported from ivtest
rc: 1 (means success: 0)
should_fail: 0
tags: ivtest
incdirs: /tmpfs/src/github/sv-tests/third_party/tests/ivtest /tmpfs/src/github/sv-tests/third_party/tests/ivtest/ivltests
top_module: 
type: parsing
mode: parsing
files: <a href="../../../../third_party/tests/ivtest/ivltests/sv_cast_string.v.html" target="file-frame">third_party/tests/ivtest/ivltests/sv_cast_string.v</a>
time_elapsed: 0.004s
ram usage: 9616 KB
</pre>
<pre class="log">

moore -I /tmpfs/src/github/sv-tests/third_party/tests/ivtest -I /tmpfs/src/github/sv-tests/third_party/tests/ivtest/ivltests -e sv_cast_string <a href="../../../../third_party/tests/ivtest/ivltests/sv_cast_string.v.html" target="file-frame">third_party/tests/ivtest/ivltests/sv_cast_string.v</a>
warning: `$display` not supported; ignored
  --&gt; <a href="../../../../third_party/tests/ivtest/ivltests/sv_cast_string.v.html#l-33" target="file-frame">third_party/tests/ivtest/ivltests/sv_cast_string.v:33</a>:9-47:
   | 
   |         $display(&#34;FAILED 1 chars = %x&#34;, chars);
   |         ^^^^^^^^^^^^^^^^^^^^^^^^^^^^^^^^^^^^^^ 

warning: `$finish` not supported; ignored
  --&gt; <a href="../../../../third_party/tests/ivtest/ivltests/sv_cast_string.v.html#l-34" target="file-frame">third_party/tests/ivtest/ivltests/sv_cast_string.v:34</a>:9-18:
   | 
   |         $finish();
   |         ^^^^^^^^^ 

warning: `$display` not supported; ignored
  --&gt; <a href="../../../../third_party/tests/ivtest/ivltests/sv_cast_string.v.html#l-41" target="file-frame">third_party/tests/ivtest/ivltests/sv_cast_string.v:41</a>:9-47:
   | 
   |         $display(&#34;FAILED 2 chars = %x&#34;, chars);
   |         ^^^^^^^^^^^^^^^^^^^^^^^^^^^^^^^^^^^^^^ 

warning: `$finish` not supported; ignored
  --&gt; <a href="../../../../third_party/tests/ivtest/ivltests/sv_cast_string.v.html#l-42" target="file-frame">third_party/tests/ivtest/ivltests/sv_cast_string.v:42</a>:9-18:
   | 
   |         $finish();
   |         ^^^^^^^^^ 

warning: `$display` not supported; ignored
  --&gt; <a href="../../../../third_party/tests/ivtest/ivltests/sv_cast_string.v.html#l-50" target="file-frame">third_party/tests/ivtest/ivltests/sv_cast_string.v:50</a>:9-43:
   | 
   |         $display(&#34;FAILED 3 str = %x&#34;, str);
   |         ^^^^^^^^^^^^^^^^^^^^^^^^^^^^^^^^^^ 

warning: `$finish` not supported; ignored
  --&gt; <a href="../../../../third_party/tests/ivtest/ivltests/sv_cast_string.v.html#l-51" target="file-frame">third_party/tests/ivtest/ivltests/sv_cast_string.v:51</a>:9-18:
   | 
   |         $finish();
   |         ^^^^^^^^^ 

warning: `$display` not supported; ignored
  --&gt; <a href="../../../../third_party/tests/ivtest/ivltests/sv_cast_string.v.html#l-54" target="file-frame">third_party/tests/ivtest/ivltests/sv_cast_string.v:54</a>:5-23:
   | 
   |     $display(&#34;PASSED&#34;);
   |     ^^^^^^^^^^^^^^^^^^ 

compiler bug: lowering to mir rvalue of expression `&#34;0123456&#34;` not implemented
  --&gt; <a href="../../../../third_party/tests/ivtest/ivltests/sv_cast_string.v.html#l-29" target="file-frame">third_party/tests/ivtest/ivltests/sv_cast_string.v:29</a>:11-20:
   | 
   |     str = &#34;0123456&#34;;
   |           ^^^^^^^^^ 

You have encountered a compiler bug. Sorry about that! We would appreciate if you open an issue [1] and describe how you triggered the bug, together with a minimal snippet of code to reproduce it. Thanks!
[1]: https://github.com/fabianschuiki/moore


</pre>
</body>