<head>
  <style>
    .log { font-family: "Courier New", Consolas, monospace; font-size: 80%; }
    .test-failed { background-color: #ffaaaa; }
    .test-passed { background-color: #aaffaa; }
  </style>
</head>
<body>
<h3><a href="http://llhd.io/" target="_blank">moore</a></h3>
<pre class="test-failed">
description: Test imported from ivtest
rc: 1 (means success: 0)
should_fail: 0
tags: ivtest
incdirs: /tmpfs/src/github/sv-tests/third_party/tests/ivtest /tmpfs/src/github/sv-tests/third_party/tests/ivtest/ivltests
top_module: 
type: parsing
mode: parsing
files: <a href="../../../../third_party/tests/ivtest/ivltests/sv_union3.v.html" target="file-frame">third_party/tests/ivtest/ivltests/sv_union3.v</a>
time_elapsed: 0.004s
ram usage: 9676 KB
</pre>
<pre class="log">

moore -I /tmpfs/src/github/sv-tests/third_party/tests/ivtest -I /tmpfs/src/github/sv-tests/third_party/tests/ivtest/ivltests -e main <a href="../../../../third_party/tests/ivtest/ivltests/sv_union3.v.html" target="file-frame">third_party/tests/ivtest/ivltests/sv_union3.v</a>
warning: `$display` not supported; ignored
  --&gt; <a href="../../../../third_party/tests/ivtest/ivltests/sv_union3.v.html#l-16" target="file-frame">third_party/tests/ivtest/ivltests/sv_union3.v:16</a>:3-46:
   | 
   |      $display(&#34;FAILED -- foo.bits=%b&#34;, foo.bits);
   |      ^^^^^^^^^^^^^^^^^^^^^^^^^^^^^^^^^^^^^^^^^^^ 

compiler bug: lowering of expression not implemented
  --&gt; <a href="../../../../third_party/tests/ivtest/ivltests/sv_union3.v.html#l-17" target="file-frame">third_party/tests/ivtest/ivltests/sv_union3.v:17</a>:3-10:
   | 
   |      $finish;
   |      ^^^^^^^ 

You have encountered a compiler bug. Sorry about that! We would appreciate if you open an issue [1] and describe how you triggered the bug, together with a minimal snippet of code to reproduce it. Thanks!
[1]: https://github.com/fabianschuiki/moore

warning: `$display` not supported; ignored
  --&gt; <a href="../../../../third_party/tests/ivtest/ivltests/sv_union3.v.html#l-21" target="file-frame">third_party/tests/ivtest/ivltests/sv_union3.v:21</a>:3-48:
   | 
   |      $display(&#34;FAILED -- foo.words=%b&#34;, foo.words);
   |      ^^^^^^^^^^^^^^^^^^^^^^^^^^^^^^^^^^^^^^^^^^^^^ 

compiler bug: lowering of expression not implemented
  --&gt; <a href="../../../../third_party/tests/ivtest/ivltests/sv_union3.v.html#l-22" target="file-frame">third_party/tests/ivtest/ivltests/sv_union3.v:22</a>:3-10:
   | 
   |      $finish;
   |      ^^^^^^^ 

You have encountered a compiler bug. Sorry about that! We would appreciate if you open an issue [1] and describe how you triggered the bug, together with a minimal snippet of code to reproduce it. Thanks!
[1]: https://github.com/fabianschuiki/moore

warning: `$display` not supported; ignored
  --&gt; <a href="../../../../third_party/tests/ivtest/ivltests/sv_union3.v.html#l-27" target="file-frame">third_party/tests/ivtest/ivltests/sv_union3.v:27</a>:3-48:
   | 
   |      $display(&#34;FAILED -- foo.words=%b&#34;, foo.words);
   |      ^^^^^^^^^^^^^^^^^^^^^^^^^^^^^^^^^^^^^^^^^^^^^ 

compiler bug: lowering of expression not implemented
  --&gt; <a href="../../../../third_party/tests/ivtest/ivltests/sv_union3.v.html#l-28" target="file-frame">third_party/tests/ivtest/ivltests/sv_union3.v:28</a>:3-10:
   | 
   |      $finish;
   |      ^^^^^^^ 

You have encountered a compiler bug. Sorry about that! We would appreciate if you open an issue [1] and describe how you triggered the bug, together with a minimal snippet of code to reproduce it. Thanks!
[1]: https://github.com/fabianschuiki/moore

warning: `$display` not supported; ignored
  --&gt; <a href="../../../../third_party/tests/ivtest/ivltests/sv_union3.v.html#l-31" target="file-frame">third_party/tests/ivtest/ivltests/sv_union3.v:31</a>:3-46:
   | 
   |      $display(&#34;FAILED -- foo.bits=%b&#34;, foo.bits);
   |      ^^^^^^^^^^^^^^^^^^^^^^^^^^^^^^^^^^^^^^^^^^^ 

compiler bug: lowering of expression not implemented
  --&gt; <a href="../../../../third_party/tests/ivtest/ivltests/sv_union3.v.html#l-32" target="file-frame">third_party/tests/ivtest/ivltests/sv_union3.v:32</a>:3-10:
   | 
   |      $finish;
   |      ^^^^^^^ 

You have encountered a compiler bug. Sorry about that! We would appreciate if you open an issue [1] and describe how you triggered the bug, together with a minimal snippet of code to reproduce it. Thanks!
[1]: https://github.com/fabianschuiki/moore

warning: `$display` not supported; ignored
  --&gt; <a href="../../../../third_party/tests/ivtest/ivltests/sv_union3.v.html#l-35" target="file-frame">third_party/tests/ivtest/ivltests/sv_union3.v:35</a>:7-25:
   | 
   |       $display(&#34;PASSED&#34;);
   |       ^^^^^^^^^^^^^^^^^^ 


</pre>
</body>