<head>
  <style>
    .log { font-family: "Courier New", Consolas, monospace; font-size: 80%; }
    .test-failed { background-color: #ffaaaa; }
    .test-passed { background-color: #aaffaa; }
  </style>
</head>
<body>
<h3><a href="http://llhd.io/" target="_blank">moore</a></h3>
<pre class="test-failed">
description: Test imported from ivtest
rc: 101 (means success: 0)
should_fail: 0
tags: ivtest
incdirs: /tmpfs/src/github/sv-tests/third_party/tests/ivtest /tmpfs/src/github/sv-tests/third_party/tests/ivtest/ivltests
top_module: 
type: parsing
mode: parsing
files: <a href="../../../../third_party/tests/ivtest/ivltests/task_omemw2.v.html" target="file-frame">third_party/tests/ivtest/ivltests/task_omemw2.v</a>
time_elapsed: 0.004s
ram usage: 9692 KB
</pre>
<pre class="log">

moore -I /tmpfs/src/github/sv-tests/third_party/tests/ivtest -I /tmpfs/src/github/sv-tests/third_party/tests/ivtest/ivltests -e test <a href="../../../../third_party/tests/ivtest/ivltests/task_omemw2.v.html" target="file-frame">third_party/tests/ivtest/ivltests/task_omemw2.v</a>
warning: `$display` not supported; ignored
  --&gt; <a href="../../../../third_party/tests/ivtest/ivltests/task_omemw2.v.html#l-39" target="file-frame">third_party/tests/ivtest/ivltests/task_omemw2.v:39</a>:8-26:
   | 
   |        $display(&#34;PASSED&#34;);
   |        ^^^^^^^^^^^^^^^^^^ 

warning: `$display` not supported; ignored
  --&gt; <a href="../../../../third_party/tests/ivtest/ivltests/task_omemw2.v.html#l-41" target="file-frame">third_party/tests/ivtest/ivltests/task_omemw2.v:41</a>:8-49:
   | 
   |        $display(&#34;FAILED -- val[0] == %b&#34;,val[0]);
   |        ^^^^^^^^^^^^^^^^^^^^^^^^^^^^^^^^^^^^^^^^^ 

compiler bug: lowering of expression `testT(val[0])` to mir not yet supported
  --&gt; <a href="../../../../third_party/tests/ivtest/ivltests/task_omemw2.v.html#l-37" target="file-frame">third_party/tests/ivtest/ivltests/task_omemw2.v:37</a>:6-19:
   | 
   |      testT(val[0]);
   |      ^^^^^^^^^^^^^ 
   = note: Encountered at src/svlog/mir/lower/rvalue.rs:450

You have encountered a compiler bug. Sorry about that! We would appreciate if you open an issue [1] and describe how you triggered the bug, together with a minimal snippet of code to reproduce it. Thanks!
[1]: https://github.com/fabianschuiki/moore

thread &#39;main&#39; panicked at &#39;lowering of expression `testT(val[0])` to mir not yet supported&#39;, &lt;::std::macros::panic macros&gt;:5:6
note: run with `RUST_BACKTRACE=1` environment variable to display a backtrace

</pre>
</body>