<head>
  <style>
    .log { font-family: "Courier New", Consolas, monospace; font-size: 80%; }
    .test-failed { background-color: #ffaaaa; }
    .test-passed { background-color: #aaffaa; }
  </style>
</head>
<body>
<h3><a href="http://llhd.io/" target="_blank">moore</a></h3>
<pre class="test-failed">
description: Test imported from ivtest
rc: 101 (means success: 0)
should_fail: 0
tags: ivtest
incdirs: /tmpfs/src/github/sv-tests/third_party/tests/ivtest /tmpfs/src/github/sv-tests/third_party/tests/ivtest/ivltests
top_module: 
type: parsing
mode: parsing
files: <a href="../../../../third_party/tests/ivtest/ivltests/task3.14B.v.html" target="file-frame">third_party/tests/ivtest/ivltests/task3.14B.v</a>
time_elapsed: 0.004s
ram usage: 10636 KB
</pre>
<pre class="log">

moore -I /tmpfs/src/github/sv-tests/third_party/tests/ivtest -I /tmpfs/src/github/sv-tests/third_party/tests/ivtest/ivltests -e main <a href="../../../../third_party/tests/ivtest/ivltests/task3.14B.v.html" target="file-frame">third_party/tests/ivtest/ivltests/task3.14B.v</a>
warning: `$display` not supported; ignored
  --&gt; <a href="../../../../third_party/tests/ivtest/ivltests/task3.14B.v.html#l-36" target="file-frame">third_party/tests/ivtest/ivltests/task3.14B.v:36</a>:7-25:
   | 
   |       $display(&#34;PASSED&#34;);
   |       ^^^^^^^^^^^^^^^^^^ 

warning: `$display` not supported; ignored
  --&gt; <a href="../../../../third_party/tests/ivtest/ivltests/task3.14B.v.html#l-38" target="file-frame">third_party/tests/ivtest/ivltests/task3.14B.v:38</a>:7-78:
   | 
   |       $display(&#34;FAILED - task 3.14B task didn&#39;t correctly affect global var&#34;);
   |       ^^^^^^^^^^^^^^^^^^^^^^^^^^^^^^^^^^^^^^^^^^^^^^^^^^^^^^^^^^^^^^^^^^^^^^^ 

compiler bug: lowering of expression `my_task(1&#39;b1)` to mir not yet supported
  --&gt; <a href="../../../../third_party/tests/ivtest/ivltests/task3.14B.v.html#l-34" target="file-frame">third_party/tests/ivtest/ivltests/task3.14B.v:34</a>:5-18:
   | 
   |     my_task(1&#39;b1);
   |     ^^^^^^^^^^^^^ 
   = note: Encountered at src/svlog/mir/lower/rvalue.rs:395

You have encountered a compiler bug. Sorry about that! We would appreciate if you open an issue [1] and describe how you triggered the bug, together with a minimal snippet of code to reproduce it. Thanks!
[1]: https://github.com/fabianschuiki/moore

thread &#39;main&#39; panicked at &#39;lowering of expression `my_task(1&#39;b1)` to mir not yet supported&#39;, /rustc/49cae55760da0a43428eba73abcb659bb70cf2e4/src/libstd/macros.rs:16:9
note: run with `RUST_BACKTRACE=1` environment variable to display a backtrace

</pre>
</body>