<head>
  <style>
    .log { font-family: "Courier New", Consolas, monospace; font-size: 80%; }
    .test-failed { background-color: #ffaaaa; }
    .test-passed { background-color: #aaffaa; }
  </style>
</head>
<body>
<h3><a href="http://llhd.io/" target="_blank">moore</a></h3>
<pre class="test-failed">
description: Test imported from ivtest
rc: 1 (means success: 0)
should_fail: 0
tags: ivtest
incdirs: /tmpfs/src/github/sv-tests/third_party/tests/ivtest /tmpfs/src/github/sv-tests/third_party/tests/ivtest/ivltests
top_module: 
type: parsing
mode: parsing
files: <a href="../../../../third_party/tests/ivtest/ivltests/unary_nor2.v.html" target="file-frame">third_party/tests/ivtest/ivltests/unary_nor2.v</a>
time_elapsed: 0.004s
ram usage: 9680 KB
</pre>
<pre class="log">

moore -I /tmpfs/src/github/sv-tests/third_party/tests/ivtest -I /tmpfs/src/github/sv-tests/third_party/tests/ivtest/ivltests -e main <a href="../../../../third_party/tests/ivtest/ivltests/unary_nor2.v.html" target="file-frame">third_party/tests/ivtest/ivltests/unary_nor2.v</a>
compiler bug: lowering of expression not implemented
  --&gt; <a href="../../../../third_party/tests/ivtest/ivltests/unary_nor2.v.html#l-33" target="file-frame">third_party/tests/ivtest/ivltests/unary_nor2.v:33</a>:34-49:
   | 
   |    for(vect=4&#39;b0001;vect&lt;4&#39;b1111;vect = vect + 1)
   |                                  ^^^^^^^^^^^^^^^ 

You have encountered a compiler bug. Sorry about that! We would appreciate if you open an issue [1] and describe how you triggered the bug, together with a minimal snippet of code to reproduce it. Thanks!
[1]: https://github.com/fabianschuiki/moore

warning: `$display` not supported; ignored
  --&gt; <a href="../../../../third_party/tests/ivtest/ivltests/unary_nor2.v.html#l-38" target="file-frame">third_party/tests/ivtest/ivltests/unary_nor2.v:38</a>:12-64:
   | 
   |            $display(&#34;FAILED - Unary nor ~|(%b)=%b&#34;,vect,result);
   |            ^^^^^^^^^^^^^^^^^^^^^^^^^^^^^^^^^^^^^^^^^^^^^^^^^^^^ 

warning: `$display` not supported; ignored
  --&gt; <a href="../../../../third_party/tests/ivtest/ivltests/unary_nor2.v.html#l-47" target="file-frame">third_party/tests/ivtest/ivltests/unary_nor2.v:47</a>:8-60:
   | 
   |        $display(&#34;FAILED - Unary nor |~(%b)=%b&#34;,vect,result);
   |        ^^^^^^^^^^^^^^^^^^^^^^^^^^^^^^^^^^^^^^^^^^^^^^^^^^^^ 

warning: `$display` not supported; ignored
  --&gt; <a href="../../../../third_party/tests/ivtest/ivltests/unary_nor2.v.html#l-51" target="file-frame">third_party/tests/ivtest/ivltests/unary_nor2.v:51</a>:6-24:
   | 
   |      $display(&#34;PASSED&#34;);
   |      ^^^^^^^^^^^^^^^^^^ 

error: `&#34;vect = vect + 1&#34;` cannot be cast to a boolean
  --&gt; <a href="../../../../third_party/tests/ivtest/ivltests/unary_nor2.v.html#l-33" target="file-frame">third_party/tests/ivtest/ivltests/unary_nor2.v:33</a>:34-49:
   | 
   |    for(vect=4&#39;b0001;vect&lt;4&#39;b1111;vect = vect + 1)
   |                                  ^^^^^^^^^^^^^^^ 


</pre>
</body>