<head>
  <style>
    .log { font-family: "Courier New", Consolas, monospace; font-size: 80%; }
    .test-failed { background-color: #ffaaaa; }
    .test-passed { background-color: #aaffaa; }
  </style>
</head>
<body>
<h3><a href="http://llhd.io/" target="_blank">moore</a></h3>
<pre class="test-failed">
description: Test imported from ivtest
rc: 1 (means success: 0)
should_fail: 0
tags: ivtest
incdirs: /tmpfs/src/github/sv-tests/third_party/tests/ivtest /tmpfs/src/github/sv-tests/third_party/tests/ivtest/ivltests
top_module: 
type: parsing
mode: parsing
files: <a href="../../../../third_party/tests/ivtest/ivltests/unary_xor.v.html" target="file-frame">third_party/tests/ivtest/ivltests/unary_xor.v</a>
time_elapsed: 0.004s
ram usage: 9752 KB
</pre>
<pre class="log">

moore -I /tmpfs/src/github/sv-tests/third_party/tests/ivtest -I /tmpfs/src/github/sv-tests/third_party/tests/ivtest/ivltests -e main <a href="../../../../third_party/tests/ivtest/ivltests/unary_xor.v.html" target="file-frame">third_party/tests/ivtest/ivltests/unary_xor.v</a>
 ERROR moore_svlog::hir::lowering &gt; Expr #0x55f31cbefba8
compiler bug: lowering of expression not implemented
  --&gt; <a href="../../../../third_party/tests/ivtest/ivltests/unary_xor.v.html#l-34" target="file-frame">third_party/tests/ivtest/ivltests/unary_xor.v:34</a>:34-50:
   | 
   |    for(vect=4&#39;b0001;vect&lt;4&#39;b0000;vect = vect &lt;&lt; 1)
   |                                  ^^^^^^^^^^^^^^^^ 

You have encountered a compiler bug. Sorry about that! We would appreciate if you open an issue [1] and describe how you triggered the bug, together with a minimal snippet of code to reproduce it. Thanks!
[1]: https://github.com/fabianschuiki/moore

warning: `$display` not supported; ignored
  --&gt; <a href="../../../../third_party/tests/ivtest/ivltests/unary_xor.v.html#l-39" target="file-frame">third_party/tests/ivtest/ivltests/unary_xor.v:39</a>:12-63:
   | 
   |            $display(&#34;FAILED - Unary xor ^(%b)=%b&#34;,vect,result);
   |            ^^^^^^^^^^^^^^^^^^^^^^^^^^^^^^^^^^^^^^^^^^^^^^^^^^^ 

 ERROR moore_svlog::hir::lowering &gt; Expr #0x55f31cbf0108
compiler bug: lowering of expression not implemented
  --&gt; <a href="../../../../third_party/tests/ivtest/ivltests/unary_xor.v.html#l-44" target="file-frame">third_party/tests/ivtest/ivltests/unary_xor.v:44</a>:34-50:
   | 
   |    for(vect=4&#39;b0011;vect&lt;4&#39;b0000;vect = vect &lt;&lt; 1)
   |                                  ^^^^^^^^^^^^^^^^ 

You have encountered a compiler bug. Sorry about that! We would appreciate if you open an issue [1] and describe how you triggered the bug, together with a minimal snippet of code to reproduce it. Thanks!
[1]: https://github.com/fabianschuiki/moore

warning: `$display` not supported; ignored
  --&gt; <a href="../../../../third_party/tests/ivtest/ivltests/unary_xor.v.html#l-49" target="file-frame">third_party/tests/ivtest/ivltests/unary_xor.v:49</a>:12-63:
   | 
   |            $display(&#34;FAILED - Unary xor ^(%b)=%b&#34;,vect,result);
   |            ^^^^^^^^^^^^^^^^^^^^^^^^^^^^^^^^^^^^^^^^^^^^^^^^^^^ 

warning: `$display` not supported; ignored
  --&gt; <a href="../../../../third_party/tests/ivtest/ivltests/unary_xor.v.html#l-59" target="file-frame">third_party/tests/ivtest/ivltests/unary_xor.v:59</a>:8-59:
   | 
   |        $display(&#34;FAILED - Unary xor ^(%b)=%b&#34;,vect,result);
   |        ^^^^^^^^^^^^^^^^^^^^^^^^^^^^^^^^^^^^^^^^^^^^^^^^^^^ 

warning: `$display` not supported; ignored
  --&gt; <a href="../../../../third_party/tests/ivtest/ivltests/unary_xor.v.html#l-63" target="file-frame">third_party/tests/ivtest/ivltests/unary_xor.v:63</a>:6-24:
   | 
   |      $display(&#34;PASSED&#34;);
   |      ^^^^^^^^^^^^^^^^^^ 

warning: cast ignored during constant evaluation
  --&gt; <a href="../../../../third_party/tests/ivtest/ivltests/unary_xor.v.html#l-33" target="file-frame">third_party/tests/ivtest/ivltests/unary_xor.v:33</a>:12-13:
   | 
   |    error = 0;
   |            ^ 
   = note: Casts `0` from `bit` to `logic`
  --&gt; <a href="../../../../third_party/tests/ivtest/ivltests/unary_xor.v.html#l-33" target="file-frame">third_party/tests/ivtest/ivltests/unary_xor.v:33</a>:12-13:
   | 
   |    error = 0;
   |            ^ 

warning: cast ignored during constant evaluation
  --&gt; <a href="../../../../third_party/tests/ivtest/ivltests/unary_xor.v.html#l-33" target="file-frame">third_party/tests/ivtest/ivltests/unary_xor.v:33</a>:12-13:
   | 
   |    error = 0;
   |            ^ 
   = note: Casts `0` from `bit signed` to `bit`
  --&gt; <a href="../../../../third_party/tests/ivtest/ivltests/unary_xor.v.html#l-33" target="file-frame">third_party/tests/ivtest/ivltests/unary_xor.v:33</a>:12-13:
   | 
   |    error = 0;
   |            ^ 

warning: cast ignored during constant evaluation
  --&gt; <a href="../../../../third_party/tests/ivtest/ivltests/unary_xor.v.html#l-33" target="file-frame">third_party/tests/ivtest/ivltests/unary_xor.v:33</a>:12-13:
   | 
   |    error = 0;
   |            ^ 
   = note: Casts `0` from `bit signed [0:0]` to `bit signed`
  --&gt; <a href="../../../../third_party/tests/ivtest/ivltests/unary_xor.v.html#l-33" target="file-frame">third_party/tests/ivtest/ivltests/unary_xor.v:33</a>:12-13:
   | 
   |    error = 0;
   |            ^ 

warning: cast ignored during constant evaluation
  --&gt; <a href="../../../../third_party/tests/ivtest/ivltests/unary_xor.v.html#l-33" target="file-frame">third_party/tests/ivtest/ivltests/unary_xor.v:33</a>:12-13:
   | 
   |    error = 0;
   |            ^ 
   = note: Casts `0` from `int` to `bit signed [0:0]`
  --&gt; <a href="../../../../third_party/tests/ivtest/ivltests/unary_xor.v.html#l-33" target="file-frame">third_party/tests/ivtest/ivltests/unary_xor.v:33</a>:12-13:
   | 
   |    error = 0;
   |            ^ 

warning: cast ignored during constant evaluation
  --&gt; <a href="../../../../third_party/tests/ivtest/ivltests/unary_xor.v.html#l-34" target="file-frame">third_party/tests/ivtest/ivltests/unary_xor.v:34</a>:13-20:
   | 
   |    for(vect=4&#39;b0001;vect&lt;4&#39;b0000;vect = vect &lt;&lt; 1)
   |             ^^^^^^^                               
   = note: Casts `4&#39;b0001` from `bit [3:0]` to `logic [3:0]`
  --&gt; <a href="../../../../third_party/tests/ivtest/ivltests/unary_xor.v.html#l-34" target="file-frame">third_party/tests/ivtest/ivltests/unary_xor.v:34</a>:13-20:
   | 
   |    for(vect=4&#39;b0001;vect&lt;4&#39;b0000;vect = vect &lt;&lt; 1)
   |             ^^^^^^^                               

warning: cast ignored during constant evaluation
  --&gt; <a href="../../../../third_party/tests/ivtest/ivltests/unary_xor.v.html#l-34" target="file-frame">third_party/tests/ivtest/ivltests/unary_xor.v:34</a>:26-33:
   | 
   |    for(vect=4&#39;b0001;vect&lt;4&#39;b0000;vect = vect &lt;&lt; 1)
   |                          ^^^^^^^                  
   = note: Casts `4&#39;b0000` from `bit [3:0]` to `logic [3:0]`
  --&gt; <a href="../../../../third_party/tests/ivtest/ivltests/unary_xor.v.html#l-34" target="file-frame">third_party/tests/ivtest/ivltests/unary_xor.v:34</a>:26-33:
   | 
   |    for(vect=4&#39;b0001;vect&lt;4&#39;b0000;vect = vect &lt;&lt; 1)
   |                          ^^^^^^^                  

warning: cast ignored during constant evaluation
  --&gt; <a href="../../../../third_party/tests/ivtest/ivltests/unary_xor.v.html#l-37" target="file-frame">third_party/tests/ivtest/ivltests/unary_xor.v:37</a>:21-25:
   | 
   |       if(result !== 1&#39;b1)
   |                     ^^^^ 
   = note: Casts `1&#39;b1` from `bit [0:0]` to `logic [0:0]`
  --&gt; <a href="../../../../third_party/tests/ivtest/ivltests/unary_xor.v.html#l-37" target="file-frame">third_party/tests/ivtest/ivltests/unary_xor.v:37</a>:21-25:
   | 
   |       if(result !== 1&#39;b1)
   |                     ^^^^ 

warning: cast ignored during constant evaluation
  --&gt; <a href="../../../../third_party/tests/ivtest/ivltests/unary_xor.v.html#l-40" target="file-frame">third_party/tests/ivtest/ivltests/unary_xor.v:40</a>:20-24:
   | 
   |            error = 1&#39;b1;
   |                    ^^^^ 
   = note: Casts `1&#39;b1` from `bit` to `logic`
  --&gt; <a href="../../../../third_party/tests/ivtest/ivltests/unary_xor.v.html#l-40" target="file-frame">third_party/tests/ivtest/ivltests/unary_xor.v:40</a>:20-24:
   | 
   |            error = 1&#39;b1;
   |                    ^^^^ 

warning: cast ignored during constant evaluation
  --&gt; <a href="../../../../third_party/tests/ivtest/ivltests/unary_xor.v.html#l-40" target="file-frame">third_party/tests/ivtest/ivltests/unary_xor.v:40</a>:20-24:
   | 
   |            error = 1&#39;b1;
   |                    ^^^^ 
   = note: Casts `1&#39;b1` from `bit [0:0]` to `bit`
  --&gt; <a href="../../../../third_party/tests/ivtest/ivltests/unary_xor.v.html#l-40" target="file-frame">third_party/tests/ivtest/ivltests/unary_xor.v:40</a>:20-24:
   | 
   |            error = 1&#39;b1;
   |                    ^^^^ 


</pre>
</body>