<head>
  <style>
    .log { font-family: "Courier New", Consolas, monospace; font-size: 80%; }
    .test-failed { background-color: #ffaaaa; }
    .test-passed { background-color: #aaffaa; }
  </style>
</head>
<body>
<h3><a href="http://llhd.io/" target="_blank">moore</a></h3>
<pre class="test-failed">
description: Test imported from ivtest
rc: 101 (means success: 0)
should_fail: 0
tags: ivtest
incdirs: /tmpfs/src/github/sv-tests/third_party/tests/ivtest /tmpfs/src/github/sv-tests/third_party/tests/ivtest/ivltests
top_module: 
type: parsing
mode: parsing
files: <a href="../../../../third_party/tests/ivtest/ivltests/varlsfht.v.html" target="file-frame">third_party/tests/ivtest/ivltests/varlsfht.v</a>
time_elapsed: 0.008s
ram usage: 10996 KB
</pre>
<pre class="log">

moore -I /tmpfs/src/github/sv-tests/third_party/tests/ivtest -I /tmpfs/src/github/sv-tests/third_party/tests/ivtest/ivltests -e main <a href="../../../../third_party/tests/ivtest/ivltests/varlsfht.v.html" target="file-frame">third_party/tests/ivtest/ivltests/varlsfht.v</a>
compiler bug: no ast node for n23 in the map

You have encountered a compiler bug. Sorry about that! We would appreciate if you open an issue [1] and describe how you triggered the bug, together with a minimal snippet of code to reproduce it. Thanks!
[1]: https://github.com/fabianschuiki/moore

warning: `$display` not supported; ignored
  --&gt; <a href="../../../../third_party/tests/ivtest/ivltests/varlsfht.v.html#l-41" target="file-frame">third_party/tests/ivtest/ivltests/varlsfht.v:41</a>:2-42:
   | 
   |     $display (&#34;FAILED - 1 &lt;&lt; 0 is %h&#34;,value);
   |     ^^^^^^^^^^^^^^^^^^^^^^^^^^^^^^^^^^^^^^^^ 

warning: `$display` not supported; ignored
  --&gt; <a href="../../../../third_party/tests/ivtest/ivltests/varlsfht.v.html#l-50" target="file-frame">third_party/tests/ivtest/ivltests/varlsfht.v:50</a>:2-42:
   | 
   |     $display (&#34;FAILED - 1 &lt;&lt; 1 is %h&#34;,value);
   |     ^^^^^^^^^^^^^^^^^^^^^^^^^^^^^^^^^^^^^^^^ 

warning: `$display` not supported; ignored
  --&gt; <a href="../../../../third_party/tests/ivtest/ivltests/varlsfht.v.html#l-59" target="file-frame">third_party/tests/ivtest/ivltests/varlsfht.v:59</a>:2-42:
   | 
   |     $display (&#34;FAILED - 1 &lt;&lt; 2 is %h&#34;,value);
   |     ^^^^^^^^^^^^^^^^^^^^^^^^^^^^^^^^^^^^^^^^ 

warning: `$display` not supported; ignored
  --&gt; <a href="../../../../third_party/tests/ivtest/ivltests/varlsfht.v.html#l-68" target="file-frame">third_party/tests/ivtest/ivltests/varlsfht.v:68</a>:2-42:
   | 
   |     $display (&#34;FAILED - 1 &lt;&lt; 3 is %h&#34;,value);
   |     ^^^^^^^^^^^^^^^^^^^^^^^^^^^^^^^^^^^^^^^^ 

warning: `$display` not supported; ignored
  --&gt; <a href="../../../../third_party/tests/ivtest/ivltests/varlsfht.v.html#l-77" target="file-frame">third_party/tests/ivtest/ivltests/varlsfht.v:77</a>:2-42:
   | 
   |     $display (&#34;FAILED - 1 &lt;&lt; 4 is %h&#34;,value);
   |     ^^^^^^^^^^^^^^^^^^^^^^^^^^^^^^^^^^^^^^^^ 

warning: `$display` not supported; ignored
  --&gt; <a href="../../../../third_party/tests/ivtest/ivltests/varlsfht.v.html#l-86" target="file-frame">third_party/tests/ivtest/ivltests/varlsfht.v:86</a>:2-42:
   | 
   |     $display (&#34;FAILED - 1 &lt;&lt; 5 is %h&#34;,value);
   |     ^^^^^^^^^^^^^^^^^^^^^^^^^^^^^^^^^^^^^^^^ 

warning: `$display` not supported; ignored
  --&gt; <a href="../../../../third_party/tests/ivtest/ivltests/varlsfht.v.html#l-95" target="file-frame">third_party/tests/ivtest/ivltests/varlsfht.v:95</a>:2-42:
   | 
   |     $display (&#34;FAILED - 1 &lt;&lt; 6 is %h&#34;,value);
   |     ^^^^^^^^^^^^^^^^^^^^^^^^^^^^^^^^^^^^^^^^ 

warning: `$display` not supported; ignored
  --&gt; <a href="../../../../third_party/tests/ivtest/ivltests/varlsfht.v.html#l-104" target="file-frame">third_party/tests/ivtest/ivltests/varlsfht.v:104</a>:2-42:
   | 
   |     $display (&#34;FAILED - 1 &lt;&lt; 6 is %h&#34;,value);
   |     ^^^^^^^^^^^^^^^^^^^^^^^^^^^^^^^^^^^^^^^^ 

warning: `$display` not supported; ignored
  --&gt; <a href="../../../../third_party/tests/ivtest/ivltests/varlsfht.v.html#l-113" target="file-frame">third_party/tests/ivtest/ivltests/varlsfht.v:113</a>:2-43:
   | 
   |     $display (&#34;FAILED - a5 &lt;&lt; 7 is %h&#34;,value);
   |     ^^^^^^^^^^^^^^^^^^^^^^^^^^^^^^^^^^^^^^^^^ 

warning: `$display` not supported; ignored
  --&gt; <a href="../../../../third_party/tests/ivtest/ivltests/varlsfht.v.html#l-122" target="file-frame">third_party/tests/ivtest/ivltests/varlsfht.v:122</a>:2-43:
   | 
   |     $display (&#34;FAILED - aa &lt;&lt; 1 is %h&#34;,value);
   |     ^^^^^^^^^^^^^^^^^^^^^^^^^^^^^^^^^^^^^^^^^ 

warning: `$display` not supported; ignored
  --&gt; <a href="../../../../third_party/tests/ivtest/ivltests/varlsfht.v.html#l-125" target="file-frame">third_party/tests/ivtest/ivltests/varlsfht.v:125</a>:9-27:
   | 
   |         $display(&#34;PASSED&#34;);
   |         ^^^^^^^^^^^^^^^^^^ 

warning: cast ignored during constant evaluation
  --&gt; <a href="../../../../third_party/tests/ivtest/ivltests/varlsfht.v.html#l-33" target="file-frame">third_party/tests/ivtest/ivltests/varlsfht.v:33</a>:13-14:
   | 
   |     error = 0;
   |             ^ 
   = note: Casts `0` from `bit` to `logic`
  --&gt; <a href="../../../../third_party/tests/ivtest/ivltests/varlsfht.v.html#l-33" target="file-frame">third_party/tests/ivtest/ivltests/varlsfht.v:33</a>:13-14:
   | 
   |     error = 0;
   |             ^ 

warning: cast ignored during constant evaluation
  --&gt; <a href="../../../../third_party/tests/ivtest/ivltests/varlsfht.v.html#l-33" target="file-frame">third_party/tests/ivtest/ivltests/varlsfht.v:33</a>:13-14:
   | 
   |     error = 0;
   |             ^ 
   = note: Casts `0` from `bit signed` to `bit`
  --&gt; <a href="../../../../third_party/tests/ivtest/ivltests/varlsfht.v.html#l-33" target="file-frame">third_party/tests/ivtest/ivltests/varlsfht.v:33</a>:13-14:
   | 
   |     error = 0;
   |             ^ 

warning: cast ignored during constant evaluation
  --&gt; <a href="../../../../third_party/tests/ivtest/ivltests/varlsfht.v.html#l-33" target="file-frame">third_party/tests/ivtest/ivltests/varlsfht.v:33</a>:13-14:
   | 
   |     error = 0;
   |             ^ 
   = note: Casts `0` from `bit signed [0:0]` to `bit signed`
  --&gt; <a href="../../../../third_party/tests/ivtest/ivltests/varlsfht.v.html#l-33" target="file-frame">third_party/tests/ivtest/ivltests/varlsfht.v:33</a>:13-14:
   | 
   |     error = 0;
   |             ^ 

warning: cast ignored during constant evaluation
  --&gt; <a href="../../../../third_party/tests/ivtest/ivltests/varlsfht.v.html#l-33" target="file-frame">third_party/tests/ivtest/ivltests/varlsfht.v:33</a>:13-14:
   | 
   |     error = 0;
   |             ^ 
   = note: Casts `0` from `int` to `bit signed [0:0]`
  --&gt; <a href="../../../../third_party/tests/ivtest/ivltests/varlsfht.v.html#l-33" target="file-frame">third_party/tests/ivtest/ivltests/varlsfht.v:33</a>:13-14:
   | 
   |     error = 0;
   |             ^ 

warning: cast ignored during constant evaluation
  --&gt; <a href="../../../../third_party/tests/ivtest/ivltests/varlsfht.v.html#l-35" target="file-frame">third_party/tests/ivtest/ivltests/varlsfht.v:35</a>:12-16:
   | 
   |     var1 = 8&#39;h1;
   |            ^^^^ 
   = note: Casts `8&#39;h1` from `byte unsigned` to `logic [7:0]`
  --&gt; <a href="../../../../third_party/tests/ivtest/ivltests/varlsfht.v.html#l-35" target="file-frame">third_party/tests/ivtest/ivltests/varlsfht.v:35</a>:12-16:
   | 
   |     var1 = 8&#39;h1;
   |            ^^^^ 

warning: cast ignored during constant evaluation
  --&gt; <a href="../../../../third_party/tests/ivtest/ivltests/varlsfht.v.html#l-36" target="file-frame">third_party/tests/ivtest/ivltests/varlsfht.v:36</a>:12-16:
   | 
   |     var2 = 8&#39;h0;
   |            ^^^^ 
   = note: Casts `8&#39;h0` from `byte unsigned` to `logic [7:0]`
  --&gt; <a href="../../../../third_party/tests/ivtest/ivltests/varlsfht.v.html#l-36" target="file-frame">third_party/tests/ivtest/ivltests/varlsfht.v:36</a>:12-16:
   | 
   |     var2 = 8&#39;h0;
   |            ^^^^ 

compiler bug: assertion failed: mir.ty.is_bool()
  --&gt; <a href="../../../../third_party/tests/ivtest/ivltests/varlsfht.v.html#l-38" target="file-frame">third_party/tests/ivtest/ivltests/varlsfht.v:38</a>:8-22:
   | 
   |     if(value !== 8&#39;h1)
   |        ^^^^^^^^^^^^^^ 
   = note: Assertion failed: mir.ty.is_bool()
   = note: Encountered at src/svlog/codegen.rs:1236

You have encountered a compiler bug. Sorry about that! We would appreciate if you open an issue [1] and describe how you triggered the bug, together with a minimal snippet of code to reproduce it. Thanks!
[1]: https://github.com/fabianschuiki/moore

thread &#39;main&#39; panicked at &#39;assertion failed: mir.ty.is_bool()&#39;, &lt;::std::macros::panic macros&gt;:5:6
note: run with `RUST_BACKTRACE=1` environment variable to display a backtrace

</pre>
</body>