<head>
  <style>
    .log { font-family: "Courier New", Consolas, monospace; font-size: 80%; }
    .test-failed { background-color: #ffaaaa; }
    .test-passed { background-color: #aaffaa; }
  </style>
</head>
<body>
<h3><a href="http://llhd.io/" target="_blank">moore</a></h3>
<pre class="test-failed">
description: Test imported from ivtest
rc: 101 (means success: 0)
should_fail: 0
tags: ivtest
incdirs: /tmpfs/src/github/sv-tests/third_party/tests/ivtest /tmpfs/src/github/sv-tests/third_party/tests/ivtest/ivltests
top_module: 
type: parsing
mode: parsing
files: <a href="../../../../third_party/tests/ivtest/ivltests/wireland.v.html" target="file-frame">third_party/tests/ivtest/ivltests/wireland.v</a>
time_elapsed: 0.004s
ram usage: 10580 KB
</pre>
<pre class="log">

moore -I /tmpfs/src/github/sv-tests/third_party/tests/ivtest -I /tmpfs/src/github/sv-tests/third_party/tests/ivtest/ivltests -e main <a href="../../../../third_party/tests/ivtest/ivltests/wireland.v.html" target="file-frame">third_party/tests/ivtest/ivltests/wireland.v</a>
compiler bug: no ast node for n4 in the map

You have encountered a compiler bug. Sorry about that! We would appreciate if you open an issue [1] and describe how you triggered the bug, together with a minimal snippet of code to reproduce it. Thanks!
[1]: https://github.com/fabianschuiki/moore

warning: `$display` not supported; ignored
  --&gt; <a href="../../../../third_party/tests/ivtest/ivltests/wireland.v.html#l-37" target="file-frame">third_party/tests/ivtest/ivltests/wireland.v:37</a>:12-30:
   | 
   |            $display(&#34;FAILED&#34;);
   |            ^^^^^^^^^^^^^^^^^^ 

warning: `$display` not supported; ignored
  --&gt; <a href="../../../../third_party/tests/ivtest/ivltests/wireland.v.html#l-45" target="file-frame">third_party/tests/ivtest/ivltests/wireland.v:45</a>:12-30:
   | 
   |            $display(&#34;FAILED&#34;);
   |            ^^^^^^^^^^^^^^^^^^ 

warning: `$display` not supported; ignored
  --&gt; <a href="../../../../third_party/tests/ivtest/ivltests/wireland.v.html#l-49" target="file-frame">third_party/tests/ivtest/ivltests/wireland.v:49</a>:10-28:
   | 
   |          $display(&#34;PASSED&#34;);
   |          ^^^^^^^^^^^^^^^^^^ 

warning: cast ignored during constant evaluation
  --&gt; <a href="../../../../third_party/tests/ivtest/ivltests/wireland.v.html#l-30" target="file-frame">third_party/tests/ivtest/ivltests/wireland.v:30</a>:16-17:
   | 
   |        error = 0;
   |                ^ 
   = note: Casts `0` from `bit` to `logic`
  --&gt; <a href="../../../../third_party/tests/ivtest/ivltests/wireland.v.html#l-30" target="file-frame">third_party/tests/ivtest/ivltests/wireland.v:30</a>:16-17:
   | 
   |        error = 0;
   |                ^ 

warning: cast ignored during constant evaluation
  --&gt; <a href="../../../../third_party/tests/ivtest/ivltests/wireland.v.html#l-30" target="file-frame">third_party/tests/ivtest/ivltests/wireland.v:30</a>:16-17:
   | 
   |        error = 0;
   |                ^ 
   = note: Casts `0` from `bit signed` to `bit`
  --&gt; <a href="../../../../third_party/tests/ivtest/ivltests/wireland.v.html#l-30" target="file-frame">third_party/tests/ivtest/ivltests/wireland.v:30</a>:16-17:
   | 
   |        error = 0;
   |                ^ 

warning: cast ignored during constant evaluation
  --&gt; <a href="../../../../third_party/tests/ivtest/ivltests/wireland.v.html#l-30" target="file-frame">third_party/tests/ivtest/ivltests/wireland.v:30</a>:16-17:
   | 
   |        error = 0;
   |                ^ 
   = note: Casts `0` from `bit signed [0:0]` to `bit signed`
  --&gt; <a href="../../../../third_party/tests/ivtest/ivltests/wireland.v.html#l-30" target="file-frame">third_party/tests/ivtest/ivltests/wireland.v:30</a>:16-17:
   | 
   |        error = 0;
   |                ^ 

warning: cast ignored during constant evaluation
  --&gt; <a href="../../../../third_party/tests/ivtest/ivltests/wireland.v.html#l-30" target="file-frame">third_party/tests/ivtest/ivltests/wireland.v:30</a>:16-17:
   | 
   |        error = 0;
   |                ^ 
   = note: Casts `0` from `int` to `bit signed [0:0]`
  --&gt; <a href="../../../../third_party/tests/ivtest/ivltests/wireland.v.html#l-30" target="file-frame">third_party/tests/ivtest/ivltests/wireland.v:30</a>:16-17:
   | 
   |        error = 0;
   |                ^ 

warning: cast ignored during constant evaluation
  --&gt; <a href="../../../../third_party/tests/ivtest/ivltests/wireland.v.html#l-32" target="file-frame">third_party/tests/ivtest/ivltests/wireland.v:32</a>:12-13:
   | 
   |        b = 1;
   |            ^ 
   = note: Casts `1` from `bit` to `logic`
  --&gt; <a href="../../../../third_party/tests/ivtest/ivltests/wireland.v.html#l-32" target="file-frame">third_party/tests/ivtest/ivltests/wireland.v:32</a>:12-13:
   | 
   |        b = 1;
   |            ^ 

warning: cast ignored during constant evaluation
  --&gt; <a href="../../../../third_party/tests/ivtest/ivltests/wireland.v.html#l-32" target="file-frame">third_party/tests/ivtest/ivltests/wireland.v:32</a>:12-13:
   | 
   |        b = 1;
   |            ^ 
   = note: Casts `1` from `bit signed` to `bit`
  --&gt; <a href="../../../../third_party/tests/ivtest/ivltests/wireland.v.html#l-32" target="file-frame">third_party/tests/ivtest/ivltests/wireland.v:32</a>:12-13:
   | 
   |        b = 1;
   |            ^ 

warning: cast ignored during constant evaluation
  --&gt; <a href="../../../../third_party/tests/ivtest/ivltests/wireland.v.html#l-32" target="file-frame">third_party/tests/ivtest/ivltests/wireland.v:32</a>:12-13:
   | 
   |        b = 1;
   |            ^ 
   = note: Casts `1` from `bit signed [0:0]` to `bit signed`
  --&gt; <a href="../../../../third_party/tests/ivtest/ivltests/wireland.v.html#l-32" target="file-frame">third_party/tests/ivtest/ivltests/wireland.v:32</a>:12-13:
   | 
   |        b = 1;
   |            ^ 

warning: cast ignored during constant evaluation
  --&gt; <a href="../../../../third_party/tests/ivtest/ivltests/wireland.v.html#l-32" target="file-frame">third_party/tests/ivtest/ivltests/wireland.v:32</a>:12-13:
   | 
   |        b = 1;
   |            ^ 
   = note: Casts `1` from `int` to `bit signed [0:0]`
  --&gt; <a href="../../../../third_party/tests/ivtest/ivltests/wireland.v.html#l-32" target="file-frame">third_party/tests/ivtest/ivltests/wireland.v:32</a>:12-13:
   | 
   |        b = 1;
   |            ^ 

warning: cast ignored during constant evaluation
  --&gt; <a href="../../../../third_party/tests/ivtest/ivltests/wireland.v.html#l-33" target="file-frame">third_party/tests/ivtest/ivltests/wireland.v:33</a>:12-13:
   | 
   |        a = 1;
   |            ^ 
   = note: Casts `1` from `bit` to `logic`
  --&gt; <a href="../../../../third_party/tests/ivtest/ivltests/wireland.v.html#l-33" target="file-frame">third_party/tests/ivtest/ivltests/wireland.v:33</a>:12-13:
   | 
   |        a = 1;
   |            ^ 

warning: cast ignored during constant evaluation
  --&gt; <a href="../../../../third_party/tests/ivtest/ivltests/wireland.v.html#l-33" target="file-frame">third_party/tests/ivtest/ivltests/wireland.v:33</a>:12-13:
   | 
   |        a = 1;
   |            ^ 
   = note: Casts `1` from `bit signed` to `bit`
  --&gt; <a href="../../../../third_party/tests/ivtest/ivltests/wireland.v.html#l-33" target="file-frame">third_party/tests/ivtest/ivltests/wireland.v:33</a>:12-13:
   | 
   |        a = 1;
   |            ^ 

warning: cast ignored during constant evaluation
  --&gt; <a href="../../../../third_party/tests/ivtest/ivltests/wireland.v.html#l-33" target="file-frame">third_party/tests/ivtest/ivltests/wireland.v:33</a>:12-13:
   | 
   |        a = 1;
   |            ^ 
   = note: Casts `1` from `bit signed [0:0]` to `bit signed`
  --&gt; <a href="../../../../third_party/tests/ivtest/ivltests/wireland.v.html#l-33" target="file-frame">third_party/tests/ivtest/ivltests/wireland.v:33</a>:12-13:
   | 
   |        a = 1;
   |            ^ 

warning: cast ignored during constant evaluation
  --&gt; <a href="../../../../third_party/tests/ivtest/ivltests/wireland.v.html#l-33" target="file-frame">third_party/tests/ivtest/ivltests/wireland.v:33</a>:12-13:
   | 
   |        a = 1;
   |            ^ 
   = note: Casts `1` from `int` to `bit signed [0:0]`
  --&gt; <a href="../../../../third_party/tests/ivtest/ivltests/wireland.v.html#l-33" target="file-frame">third_party/tests/ivtest/ivltests/wireland.v:33</a>:12-13:
   | 
   |        a = 1;
   |            ^ 

compiler bug: assertion failed: mir.ty.is_bool()
  --&gt; <a href="../../../../third_party/tests/ivtest/ivltests/wireland.v.html#l-35" target="file-frame">third_party/tests/ivtest/ivltests/wireland.v:35</a>:11-18:
   | 
   |        if(y !== 0)
   |           ^^^^^^^ 
   = note: Assertion failed: mir.ty.is_bool()
   = note: Encountered at src/svlog/codegen.rs:1236

You have encountered a compiler bug. Sorry about that! We would appreciate if you open an issue [1] and describe how you triggered the bug, together with a minimal snippet of code to reproduce it. Thanks!
[1]: https://github.com/fabianschuiki/moore

thread &#39;main&#39; panicked at &#39;assertion failed: mir.ty.is_bool()&#39;, &lt;::std::macros::panic macros&gt;:5:6
note: run with `RUST_BACKTRACE=1` environment variable to display a backtrace

</pre>
</body>